2019-12-23T14:12:26.399Z - info: Website generation started at 22:12:19
2019-12-23T14:12:31.021Z - info: Building assets...
2019-12-23T14:12:34.290Z - info: Assets built
2019-12-23T14:12:34.290Z - info: Generating pages...
2019-12-23T14:16:55.582Z - info: Pages built
2019-12-23T14:17:51.180Z - info: Website generation complete! Total build time: 331.712s
2019-12-23T14:17:51.644Z - info: Serving "C:\repos\nus-cs2103-AY1920S2\cs2103-website\_site" at http://127.0.0.1:8080
2019-12-23T14:17:51.644Z - info: Press CTRL+C to stop ...
2019-12-23T14:17:51.712Z - info: Site data built
2019-12-23T14:20:49.372Z - info: [22:20:49] Reload for file change: C:\repos\nus-cs2103-AY1920S2\cs2103-website\admin\project-grading.md
2019-12-23T14:20:50.376Z - info: Rebuilding affected source files
2019-12-23T14:20:50.380Z - info: Rebuilding 8 pages
2019-12-23T14:20:57.453Z - info: Pages rebuilt
2019-12-23T14:20:57.465Z - info: Site data built
2019-12-23T14:22:06.063Z - info: [22:22:06] Reload for file change: C:\repos\nus-cs2103-AY1920S2\cs2103-website\admin\project-grading.md
2019-12-23T14:22:07.069Z - info: Rebuilding affected source files
2019-12-23T14:22:07.069Z - info: Rebuilding 8 pages
2019-12-23T14:22:15.125Z - info: Pages rebuilt
2019-12-23T14:22:15.137Z - info: Site data built
2019-12-23T14:22:48.558Z - info: [22:22:48] Reload for file change: C:\repos\nus-cs2103-AY1920S2\cs2103-website\admin\project-grading.md
2019-12-23T14:22:49.562Z - info: Rebuilding affected source files
2019-12-23T14:22:49.566Z - info: Rebuilding 8 pages
2019-12-23T14:22:57.457Z - info: Pages rebuilt
2019-12-23T14:22:57.469Z - info: Site data built
2019-12-23T14:24:05.165Z - info: [22:24:05] Reload for file change: C:\repos\nus-cs2103-AY1920S2\cs2103-website\admin\project-grading.md
2019-12-23T14:24:06.169Z - info: Rebuilding affected source files
2019-12-23T14:24:06.177Z - info: Rebuilding 8 pages
2019-12-23T14:24:13.536Z - info: Pages rebuilt
2019-12-23T14:24:13.556Z - info: Site data built
2019-12-23T14:24:33.488Z - info: [22:24:33] Reload for file change: C:\repos\nus-cs2103-AY1920S2\cs2103-website\admin\project-grading.md
2019-12-23T14:24:34.505Z - info: Rebuilding affected source files
2019-12-23T14:24:34.521Z - info: Rebuilding 8 pages
2019-12-23T14:24:42.097Z - info: Pages rebuilt
2019-12-23T14:24:42.109Z - info: Site data built
2019-12-23T14:25:09.360Z - info: [22:25:09] Reload for file change: C:\repos\nus-cs2103-AY1920S2\cs2103-website\admin\project-grading.md
2019-12-23T14:25:10.364Z - info: Rebuilding affected source files
2019-12-23T14:25:10.368Z - info: Rebuilding 8 pages
2019-12-23T14:25:19.811Z - info: Pages rebuilt
2019-12-23T14:25:19.831Z - info: Site data built
2019-12-23T14:27:05.506Z - info: [22:27:05] Reload for file change: C:\repos\nus-cs2103-AY1920S2\cs2103-website\admin\project-grading.md
2019-12-23T14:27:06.536Z - info: Rebuilding affected source files
2019-12-23T14:27:06.540Z - info: Rebuilding 8 pages
2019-12-23T14:27:14.315Z - info: Pages rebuilt
2019-12-23T14:27:14.331Z - info: Site data built
2019-12-23T14:27:56.140Z - info: [22:27:56] Reload for file change: C:\repos\nus-cs2103-AY1920S2\cs2103-website\admin\project-grading.md
2019-12-23T14:27:57.160Z - info: Rebuilding affected source files
2019-12-23T14:27:57.168Z - info: Rebuilding 8 pages
2019-12-23T14:28:04.962Z - info: Pages rebuilt
2019-12-23T14:28:05.006Z - info: Site data built
2019-12-23T14:29:05.577Z - info: [22:29:05] Reload for file change: C:\repos\nus-cs2103-AY1920S2\cs2103-website\admin\project-grading.md
2019-12-23T14:29:06.588Z - info: Rebuilding affected source files
2019-12-23T14:29:06.588Z - info: Rebuilding 8 pages
2019-12-23T14:29:14.698Z - info: Pages rebuilt
2019-12-23T14:29:14.734Z - info: Site data built
2019-12-23T14:29:56.534Z - info: [22:29:56] Reload for file change: C:\repos\nus-cs2103-AY1920S2\cs2103-website\admin\project-grading.md
2019-12-23T14:29:57.542Z - info: Rebuilding affected source files
2019-12-23T14:29:57.554Z - info: Rebuilding 8 pages
2019-12-23T14:30:06.070Z - info: Pages rebuilt
2019-12-23T14:30:06.086Z - info: Site data built
2019-12-23T14:30:23.611Z - info: [22:30:23] Reload for file change: C:\repos\nus-cs2103-AY1920S2\cs2103-website\admin\project-grading.md
2019-12-23T14:30:24.613Z - info: Rebuilding affected source files
2019-12-23T14:30:24.613Z - info: Rebuilding 8 pages
2019-12-23T14:30:35.286Z - info: Pages rebuilt
2019-12-23T14:30:35.302Z - info: Site data built
2019-12-23T14:30:45.459Z - info: [22:30:45] Reload for file change: C:\repos\nus-cs2103-AY1920S2\cs2103-website\admin\project-grading.md
2019-12-23T14:30:46.477Z - info: Rebuilding affected source files
2019-12-23T14:30:46.481Z - info: Rebuilding 8 pages
2019-12-23T14:30:46.521Z - error: uncaughtException: (C:\repos\nus-cs2103-AY1920S2\cs2103-website\admin\project-grading.md) [Line 167, Column 125]
  parseSignature: expected comma after expression date=Mon Dec 23 2019 22:30:46 GMT+0800 (Malay Peninsula Standard Time), pid=8472, uid=null, gid=null, cwd=C:\repos\nus-cs2103-AY1920S2\cs2103-website, execPath=C:\Program Files\nodejs\node.exe, version=v8.9.4, argv=[C:\Program Files\nodejs\node.exe, C:\Users\damithch\AppData\Roaming\npm\node_modules\markbind-cli\index.js, serve], rss=352223232, heapTotal=293326848, heapUsed=254985984, external=1067003, loadavg=[0, 0, 0], uptime=336996.0637013
Template render error: (C:\repos\nus-cs2103-AY1920S2\cs2103-website\admin\project-grading.md) [Line 167, Column 125]
  parseSignature: expected comma after expression
    at Object._prettifyError (C:\Users\damithch\AppData\Roaming\npm\node_modules\markbind-cli\node_modules\nunjucks\src\lib.js:36:11)
    at Template.render (C:\Users\damithch\AppData\Roaming\npm\node_modules\markbind-cli\node_modules\nunjucks\src\environment.js:542:21)
    at Environment.renderString (C:\Users\damithch\AppData\Roaming\npm\node_modules\markbind-cli\node_modules\nunjucks\src\environment.js:380:17)
    at Object.renderString (C:\Users\damithch\AppData\Roaming\npm\node_modules\markbind-cli\node_modules\nunjucks\index.js:99:14)
    at fs.readFile (C:\Users\damithch\AppData\Roaming\npm\node_modules\markbind-cli\src\lib\markbind\src\parser.js:709:34)
    at FSReqWrap.readFileAfterClose [as oncomplete] (fs.js:511:3)
2019-12-23T14:30:46.925Z - error:  Template render error: (C:\repos\nus-cs2103-AY1920S2\cs2103-website\admin\project-grading.md) [Line 167, Column 125]
  parseSignature: expected comma after expression
Error while preprocessing 'C:\repos\nus-cs2103-AY1920S2\cs2103-website\schedule\week5\admin.md'
    at Object._prettifyError (C:\Users\damithch\AppData\Roaming\npm\node_modules\markbind-cli\node_modules\nunjucks\src\lib.js:36:11)
    at Template.render (C:\Users\damithch\AppData\Roaming\npm\node_modules\markbind-cli\node_modules\nunjucks\src\environment.js:542:21)
    at Environment.renderString (C:\Users\damithch\AppData\Roaming\npm\node_modules\markbind-cli\node_modules\nunjucks\src\environment.js:380:17)
    at Object.renderString (C:\Users\damithch\AppData\Roaming\npm\node_modules\markbind-cli\node_modules\nunjucks\index.js:99:14)
    at Parser._renderIncludeFile (C:\Users\damithch\AppData\Roaming\npm\node_modules\markbind-cli\src\lib\markbind\src\parser.js:267:28)
    at Parser._preprocess (C:\Users\damithch\AppData\Roaming\npm\node_modules\markbind-cli\src\lib\markbind\src\parser.js:406:14)
    at element.children.element.children.map.e (C:\Users\damithch\AppData\Roaming\npm\node_modules\markbind-cli\src\lib\markbind\src\parser.js:507:57)
    at Array.map (<anonymous>)
    at Parser._preprocess (C:\Users\damithch\AppData\Roaming\npm\node_modules\markbind-cli\src\lib\markbind\src\parser.js:507:43)
    at element.children.element.children.map.e (C:\Users\damithch\AppData\Roaming\npm\node_modules\markbind-cli\src\lib\markbind\src\parser.js:507:57)
    at Array.map (<anonymous>)
    at Parser._preprocess (C:\Users\damithch\AppData\Roaming\npm\node_modules\markbind-cli\src\lib\markbind\src\parser.js:507:43)
    at dom.map (C:\Users\damithch\AppData\Roaming\npm\node_modules\markbind-cli\src\lib\markbind\src\parser.js:675:28)
    at Array.map (<anonymous>)
    at DomHandler.htmlparser.DomHandler [as _callback] (C:\Users\damithch\AppData\Roaming\npm\node_modules\markbind-cli\src\lib\markbind\src\parser.js:672:25)
    at DomHandler._handleCallback.DomHandler.onerror (C:\Users\damithch\AppData\Roaming\npm\node_modules\markbind-cli\node_modules\domhandler\index.js:52:8)
2019-12-23T14:30:49.021Z - error: uncaughtException: (C:\repos\nus-cs2103-AY1920S2\cs2103-website\admin\project-grading.md) [Line 167, Column 125]
  parseSignature: expected comma after expression date=Mon Dec 23 2019 22:30:49 GMT+0800 (Malay Peninsula Standard Time), pid=8472, uid=null, gid=null, cwd=C:\repos\nus-cs2103-AY1920S2\cs2103-website, execPath=C:\Program Files\nodejs\node.exe, version=v8.9.4, argv=[C:\Program Files\nodejs\node.exe, C:\Users\damithch\AppData\Roaming\npm\node_modules\markbind-cli\index.js, serve], rss=299560960, heapTotal=241422336, heapUsed=179010608, external=386655, loadavg=[0, 0, 0], uptime=336998.5677964
Template render error: (C:\repos\nus-cs2103-AY1920S2\cs2103-website\admin\project-grading.md) [Line 167, Column 125]
  parseSignature: expected comma after expression
    at Object._prettifyError (C:\Users\damithch\AppData\Roaming\npm\node_modules\markbind-cli\node_modules\nunjucks\src\lib.js:36:11)
    at Template.render (C:\Users\damithch\AppData\Roaming\npm\node_modules\markbind-cli\node_modules\nunjucks\src\environment.js:542:21)
    at Environment.renderString (C:\Users\damithch\AppData\Roaming\npm\node_modules\markbind-cli\node_modules\nunjucks\src\environment.js:380:17)
    at Object.renderString (C:\Users\damithch\AppData\Roaming\npm\node_modules\markbind-cli\node_modules\nunjucks\index.js:99:14)
    at fs.readFile (C:\Users\damithch\AppData\Roaming\npm\node_modules\markbind-cli\src\lib\markbind\src\parser.js:709:34)
    at FSReqWrap.readFileAfterClose [as oncomplete] (fs.js:511:3)
2019-12-23T14:31:26.737Z - info: [22:31:26] Reload for file change: C:\repos\nus-cs2103-AY1920S2\cs2103-website\admin\project-grading.md
2019-12-23T14:31:46.965Z - info: Website generation started at 22:31:39
2019-12-23T14:31:51.348Z - info: Building assets...
2019-12-23T14:31:55.253Z - info: Assets built
2019-12-23T14:31:55.253Z - info: Generating pages...
2019-12-23T14:35:16.814Z - info: Pages built
2019-12-23T14:35:51.743Z - info: Website generation complete! Total build time: 251.745s
2019-12-23T14:35:52.039Z - info: Serving "C:\repos\nus-cs2103-AY1920S2\cs2103-website\_site" at http://127.0.0.1:8080
2019-12-23T14:35:52.039Z - info: Press CTRL+C to stop ...
2019-12-23T14:35:52.086Z - info: Site data built
2019-12-23T14:37:51.590Z - info: [22:37:51] Reload for file change: C:\repos\nus-cs2103-AY1920S2\cs2103-website\admin\project-grading-bugs.md
2019-12-23T14:37:52.593Z - info: Rebuilding affected source files
2019-12-23T14:37:52.601Z - info: Rebuilding 11 pages
2019-12-23T14:38:00.854Z - info: Pages rebuilt
2019-12-23T14:38:00.950Z - info: Site data built
2019-12-23T14:39:11.430Z - info: [22:39:11] Reload for file change: C:\repos\nus-cs2103-AY1920S2\cs2103-website\admin\project-grading.md
2019-12-23T14:39:12.436Z - info: Rebuilding affected source files
2019-12-23T14:39:12.441Z - info: Rebuilding 8 pages
2019-12-23T14:39:18.276Z - info: [22:39:18] Reload for file change: C:\repos\nus-cs2103-AY1920S2\cs2103-website\admin\project-grading.md
2019-12-23T14:39:20.067Z - info: Pages rebuilt
2019-12-23T14:39:20.092Z - info: Site data built
2019-12-23T14:39:20.243Z - info: Rebuilding affected source files
2019-12-23T14:39:20.245Z - info: Rebuilding 8 pages
2019-12-23T14:39:26.490Z - info: Pages rebuilt
2019-12-23T14:39:26.592Z - info: Site data built
2019-12-23T14:39:50.693Z - info: [22:39:50] Reload for file change: C:\repos\nus-cs2103-AY1920S2\cs2103-website\admin\project-grading.md
2019-12-23T14:39:51.695Z - info: Rebuilding affected source files
2019-12-23T14:39:51.705Z - info: Rebuilding 8 pages
2019-12-23T14:39:57.448Z - info: Pages rebuilt
2019-12-23T14:39:57.459Z - info: Site data built
2019-12-23T14:40:06.830Z - info: [22:40:06] Reload for file change: C:\repos\nus-cs2103-AY1920S2\cs2103-website\admin\project-grading.md
2019-12-23T14:40:07.835Z - info: Rebuilding affected source files
2019-12-23T14:40:07.839Z - info: Rebuilding 8 pages
2019-12-23T14:40:13.344Z - info: Pages rebuilt
2019-12-23T14:40:13.432Z - info: Site data built
2019-12-23T14:40:21.121Z - info: [22:40:21] Reload for file change: C:\repos\nus-cs2103-AY1920S2\cs2103-website\admin\project-grading.md
2019-12-23T14:40:22.127Z - info: Rebuilding affected source files
2019-12-23T14:40:22.128Z - info: Rebuilding 8 pages
2019-12-23T14:40:27.657Z - info: Pages rebuilt
2019-12-23T14:40:27.671Z - info: Site data built
2019-12-23T14:41:38.117Z - info: [22:41:38] Reload for file change: C:\repos\nus-cs2103-AY1920S2\cs2103-website\admin\project-grading.md
2019-12-23T14:41:39.119Z - info: Rebuilding affected source files
2019-12-23T14:41:39.123Z - info: Rebuilding 8 pages
2019-12-23T14:41:46.192Z - info: Pages rebuilt
2019-12-23T14:41:46.287Z - info: Site data built
2019-12-23T14:43:06.482Z - info: [22:43:06] Reload for file change: C:\repos\nus-cs2103-AY1920S2\cs2103-website\admin\project-grading-bugs.md
2019-12-23T14:43:07.489Z - info: Rebuilding affected source files
2019-12-23T14:43:07.492Z - info: Rebuilding 10 pages
2019-12-23T14:43:14.803Z - info: Pages rebuilt
2019-12-23T14:43:14.811Z - info: Site data built
2019-12-23T14:44:57.808Z - info: [22:44:57] Reload for file change: C:\repos\nus-cs2103-AY1920S2\cs2103-website\admin\project-grading-bugs.md
2019-12-23T14:44:58.830Z - info: Rebuilding affected source files
2019-12-23T14:44:58.833Z - info: Rebuilding 10 pages
2019-12-23T14:45:05.919Z - info: Pages rebuilt
2019-12-23T14:45:05.927Z - info: Site data built
2019-12-23T14:46:11.515Z - info: [22:46:11] Reload for file change: C:\repos\nus-cs2103-AY1920S2\cs2103-website\admin\project-grading-bugs.md
2019-12-23T14:46:12.516Z - info: Rebuilding affected source files
2019-12-23T14:46:12.519Z - info: Rebuilding 9 pages
2019-12-23T14:46:19.343Z - info: Pages rebuilt
2019-12-23T14:46:19.353Z - info: Site data built
2019-12-23T14:47:46.220Z - info: [22:47:46] Reload for file change: C:\repos\nus-cs2103-AY1920S2\cs2103-website\admin\project-grading-bugs.md
2019-12-23T14:47:47.222Z - info: Rebuilding affected source files
2019-12-23T14:47:47.226Z - info: Rebuilding 9 pages
2019-12-23T14:47:53.936Z - info: Pages rebuilt
2019-12-23T14:47:54.025Z - info: Site data built
2019-12-23T14:48:55.891Z - info: [22:48:55] Reload for file change: C:\repos\nus-cs2103-AY1920S2\cs2103-website\admin\project-grading.md
2019-12-23T14:48:56.898Z - info: Rebuilding affected source files
2019-12-23T14:48:56.902Z - info: Rebuilding 8 pages
2019-12-23T14:49:04.098Z - info: Pages rebuilt
2019-12-23T14:49:04.108Z - info: Site data built
2019-12-23T14:53:34.301Z - info: [22:53:34] Reload for file change: C:\repos\nus-cs2103-AY1920S2\cs2103-website\admin\peerEvaluations.md
2019-12-23T14:53:35.302Z - info: Rebuilding affected source files
2019-12-23T14:53:35.305Z - info: Rebuilding 8 pages
2019-12-23T14:53:40.569Z - info: Pages rebuilt
2019-12-23T14:53:40.657Z - info: Site data built
2019-12-23T14:54:12.781Z - info: [22:54:12] Reload for file change: C:\repos\nus-cs2103-AY1920S2\cs2103-website\admin\peerEvaluations.md
2019-12-23T14:54:13.782Z - info: Rebuilding affected source files
2019-12-23T14:54:13.789Z - info: Rebuilding 7 pages
2019-12-23T14:54:18.983Z - info: Pages rebuilt
2019-12-23T14:54:19.069Z - info: Site data built
2019-12-23T14:54:57.620Z - info: [22:54:57] Reload for file change: C:\repos\nus-cs2103-AY1920S2\cs2103-website\admin\peerEvaluations.md
2019-12-23T14:54:58.622Z - info: Rebuilding affected source files
2019-12-23T14:54:58.625Z - info: Rebuilding 7 pages
2019-12-23T14:55:04.807Z - info: Pages rebuilt
2019-12-23T14:55:04.891Z - info: Site data built
2019-12-23T14:55:23.459Z - info: [22:55:23] Reload for file change: C:\repos\nus-cs2103-AY1920S2\cs2103-website\admin\peerEvaluations.md
2019-12-23T14:55:24.465Z - info: Rebuilding affected source files
2019-12-23T14:55:24.467Z - info: Rebuilding 7 pages
2019-12-23T14:55:31.060Z - info: Pages rebuilt
2019-12-23T14:55:31.078Z - info: Site data built
2019-12-23T14:56:28.247Z - info: [22:56:28] Reload for file change: C:\repos\nus-cs2103-AY1920S2\cs2103-website\admin\peerEvaluations.md
2019-12-23T14:56:29.258Z - info: Rebuilding affected source files
2019-12-23T14:56:29.263Z - info: Rebuilding 7 pages
2019-12-23T14:56:35.969Z - info: Pages rebuilt
2019-12-23T14:56:36.046Z - info: Site data built
2019-12-23T14:56:45.089Z - info: [22:56:45] Reload for file change: C:\repos\nus-cs2103-AY1920S2\cs2103-website\admin\peerEvaluations.md
2019-12-23T14:56:46.095Z - info: Rebuilding affected source files
2019-12-23T14:56:46.096Z - info: Rebuilding 7 pages
2019-12-23T14:56:52.172Z - info: Pages rebuilt
2019-12-23T14:56:52.199Z - info: Site data built
2019-12-23T14:57:18.391Z - info: [22:57:18] Reload for file change: C:\repos\nus-cs2103-AY1920S2\cs2103-website\admin\peerEvaluations.md
2019-12-23T14:57:19.397Z - info: Rebuilding affected source files
2019-12-23T14:57:19.399Z - info: Rebuilding 7 pages
2019-12-23T14:57:25.073Z - info: Pages rebuilt
2019-12-23T14:57:25.086Z - info: Site data built
2019-12-23T14:58:02.783Z - info: [22:58:02] Reload for file change: C:\repos\nus-cs2103-AY1920S2\cs2103-website\admin\peerEvaluations.md
2019-12-23T14:58:03.788Z - info: Rebuilding affected source files
2019-12-23T14:58:03.790Z - info: Rebuilding 7 pages
2019-12-23T14:58:09.766Z - info: Pages rebuilt
2019-12-23T14:58:09.851Z - info: Site data built
2019-12-23T14:59:08.462Z - info: [22:59:08] Reload for file change: C:\repos\nus-cs2103-AY1920S2\cs2103-website\admin\peerEvaluations.md
2019-12-23T14:59:09.464Z - info: Rebuilding affected source files
2019-12-23T14:59:09.468Z - info: Rebuilding 7 pages
2019-12-23T14:59:14.888Z - info: Pages rebuilt
2019-12-23T14:59:14.969Z - info: Site data built
2019-12-23T15:00:11.158Z - info: [23:00:11] Reload for file change: C:\repos\nus-cs2103-AY1920S2\cs2103-website\admin\peerEvaluations.md
2019-12-23T15:00:12.164Z - info: Rebuilding affected source files
2019-12-23T15:00:12.166Z - info: Rebuilding 7 pages
2019-12-23T15:00:17.548Z - info: Pages rebuilt
2019-12-23T15:00:17.636Z - info: Site data built
2019-12-23T15:00:33.188Z - info: [23:00:33] Reload for file change: C:\repos\nus-cs2103-AY1920S2\cs2103-website\admin\peerEvaluations.md
2019-12-23T15:00:34.201Z - info: Rebuilding affected source files
2019-12-23T15:00:34.204Z - info: Rebuilding 7 pages
2019-12-23T15:00:39.254Z - info: Pages rebuilt
2019-12-23T15:00:39.265Z - info: Site data built
2019-12-23T15:06:12.076Z - info: [23:06:12] Reload for file change: C:\repos\nus-cs2103-AY1920S2\cs2103-website\schedule\week13\admin.md
2019-12-23T15:06:12.116Z - info: [23:06:12] Reload for file change: C:\repos\nus-cs2103-AY1920S2\cs2103-website\admin\peerEvaluations.md
2019-12-23T15:06:13.093Z - info: Rebuilding affected source files
2019-12-23T15:06:13.098Z - info: Rebuilding 9 pages
2019-12-23T15:06:24.527Z - info: Pages rebuilt
2019-12-23T15:06:24.673Z - info: Site data built
2019-12-23T15:08:50.116Z - info: [23:08:50] Reload for file change: C:\repos\nus-cs2103-AY1920S2\cs2103-website\schedule\week13\admin.md
2019-12-23T15:08:51.118Z - info: Rebuilding affected source files
2019-12-23T15:08:51.119Z - info: Rebuilding 3 pages
2019-12-23T15:08:57.631Z - warn:  TypeError: Cannot read property 'parent' of null
    at Function.exports.update (C:\Users\damithch\AppData\Roaming\npm\node_modules\markbind-cli\node_modules\cheerio\lib\parse.js:55:26)
    at module.exports (C:\Users\damithch\AppData\Roaming\npm\node_modules\markbind-cli\node_modules\cheerio\lib\parse.js:17:11)
    at Function.exports.load (C:\Users\damithch\AppData\Roaming\npm\node_modules\markbind-cli\node_modules\cheerio\lib\static.js:22:14)
    at Page.collectHeadingsAndKeywordsInContent (C:\Users\damithch\AppData\Roaming\npm\node_modules\markbind-cli\src\Page.js:348:19)
    at Object.$.not.each.each (C:\Users\damithch\AppData\Roaming\npm\node_modules\markbind-cli\src\Page.js:392:16)
    at initialize.exports.each (C:\Users\damithch\AppData\Roaming\npm\node_modules\markbind-cli\node_modules\cheerio\lib\api\traversing.js:300:24)
    at Page.collectHeadingsAndKeywordsInContent (C:\Users\damithch\AppData\Roaming\npm\node_modules\markbind-cli\src\Page.js:358:6)
    at Page.collectHeadingsAndKeywords (C:\Users\damithch\AppData\Roaming\npm\node_modules\markbind-cli\src\Page.js:339:8)
    at pages.forEach (C:\Users\damithch\AppData\Roaming\npm\node_modules\markbind-cli\src\Site.js:862:12)
    at Array.forEach (<anonymous>)
    at Site.updateSiteData (C:\Users\damithch\AppData\Roaming\npm\node_modules\markbind-cli\src\Site.js:860:14)
    at Promise.all.then (C:\Users\damithch\AppData\Roaming\npm\node_modules\markbind-cli\src\Site.js:844:24)
    at tryCatcher (C:\Users\damithch\AppData\Roaming\npm\node_modules\markbind-cli\node_modules\bluebird\js\release\util.js:16:23)
    at Promise._settlePromiseFromHandler (C:\Users\damithch\AppData\Roaming\npm\node_modules\markbind-cli\node_modules\bluebird\js\release\promise.js:547:31)
    at Promise._settlePromise (C:\Users\damithch\AppData\Roaming\npm\node_modules\markbind-cli\node_modules\bluebird\js\release\promise.js:604:18)
    at Promise._settlePromise0 (C:\Users\damithch\AppData\Roaming\npm\node_modules\markbind-cli\node_modules\bluebird\js\release\promise.js:649:10)
2019-12-23T15:09:00.533Z - error: Cannot read property 'parent' of null
2019-12-23T15:09:33.354Z - info: Website generation started at 23:09:33
2019-12-23T15:09:36.085Z - info: Building assets...
2019-12-23T15:09:38.594Z - info: Assets built
2019-12-23T15:09:38.594Z - info: Generating pages...
2019-12-23T15:12:36.858Z - info: Pages built
2019-12-23T15:12:42.440Z - warn:  TypeError: Cannot read property 'parent' of null
    at Function.exports.update (C:\Users\damithch\AppData\Roaming\npm\node_modules\markbind-cli\node_modules\cheerio\lib\parse.js:55:26)
    at module.exports (C:\Users\damithch\AppData\Roaming\npm\node_modules\markbind-cli\node_modules\cheerio\lib\parse.js:17:11)
    at Function.exports.load (C:\Users\damithch\AppData\Roaming\npm\node_modules\markbind-cli\node_modules\cheerio\lib\static.js:22:14)
    at Page.collectHeadingsAndKeywordsInContent (C:\Users\damithch\AppData\Roaming\npm\node_modules\markbind-cli\src\Page.js:348:19)
    at Object.$.not.each.each (C:\Users\damithch\AppData\Roaming\npm\node_modules\markbind-cli\src\Page.js:392:16)
    at initialize.exports.each (C:\Users\damithch\AppData\Roaming\npm\node_modules\markbind-cli\node_modules\cheerio\lib\api\traversing.js:300:24)
    at Page.collectHeadingsAndKeywordsInContent (C:\Users\damithch\AppData\Roaming\npm\node_modules\markbind-cli\src\Page.js:358:6)
    at Page.collectHeadingsAndKeywords (C:\Users\damithch\AppData\Roaming\npm\node_modules\markbind-cli\src\Page.js:339:8)
    at pages.forEach (C:\Users\damithch\AppData\Roaming\npm\node_modules\markbind-cli\src\Site.js:862:12)
    at Array.forEach (<anonymous>)
    at Site.updateSiteData (C:\Users\damithch\AppData\Roaming\npm\node_modules\markbind-cli\src\Site.js:860:14)
    at readSiteConfig.then.then.then.then.then.then.then.then.then.then (C:\Users\damithch\AppData\Roaming\npm\node_modules\markbind-cli\src\Site.js:527:24)
    at tryCatcher (C:\Users\damithch\AppData\Roaming\npm\node_modules\markbind-cli\node_modules\bluebird\js\release\util.js:16:23)
    at Promise._settlePromiseFromHandler (C:\Users\damithch\AppData\Roaming\npm\node_modules\markbind-cli\node_modules\bluebird\js\release\promise.js:547:31)
    at Promise._settlePromise (C:\Users\damithch\AppData\Roaming\npm\node_modules\markbind-cli\node_modules\bluebird\js\release\promise.js:604:18)
    at Promise._settlePromise0 (C:\Users\damithch\AppData\Roaming\npm\node_modules\markbind-cli\node_modules\bluebird\js\release\promise.js:649:10)
2019-12-23T15:12:44.998Z - error: Cannot read property 'parent' of null
2019-12-23T15:14:11.050Z - info: Website generation started at 23:14:11
2019-12-23T15:14:13.651Z - info: Building assets...
2019-12-23T15:14:16.116Z - info: Assets built
2019-12-23T15:14:16.117Z - info: Generating pages...
2019-12-23T15:17:20.077Z - info: Pages built
2019-12-23T15:17:26.151Z - warn:  TypeError: Cannot read property 'parent' of null
    at Function.exports.update (C:\Users\damithch\AppData\Roaming\npm\node_modules\markbind-cli\node_modules\cheerio\lib\parse.js:55:26)
    at module.exports (C:\Users\damithch\AppData\Roaming\npm\node_modules\markbind-cli\node_modules\cheerio\lib\parse.js:17:11)
    at Function.exports.load (C:\Users\damithch\AppData\Roaming\npm\node_modules\markbind-cli\node_modules\cheerio\lib\static.js:22:14)
    at Page.collectHeadingsAndKeywordsInContent (C:\Users\damithch\AppData\Roaming\npm\node_modules\markbind-cli\src\Page.js:348:19)
    at Object.$.not.each.each (C:\Users\damithch\AppData\Roaming\npm\node_modules\markbind-cli\src\Page.js:392:16)
    at initialize.exports.each (C:\Users\damithch\AppData\Roaming\npm\node_modules\markbind-cli\node_modules\cheerio\lib\api\traversing.js:300:24)
    at Page.collectHeadingsAndKeywordsInContent (C:\Users\damithch\AppData\Roaming\npm\node_modules\markbind-cli\src\Page.js:358:6)
    at Page.collectHeadingsAndKeywords (C:\Users\damithch\AppData\Roaming\npm\node_modules\markbind-cli\src\Page.js:339:8)
    at pages.forEach (C:\Users\damithch\AppData\Roaming\npm\node_modules\markbind-cli\src\Site.js:862:12)
    at Array.forEach (<anonymous>)
    at Site.updateSiteData (C:\Users\damithch\AppData\Roaming\npm\node_modules\markbind-cli\src\Site.js:860:14)
    at readSiteConfig.then.then.then.then.then.then.then.then.then.then (C:\Users\damithch\AppData\Roaming\npm\node_modules\markbind-cli\src\Site.js:527:24)
    at tryCatcher (C:\Users\damithch\AppData\Roaming\npm\node_modules\markbind-cli\node_modules\bluebird\js\release\util.js:16:23)
    at Promise._settlePromiseFromHandler (C:\Users\damithch\AppData\Roaming\npm\node_modules\markbind-cli\node_modules\bluebird\js\release\promise.js:547:31)
    at Promise._settlePromise (C:\Users\damithch\AppData\Roaming\npm\node_modules\markbind-cli\node_modules\bluebird\js\release\promise.js:604:18)
    at Promise._settlePromise0 (C:\Users\damithch\AppData\Roaming\npm\node_modules\markbind-cli\node_modules\bluebird\js\release\promise.js:649:10)
2019-12-23T15:17:28.236Z - error: Cannot read property 'parent' of null
2019-12-23T15:18:11.010Z - info: Website generation started at 23:18:10
2019-12-23T15:18:14.054Z - info: Building assets...
2019-12-23T15:18:16.492Z - info: Assets built
2019-12-23T15:18:16.492Z - info: Generating pages...
2019-12-23T15:21:08.605Z - info: Pages built
2019-12-23T15:21:40.381Z - info: Website generation complete! Total build time: 209.385s
2019-12-23T15:21:40.710Z - info: Serving "C:\repos\nus-cs2103-AY1920S2\cs2103-website\_site" at http://127.0.0.1:8080
2019-12-23T15:21:40.711Z - info: Press CTRL+C to stop ...
2019-12-23T15:21:40.764Z - info: Site data built
2019-12-23T15:23:21.203Z - info: [23:23:21] Reload for file change: C:\repos\nus-cs2103-AY1920S2\cs2103-website\schedule\week13\admin.md
2019-12-23T15:23:22.210Z - info: Rebuilding affected source files
2019-12-23T15:23:22.216Z - info: Rebuilding 3 pages
2019-12-23T15:23:28.084Z - info: Pages rebuilt
2019-12-23T15:23:28.097Z - info: Site data built
2019-12-23T15:23:33.504Z - info: [23:23:33] Reload for file change: C:\repos\nus-cs2103-AY1920S2\cs2103-website\schedule\week13\admin.md
2019-12-23T15:23:34.505Z - info: Rebuilding affected source files
2019-12-23T15:23:34.507Z - info: Rebuilding 3 pages
2019-12-23T15:23:40.141Z - info: Pages rebuilt
2019-12-23T15:23:40.167Z - info: Site data built
2019-12-23T15:27:38.937Z - info: [23:27:38] Reload for file change: C:\repos\nus-cs2103-AY1920S2\cs2103-website\schedule\week13\admin.md
2019-12-23T15:27:38.946Z - info: [23:27:38] Reload for file change: C:\repos\nus-cs2103-AY1920S2\cs2103-website\admin\peerEvaluations.md
2019-12-23T15:27:39.943Z - info: Rebuilding affected source files
2019-12-23T15:27:39.956Z - info: Rebuilding 9 pages
2019-12-23T15:27:49.185Z - info: Pages rebuilt
2019-12-23T15:27:49.271Z - info: Site data built
2019-12-23T15:30:58.612Z - info: [23:30:58] Reload for file change: C:\repos\nus-cs2103-AY1920S2\cs2103-website\common\macros.njk
2019-12-23T15:30:58.616Z - info: [23:30:58] Reload for file change: C:\repos\nus-cs2103-AY1920S2\cs2103-website\schedule\week13\admin.md
2019-12-23T15:30:59.622Z - info: Rebuilding affected source files
2019-12-23T15:30:59.628Z - info: Rebuilding 3 pages
2019-12-23T15:31:02.941Z - info: Assets built
2019-12-23T15:31:05.303Z - info: Pages rebuilt
2019-12-23T15:31:05.330Z - info: Site data built
2019-12-23T15:31:20.643Z - info: Website generation started at 23:31:15
2019-12-23T15:31:23.717Z - info: Building assets...
2019-12-23T15:31:26.155Z - info: Assets built
2019-12-23T15:31:26.156Z - info: Generating pages...
2019-12-23T15:34:18.426Z - info: Pages built
2019-12-23T15:34:50.477Z - info: Website generation complete! Total build time: 215.332s
2019-12-23T15:34:50.770Z - info: Serving "C:\repos\nus-cs2103-AY1920S2\cs2103-website\_site" at http://127.0.0.1:8080
2019-12-23T15:34:50.771Z - info: Press CTRL+C to stop ...
2019-12-23T15:34:50.915Z - info: Site data built
2019-12-23T15:37:55.607Z - info: [23:37:55] Reload for file change: C:\repos\nus-cs2103-AY1920S2\cs2103-website\schedule\week8\admin.md
2019-12-23T15:37:56.613Z - info: Rebuilding affected source files
2019-12-23T15:37:56.616Z - info: Rebuilding 3 pages
2019-12-23T15:37:58.554Z - error:  Template render error: (C:\repos\nus-cs2103-AY1920S2\cs2103-website\schedule\week8\admin.md)
  Error: Unable to call `embed_topic`, which is undefined or falsey
    at Object._prettifyError (C:\Users\damithch\AppData\Roaming\npm\node_modules\markbind-cli\node_modules\nunjucks\src\lib.js:36:11)
    at C:\Users\damithch\AppData\Roaming\npm\node_modules\markbind-cli\node_modules\nunjucks\src\environment.js:567:19
    at eval (eval at _compile (C:\Users\damithch\AppData\Roaming\npm\node_modules\markbind-cli\node_modules\nunjucks\src\environment.js:637:18), <anonymous>:51:12)
    at C:\Users\damithch\AppData\Roaming\npm\node_modules\markbind-cli\node_modules\nunjucks\src\environment.js:617:9
    at eval (eval at _compile (C:\Users\damithch\AppData\Roaming\npm\node_modules\markbind-cli\node_modules\nunjucks\src\environment.js:637:18), <anonymous>:11:11)
    at C:\Users\damithch\AppData\Roaming\npm\node_modules\markbind-cli\node_modules\nunjucks\src\environment.js:617:9
    at eval (eval at _compile (C:\Users\damithch\AppData\Roaming\npm\node_modules\markbind-cli\node_modules\nunjucks\src\environment.js:637:18), <anonymous>:11:11)
    at C:\Users\damithch\AppData\Roaming\npm\node_modules\markbind-cli\node_modules\nunjucks\src\environment.js:617:9
    at Template.root [as rootRenderFunc] (eval at _compile (C:\Users\damithch\AppData\Roaming\npm\node_modules\markbind-cli\node_modules\nunjucks\src\environment.js:637:18), <anonymous>:248:3)
    at Template.getExported (C:\Users\damithch\AppData\Roaming\npm\node_modules\markbind-cli\node_modules\nunjucks\src\environment.js:615:10)
    at eval (eval at _compile (C:\Users\damithch\AppData\Roaming\npm\node_modules\markbind-cli\node_modules\nunjucks\src\environment.js:637:18), <anonymous>:10:5)
    at Environment.getTemplate (C:\Users\damithch\AppData\Roaming\npm\node_modules\markbind-cli\node_modules\nunjucks\src\environment.js:279:9)
    at Template.root [as rootRenderFunc] (eval at _compile (C:\Users\damithch\AppData\Roaming\npm\node_modules\markbind-cli\node_modules\nunjucks\src\environment.js:637:18), <anonymous>:8:5)
    at Template.getExported (C:\Users\damithch\AppData\Roaming\npm\node_modules\markbind-cli\node_modules\nunjucks\src\environment.js:615:10)
    at eval (eval at _compile (C:\Users\damithch\AppData\Roaming\npm\node_modules\markbind-cli\node_modules\nunjucks\src\environment.js:637:18), <anonymous>:10:5)
    at Environment.getTemplate (C:\Users\damithch\AppData\Roaming\npm\node_modules\markbind-cli\node_modules\nunjucks\src\environment.js:279:9)
2019-12-23T15:37:59.402Z - error: uncaughtException: Template render error: Template render error: (C:\repos\nus-cs2103-AY1920S2\cs2103-website\schedule\week8\admin.md)
  Error: Unable to call `embed_topic`, which is undefined or falsey date=Mon Dec 23 2019 23:37:59 GMT+0800 (Malay Peninsula Standard Time), pid=12752, uid=null, gid=null, cwd=C:\repos\nus-cs2103-AY1920S2\cs2103-website, execPath=C:\Program Files\nodejs\node.exe, version=v8.9.4, argv=[C:\Program Files\nodejs\node.exe, C:\Users\damithch\AppData\Roaming\npm\node_modules\markbind-cli\index.js, serve], rss=312184832, heapTotal=253480960, heapUsed=197120248, external=184815, loadavg=[0, 0, 0], uptime=341028.9450603
Template render error: (C:\repos\nus-cs2103-AY1920S2\cs2103-website\schedule\week8\admin.md)
  Error: Unable to call `embed_topic`, which is undefined or falsey
    at Object._prettifyError (C:\Users\damithch\AppData\Roaming\npm\node_modules\markbind-cli\node_modules\nunjucks\src\lib.js:36:11)
    at C:\Users\damithch\AppData\Roaming\npm\node_modules\markbind-cli\node_modules\nunjucks\src\environment.js:567:19
    at eval (eval at _compile (C:\Users\damithch\AppData\Roaming\npm\node_modules\markbind-cli\node_modules\nunjucks\src\environment.js:637:18), <anonymous>:51:12)
    at C:\Users\damithch\AppData\Roaming\npm\node_modules\markbind-cli\node_modules\nunjucks\src\environment.js:617:9
    at eval (eval at _compile (C:\Users\damithch\AppData\Roaming\npm\node_modules\markbind-cli\node_modules\nunjucks\src\environment.js:637:18), <anonymous>:11:11)
    at C:\Users\damithch\AppData\Roaming\npm\node_modules\markbind-cli\node_modules\nunjucks\src\environment.js:617:9
    at eval (eval at _compile (C:\Users\damithch\AppData\Roaming\npm\node_modules\markbind-cli\node_modules\nunjucks\src\environment.js:637:18), <anonymous>:11:11)
    at C:\Users\damithch\AppData\Roaming\npm\node_modules\markbind-cli\node_modules\nunjucks\src\environment.js:617:9
    at Template.root [as rootRenderFunc] (eval at _compile (C:\Users\damithch\AppData\Roaming\npm\node_modules\markbind-cli\node_modules\nunjucks\src\environment.js:637:18), <anonymous>:248:3)
    at Template.getExported (C:\Users\damithch\AppData\Roaming\npm\node_modules\markbind-cli\node_modules\nunjucks\src\environment.js:615:10)
    at eval (eval at _compile (C:\Users\damithch\AppData\Roaming\npm\node_modules\markbind-cli\node_modules\nunjucks\src\environment.js:637:18), <anonymous>:10:5)
    at Environment.getTemplate (C:\Users\damithch\AppData\Roaming\npm\node_modules\markbind-cli\node_modules\nunjucks\src\environment.js:279:9)
    at Template.root [as rootRenderFunc] (eval at _compile (C:\Users\damithch\AppData\Roaming\npm\node_modules\markbind-cli\node_modules\nunjucks\src\environment.js:637:18), <anonymous>:8:5)
    at Template.getExported (C:\Users\damithch\AppData\Roaming\npm\node_modules\markbind-cli\node_modules\nunjucks\src\environment.js:615:10)
    at eval (eval at _compile (C:\Users\damithch\AppData\Roaming\npm\node_modules\markbind-cli\node_modules\nunjucks\src\environment.js:637:18), <anonymous>:10:5)
    at Environment.getTemplate (C:\Users\damithch\AppData\Roaming\npm\node_modules\markbind-cli\node_modules\nunjucks\src\environment.js:279:9)
2019-12-23T15:37:59.576Z - error:  Template render error: (C:\repos\nus-cs2103-AY1920S2\cs2103-website\schedule\week8\admin.md)
  Error: Unable to call `embed_topic`, which is undefined or falsey
    at Object._prettifyError (C:\Users\damithch\AppData\Roaming\npm\node_modules\markbind-cli\node_modules\nunjucks\src\lib.js:36:11)
    at C:\Users\damithch\AppData\Roaming\npm\node_modules\markbind-cli\node_modules\nunjucks\src\environment.js:567:19
    at eval (eval at _compile (C:\Users\damithch\AppData\Roaming\npm\node_modules\markbind-cli\node_modules\nunjucks\src\environment.js:637:18), <anonymous>:51:12)
    at C:\Users\damithch\AppData\Roaming\npm\node_modules\markbind-cli\node_modules\nunjucks\src\environment.js:617:9
    at eval (eval at _compile (C:\Users\damithch\AppData\Roaming\npm\node_modules\markbind-cli\node_modules\nunjucks\src\environment.js:637:18), <anonymous>:11:11)
    at C:\Users\damithch\AppData\Roaming\npm\node_modules\markbind-cli\node_modules\nunjucks\src\environment.js:617:9
    at eval (eval at _compile (C:\Users\damithch\AppData\Roaming\npm\node_modules\markbind-cli\node_modules\nunjucks\src\environment.js:637:18), <anonymous>:11:11)
    at C:\Users\damithch\AppData\Roaming\npm\node_modules\markbind-cli\node_modules\nunjucks\src\environment.js:617:9
    at Template.root [as rootRenderFunc] (eval at _compile (C:\Users\damithch\AppData\Roaming\npm\node_modules\markbind-cli\node_modules\nunjucks\src\environment.js:637:18), <anonymous>:248:3)
    at Template.getExported (C:\Users\damithch\AppData\Roaming\npm\node_modules\markbind-cli\node_modules\nunjucks\src\environment.js:615:10)
    at eval (eval at _compile (C:\Users\damithch\AppData\Roaming\npm\node_modules\markbind-cli\node_modules\nunjucks\src\environment.js:637:18), <anonymous>:10:5)
    at Environment.getTemplate (C:\Users\damithch\AppData\Roaming\npm\node_modules\markbind-cli\node_modules\nunjucks\src\environment.js:279:9)
    at Template.root [as rootRenderFunc] (eval at _compile (C:\Users\damithch\AppData\Roaming\npm\node_modules\markbind-cli\node_modules\nunjucks\src\environment.js:637:18), <anonymous>:8:5)
    at Template.getExported (C:\Users\damithch\AppData\Roaming\npm\node_modules\markbind-cli\node_modules\nunjucks\src\environment.js:615:10)
    at eval (eval at _compile (C:\Users\damithch\AppData\Roaming\npm\node_modules\markbind-cli\node_modules\nunjucks\src\environment.js:637:18), <anonymous>:10:5)
    at Environment.getTemplate (C:\Users\damithch\AppData\Roaming\npm\node_modules\markbind-cli\node_modules\nunjucks\src\environment.js:279:9)
2019-12-23T15:38:24.793Z - info: [23:38:24] Reload for file change: C:\repos\nus-cs2103-AY1920S2\cs2103-website\schedule\week8\admin.md
2019-12-23T15:39:02.746Z - info: [23:39:02] Reload for file change: C:\repos\nus-cs2103-AY1920S2\cs2103-website\schedule\week8\admin.md
2019-12-23T15:39:04.669Z - info: [23:39:04] Reload for file change: C:\repos\nus-cs2103-AY1920S2\cs2103-website\schedule\week8\admin.md
2019-12-23T15:39:25.319Z - info: Website generation started at 23:39:19
2019-12-23T15:39:28.358Z - info: Building assets...
2019-12-23T15:39:30.775Z - info: Assets built
2019-12-23T15:39:30.775Z - info: Generating pages...
2019-12-23T15:42:22.097Z - info: Pages built
2019-12-23T15:42:51.672Z - info: Website generation complete! Total build time: 212.11s
2019-12-23T15:42:52.046Z - info: Serving "C:\repos\nus-cs2103-AY1920S2\cs2103-website\_site" at http://127.0.0.1:8080
2019-12-23T15:42:52.047Z - info: Press CTRL+C to stop ...
2019-12-23T15:42:52.089Z - info: Site data built
2019-12-23T15:43:02.398Z - info: [23:43:02] Reload for file change: C:\repos\nus-cs2103-AY1920S2\cs2103-website\schedule\week5\admin.md
2019-12-23T15:43:03.401Z - info: Rebuilding affected source files
2019-12-23T15:43:03.408Z - info: Rebuilding 3 pages
2019-12-23T15:43:09.950Z - info: Pages rebuilt
2019-12-23T15:43:09.963Z - info: Site data built
2019-12-23T15:47:39.620Z - info: [23:47:39] Reload for file change: C:\repos\nus-cs2103-AY1920S2\cs2103-website\schedule\week5\admin.md
2019-12-23T15:47:39.625Z - info: [23:47:39] Reload for file change: C:\repos\nus-cs2103-AY1920S2\cs2103-website\admin\peerEvaluations.md
2019-12-23T15:47:40.628Z - info: Rebuilding affected source files
2019-12-23T15:47:40.640Z - info: Rebuilding 10 pages
2019-12-23T15:47:50.430Z - info: Pages rebuilt
2019-12-23T15:47:50.449Z - info: Site data built
2019-12-23T15:48:08.830Z - info: [23:48:08] Reload for file change: C:\repos\nus-cs2103-AY1920S2\cs2103-website\schedule\week5\admin.md
2019-12-23T15:48:09.830Z - info: Rebuilding affected source files
2019-12-23T15:48:09.833Z - info: Rebuilding 3 pages
2019-12-23T15:48:15.754Z - info: Pages rebuilt
2019-12-23T15:48:15.762Z - info: Site data built
2019-12-23T15:49:20.538Z - info: [23:49:20] Reload for file add: C:\repos\nus-cs2103-AY1920S2\cs2103-website\admin\peerEvaluations-midterm.md
2019-12-23T15:49:21.539Z - warn: Rebuilding all source files
2019-12-23T15:49:23.660Z - info: Assets removed
2019-12-23T15:49:23.660Z - info: Generating pages...
2019-12-23T15:52:17.637Z - info: Pages built
2019-12-23T15:54:44.101Z - info: [23:54:44] Reload for file change: C:\repos\nus-cs2103-AY1920S2\cs2103-website\admin\project-grading.md
2019-12-23T15:54:44.115Z - info: [23:54:44] Reload for file change: C:\repos\nus-cs2103-AY1920S2\cs2103-website\admin\participation.md
2019-12-23T15:54:44.127Z - info: [23:54:44] Reload for file change: C:\repos\nus-cs2103-AY1920S2\cs2103-website\admin\peerEvaluations.md
2019-12-23T15:54:44.135Z - info: [23:54:44] Reload for file change: C:\repos\nus-cs2103-AY1920S2\cs2103-website\admin\peerEvaluations-midterm.md
2019-12-23T15:54:45.107Z - info: Rebuilding affected source files
2019-12-23T15:54:45.125Z - info: Rebuilding 14 pages
2019-12-23T15:54:45.267Z - error:  Error: No such segment 'equalShareScale' in file: C:\repos\nus-cs2103-AY1920S2\cs2103-website\admin\peerEvaluations.md
Missing reference in C:\repos\nus-cs2103-AY1920S2\cs2103-website\admin\peerEvaluations-midterm.md
    at Parser._preprocess (C:\Users\damithch\AppData\Roaming\npm\node_modules\markbind-cli\src\lib\markbind\src\parser.js:441:25)
    at element.children.element.children.map.e (C:\Users\damithch\AppData\Roaming\npm\node_modules\markbind-cli\src\lib\markbind\src\parser.js:507:57)
    at Array.map (<anonymous>)
    at Parser._preprocess (C:\Users\damithch\AppData\Roaming\npm\node_modules\markbind-cli\src\lib\markbind\src\parser.js:507:43)
    at element.children.element.children.map.e (C:\Users\damithch\AppData\Roaming\npm\node_modules\markbind-cli\src\lib\markbind\src\parser.js:507:57)
    at Array.map (<anonymous>)
    at Parser._preprocess (C:\Users\damithch\AppData\Roaming\npm\node_modules\markbind-cli\src\lib\markbind\src\parser.js:507:43)
    at element.children.element.children.map.e (C:\Users\damithch\AppData\Roaming\npm\node_modules\markbind-cli\src\lib\markbind\src\parser.js:507:57)
    at Array.map (<anonymous>)
    at Parser._preprocess (C:\Users\damithch\AppData\Roaming\npm\node_modules\markbind-cli\src\lib\markbind\src\parser.js:507:43)
    at element.children.element.children.map.e (C:\Users\damithch\AppData\Roaming\npm\node_modules\markbind-cli\src\lib\markbind\src\parser.js:507:57)
    at Array.map (<anonymous>)
    at Parser._preprocess (C:\Users\damithch\AppData\Roaming\npm\node_modules\markbind-cli\src\lib\markbind\src\parser.js:507:43)
    at element.children.element.children.map.e (C:\Users\damithch\AppData\Roaming\npm\node_modules\markbind-cli\src\lib\markbind\src\parser.js:490:57)
    at Array.map (<anonymous>)
    at Parser._preprocess (C:\Users\damithch\AppData\Roaming\npm\node_modules\markbind-cli\src\lib\markbind\src\parser.js:490:43)
2019-12-23T15:54:45.303Z - error:  Error: No such segment 'equalShareScale' in file: C:\repos\nus-cs2103-AY1920S2\cs2103-website\admin\peerEvaluations.md
Missing reference in C:\repos\nus-cs2103-AY1920S2\cs2103-website\admin\peerEvaluations-midterm.md
    at Parser._preprocess (C:\Users\damithch\AppData\Roaming\npm\node_modules\markbind-cli\src\lib\markbind\src\parser.js:441:25)
    at element.children.element.children.map.e (C:\Users\damithch\AppData\Roaming\npm\node_modules\markbind-cli\src\lib\markbind\src\parser.js:507:57)
    at Array.map (<anonymous>)
    at Parser._preprocess (C:\Users\damithch\AppData\Roaming\npm\node_modules\markbind-cli\src\lib\markbind\src\parser.js:507:43)
    at element.children.element.children.map.e (C:\Users\damithch\AppData\Roaming\npm\node_modules\markbind-cli\src\lib\markbind\src\parser.js:507:57)
    at Array.map (<anonymous>)
    at Parser._preprocess (C:\Users\damithch\AppData\Roaming\npm\node_modules\markbind-cli\src\lib\markbind\src\parser.js:507:43)
    at element.children.element.children.map.e (C:\Users\damithch\AppData\Roaming\npm\node_modules\markbind-cli\src\lib\markbind\src\parser.js:507:57)
    at Array.map (<anonymous>)
    at Parser._preprocess (C:\Users\damithch\AppData\Roaming\npm\node_modules\markbind-cli\src\lib\markbind\src\parser.js:507:43)
    at element.children.element.children.map.e (C:\Users\damithch\AppData\Roaming\npm\node_modules\markbind-cli\src\lib\markbind\src\parser.js:507:57)
    at Array.map (<anonymous>)
    at Parser._preprocess (C:\Users\damithch\AppData\Roaming\npm\node_modules\markbind-cli\src\lib\markbind\src\parser.js:507:43)
    at element.children.element.children.map.e (C:\Users\damithch\AppData\Roaming\npm\node_modules\markbind-cli\src\lib\markbind\src\parser.js:490:57)
    at Array.map (<anonymous>)
    at Parser._preprocess (C:\Users\damithch\AppData\Roaming\npm\node_modules\markbind-cli\src\lib\markbind\src\parser.js:490:43)
2019-12-23T15:54:45.323Z - error:  Error: No such segment 'equalShareScale' in file: C:\repos\nus-cs2103-AY1920S2\cs2103-website\admin\peerEvaluations.md
Missing reference in C:\repos\nus-cs2103-AY1920S2\cs2103-website\admin\peerEvaluations-midterm.md
    at Parser._preprocess (C:\Users\damithch\AppData\Roaming\npm\node_modules\markbind-cli\src\lib\markbind\src\parser.js:441:25)
    at element.children.element.children.map.e (C:\Users\damithch\AppData\Roaming\npm\node_modules\markbind-cli\src\lib\markbind\src\parser.js:507:57)
    at Array.map (<anonymous>)
    at Parser._preprocess (C:\Users\damithch\AppData\Roaming\npm\node_modules\markbind-cli\src\lib\markbind\src\parser.js:507:43)
    at element.children.element.children.map.e (C:\Users\damithch\AppData\Roaming\npm\node_modules\markbind-cli\src\lib\markbind\src\parser.js:507:57)
    at Array.map (<anonymous>)
    at Parser._preprocess (C:\Users\damithch\AppData\Roaming\npm\node_modules\markbind-cli\src\lib\markbind\src\parser.js:507:43)
    at element.children.element.children.map.e (C:\Users\damithch\AppData\Roaming\npm\node_modules\markbind-cli\src\lib\markbind\src\parser.js:507:57)
    at Array.map (<anonymous>)
    at Parser._preprocess (C:\Users\damithch\AppData\Roaming\npm\node_modules\markbind-cli\src\lib\markbind\src\parser.js:507:43)
    at element.children.element.children.map.e (C:\Users\damithch\AppData\Roaming\npm\node_modules\markbind-cli\src\lib\markbind\src\parser.js:507:57)
    at Array.map (<anonymous>)
    at Parser._preprocess (C:\Users\damithch\AppData\Roaming\npm\node_modules\markbind-cli\src\lib\markbind\src\parser.js:507:43)
    at element.children.element.children.map.e (C:\Users\damithch\AppData\Roaming\npm\node_modules\markbind-cli\src\lib\markbind\src\parser.js:490:57)
    at Array.map (<anonymous>)
    at Parser._preprocess (C:\Users\damithch\AppData\Roaming\npm\node_modules\markbind-cli\src\lib\markbind\src\parser.js:490:43)
2019-12-23T15:54:45.942Z - error:  Error: No such segment 'equalShareScale' in file: C:\repos\nus-cs2103-AY1920S2\cs2103-website\admin\peerEvaluations.md
Missing reference in C:\repos\nus-cs2103-AY1920S2\cs2103-website\admin\peerEvaluations-midterm.md
    at Parser._preprocess (C:\Users\damithch\AppData\Roaming\npm\node_modules\markbind-cli\src\lib\markbind\src\parser.js:441:25)
    at element.children.element.children.map.e (C:\Users\damithch\AppData\Roaming\npm\node_modules\markbind-cli\src\lib\markbind\src\parser.js:507:57)
    at Array.map (<anonymous>)
    at Parser._preprocess (C:\Users\damithch\AppData\Roaming\npm\node_modules\markbind-cli\src\lib\markbind\src\parser.js:507:43)
    at element.children.element.children.map.e (C:\Users\damithch\AppData\Roaming\npm\node_modules\markbind-cli\src\lib\markbind\src\parser.js:507:57)
    at Array.map (<anonymous>)
    at Parser._preprocess (C:\Users\damithch\AppData\Roaming\npm\node_modules\markbind-cli\src\lib\markbind\src\parser.js:507:43)
    at element.children.element.children.map.e (C:\Users\damithch\AppData\Roaming\npm\node_modules\markbind-cli\src\lib\markbind\src\parser.js:507:57)
    at Array.map (<anonymous>)
    at Parser._preprocess (C:\Users\damithch\AppData\Roaming\npm\node_modules\markbind-cli\src\lib\markbind\src\parser.js:507:43)
    at element.children.element.children.map.e (C:\Users\damithch\AppData\Roaming\npm\node_modules\markbind-cli\src\lib\markbind\src\parser.js:507:57)
    at Array.map (<anonymous>)
    at Parser._preprocess (C:\Users\damithch\AppData\Roaming\npm\node_modules\markbind-cli\src\lib\markbind\src\parser.js:507:43)
    at element.children.element.children.map.e (C:\Users\damithch\AppData\Roaming\npm\node_modules\markbind-cli\src\lib\markbind\src\parser.js:490:57)
    at Array.map (<anonymous>)
    at Parser._preprocess (C:\Users\damithch\AppData\Roaming\npm\node_modules\markbind-cli\src\lib\markbind\src\parser.js:490:43)
2019-12-23T15:54:45.948Z - error:  Error: No such segment 'equalShareScale' in file: C:\repos\nus-cs2103-AY1920S2\cs2103-website\admin\peerEvaluations.md
Missing reference in C:\repos\nus-cs2103-AY1920S2\cs2103-website\admin\peerEvaluations-midterm.md
    at Parser._preprocess (C:\Users\damithch\AppData\Roaming\npm\node_modules\markbind-cli\src\lib\markbind\src\parser.js:441:25)
    at element.children.element.children.map.e (C:\Users\damithch\AppData\Roaming\npm\node_modules\markbind-cli\src\lib\markbind\src\parser.js:507:57)
    at Array.map (<anonymous>)
    at Parser._preprocess (C:\Users\damithch\AppData\Roaming\npm\node_modules\markbind-cli\src\lib\markbind\src\parser.js:507:43)
    at element.children.element.children.map.e (C:\Users\damithch\AppData\Roaming\npm\node_modules\markbind-cli\src\lib\markbind\src\parser.js:507:57)
    at Array.map (<anonymous>)
    at Parser._preprocess (C:\Users\damithch\AppData\Roaming\npm\node_modules\markbind-cli\src\lib\markbind\src\parser.js:507:43)
    at element.children.element.children.map.e (C:\Users\damithch\AppData\Roaming\npm\node_modules\markbind-cli\src\lib\markbind\src\parser.js:507:57)
    at Array.map (<anonymous>)
    at Parser._preprocess (C:\Users\damithch\AppData\Roaming\npm\node_modules\markbind-cli\src\lib\markbind\src\parser.js:507:43)
    at element.children.element.children.map.e (C:\Users\damithch\AppData\Roaming\npm\node_modules\markbind-cli\src\lib\markbind\src\parser.js:507:57)
    at Array.map (<anonymous>)
    at Parser._preprocess (C:\Users\damithch\AppData\Roaming\npm\node_modules\markbind-cli\src\lib\markbind\src\parser.js:507:43)
    at element.children.element.children.map.e (C:\Users\damithch\AppData\Roaming\npm\node_modules\markbind-cli\src\lib\markbind\src\parser.js:490:57)
    at Array.map (<anonymous>)
    at Parser._preprocess (C:\Users\damithch\AppData\Roaming\npm\node_modules\markbind-cli\src\lib\markbind\src\parser.js:490:43)
2019-12-23T15:54:45.957Z - error:  Error: No such segment 'equalShareScale' in file: C:\repos\nus-cs2103-AY1920S2\cs2103-website\admin\peerEvaluations.md
Missing reference in C:\repos\nus-cs2103-AY1920S2\cs2103-website\admin\peerEvaluations-midterm.md
    at Parser._preprocess (C:\Users\damithch\AppData\Roaming\npm\node_modules\markbind-cli\src\lib\markbind\src\parser.js:441:25)
    at element.children.element.children.map.e (C:\Users\damithch\AppData\Roaming\npm\node_modules\markbind-cli\src\lib\markbind\src\parser.js:507:57)
    at Array.map (<anonymous>)
    at Parser._preprocess (C:\Users\damithch\AppData\Roaming\npm\node_modules\markbind-cli\src\lib\markbind\src\parser.js:507:43)
    at element.children.element.children.map.e (C:\Users\damithch\AppData\Roaming\npm\node_modules\markbind-cli\src\lib\markbind\src\parser.js:507:57)
    at Array.map (<anonymous>)
    at Parser._preprocess (C:\Users\damithch\AppData\Roaming\npm\node_modules\markbind-cli\src\lib\markbind\src\parser.js:507:43)
    at element.children.element.children.map.e (C:\Users\damithch\AppData\Roaming\npm\node_modules\markbind-cli\src\lib\markbind\src\parser.js:507:57)
    at Array.map (<anonymous>)
    at Parser._preprocess (C:\Users\damithch\AppData\Roaming\npm\node_modules\markbind-cli\src\lib\markbind\src\parser.js:507:43)
    at element.children.element.children.map.e (C:\Users\damithch\AppData\Roaming\npm\node_modules\markbind-cli\src\lib\markbind\src\parser.js:507:57)
    at Array.map (<anonymous>)
    at Parser._preprocess (C:\Users\damithch\AppData\Roaming\npm\node_modules\markbind-cli\src\lib\markbind\src\parser.js:507:43)
    at element.children.element.children.map.e (C:\Users\damithch\AppData\Roaming\npm\node_modules\markbind-cli\src\lib\markbind\src\parser.js:490:57)
    at Array.map (<anonymous>)
    at Parser._preprocess (C:\Users\damithch\AppData\Roaming\npm\node_modules\markbind-cli\src\lib\markbind\src\parser.js:490:43)
2019-12-23T15:54:46.840Z - error:  Error: No such segment 'equalShareScale' in file: C:\repos\nus-cs2103-AY1920S2\cs2103-website\admin\peerEvaluations.md
Missing reference in C:\repos\nus-cs2103-AY1920S2\cs2103-website\admin\peerEvaluations-midterm.md
    at Parser._preprocess (C:\Users\damithch\AppData\Roaming\npm\node_modules\markbind-cli\src\lib\markbind\src\parser.js:441:25)
    at element.children.element.children.map.e (C:\Users\damithch\AppData\Roaming\npm\node_modules\markbind-cli\src\lib\markbind\src\parser.js:507:57)
    at Array.map (<anonymous>)
    at Parser._preprocess (C:\Users\damithch\AppData\Roaming\npm\node_modules\markbind-cli\src\lib\markbind\src\parser.js:507:43)
    at element.children.element.children.map.e (C:\Users\damithch\AppData\Roaming\npm\node_modules\markbind-cli\src\lib\markbind\src\parser.js:507:57)
    at Array.map (<anonymous>)
    at Parser._preprocess (C:\Users\damithch\AppData\Roaming\npm\node_modules\markbind-cli\src\lib\markbind\src\parser.js:507:43)
    at element.children.element.children.map.e (C:\Users\damithch\AppData\Roaming\npm\node_modules\markbind-cli\src\lib\markbind\src\parser.js:507:57)
    at Array.map (<anonymous>)
    at Parser._preprocess (C:\Users\damithch\AppData\Roaming\npm\node_modules\markbind-cli\src\lib\markbind\src\parser.js:507:43)
    at dom.map (C:\Users\damithch\AppData\Roaming\npm\node_modules\markbind-cli\src\lib\markbind\src\parser.js:675:28)
    at Array.map (<anonymous>)
    at DomHandler.htmlparser.DomHandler [as _callback] (C:\Users\damithch\AppData\Roaming\npm\node_modules\markbind-cli\src\lib\markbind\src\parser.js:672:25)
    at DomHandler._handleCallback.DomHandler.onerror (C:\Users\damithch\AppData\Roaming\npm\node_modules\markbind-cli\node_modules\domhandler\index.js:52:8)
    at DomHandler.onend (C:\Users\damithch\AppData\Roaming\npm\node_modules\markbind-cli\node_modules\domhandler\index.js:46:7)
    at Parser.onend (C:\Users\damithch\AppData\Roaming\npm\node_modules\markbind-cli\node_modules\htmlparser2\lib\Parser.js:340:36)
2019-12-23T15:54:46.845Z - error:  Error: No such segment 'equalShareScale' in file: C:\repos\nus-cs2103-AY1920S2\cs2103-website\admin\peerEvaluations.md
Missing reference in C:\repos\nus-cs2103-AY1920S2\cs2103-website\admin\peerEvaluations-midterm.md
    at Parser._preprocess (C:\Users\damithch\AppData\Roaming\npm\node_modules\markbind-cli\src\lib\markbind\src\parser.js:441:25)
    at element.children.element.children.map.e (C:\Users\damithch\AppData\Roaming\npm\node_modules\markbind-cli\src\lib\markbind\src\parser.js:507:57)
    at Array.map (<anonymous>)
    at Parser._preprocess (C:\Users\damithch\AppData\Roaming\npm\node_modules\markbind-cli\src\lib\markbind\src\parser.js:507:43)
    at element.children.element.children.map.e (C:\Users\damithch\AppData\Roaming\npm\node_modules\markbind-cli\src\lib\markbind\src\parser.js:507:57)
    at Array.map (<anonymous>)
    at Parser._preprocess (C:\Users\damithch\AppData\Roaming\npm\node_modules\markbind-cli\src\lib\markbind\src\parser.js:507:43)
    at element.children.element.children.map.e (C:\Users\damithch\AppData\Roaming\npm\node_modules\markbind-cli\src\lib\markbind\src\parser.js:507:57)
    at Array.map (<anonymous>)
    at Parser._preprocess (C:\Users\damithch\AppData\Roaming\npm\node_modules\markbind-cli\src\lib\markbind\src\parser.js:507:43)
    at dom.map (C:\Users\damithch\AppData\Roaming\npm\node_modules\markbind-cli\src\lib\markbind\src\parser.js:675:28)
    at Array.map (<anonymous>)
    at DomHandler.htmlparser.DomHandler [as _callback] (C:\Users\damithch\AppData\Roaming\npm\node_modules\markbind-cli\src\lib\markbind\src\parser.js:672:25)
    at DomHandler._handleCallback.DomHandler.onerror (C:\Users\damithch\AppData\Roaming\npm\node_modules\markbind-cli\node_modules\domhandler\index.js:52:8)
    at DomHandler.onend (C:\Users\damithch\AppData\Roaming\npm\node_modules\markbind-cli\node_modules\domhandler\index.js:46:7)
    at Parser.onend (C:\Users\damithch\AppData\Roaming\npm\node_modules\markbind-cli\node_modules\htmlparser2\lib\Parser.js:340:36)
2019-12-23T15:54:46.854Z - error:  Error: No such segment 'equalShareScale' in file: C:\repos\nus-cs2103-AY1920S2\cs2103-website\admin\peerEvaluations.md
Missing reference in C:\repos\nus-cs2103-AY1920S2\cs2103-website\admin\peerEvaluations-midterm.md
    at Parser._preprocess (C:\Users\damithch\AppData\Roaming\npm\node_modules\markbind-cli\src\lib\markbind\src\parser.js:441:25)
    at element.children.element.children.map.e (C:\Users\damithch\AppData\Roaming\npm\node_modules\markbind-cli\src\lib\markbind\src\parser.js:507:57)
    at Array.map (<anonymous>)
    at Parser._preprocess (C:\Users\damithch\AppData\Roaming\npm\node_modules\markbind-cli\src\lib\markbind\src\parser.js:507:43)
    at element.children.element.children.map.e (C:\Users\damithch\AppData\Roaming\npm\node_modules\markbind-cli\src\lib\markbind\src\parser.js:507:57)
    at Array.map (<anonymous>)
    at Parser._preprocess (C:\Users\damithch\AppData\Roaming\npm\node_modules\markbind-cli\src\lib\markbind\src\parser.js:507:43)
    at element.children.element.children.map.e (C:\Users\damithch\AppData\Roaming\npm\node_modules\markbind-cli\src\lib\markbind\src\parser.js:507:57)
    at Array.map (<anonymous>)
    at Parser._preprocess (C:\Users\damithch\AppData\Roaming\npm\node_modules\markbind-cli\src\lib\markbind\src\parser.js:507:43)
    at dom.map (C:\Users\damithch\AppData\Roaming\npm\node_modules\markbind-cli\src\lib\markbind\src\parser.js:675:28)
    at Array.map (<anonymous>)
    at DomHandler.htmlparser.DomHandler [as _callback] (C:\Users\damithch\AppData\Roaming\npm\node_modules\markbind-cli\src\lib\markbind\src\parser.js:672:25)
    at DomHandler._handleCallback.DomHandler.onerror (C:\Users\damithch\AppData\Roaming\npm\node_modules\markbind-cli\node_modules\domhandler\index.js:52:8)
    at DomHandler.onend (C:\Users\damithch\AppData\Roaming\npm\node_modules\markbind-cli\node_modules\domhandler\index.js:46:7)
    at Parser.onend (C:\Users\damithch\AppData\Roaming\npm\node_modules\markbind-cli\node_modules\htmlparser2\lib\Parser.js:340:36)
2019-12-23T15:54:49.876Z - error:  Error: No such segment 'equalShareScale' in file: C:\repos\nus-cs2103-AY1920S2\cs2103-website\admin\peerEvaluations.md
Missing reference in C:\repos\nus-cs2103-AY1920S2\cs2103-website\admin\peerEvaluations-midterm.md
    at Parser._preprocess (C:\Users\damithch\AppData\Roaming\npm\node_modules\markbind-cli\src\lib\markbind\src\parser.js:441:25)
    at element.children.element.children.map.e (C:\Users\damithch\AppData\Roaming\npm\node_modules\markbind-cli\src\lib\markbind\src\parser.js:507:57)
    at Array.map (<anonymous>)
    at Parser._preprocess (C:\Users\damithch\AppData\Roaming\npm\node_modules\markbind-cli\src\lib\markbind\src\parser.js:507:43)
    at element.children.element.children.map.e (C:\Users\damithch\AppData\Roaming\npm\node_modules\markbind-cli\src\lib\markbind\src\parser.js:507:57)
    at Array.map (<anonymous>)
    at Parser._preprocess (C:\Users\damithch\AppData\Roaming\npm\node_modules\markbind-cli\src\lib\markbind\src\parser.js:507:43)
    at element.children.element.children.map.e (C:\Users\damithch\AppData\Roaming\npm\node_modules\markbind-cli\src\lib\markbind\src\parser.js:507:57)
    at Array.map (<anonymous>)
    at Parser._preprocess (C:\Users\damithch\AppData\Roaming\npm\node_modules\markbind-cli\src\lib\markbind\src\parser.js:507:43)
    at dom.map (C:\Users\damithch\AppData\Roaming\npm\node_modules\markbind-cli\src\lib\markbind\src\parser.js:675:28)
    at Array.map (<anonymous>)
    at DomHandler.htmlparser.DomHandler [as _callback] (C:\Users\damithch\AppData\Roaming\npm\node_modules\markbind-cli\src\lib\markbind\src\parser.js:672:25)
    at DomHandler._handleCallback.DomHandler.onerror (C:\Users\damithch\AppData\Roaming\npm\node_modules\markbind-cli\node_modules\domhandler\index.js:52:8)
    at DomHandler.onend (C:\Users\damithch\AppData\Roaming\npm\node_modules\markbind-cli\node_modules\domhandler\index.js:46:7)
    at Parser.onend (C:\Users\damithch\AppData\Roaming\npm\node_modules\markbind-cli\node_modules\htmlparser2\lib\Parser.js:340:36)
2019-12-23T15:54:49.883Z - error:  Error: No such segment 'equalShareScale' in file: C:\repos\nus-cs2103-AY1920S2\cs2103-website\admin\peerEvaluations.md
Missing reference in C:\repos\nus-cs2103-AY1920S2\cs2103-website\admin\peerEvaluations-midterm.md
    at Parser._preprocess (C:\Users\damithch\AppData\Roaming\npm\node_modules\markbind-cli\src\lib\markbind\src\parser.js:441:25)
    at element.children.element.children.map.e (C:\Users\damithch\AppData\Roaming\npm\node_modules\markbind-cli\src\lib\markbind\src\parser.js:507:57)
    at Array.map (<anonymous>)
    at Parser._preprocess (C:\Users\damithch\AppData\Roaming\npm\node_modules\markbind-cli\src\lib\markbind\src\parser.js:507:43)
    at element.children.element.children.map.e (C:\Users\damithch\AppData\Roaming\npm\node_modules\markbind-cli\src\lib\markbind\src\parser.js:507:57)
    at Array.map (<anonymous>)
    at Parser._preprocess (C:\Users\damithch\AppData\Roaming\npm\node_modules\markbind-cli\src\lib\markbind\src\parser.js:507:43)
    at element.children.element.children.map.e (C:\Users\damithch\AppData\Roaming\npm\node_modules\markbind-cli\src\lib\markbind\src\parser.js:507:57)
    at Array.map (<anonymous>)
    at Parser._preprocess (C:\Users\damithch\AppData\Roaming\npm\node_modules\markbind-cli\src\lib\markbind\src\parser.js:507:43)
    at dom.map (C:\Users\damithch\AppData\Roaming\npm\node_modules\markbind-cli\src\lib\markbind\src\parser.js:675:28)
    at Array.map (<anonymous>)
    at DomHandler.htmlparser.DomHandler [as _callback] (C:\Users\damithch\AppData\Roaming\npm\node_modules\markbind-cli\src\lib\markbind\src\parser.js:672:25)
    at DomHandler._handleCallback.DomHandler.onerror (C:\Users\damithch\AppData\Roaming\npm\node_modules\markbind-cli\node_modules\domhandler\index.js:52:8)
    at DomHandler.onend (C:\Users\damithch\AppData\Roaming\npm\node_modules\markbind-cli\node_modules\domhandler\index.js:46:7)
    at Parser.onend (C:\Users\damithch\AppData\Roaming\npm\node_modules\markbind-cli\node_modules\htmlparser2\lib\Parser.js:340:36)
2019-12-23T15:54:49.888Z - error:  Error: No such segment 'equalShareScale' in file: C:\repos\nus-cs2103-AY1920S2\cs2103-website\admin\peerEvaluations.md
Missing reference in C:\repos\nus-cs2103-AY1920S2\cs2103-website\admin\peerEvaluations-midterm.md
    at Parser._preprocess (C:\Users\damithch\AppData\Roaming\npm\node_modules\markbind-cli\src\lib\markbind\src\parser.js:441:25)
    at element.children.element.children.map.e (C:\Users\damithch\AppData\Roaming\npm\node_modules\markbind-cli\src\lib\markbind\src\parser.js:507:57)
    at Array.map (<anonymous>)
    at Parser._preprocess (C:\Users\damithch\AppData\Roaming\npm\node_modules\markbind-cli\src\lib\markbind\src\parser.js:507:43)
    at element.children.element.children.map.e (C:\Users\damithch\AppData\Roaming\npm\node_modules\markbind-cli\src\lib\markbind\src\parser.js:507:57)
    at Array.map (<anonymous>)
    at Parser._preprocess (C:\Users\damithch\AppData\Roaming\npm\node_modules\markbind-cli\src\lib\markbind\src\parser.js:507:43)
    at element.children.element.children.map.e (C:\Users\damithch\AppData\Roaming\npm\node_modules\markbind-cli\src\lib\markbind\src\parser.js:507:57)
    at Array.map (<anonymous>)
    at Parser._preprocess (C:\Users\damithch\AppData\Roaming\npm\node_modules\markbind-cli\src\lib\markbind\src\parser.js:507:43)
    at dom.map (C:\Users\damithch\AppData\Roaming\npm\node_modules\markbind-cli\src\lib\markbind\src\parser.js:675:28)
    at Array.map (<anonymous>)
    at DomHandler.htmlparser.DomHandler [as _callback] (C:\Users\damithch\AppData\Roaming\npm\node_modules\markbind-cli\src\lib\markbind\src\parser.js:672:25)
    at DomHandler._handleCallback.DomHandler.onerror (C:\Users\damithch\AppData\Roaming\npm\node_modules\markbind-cli\node_modules\domhandler\index.js:52:8)
    at DomHandler.onend (C:\Users\damithch\AppData\Roaming\npm\node_modules\markbind-cli\node_modules\domhandler\index.js:46:7)
    at Parser.onend (C:\Users\damithch\AppData\Roaming\npm\node_modules\markbind-cli\node_modules\htmlparser2\lib\Parser.js:340:36)
2019-12-23T15:54:50.177Z - error:  Error: No such segment 'equalShareScale' in file: C:\repos\nus-cs2103-AY1920S2\cs2103-website\admin\peerEvaluations.md
Missing reference in C:\repos\nus-cs2103-AY1920S2\cs2103-website\admin\peerEvaluations-midterm.md
    at Parser._preprocess (C:\Users\damithch\AppData\Roaming\npm\node_modules\markbind-cli\src\lib\markbind\src\parser.js:441:25)
    at element.children.element.children.map.e (C:\Users\damithch\AppData\Roaming\npm\node_modules\markbind-cli\src\lib\markbind\src\parser.js:507:57)
    at Array.map (<anonymous>)
    at Parser._preprocess (C:\Users\damithch\AppData\Roaming\npm\node_modules\markbind-cli\src\lib\markbind\src\parser.js:507:43)
    at element.children.element.children.map.e (C:\Users\damithch\AppData\Roaming\npm\node_modules\markbind-cli\src\lib\markbind\src\parser.js:507:57)
    at Array.map (<anonymous>)
    at Parser._preprocess (C:\Users\damithch\AppData\Roaming\npm\node_modules\markbind-cli\src\lib\markbind\src\parser.js:507:43)
    at element.children.element.children.map.e (C:\Users\damithch\AppData\Roaming\npm\node_modules\markbind-cli\src\lib\markbind\src\parser.js:507:57)
    at Array.map (<anonymous>)
    at Parser._preprocess (C:\Users\damithch\AppData\Roaming\npm\node_modules\markbind-cli\src\lib\markbind\src\parser.js:507:43)
    at element.children.element.children.map.e (C:\Users\damithch\AppData\Roaming\npm\node_modules\markbind-cli\src\lib\markbind\src\parser.js:507:57)
    at Array.map (<anonymous>)
    at Parser._preprocess (C:\Users\damithch\AppData\Roaming\npm\node_modules\markbind-cli\src\lib\markbind\src\parser.js:507:43)
    at element.children.element.children.map.e (C:\Users\damithch\AppData\Roaming\npm\node_modules\markbind-cli\src\lib\markbind\src\parser.js:490:57)
    at Array.map (<anonymous>)
    at Parser._preprocess (C:\Users\damithch\AppData\Roaming\npm\node_modules\markbind-cli\src\lib\markbind\src\parser.js:490:43)
2019-12-23T15:54:50.188Z - error:  Error: No such segment 'equalShareScale' in file: C:\repos\nus-cs2103-AY1920S2\cs2103-website\admin\peerEvaluations.md
Missing reference in C:\repos\nus-cs2103-AY1920S2\cs2103-website\admin\peerEvaluations-midterm.md
    at Parser._preprocess (C:\Users\damithch\AppData\Roaming\npm\node_modules\markbind-cli\src\lib\markbind\src\parser.js:441:25)
    at element.children.element.children.map.e (C:\Users\damithch\AppData\Roaming\npm\node_modules\markbind-cli\src\lib\markbind\src\parser.js:507:57)
    at Array.map (<anonymous>)
    at Parser._preprocess (C:\Users\damithch\AppData\Roaming\npm\node_modules\markbind-cli\src\lib\markbind\src\parser.js:507:43)
    at element.children.element.children.map.e (C:\Users\damithch\AppData\Roaming\npm\node_modules\markbind-cli\src\lib\markbind\src\parser.js:507:57)
    at Array.map (<anonymous>)
    at Parser._preprocess (C:\Users\damithch\AppData\Roaming\npm\node_modules\markbind-cli\src\lib\markbind\src\parser.js:507:43)
    at element.children.element.children.map.e (C:\Users\damithch\AppData\Roaming\npm\node_modules\markbind-cli\src\lib\markbind\src\parser.js:507:57)
    at Array.map (<anonymous>)
    at Parser._preprocess (C:\Users\damithch\AppData\Roaming\npm\node_modules\markbind-cli\src\lib\markbind\src\parser.js:507:43)
    at element.children.element.children.map.e (C:\Users\damithch\AppData\Roaming\npm\node_modules\markbind-cli\src\lib\markbind\src\parser.js:507:57)
    at Array.map (<anonymous>)
    at Parser._preprocess (C:\Users\damithch\AppData\Roaming\npm\node_modules\markbind-cli\src\lib\markbind\src\parser.js:507:43)
    at element.children.element.children.map.e (C:\Users\damithch\AppData\Roaming\npm\node_modules\markbind-cli\src\lib\markbind\src\parser.js:490:57)
    at Array.map (<anonymous>)
    at Parser._preprocess (C:\Users\damithch\AppData\Roaming\npm\node_modules\markbind-cli\src\lib\markbind\src\parser.js:490:43)
2019-12-23T15:54:50.193Z - error:  Error: No such segment 'equalShareScale' in file: C:\repos\nus-cs2103-AY1920S2\cs2103-website\admin\peerEvaluations.md
Missing reference in C:\repos\nus-cs2103-AY1920S2\cs2103-website\admin\peerEvaluations-midterm.md
    at Parser._preprocess (C:\Users\damithch\AppData\Roaming\npm\node_modules\markbind-cli\src\lib\markbind\src\parser.js:441:25)
    at element.children.element.children.map.e (C:\Users\damithch\AppData\Roaming\npm\node_modules\markbind-cli\src\lib\markbind\src\parser.js:507:57)
    at Array.map (<anonymous>)
    at Parser._preprocess (C:\Users\damithch\AppData\Roaming\npm\node_modules\markbind-cli\src\lib\markbind\src\parser.js:507:43)
    at element.children.element.children.map.e (C:\Users\damithch\AppData\Roaming\npm\node_modules\markbind-cli\src\lib\markbind\src\parser.js:507:57)
    at Array.map (<anonymous>)
    at Parser._preprocess (C:\Users\damithch\AppData\Roaming\npm\node_modules\markbind-cli\src\lib\markbind\src\parser.js:507:43)
    at element.children.element.children.map.e (C:\Users\damithch\AppData\Roaming\npm\node_modules\markbind-cli\src\lib\markbind\src\parser.js:507:57)
    at Array.map (<anonymous>)
    at Parser._preprocess (C:\Users\damithch\AppData\Roaming\npm\node_modules\markbind-cli\src\lib\markbind\src\parser.js:507:43)
    at element.children.element.children.map.e (C:\Users\damithch\AppData\Roaming\npm\node_modules\markbind-cli\src\lib\markbind\src\parser.js:507:57)
    at Array.map (<anonymous>)
    at Parser._preprocess (C:\Users\damithch\AppData\Roaming\npm\node_modules\markbind-cli\src\lib\markbind\src\parser.js:507:43)
    at element.children.element.children.map.e (C:\Users\damithch\AppData\Roaming\npm\node_modules\markbind-cli\src\lib\markbind\src\parser.js:490:57)
    at Array.map (<anonymous>)
    at Parser._preprocess (C:\Users\damithch\AppData\Roaming\npm\node_modules\markbind-cli\src\lib\markbind\src\parser.js:490:43)
2019-12-23T15:54:52.626Z - info: Pages rebuilt
2019-12-23T15:54:52.636Z - info: Site data built
2019-12-23T15:55:23.481Z - info: [23:55:23] Reload for file change: C:\repos\nus-cs2103-AY1920S2\cs2103-website\admin\peerEvaluations-midterm.md
2019-12-23T15:55:24.498Z - info: Rebuilding affected source files
2019-12-23T15:55:24.501Z - info: Rebuilding 9 pages
2019-12-23T15:55:30.469Z - info: Pages rebuilt
2019-12-23T15:55:30.480Z - info: Site data built
2019-12-23T15:56:32.618Z - info: [23:56:32] Reload for file add: C:\repos\nus-cs2103-AY1920S2\cs2103-website\admin\peerEvaluations-final.md
2019-12-23T15:56:33.619Z - warn: Rebuilding all source files
2019-12-23T15:56:36.121Z - info: Assets removed
2019-12-23T15:56:36.121Z - info: Generating pages...
2019-12-23T15:58:36.099Z - info: [23:58:36] Reload for file change: C:\repos\nus-cs2103-AY1920S2\cs2103-website\admin\peerEvaluations-final.md
2019-12-23T15:59:17.071Z - info: Rebuilding affected source files
2019-12-23T15:59:17.072Z - info: Rebuilding 1 pages
2019-12-23T15:59:26.396Z - info: [23:59:26] Reload for file add: C:\repos\nus-cs2103-AY1920S2\cs2103-website\admin\peerEvaluations-practice.md
2019-12-23T15:59:30.054Z - info: [23:59:30] Reload for file change: C:\repos\nus-cs2103-AY1920S2\cs2103-website\admin\peerEvaluations.md
2019-12-23T15:59:31.901Z - info: [23:59:31] Reload for file change: C:\repos\nus-cs2103-AY1920S2\cs2103-website\admin\peerEvaluations.md
2019-12-23T15:59:31.901Z - info: [23:59:31] Reload for file change: C:\repos\nus-cs2103-AY1920S2\cs2103-website\admin\peerEvaluations-practice.md
2019-12-23T15:59:37.266Z - info: Pages rebuilt
2019-12-23T15:59:37.318Z - info: Site data built
2019-12-23T15:59:38.926Z - info: Pages built
2019-12-23T15:59:38.926Z - warn: Rebuilding all source files
2019-12-23T15:59:40.124Z - info: Rebuilding affected source files
2019-12-23T15:59:40.125Z - info: Rebuilding 5 pages
2019-12-23T15:59:41.232Z - info: Assets removed
2019-12-23T15:59:41.232Z - info: Generating pages...
