2020-01-10T07:46:51.631Z - info: Website generation started at 3:46:50 PM
2020-01-10T07:46:54.059Z - info: Building assets...
2020-01-10T07:46:56.334Z - info: Assets built
2020-01-10T07:46:56.334Z - info: Generating pages...
2020-01-10T07:47:27.413Z - debug: The process cannot access the file because it is being used by another process.

2020-01-10T07:47:27.414Z - debug: The process cannot access the file because it is being used by another process.

2020-01-10T07:47:27.414Z - debug: The process cannot access the file because it is being used by another process.

2020-01-10T07:47:27.414Z - debug: The process cannot access the file because it is being used by another process.

2020-01-10T07:47:27.415Z - debug: The process cannot access the file because it is being used by another process.

2020-01-10T07:47:27.415Z - debug: The process cannot access the file because it is being used by another process.

2020-01-10T07:47:27.415Z - debug: The process cannot access the file because it is being used by another process.

2020-01-10T07:47:27.415Z - debug: The process cannot access the file because it is being used by another process.

2020-01-10T07:47:31.729Z - debug:  
2020-01-10T07:47:31.729Z - debug:  
2020-01-10T07:47:31.729Z - debug:  
2020-01-10T07:48:01.356Z - info: Pages built
2020-01-10T07:48:11.945Z - info: Website generation complete! Total build time: 81.452s
2020-01-10T07:48:12.333Z - info: Serving "C:\repos\nus-te3201\te3201-2020-website\_site" at http://127.0.0.1:8080
2020-01-10T07:48:12.334Z - info: Press CTRL+C to stop ...
2020-01-10T07:48:12.418Z - info: Site data built
2020-01-10T07:49:26.736Z - info: [3:49:26 PM] Reload for file change: C:\repos\nus-te3201\te3201-2020-website\programming\chapters\dictionaries.md
2020-01-10T07:49:27.542Z - info: [3:49:27 PM] Reload for file change: C:\repos\nus-te3201\te3201-2020-website\programming\chapters\dictionaries.md
2020-01-10T07:49:27.738Z - info: Rebuilding affected source files
2020-01-10T07:49:27.739Z - info: Rebuilding 1 pages
2020-01-10T07:49:28.204Z - info: Pages rebuilt
2020-01-10T07:49:28.208Z - info: Site data built
2020-01-10T07:51:24.144Z - info: [3:51:24 PM] Reload for file change: C:\repos\nus-te3201\te3201-2020-website\schedule\programming-topics.mbdf
2020-01-10T07:51:25.145Z - info: Rebuilding affected source files
2020-01-10T07:51:25.150Z - info: Rebuilding 28 pages
2020-01-10T07:51:32.073Z - info: Pages rebuilt
2020-01-10T07:51:32.081Z - info: Site data built
2020-01-10T07:52:15.841Z - info: [3:52:15 PM] Reload for file change: C:\repos\nus-te3201\te3201-2020-website\schedule\programming-topics.mbdf
2020-01-10T07:52:16.842Z - info: Rebuilding affected source files
2020-01-10T07:52:16.846Z - info: Rebuilding 28 pages
2020-01-10T07:52:23.583Z - info: Pages rebuilt
2020-01-10T07:52:23.588Z - info: Site data built
2020-01-10T07:53:35.212Z - info: [3:53:35 PM] Reload for file change: C:\repos\nus-te3201\te3201-2020-website\programming\chapters\errors.md
2020-01-10T07:53:35.212Z - info: [3:53:35 PM] Reload for file change: C:\repos\nus-te3201\te3201-2020-website\programming\chapters\expressions-types-variables.md
2020-01-10T07:53:35.219Z - info: [3:53:35 PM] Reload for file change: C:\repos\nus-te3201\te3201-2020-website\programming\chapters\dictionaries.md
2020-01-10T07:53:35.221Z - info: [3:53:35 PM] Reload for file change: C:\repos\nus-te3201\te3201-2020-website\programming\chapters\files.md
2020-01-10T07:53:35.229Z - info: [3:53:35 PM] Reload for file change: C:\repos\nus-te3201\te3201-2020-website\programming\chapters\flowcontrol.md
2020-01-10T07:53:35.230Z - info: [3:53:35 PM] Reload for file change: C:\repos\nus-te3201\te3201-2020-website\programming\chapters\functions.md
2020-01-10T07:53:35.231Z - info: [3:53:35 PM] Reload for file change: C:\repos\nus-te3201\te3201-2020-website\programming\chapters\gui.md
2020-01-10T07:53:35.240Z - info: [3:53:35 PM] Reload for file change: C:\repos\nus-te3201\te3201-2020-website\programming\chapters\lists.md
2020-01-10T07:53:35.240Z - info: [3:53:35 PM] Reload for file change: C:\repos\nus-te3201\te3201-2020-website\programming\chapters\monty.md
2020-01-10T07:53:35.240Z - info: [3:53:35 PM] Reload for file change: C:\repos\nus-te3201\te3201-2020-website\programming\chapters\oop.md
2020-01-10T07:53:35.248Z - info: [3:53:35 PM] Reload for file change: C:\repos\nus-te3201\te3201-2020-website\programming\chapters\programs.md
2020-01-10T07:53:35.250Z - info: [3:53:35 PM] Reload for file change: C:\repos\nus-te3201\te3201-2020-website\programming\chapters\strings.md
2020-01-10T07:53:36.216Z - info: Rebuilding affected source files
2020-01-10T07:53:36.222Z - info: Rebuilding 12 pages
2020-01-10T07:53:39.857Z - info: Pages rebuilt
2020-01-10T07:53:39.863Z - info: Site data built
2020-01-10T07:56:45.694Z - info: [3:56:45 PM] Reload for file change: C:\repos\nus-te3201\te3201-2020-website\programming\ide\text.md
2020-01-10T07:56:46.696Z - info: Rebuilding affected source files
2020-01-10T07:56:46.698Z - info: Rebuilding 2 pages
2020-01-10T07:56:47.335Z - info: Pages rebuilt
2020-01-10T07:56:47.342Z - info: Site data built
2020-01-10T07:57:39.722Z - info: [3:57:39 PM] Reload for file change: C:\repos\nus-te3201\te3201-2020-website\programming\thirdparty\text.md
2020-01-10T07:57:40.724Z - info: Rebuilding affected source files
2020-01-10T07:57:40.726Z - info: Rebuilding 2 pages
2020-01-10T07:57:41.016Z - info: Pages rebuilt
2020-01-10T07:57:41.020Z - info: Site data built
2020-01-10T07:57:49.400Z - info: [3:57:49 PM] Reload for file change: C:\repos\nus-te3201\te3201-2020-website\programming\unittesting\text.md
2020-01-10T07:57:50.401Z - info: Rebuilding affected source files
2020-01-10T07:57:50.403Z - info: Rebuilding 2 pages
2020-01-10T07:57:50.832Z - info: Pages rebuilt
2020-01-10T07:57:50.835Z - info: Site data built
2020-01-10T07:57:56.360Z - info: [3:57:56 PM] Reload for file change: C:\repos\nus-te3201\te3201-2020-website\programming\organizing\text.md
2020-01-10T07:57:57.361Z - info: Rebuilding affected source files
2020-01-10T07:57:57.362Z - info: Rebuilding 2 pages
2020-01-10T07:57:57.773Z - info: Pages rebuilt
2020-01-10T07:57:57.779Z - info: Site data built
2020-01-10T08:01:14.312Z - info: [4:01:14 PM] Reload for file change: C:\repos\nus-te3201\te3201-2020-website\_markbind\navigation\programming-sitenav.md
2020-01-10T08:01:15.313Z - info: Rebuilding affected source files
2020-01-10T08:01:15.320Z - info: Rebuilding 17 pages
2020-01-10T08:01:19.453Z - info: Pages rebuilt
2020-01-10T08:01:19.461Z - info: Site data built
2020-01-10T08:01:45.061Z - info: [4:01:45 PM] Reload for file change: C:\repos\nus-te3201\te3201-2020-website\_markbind\navigation\programming-sitenav.md
2020-01-10T08:01:46.063Z - info: Rebuilding affected source files
2020-01-10T08:01:46.067Z - info: Rebuilding 17 pages
2020-01-10T08:01:49.969Z - info: Pages rebuilt
2020-01-10T08:01:49.975Z - info: Site data built
2020-01-10T08:03:55.887Z - info: [4:03:55 PM] Reload for file change: C:\repos\nus-te3201\te3201-2020-website\_markbind\navigation\programming-sitenav.md
2020-01-10T08:03:56.890Z - info: Rebuilding affected source files
2020-01-10T08:03:56.895Z - info: Rebuilding 17 pages
2020-01-10T08:04:01.061Z - info: Pages rebuilt
2020-01-10T08:04:01.066Z - info: Site data built
2020-01-10T08:05:36.692Z - info: [4:05:36 PM] Reload for file change: C:\repos\nus-te3201\te3201-2020-website\_markbind\navigation\programming-sitenav.md
2020-01-10T08:05:37.694Z - info: Rebuilding affected source files
2020-01-10T08:05:37.697Z - info: Rebuilding 17 pages
2020-01-10T08:05:41.799Z - info: Pages rebuilt
2020-01-10T08:05:41.806Z - info: Site data built
2020-01-10T08:08:04.433Z - info: [4:08:04 PM] Reload for file change: C:\repos\nus-te3201\te3201-2020-website\_markbind\navigation\programming-sitenav.md
2020-01-10T08:08:05.434Z - info: Rebuilding affected source files
2020-01-10T08:08:05.437Z - info: Rebuilding 17 pages
2020-01-10T08:08:09.579Z - info: Pages rebuilt
2020-01-10T08:08:09.585Z - info: Site data built
2020-01-10T08:08:37.556Z - info: [4:08:37 PM] Reload for file change: C:\repos\nus-te3201\te3201-2020-website\_markbind\navigation\programming-sitenav.md
2020-01-10T08:08:38.557Z - info: Rebuilding affected source files
2020-01-10T08:08:38.560Z - info: Rebuilding 17 pages
2020-01-10T08:08:42.600Z - info: Pages rebuilt
2020-01-10T08:08:42.608Z - info: Site data built
2020-01-10T08:09:04.709Z - info: [4:09:04 PM] Reload for file change: C:\repos\nus-te3201\te3201-2020-website\programming\ide\text.md
2020-01-10T08:09:05.709Z - info: Rebuilding affected source files
2020-01-10T08:09:05.711Z - info: Rebuilding 2 pages
2020-01-10T08:09:06.239Z - info: Pages rebuilt
2020-01-10T08:09:06.243Z - info: Site data built
2020-01-10T08:12:39.271Z - info: [4:12:39 PM] Reload for file change: C:\repos\nus-te3201\te3201-2020-website\programming\ide\text.md
2020-01-10T08:12:40.272Z - info: Rebuilding affected source files
2020-01-10T08:12:40.274Z - info: Rebuilding 2 pages
2020-01-10T08:12:40.893Z - info: Pages rebuilt
2020-01-10T08:12:40.899Z - info: Site data built
2020-01-10T08:13:25.024Z - info: [4:13:25 PM] Reload for file change: C:\repos\nus-te3201\te3201-2020-website\programming\ide\text.md
2020-01-10T08:13:26.025Z - info: Rebuilding affected source files
2020-01-10T08:13:26.026Z - info: Rebuilding 2 pages
2020-01-10T08:13:26.556Z - info: Pages rebuilt
2020-01-10T08:13:26.559Z - info: Site data built
2020-01-10T08:14:58.972Z - info: [4:14:58 PM] Reload for file change: C:\repos\nus-te3201\te3201-2020-website\programming\ide\text.md
2020-01-10T08:14:59.974Z - info: Rebuilding affected source files
2020-01-10T08:14:59.975Z - info: Rebuilding 2 pages
2020-01-10T08:15:00.520Z - info: Pages rebuilt
2020-01-10T08:15:00.524Z - info: Site data built
2020-01-10T08:15:44.208Z - info: [4:15:44 PM] Reload for file change: C:\repos\nus-te3201\te3201-2020-website\programming\ide\text.md
2020-01-10T08:15:45.210Z - info: Rebuilding affected source files
2020-01-10T08:15:45.211Z - info: Rebuilding 2 pages
2020-01-10T08:15:45.809Z - info: Pages rebuilt
2020-01-10T08:15:45.813Z - info: Site data built
2020-01-10T08:29:55.173Z - info: [4:29:55 PM] Reload for file change: C:\repos\nus-te3201\te3201-2020-website\programming\ide\text.md
2020-01-10T08:29:56.174Z - info: Rebuilding affected source files
2020-01-10T08:29:56.176Z - info: Rebuilding 2 pages
2020-01-10T08:29:56.806Z - info: Pages rebuilt
2020-01-10T08:29:56.813Z - info: Site data built
2020-01-10T08:31:41.911Z - info: [4:31:41 PM] Reload for file change: C:\repos\nus-te3201\te3201-2020-website\programming\ide\text.md
2020-01-10T08:31:42.912Z - info: Rebuilding affected source files
2020-01-10T08:31:42.913Z - info: Rebuilding 2 pages
2020-01-10T08:31:43.515Z - info: Pages rebuilt
2020-01-10T08:31:43.519Z - info: Site data built
2020-01-10T08:32:12.903Z - info: [4:32:12 PM] Reload for file change: C:\repos\nus-te3201\te3201-2020-website\programming\ide\text.md
2020-01-10T08:32:13.905Z - info: Rebuilding affected source files
2020-01-10T08:32:13.906Z - info: Rebuilding 2 pages
2020-01-10T08:32:14.420Z - info: Pages rebuilt
2020-01-10T08:32:14.424Z - info: Site data built
2020-01-10T08:32:42.778Z - info: [4:32:42 PM] Reload for file change: C:\repos\nus-te3201\te3201-2020-website\programming\ide\text.md
2020-01-10T08:32:43.779Z - info: Rebuilding affected source files
2020-01-10T08:32:43.781Z - info: Rebuilding 2 pages
2020-01-10T08:32:44.304Z - info: Pages rebuilt
2020-01-10T08:32:44.307Z - info: Site data built
2020-01-10T08:42:36.608Z - info: [4:42:36 PM] Reload for file change: C:\repos\nus-te3201\te3201-2020-website\programming\ide\text.md
2020-01-10T08:42:37.609Z - info: Rebuilding affected source files
2020-01-10T08:42:37.611Z - info: Rebuilding 2 pages
2020-01-10T08:42:38.198Z - info: Pages rebuilt
2020-01-10T08:42:38.202Z - info: Site data built
2020-01-10T08:43:54.482Z - info: Website generation started at 4:43:53 PM
2020-01-10T08:43:56.940Z - info: Building assets...
