2020-03-09T11:25:04.458Z - info: Website generation (lazy) started at 7:24:59 PM
2020-03-09T11:25:09.205Z - info: Building assets...
2020-03-09T11:25:14.789Z - info: Assets built
2020-03-09T11:25:14.790Z - info: Generating landing page...
2020-03-09T11:25:16.886Z - info: Landing page built, other pages will be built as you navigate to them!
2020-03-09T11:25:17.241Z - info: Website generation (lazy) complete! Total build time: 17.441s
2020-03-09T11:25:17.811Z - info: Serving "C:\repos\nus-te3201\te3201-2020-website\_site" at http://127.0.0.1:8080
2020-03-09T11:25:17.811Z - info: Press CTRL+C to stop ...
2020-03-09T11:25:17.920Z - info: Site data built
2020-03-09T11:26:16.340Z - info: Building C:\repos\nus-te3201\te3201-2020-website\schedule\week7\topics-py as some of its dependencies were changed since the last visit
2020-03-09T11:26:17.159Z - info: Site data built
2020-03-09T11:26:17.159Z - info: Lazy website regeneration complete! Total build time: 0.819s
2020-03-09T11:26:49.008Z - info: Building C:\repos\nus-te3201\te3201-2020-website\schedule\week8\index as some of its dependencies were changed since the last visit
2020-03-09T11:26:49.575Z - info: Site data built
2020-03-09T11:26:49.575Z - info: Lazy website regeneration complete! Total build time: 0.567s
2020-03-09T11:34:50.958Z - info: Building C:\repos\nus-te3201\te3201-2020-website\schedule\week8\topics-py as some of its dependencies were changed since the last visit
2020-03-09T11:34:51.378Z - info: Site data built
2020-03-09T11:34:51.378Z - info: Lazy website regeneration complete! Total build time: 0.42s
2020-03-09T11:35:50.694Z - info: [7:35:50 PM] Reload for file change: C:\repos\nus-te3201\te3201-2020-website\schedule\programming-topics.mbdf
2020-03-09T11:35:51.696Z - info: Rebuilding affected source files
2020-03-09T11:35:51.698Z - info: Rebuilding 1 pages
2020-03-09T11:35:52.289Z - info: Pages rebuilt
2020-03-09T11:35:52.289Z - info: Website regeneration complete! Total build time: 0.593s
2020-03-09T11:35:52.293Z - info: Site data built
2020-03-09T11:35:57.880Z - info: Building C:\repos\nus-te3201\te3201-2020-website\programming\chapters\oop as some of its dependencies were changed since the last visit
2020-03-09T11:35:58.525Z - info: Site data built
2020-03-09T11:35:58.525Z - info: Lazy website regeneration complete! Total build time: 0.645s
2020-03-09T11:37:12.557Z - info: [7:37:12 PM] Reload for file add: C:\repos\nus-te3201\te3201-2020-website\schedule\week8\commentary.mbdf
2020-03-09T11:37:12.560Z - info: [7:37:12 PM] Reload for file change: C:\repos\nus-te3201\te3201-2020-website\schedule\week8\commentary.mbdf
2020-03-09T11:37:13.559Z - info: File added or removed, updating list of site's pages...
2020-03-09T11:37:14.711Z - info: Rebuilding affected source files
2020-03-09T11:37:14.712Z - info: Rebuilding 0 pages
2020-03-09T11:37:14.713Z - info: Pages rebuilt
2020-03-09T11:37:14.713Z - info: Website regeneration complete! Total build time: 0.002s
2020-03-09T11:37:14.716Z - info: Site data built
2020-03-09T11:37:15.712Z - info: Assets removed
2020-03-09T11:37:16.811Z - info: Building C:\repos\nus-te3201\te3201-2020-website\schedule\week8\topics-py as some of its dependencies were changed since the last visit
2020-03-09T11:37:17.265Z - info: Site data built
2020-03-09T11:37:17.265Z - info: Lazy website regeneration complete! Total build time: 0.455s
2020-03-09T11:42:52.641Z - info: [7:42:52 PM] Reload for file change: C:\repos\nus-te3201\te3201-2020-website\schedule\week8\commentary.mbdf
2020-03-09T11:42:52.644Z - info: [7:42:52 PM] Reload for file change: C:\repos\nus-te3201\te3201-2020-website\schedule\programming-topics.mbdf
2020-03-09T11:42:53.643Z - info: Rebuilding affected source files
2020-03-09T11:42:53.647Z - info: Rebuilding 1 pages
2020-03-09T11:42:54.024Z - info: Pages rebuilt
2020-03-09T11:42:54.024Z - info: Website regeneration complete! Total build time: 0.381s
2020-03-09T11:42:54.027Z - info: Site data built
2020-03-09T11:43:19.767Z - info: [7:43:19 PM] Reload for file change: C:\repos\nus-te3201\te3201-2020-website\schedule\programming-topics.mbdf
2020-03-09T11:43:20.768Z - info: Rebuilding affected source files
2020-03-09T11:43:20.770Z - info: Rebuilding 1 pages
2020-03-09T11:43:21.251Z - info: Pages rebuilt
2020-03-09T11:43:21.251Z - info: Website regeneration complete! Total build time: 0.483s
2020-03-09T11:43:21.254Z - info: Site data built
2020-03-09T11:43:57.051Z - info: [7:43:57 PM] Reload for file change: C:\repos\nus-te3201\te3201-2020-website\schedule\programming-topics.mbdf
2020-03-09T11:43:58.052Z - info: Rebuilding affected source files
2020-03-09T11:43:58.055Z - info: Rebuilding 1 pages
2020-03-09T11:43:58.440Z - info: Pages rebuilt
2020-03-09T11:43:58.440Z - info: Website regeneration complete! Total build time: 0.387s
2020-03-09T11:43:58.443Z - info: Site data built
2020-03-09T11:48:44.960Z - info: [7:48:44 PM] Reload for file change: C:\repos\nus-te3201\te3201-2020-website\schedule\programming-topics.mbdf
2020-03-09T11:48:45.961Z - info: Rebuilding affected source files
2020-03-09T11:48:45.963Z - info: Rebuilding 1 pages
2020-03-09T11:48:46.454Z - info: Pages rebuilt
2020-03-09T11:48:46.454Z - info: Website regeneration complete! Total build time: 0.493s
2020-03-09T11:48:46.457Z - info: Site data built
2020-03-09T11:55:56.978Z - info: Building C:\repos\nus-te3201\te3201-2020-website\schedule\week8\topics as some of its dependencies were changed since the last visit
2020-03-09T11:55:58.049Z - info: Site data built
2020-03-09T11:55:58.049Z - info: Lazy website regeneration complete! Total build time: 1.071s
2020-03-09T11:56:53.837Z - info: [7:56:53 PM] Reload for file change: C:\repos\nus-te3201\te3201-2020-website\schedule\week8\commentary.mbdf
2020-03-09T11:56:54.838Z - info: Rebuilding affected source files
2020-03-09T11:56:54.840Z - info: Rebuilding 1 pages
2020-03-09T11:56:55.840Z - info: Pages rebuilt
2020-03-09T11:56:55.840Z - info: Website regeneration complete! Total build time: 1.002s
2020-03-09T11:56:55.859Z - info: Site data built
2020-03-09T11:59:09.701Z - info: [7:59:09 PM] Reload for file change: C:\repos\nus-te3201\te3201-2020-website\schedule\programming-topics.mbdf
2020-03-09T11:59:10.702Z - info: Rebuilding affected source files
2020-03-09T11:59:10.703Z - info: Rebuilding 1 pages
2020-03-09T11:59:11.273Z - info: Pages rebuilt
2020-03-09T11:59:11.274Z - info: Website regeneration complete! Total build time: 0.572s
2020-03-09T11:59:11.277Z - info: Site data built
2020-03-09T11:59:39.074Z - info: [7:59:39 PM] Reload for file change: C:\repos\nus-te3201\te3201-2020-website\schedule\programming-topics.mbdf
2020-03-09T11:59:40.077Z - info: Rebuilding affected source files
2020-03-09T11:59:40.079Z - info: Rebuilding 0 pages
2020-03-09T11:59:40.104Z - info: Pages rebuilt
2020-03-09T11:59:40.104Z - info: Website regeneration complete! Total build time: 0.027s
2020-03-09T11:59:40.107Z - info: Site data built
2020-03-09T11:59:59.456Z - info: Building C:\repos\nus-te3201\te3201-2020-website\book\oop\classes\what\index as some of its dependencies were changed since the last visit
2020-03-09T11:59:59.569Z - info: Site data built
2020-03-09T11:59:59.569Z - info: Lazy website regeneration complete! Total build time: 0.113s
2020-03-09T12:00:32.761Z - info: [8:00:32 PM] Reload for file change: C:\repos\nus-te3201\te3201-2020-website\schedule\programming-topics.mbdf
2020-03-09T12:00:33.764Z - info: Rebuilding affected source files
2020-03-09T12:00:33.765Z - info: Rebuilding 0 pages
2020-03-09T12:00:33.787Z - info: Pages rebuilt
2020-03-09T12:00:33.787Z - info: Website regeneration complete! Total build time: 0.023s
2020-03-09T12:00:33.791Z - info: Site data built
2020-03-09T12:00:58.233Z - info: Building C:\repos\nus-te3201\te3201-2020-website\schedule\week8\topics-py as some of its dependencies were changed since the last visit
2020-03-09T12:00:58.799Z - info: Site data built
2020-03-09T12:00:58.799Z - info: Lazy website regeneration complete! Total build time: 0.566s
2020-03-09T12:01:45.216Z - info: [8:01:45 PM] Reload for file change: C:\repos\nus-te3201\te3201-2020-website\_markbind\headers\header.md
2020-03-09T12:01:46.218Z - info: Rebuilding affected source files
2020-03-09T12:01:46.221Z - info: Rebuilding 1 pages
2020-03-09T12:01:47.266Z - info: Pages rebuilt
2020-03-09T12:01:47.266Z - info: Website regeneration complete! Total build time: 1.048s
2020-03-09T12:01:47.275Z - info: Site data built
2020-03-09T12:02:13.557Z - info: [8:02:13 PM] Reload for file change: C:\repos\nus-te3201\te3201-2020-website\_markbind\headers\header.md
2020-03-09T12:02:14.560Z - info: Rebuilding affected source files
2020-03-09T12:02:14.563Z - info: Rebuilding 1 pages
2020-03-09T12:02:15.649Z - info: Pages rebuilt
2020-03-09T12:02:15.649Z - info: Website regeneration complete! Total build time: 1.089s
2020-03-09T12:02:15.652Z - info: Site data built
2020-03-09T12:03:26.845Z - info: [8:03:26 PM] Reload for file change: C:\repos\nus-te3201\te3201-2020-website\schedule\week8\commentary.mbdf
2020-03-09T12:03:27.846Z - info: Rebuilding affected source files
2020-03-09T12:03:27.848Z - info: Rebuilding 1 pages
2020-03-09T12:03:28.776Z - info: Pages rebuilt
2020-03-09T12:03:28.776Z - info: Website regeneration complete! Total build time: 0.93s
2020-03-09T12:03:28.783Z - info: Site data built
2020-03-09T12:03:36.005Z - info: [8:03:36 PM] Reload for file change: C:\repos\nus-te3201\te3201-2020-website\schedule\week8\commentary.mbdf
2020-03-09T12:03:37.007Z - info: Rebuilding affected source files
2020-03-09T12:03:37.008Z - info: Rebuilding 1 pages
2020-03-09T12:03:37.918Z - info: Pages rebuilt
2020-03-09T12:03:37.918Z - info: Website regeneration complete! Total build time: 0.911s
2020-03-09T12:03:37.921Z - info: Site data built
2020-03-09T12:04:05.542Z - info: [8:04:05 PM] Reload for file change: C:\repos\nus-te3201\te3201-2020-website\schedule\week8\commentary.mbdf
2020-03-09T12:04:06.544Z - info: Rebuilding affected source files
2020-03-09T12:04:06.550Z - info: Rebuilding 1 pages
2020-03-09T12:04:07.528Z - info: Pages rebuilt
2020-03-09T12:04:07.528Z - info: Website regeneration complete! Total build time: 0.984s
2020-03-09T12:04:07.531Z - info: Site data built
2020-03-09T12:04:14.149Z - info: [8:04:14 PM] Reload for file change: C:\repos\nus-te3201\te3201-2020-website\schedule\week8\commentary.mbdf
2020-03-09T12:04:15.151Z - info: Rebuilding affected source files
2020-03-09T12:04:15.153Z - info: Rebuilding 1 pages
2020-03-09T12:04:15.951Z - info: Pages rebuilt
2020-03-09T12:04:15.952Z - info: Website regeneration complete! Total build time: 0.801s
2020-03-09T12:04:15.956Z - info: Site data built
2020-03-09T12:04:34.456Z - info: [8:04:34 PM] Reload for file change: C:\repos\nus-te3201\te3201-2020-website\schedule\week8\commentary.mbdf
2020-03-09T12:04:35.457Z - info: Rebuilding affected source files
2020-03-09T12:04:35.458Z - info: Rebuilding 1 pages
2020-03-09T12:04:36.440Z - info: Pages rebuilt
2020-03-09T12:04:36.440Z - info: Website regeneration complete! Total build time: 0.983s
2020-03-09T12:04:36.444Z - info: Site data built
2020-03-09T12:05:29.912Z - info: [8:05:29 PM] Reload for file change: C:\repos\nus-te3201\te3201-2020-website\schedule\week8\commentary.mbdf
2020-03-09T12:05:30.914Z - info: Rebuilding affected source files
2020-03-09T12:05:30.917Z - info: Rebuilding 1 pages
2020-03-09T12:05:31.887Z - info: Pages rebuilt
2020-03-09T12:05:31.887Z - info: Website regeneration complete! Total build time: 0.973s
2020-03-09T12:05:31.890Z - info: Site data built
2020-03-09T12:08:48.881Z - info: [8:08:48 PM] Reload for file change: C:\repos\nus-te3201\te3201-2020-website\schedule\week8\commentary.mbdf
2020-03-09T12:08:49.883Z - info: Rebuilding affected source files
2020-03-09T12:08:49.885Z - info: Rebuilding 1 pages
2020-03-09T12:08:50.886Z - info: Pages rebuilt
2020-03-09T12:08:50.887Z - info: Website regeneration complete! Total build time: 1.004s
2020-03-09T12:08:50.890Z - info: Site data built
2020-03-09T12:09:43.227Z - info: [8:09:43 PM] Reload for file change: C:\repos\nus-te3201\te3201-2020-website\site.json
2020-03-09T12:09:44.239Z - info: Assets built
2020-03-09T12:10:54.857Z - info: [8:10:54 PM] Reload for file change: C:\repos\nus-te3201\te3201-2020-website\site.json
2020-03-09T12:10:55.867Z - info: Assets built
2020-03-09T12:11:10.517Z - info: Website generation (lazy) started at 8:11:08 PM
2020-03-09T12:11:14.063Z - info: Building assets...
2020-03-09T12:11:17.275Z - info: Assets built
2020-03-09T12:11:17.275Z - info: Generating landing page...
2020-03-09T12:11:18.193Z - info: Landing page built, other pages will be built as you navigate to them!
2020-03-09T12:11:18.369Z - info: Website generation (lazy) complete! Total build time: 9.541s
2020-03-09T12:11:18.749Z - info: Serving "C:\repos\nus-te3201\te3201-2020-website\_site" at http://127.0.0.1:8080
2020-03-09T12:11:18.749Z - info: Press CTRL+C to stop ...
2020-03-09T12:11:18.851Z - info: Site data built
2020-03-09T12:11:31.660Z - info: Building C:\repos\nus-te3201\te3201-2020-website\schedule\week7\topics-py as some of its dependencies were changed since the last visit
2020-03-09T12:11:32.378Z - info: Site data built
2020-03-09T12:11:32.378Z - info: Lazy website regeneration complete! Total build time: 0.718s
2020-03-09T12:11:46.776Z - info: Building C:\repos\nus-te3201\te3201-2020-website\schedule\week8\index as some of its dependencies were changed since the last visit
2020-03-09T12:11:47.135Z - info: Site data built
2020-03-09T12:11:47.135Z - info: Lazy website regeneration complete! Total build time: 0.359s
2020-03-09T12:11:53.595Z - info: Building C:\repos\nus-te3201\te3201-2020-website\schedule\week8\topics-py as some of its dependencies were changed since the last visit
2020-03-09T12:11:53.991Z - info: Site data built
2020-03-09T12:11:53.991Z - info: Lazy website regeneration complete! Total build time: 0.396s
2020-03-09T12:12:28.992Z - info: Building C:\repos\nus-te3201\te3201-2020-website\schedule\week8\admin as some of its dependencies were changed since the last visit
2020-03-09T12:12:29.357Z - info: Site data built
2020-03-09T12:12:29.357Z - info: Lazy website regeneration complete! Total build time: 0.365s
2020-03-09T12:13:24.150Z - info: Building C:\repos\nus-te3201\te3201-2020-website\programming\chapters\monty as some of its dependencies were changed since the last visit
2020-03-09T12:13:24.953Z - info: Site data built
2020-03-09T12:13:24.954Z - info: Lazy website regeneration complete! Total build time: 0.803s
2020-03-09T12:17:30.506Z - info: Website generation started at 8:17:28 PM
2020-03-09T12:17:33.978Z - info: Building assets...
2020-03-09T12:17:37.141Z - info: Assets built
2020-03-09T12:17:37.142Z - info: Generating pages...
2020-03-09T12:18:16.209Z - debug: The process cannot access the file because it is being used by another process.

2020-03-09T12:18:16.219Z - debug: The process cannot access the file because it is being used by another process.

2020-03-09T12:18:16.219Z - debug: The process cannot access the file because it is being used by another process.

2020-03-09T12:18:16.220Z - debug: The process cannot access the file because it is being used by another process.

2020-03-09T12:18:16.220Z - debug: The process cannot access the file because it is being used by another process.

2020-03-09T12:18:16.221Z - debug: The process cannot access the file because it is being used by another process.

2020-03-09T12:18:16.221Z - debug: The process cannot access the file because it is being used by another process.

2020-03-09T12:18:16.221Z - debug: The process cannot access the file because it is being used by another process.

2020-03-09T12:18:16.222Z - debug: The process cannot access the file because it is being used by another process.

2020-03-09T12:18:16.222Z - debug: The process cannot access the file because it is being used by another process.

2020-03-09T12:18:16.222Z - debug: The process cannot access the file because it is being used by another process.

2020-03-09T12:18:16.222Z - debug: The process cannot access the file because it is being used by another process.

2020-03-09T12:18:16.223Z - debug: The process cannot access the file because it is being used by another process.

2020-03-09T12:18:16.224Z - debug: The process cannot access the file because it is being used by another process.

2020-03-09T12:18:22.717Z - debug:  
2020-03-09T12:18:22.718Z - debug:  
2020-03-09T12:18:22.718Z - debug:  
2020-03-09T12:18:52.843Z - debug:  
2020-03-09T12:18:52.843Z - debug:  
2020-03-09T12:18:58.425Z - info: Pages built
2020-03-09T12:19:12.283Z - info: Website generation complete! Total build time: 103.439s
2020-03-09T12:19:12.284Z - info: Build success!
2020-03-09T12:19:12.287Z - info: Site data built
2020-03-09T12:20:25.802Z - info: Deployed!
