2020-01-21T14:25:19.038Z - info: Website generation started at 22:25:06
2020-01-21T14:25:25.317Z - info: Building assets...
2020-01-21T14:25:30.919Z - info: Assets built
2020-01-21T14:25:30.919Z - info: Generating pages...
2020-01-21T14:26:51.168Z - debug: The process cannot access the file because it is being used by another process.

2020-01-21T14:26:51.173Z - debug: The process cannot access the file because it is being used by another process.

2020-01-21T14:26:51.184Z - debug: The process cannot access the file because it is being used by another process.

2020-01-21T14:26:51.184Z - debug: The process cannot access the file because it is being used by another process.

2020-01-21T14:26:51.230Z - debug: The process cannot access the file because it is being used by another process.

2020-01-21T14:26:51.352Z - debug: The process cannot access the file because it is being used by another process.

2020-01-21T14:26:51.353Z - debug: The process cannot access the file because it is being used by another process.

2020-01-21T14:26:51.354Z - debug: The process cannot access the file because it is being used by another process.

2020-01-21T14:27:02.569Z - debug:  
2020-01-21T14:27:31.701Z - debug:  
2020-01-21T14:27:31.701Z - debug:  
2020-01-21T14:28:06.193Z - info: Pages built
2020-01-21T14:28:31.328Z - info: Website generation complete! Total build time: 205.32s
2020-01-21T14:28:31.328Z - info: Build success!
2020-01-21T14:28:31.344Z - info: Site data built
2020-01-21T14:29:14.829Z - info: Deployed!
