2020-04-24T08:41:01.645Z - info: Website generation (lazy) started at 4:40:53 PM
2020-04-24T08:41:07.490Z - info: Building assets...
2020-04-24T08:41:11.906Z - info: Assets built
2020-04-24T08:41:11.907Z - info: Generating landing page...
2020-04-24T08:41:14.126Z - info: Landing page built, other pages will be built as you navigate to them!
2020-04-24T08:41:14.221Z - info: Website generation (lazy) complete! Total build time: 20.584s
2020-04-24T08:41:15.148Z - info: Serving "C:\repos\nus-te3201\te3201-2020-website\_site" at http://127.0.0.1:8080
2020-04-24T08:41:15.149Z - info: Press CTRL+C to stop ...
2020-04-24T08:41:15.216Z - info: Site data built
2020-04-24T08:41:32.789Z - info: [4:41:32 PM] Reload for file change: C:\repos\nus-te3201\te3201-2020-website\admin\te3201-admin.md
2020-04-24T08:41:33.791Z - info: Rebuilding affected source files
2020-04-24T08:41:33.794Z - info: Rebuilding 1 pages
2020-04-24T08:41:35.275Z - info: Pages rebuilt
2020-04-24T08:41:35.276Z - info: Website regeneration complete! Total build time: 1.484s
2020-04-24T08:41:35.322Z - info: Site data built
2020-04-24T08:44:01.536Z - info: Website generation started at 4:43:58 PM
2020-04-24T08:44:07.089Z - info: Building assets...
2020-04-24T08:44:11.311Z - info: Assets built
2020-04-24T08:44:11.312Z - info: Generating pages...
2020-04-24T08:45:51.408Z - debug:  
2020-04-24T08:45:51.411Z - debug:  
2020-04-24T08:45:51.412Z - debug:  
2020-04-24T08:45:51.412Z - debug:  
2020-04-24T08:45:51.428Z - debug:  
2020-04-24T08:45:51.428Z - debug:  
2020-04-24T08:45:51.429Z - debug:  
2020-04-24T08:45:51.429Z - debug:  
2020-04-24T08:45:51.430Z - debug:  
2020-04-24T08:45:51.508Z - debug:  
2020-04-24T08:45:51.623Z - debug:  
2020-04-24T08:45:51.623Z - debug:  
2020-04-24T08:45:55.881Z - debug:  
2020-04-24T08:45:55.881Z - debug:  
2020-04-24T08:45:55.881Z - debug:  
2020-04-24T08:45:55.881Z - debug:  
2020-04-24T08:45:55.882Z - debug:  
2020-04-24T08:46:01.069Z - info: Pages built
2020-04-24T08:46:01.069Z - debug:  
2020-04-24T08:46:01.070Z - debug:  
2020-04-24T08:46:21.208Z - info: Website generation complete! Total build time: 142.335s
2020-04-24T08:46:21.210Z - info: Build success!
2020-04-24T08:46:21.212Z - info: Site data built
2020-04-24T08:47:05.023Z - info: Deployed!
