2020-04-19T08:19:19.050Z - info: Website generation (lazy) started at 4:19:14 PM
2020-04-19T08:19:25.762Z - info: Building assets...
2020-04-19T08:19:30.036Z - info: Assets built
2020-04-19T08:19:30.036Z - info: Generating landing page...
2020-04-19T08:19:30.942Z - info: Landing page built, other pages will be built as you navigate to them!
2020-04-19T08:19:31.056Z - info: Website generation (lazy) complete! Total build time: 16.318s
2020-04-19T08:19:31.893Z - info: Serving "C:\repos\nus-te3201\te3201-2020-website\_site" at http://127.0.0.1:8080
2020-04-19T08:19:31.893Z - info: Press CTRL+C to stop ...
2020-04-19T08:19:31.964Z - info: Site data built
2020-04-19T08:20:20.887Z - info: Building C:\repos\nus-te3201\te3201-2020-website\admin\te3201-admin as some of its dependencies were changed since the last visit
2020-04-19T08:20:23.022Z - info: Site data built
2020-04-19T08:20:23.024Z - info: Lazy website regeneration complete! Total build time: 2.139s
2020-04-19T08:45:41.414Z - info: [4:45:41 PM] Reload for file change: C:\repos\nus-te3201\te3201-2020-website\admin\te3201-admin.md
2020-04-19T08:45:42.426Z - info: Rebuilding affected source files
2020-04-19T08:45:42.455Z - info: Rebuilding 1 pages
2020-04-19T08:45:44.477Z - info: Pages rebuilt
2020-04-19T08:45:44.478Z - info: Website regeneration complete! Total build time: 2.047s
2020-04-19T08:45:44.508Z - info: Site data built
2020-04-19T08:46:10.880Z - info: [4:46:10 PM] Reload for file change: C:\repos\nus-te3201\te3201-2020-website\admin\te3201-admin.md
2020-04-19T08:46:11.891Z - info: Rebuilding affected source files
2020-04-19T08:46:11.901Z - info: Rebuilding 1 pages
2020-04-19T08:46:13.752Z - info: Pages rebuilt
2020-04-19T08:46:13.752Z - info: Website regeneration complete! Total build time: 1.861s
2020-04-19T08:46:13.774Z - info: Site data built
2020-04-19T08:46:26.896Z - info: [4:46:26 PM] Reload for file change: C:\repos\nus-te3201\te3201-2020-website\admin\te3201-admin.md
2020-04-19T08:46:27.898Z - info: Rebuilding affected source files
2020-04-19T08:46:27.900Z - info: Rebuilding 1 pages
2020-04-19T08:46:29.201Z - info: Pages rebuilt
2020-04-19T08:46:29.201Z - info: Website regeneration complete! Total build time: 1.303s
2020-04-19T08:46:29.215Z - info: Site data built
2020-04-19T08:48:49.769Z - info: [4:48:49 PM] Reload for file change: C:\repos\nus-te3201\te3201-2020-website\admin\te3201-admin.md
2020-04-19T08:48:50.772Z - info: Rebuilding affected source files
2020-04-19T08:48:50.775Z - info: Rebuilding 1 pages
2020-04-19T08:48:53.126Z - info: Pages rebuilt
2020-04-19T08:48:53.127Z - info: Website regeneration complete! Total build time: 2.354s
2020-04-19T08:48:53.151Z - info: Site data built
2020-04-19T08:55:25.066Z - info: [4:55:25 PM] Reload for file change: C:\repos\nus-te3201\te3201-2020-website\admin\te3201-admin.md
2020-04-19T08:55:26.073Z - info: Rebuilding affected source files
2020-04-19T08:55:26.076Z - info: Rebuilding 1 pages
2020-04-19T08:55:27.999Z - info: Pages rebuilt
2020-04-19T08:55:27.999Z - info: Website regeneration complete! Total build time: 1.926s
2020-04-19T08:55:28.023Z - info: Site data built
2020-04-19T09:05:06.618Z - info: [5:05:06 PM] Reload for file change: C:\repos\nus-te3201\te3201-2020-website\admin\te3201-admin.md
2020-04-19T09:05:07.627Z - info: Rebuilding affected source files
2020-04-19T09:05:07.630Z - info: Rebuilding 1 pages
2020-04-19T09:05:09.514Z - info: Pages rebuilt
2020-04-19T09:05:09.514Z - info: Website regeneration complete! Total build time: 1.887s
2020-04-19T09:05:09.535Z - info: Site data built
2020-04-19T09:10:43.891Z - info: [5:10:43 PM] Reload for file change: C:\repos\nus-te3201\te3201-2020-website\admin\te3201-admin.md
2020-04-19T09:10:44.917Z - info: Rebuilding affected source files
2020-04-19T09:10:44.929Z - info: Rebuilding 1 pages
2020-04-19T09:10:46.829Z - info: Pages rebuilt
2020-04-19T09:10:46.829Z - info: Website regeneration complete! Total build time: 1.911s
2020-04-19T09:10:46.852Z - info: Site data built
2020-04-19T09:11:42.798Z - info: [5:11:42 PM] Reload for file change: C:\repos\nus-te3201\te3201-2020-website\admin\te3201-admin.md
2020-04-19T09:11:43.817Z - info: Rebuilding affected source files
2020-04-19T09:11:43.825Z - info: Rebuilding 1 pages
2020-04-19T09:11:45.625Z - info: Pages rebuilt
2020-04-19T09:11:45.626Z - info: Website regeneration complete! Total build time: 1.804s
2020-04-19T09:11:45.652Z - info: Site data built
2020-04-19T09:11:55.817Z - info: [5:11:55 PM] Reload for file change: C:\repos\nus-te3201\te3201-2020-website\admin\te3201-admin.md
2020-04-19T09:11:56.820Z - info: Rebuilding affected source files
2020-04-19T09:11:56.822Z - info: Rebuilding 1 pages
2020-04-19T09:11:58.423Z - info: Pages rebuilt
2020-04-19T09:11:58.423Z - info: Website regeneration complete! Total build time: 1.603s
2020-04-19T09:11:58.510Z - info: Site data built
2020-04-19T09:26:07.888Z - info: [5:26:07 PM] Reload for file change: C:\repos\nus-te3201\te3201-2020-website\admin\te3201-admin.md
2020-04-19T09:26:08.891Z - info: Rebuilding affected source files
2020-04-19T09:26:08.897Z - info: Rebuilding 1 pages
2020-04-19T09:26:11.309Z - info: Pages rebuilt
2020-04-19T09:26:11.309Z - info: Website regeneration complete! Total build time: 2.417s
2020-04-19T09:26:11.327Z - info: Site data built
2020-04-19T09:31:08.661Z - info: [5:31:08 PM] Reload for file change: C:\repos\nus-te3201\te3201-2020-website\admin\te3201-admin.md
2020-04-19T09:31:09.692Z - info: Rebuilding affected source files
2020-04-19T09:31:09.698Z - info: Rebuilding 1 pages
2020-04-19T09:31:11.700Z - info: Pages rebuilt
2020-04-19T09:31:11.700Z - info: Website regeneration complete! Total build time: 2.008s
2020-04-19T09:31:11.721Z - info: Site data built
2020-04-19T09:31:34.648Z - info: [5:31:34 PM] Reload for file change: C:\repos\nus-te3201\te3201-2020-website\admin\te3201-admin.md
2020-04-19T09:31:35.658Z - info: Rebuilding affected source files
2020-04-19T09:31:35.663Z - info: Rebuilding 1 pages
2020-04-19T09:31:37.728Z - info: Pages rebuilt
2020-04-19T09:31:37.728Z - info: Website regeneration complete! Total build time: 2.069s
2020-04-19T09:31:37.754Z - info: Site data built
2020-04-19T09:33:00.369Z - info: [5:33:00 PM] Reload for file change: C:\repos\nus-te3201\te3201-2020-website\admin\te3201-admin.md
2020-04-19T09:33:01.378Z - info: Rebuilding affected source files
2020-04-19T09:33:01.382Z - info: Rebuilding 1 pages
2020-04-19T09:33:03.729Z - info: Pages rebuilt
2020-04-19T09:33:03.729Z - info: Website regeneration complete! Total build time: 2.35s
2020-04-19T09:33:03.751Z - info: Site data built
2020-04-19T09:34:14.421Z - info: [5:34:14 PM] Reload for file change: C:\repos\nus-te3201\te3201-2020-website\admin\te3201-admin.md
2020-04-19T09:34:15.426Z - info: Rebuilding affected source files
2020-04-19T09:34:15.433Z - info: Rebuilding 1 pages
2020-04-19T09:34:17.241Z - info: Pages rebuilt
2020-04-19T09:34:17.241Z - info: Website regeneration complete! Total build time: 1.815s
2020-04-19T09:34:17.263Z - info: Site data built
2020-04-19T10:45:18.875Z - info: [6:45:18 PM] Reload for file change: C:\repos\nus-te3201\te3201-2020-website\admin\te3201-admin.md
2020-04-19T10:45:19.892Z - info: Rebuilding affected source files
2020-04-19T10:45:19.908Z - info: Rebuilding 1 pages
2020-04-19T10:45:21.946Z - info: Pages rebuilt
2020-04-19T10:45:21.947Z - info: Website regeneration complete! Total build time: 2.054s
2020-04-19T10:45:21.962Z - info: Site data built
2020-04-19T10:45:58.028Z - info: [6:45:58 PM] Reload for file change: C:\repos\nus-te3201\te3201-2020-website\admin\te3201-admin.md
2020-04-19T10:45:59.033Z - info: Rebuilding affected source files
2020-04-19T10:45:59.037Z - info: Rebuilding 1 pages
2020-04-19T10:46:00.954Z - info: Pages rebuilt
2020-04-19T10:46:00.955Z - info: Website regeneration complete! Total build time: 1.922s
2020-04-19T10:46:00.973Z - info: Site data built
2020-04-19T10:48:29.447Z - info: [6:48:29 PM] Reload for file change: C:\repos\nus-te3201\te3201-2020-website\admin\te3201-admin.md
2020-04-19T10:48:30.456Z - info: Rebuilding affected source files
2020-04-19T10:48:30.463Z - info: Rebuilding 1 pages
2020-04-19T10:48:32.378Z - info: Pages rebuilt
2020-04-19T10:48:32.378Z - info: Website regeneration complete! Total build time: 1.921s
2020-04-19T10:48:32.396Z - info: Site data built
2020-04-19T10:49:33.967Z - info: [6:49:33 PM] Reload for file change: C:\repos\nus-te3201\te3201-2020-website\admin\te3201-admin.md
2020-04-19T10:49:34.977Z - info: Rebuilding affected source files
2020-04-19T10:49:34.981Z - info: Rebuilding 1 pages
2020-04-19T10:49:36.866Z - info: Pages rebuilt
2020-04-19T10:49:36.867Z - info: Website regeneration complete! Total build time: 1.89s
2020-04-19T10:49:36.883Z - info: Site data built
2020-04-19T10:49:43.168Z - info: [6:49:43 PM] Reload for file change: C:\repos\nus-te3201\te3201-2020-website\admin\te3201-admin.md
2020-04-19T10:49:44.180Z - info: Rebuilding affected source files
2020-04-19T10:49:44.182Z - info: Rebuilding 1 pages
2020-04-19T10:49:45.651Z - info: Pages rebuilt
2020-04-19T10:49:45.651Z - info: Website regeneration complete! Total build time: 1.471s
2020-04-19T10:49:45.662Z - info: Site data built
2020-04-19T10:50:26.566Z - info: [6:50:26 PM] Reload for file change: C:\repos\nus-te3201\te3201-2020-website\admin\te3201-admin.md
2020-04-19T10:50:27.573Z - info: Rebuilding affected source files
2020-04-19T10:50:27.576Z - info: Rebuilding 1 pages
2020-04-19T10:50:30.285Z - info: Pages rebuilt
2020-04-19T10:50:30.285Z - info: Website regeneration complete! Total build time: 2.712s
2020-04-19T10:50:30.306Z - info: Site data built
2020-04-19T10:56:06.760Z - info: [6:56:06 PM] Reload for file change: C:\repos\nus-te3201\te3201-2020-website\admin\te3201-admin.md
2020-04-19T10:56:07.786Z - info: Rebuilding affected source files
2020-04-19T10:56:07.790Z - info: Rebuilding 1 pages
2020-04-19T10:56:09.941Z - info: Pages rebuilt
2020-04-19T10:56:09.942Z - info: Website regeneration complete! Total build time: 2.156s
2020-04-19T10:56:09.964Z - info: Site data built
2020-04-19T10:58:43.604Z - info: [6:58:43 PM] Reload for file change: C:\repos\nus-te3201\te3201-2020-website\admin\te3201-admin.md
2020-04-19T10:58:44.612Z - info: Rebuilding affected source files
2020-04-19T10:58:44.616Z - info: Rebuilding 1 pages
2020-04-19T10:58:46.469Z - info: Pages rebuilt
2020-04-19T10:58:46.469Z - info: Website regeneration complete! Total build time: 1.856s
2020-04-19T10:58:46.499Z - info: Site data built
2020-04-19T11:00:24.871Z - info: [7:00:24 PM] Reload for file change: C:\repos\nus-te3201\te3201-2020-website\admin\te3201-admin.md
2020-04-19T11:00:25.881Z - info: Rebuilding affected source files
2020-04-19T11:00:25.885Z - info: Rebuilding 1 pages
2020-04-19T11:00:27.685Z - info: Pages rebuilt
2020-04-19T11:00:27.686Z - info: Website regeneration complete! Total build time: 1.804s
2020-04-19T11:00:27.704Z - info: Site data built
2020-04-19T11:03:09.828Z - info: [7:03:09 PM] Reload for file change: C:\repos\nus-te3201\te3201-2020-website\admin\te3201-admin.md
2020-04-19T11:03:10.843Z - info: Rebuilding affected source files
2020-04-19T11:03:10.850Z - info: Rebuilding 1 pages
2020-04-19T11:03:12.835Z - info: Pages rebuilt
2020-04-19T11:03:12.836Z - info: Website regeneration complete! Total build time: 1.993s
2020-04-19T11:03:12.850Z - info: Site data built
2020-04-19T11:12:59.595Z - info: [7:12:59 PM] Reload for file change: C:\repos\nus-te3201\te3201-2020-website\admin\te3201-admin.md
2020-04-19T11:13:00.604Z - info: Rebuilding affected source files
2020-04-19T11:13:00.608Z - info: Rebuilding 1 pages
2020-04-19T11:13:02.765Z - info: Pages rebuilt
2020-04-19T11:13:02.766Z - info: Website regeneration complete! Total build time: 2.16s
2020-04-19T11:13:02.791Z - info: Site data built
2020-04-19T11:23:10.004Z - info: [7:23:09 PM] Reload for file change: C:\repos\nus-te3201\te3201-2020-website\admin\te3201-admin.md
2020-04-19T11:23:11.024Z - info: Rebuilding affected source files
2020-04-19T11:23:11.057Z - info: Rebuilding 1 pages
2020-04-19T11:23:13.193Z - info: Pages rebuilt
2020-04-19T11:23:13.194Z - info: Website regeneration complete! Total build time: 2.168s
2020-04-19T11:23:13.221Z - info: Site data built
2020-04-19T11:28:14.232Z - info: [7:28:14 PM] Reload for file change: C:\repos\nus-te3201\te3201-2020-website\admin\te3201-admin.md
2020-04-19T11:28:15.239Z - info: Rebuilding affected source files
2020-04-19T11:28:15.251Z - info: Rebuilding 1 pages
2020-04-19T11:28:17.260Z - info: Pages rebuilt
2020-04-19T11:28:17.261Z - info: Website regeneration complete! Total build time: 2.02s
2020-04-19T11:28:17.283Z - info: Site data built
2020-04-19T11:28:31.533Z - info: [7:28:31 PM] Reload for file change: C:\repos\nus-te3201\te3201-2020-website\admin\te3201-admin.md
2020-04-19T11:28:32.548Z - info: Rebuilding affected source files
2020-04-19T11:28:32.553Z - info: Rebuilding 1 pages
2020-04-19T11:28:33.962Z - info: Pages rebuilt
2020-04-19T11:28:33.962Z - info: Website regeneration complete! Total build time: 1.414s
2020-04-19T11:28:33.971Z - info: Site data built
2020-04-19T11:28:44.010Z - info: [7:28:44 PM] Reload for file change: C:\repos\nus-te3201\te3201-2020-website\admin\te3201-admin.md
2020-04-19T11:28:45.024Z - info: Rebuilding affected source files
2020-04-19T11:28:45.026Z - info: Rebuilding 1 pages
2020-04-19T11:28:46.442Z - info: Pages rebuilt
2020-04-19T11:28:46.442Z - info: Website regeneration complete! Total build time: 1.417s
2020-04-19T11:28:46.459Z - info: Site data built
2020-04-19T11:30:55.982Z - info: [7:30:55 PM] Reload for file change: C:\repos\nus-te3201\te3201-2020-website\admin\te3201-admin.md
2020-04-19T11:30:56.990Z - info: Rebuilding affected source files
2020-04-19T11:30:56.992Z - info: Rebuilding 1 pages
2020-04-19T11:30:58.833Z - info: Pages rebuilt
2020-04-19T11:30:58.833Z - info: Website regeneration complete! Total build time: 1.843s
2020-04-19T11:30:58.850Z - info: Site data built
2020-04-19T11:31:53.635Z - info: [7:31:53 PM] Reload for file change: C:\repos\nus-te3201\te3201-2020-website\admin\te3201-admin.md
2020-04-19T11:31:54.652Z - info: Rebuilding affected source files
2020-04-19T11:31:54.656Z - info: Rebuilding 1 pages
2020-04-19T11:31:56.761Z - info: Pages rebuilt
2020-04-19T11:31:56.762Z - info: Website regeneration complete! Total build time: 2.11s
2020-04-19T11:31:56.784Z - info: Site data built
2020-04-19T11:32:19.619Z - info: [7:32:19 PM] Reload for file change: C:\repos\nus-te3201\te3201-2020-website\admin\te3201-admin.md
2020-04-19T11:32:20.629Z - info: Rebuilding affected source files
2020-04-19T11:32:20.634Z - info: Rebuilding 1 pages
2020-04-19T11:32:22.228Z - info: Pages rebuilt
2020-04-19T11:32:22.228Z - info: Website regeneration complete! Total build time: 1.598s
2020-04-19T11:32:22.240Z - info: Site data built
2020-04-19T11:34:49.989Z - info: [7:34:49 PM] Reload for file change: C:\repos\nus-te3201\te3201-2020-website\admin\te3201-admin.md
2020-04-19T11:34:50.997Z - info: Rebuilding affected source files
2020-04-19T11:34:51.001Z - info: Rebuilding 1 pages
2020-04-19T11:34:52.885Z - info: Pages rebuilt
2020-04-19T11:34:52.885Z - info: Website regeneration complete! Total build time: 1.888s
2020-04-19T11:34:52.915Z - info: Site data built
2020-04-19T11:37:09.970Z - info: [7:37:09 PM] Reload for file change: C:\repos\nus-te3201\te3201-2020-website\admin\te3201-admin.md
2020-04-19T11:37:10.974Z - info: Rebuilding affected source files
2020-04-19T11:37:10.979Z - info: Rebuilding 1 pages
2020-04-19T11:37:12.808Z - info: Pages rebuilt
2020-04-19T11:37:12.809Z - info: Website regeneration complete! Total build time: 1.834s
2020-04-19T11:37:12.883Z - info: Site data built
2020-04-19T11:38:13.357Z - info: [7:38:13 PM] Reload for file change: C:\repos\nus-te3201\te3201-2020-website\admin\te3201-admin.md
2020-04-19T11:38:14.376Z - info: Rebuilding affected source files
2020-04-19T11:38:14.378Z - info: Rebuilding 1 pages
2020-04-19T11:38:16.115Z - info: Pages rebuilt
2020-04-19T11:38:16.116Z - info: Website regeneration complete! Total build time: 1.74s
2020-04-19T11:38:16.132Z - info: Site data built
2020-04-19T11:45:26.174Z - info: [7:45:26 PM] Reload for file change: C:\repos\nus-te3201\te3201-2020-website\admin\te3201-admin.md
2020-04-19T11:45:27.201Z - info: Rebuilding affected source files
2020-04-19T11:45:27.284Z - info: Rebuilding 1 pages
2020-04-19T11:45:29.496Z - info: Pages rebuilt
2020-04-19T11:45:29.496Z - info: Website regeneration complete! Total build time: 2.29s
2020-04-19T11:45:29.513Z - info: Site data built
2020-04-19T11:45:43.231Z - info: [7:45:43 PM] Reload for file change: C:\repos\nus-te3201\te3201-2020-website\admin\te3201-admin.md
2020-04-19T11:45:44.234Z - info: Rebuilding affected source files
2020-04-19T11:45:44.240Z - info: Rebuilding 1 pages
2020-04-19T11:45:46.195Z - info: Pages rebuilt
2020-04-19T11:45:46.196Z - info: Website regeneration complete! Total build time: 1.961s
2020-04-19T11:45:46.212Z - info: Site data built
2020-04-19T11:46:10.805Z - info: [7:46:10 PM] Reload for file change: C:\repos\nus-te3201\te3201-2020-website\admin\te3201-admin.md
2020-04-19T11:46:11.811Z - info: Rebuilding affected source files
2020-04-19T11:46:11.814Z - info: Rebuilding 1 pages
2020-04-19T11:46:13.278Z - info: Pages rebuilt
2020-04-19T11:46:13.278Z - info: Website regeneration complete! Total build time: 1.467s
2020-04-19T11:46:13.298Z - info: Site data built
2020-04-19T11:47:00.937Z - info: [7:47:00 PM] Reload for file change: C:\repos\nus-te3201\te3201-2020-website\admin\te3201-admin.md
2020-04-19T11:47:01.953Z - info: Rebuilding affected source files
2020-04-19T11:47:01.962Z - info: Rebuilding 1 pages
2020-04-19T11:47:03.930Z - info: Pages rebuilt
2020-04-19T11:47:03.930Z - info: Website regeneration complete! Total build time: 1.976s
2020-04-19T11:47:03.956Z - info: Site data built
2020-04-19T11:48:40.328Z - info: [7:48:40 PM] Reload for file change: C:\repos\nus-te3201\te3201-2020-website\admin\te3201-admin.md
2020-04-19T11:48:41.334Z - info: Rebuilding affected source files
2020-04-19T11:48:41.338Z - info: Rebuilding 1 pages
2020-04-19T11:48:43.599Z - info: Pages rebuilt
2020-04-19T11:48:43.599Z - info: Website regeneration complete! Total build time: 2.265s
2020-04-19T11:48:43.626Z - info: Site data built
2020-04-19T11:50:07.689Z - info: [7:50:07 PM] Reload for file change: C:\repos\nus-te3201\te3201-2020-website\admin\te3201-admin.md
2020-04-19T11:50:08.691Z - info: Rebuilding affected source files
2020-04-19T11:50:08.694Z - info: Rebuilding 1 pages
2020-04-19T11:50:10.488Z - info: Pages rebuilt
2020-04-19T11:50:10.488Z - info: Website regeneration complete! Total build time: 1.797s
2020-04-19T11:50:10.507Z - info: Site data built
2020-04-19T11:50:39.988Z - info: [7:50:39 PM] Reload for file change: C:\repos\nus-te3201\te3201-2020-website\admin\te3201-admin.md
2020-04-19T11:50:40.991Z - info: Rebuilding affected source files
2020-04-19T11:50:40.994Z - info: Rebuilding 1 pages
2020-04-19T11:50:42.698Z - info: Pages rebuilt
2020-04-19T11:50:42.698Z - info: Website regeneration complete! Total build time: 1.707s
2020-04-19T11:50:42.716Z - info: Site data built
2020-04-19T11:50:58.765Z - info: [7:50:58 PM] Reload for file change: C:\repos\nus-te3201\te3201-2020-website\admin\te3201-admin.md
2020-04-19T11:50:59.771Z - info: Rebuilding affected source files
2020-04-19T11:50:59.774Z - info: Rebuilding 1 pages
2020-04-19T11:51:01.570Z - info: Pages rebuilt
2020-04-19T11:51:01.570Z - info: Website regeneration complete! Total build time: 1.798s
2020-04-19T11:51:01.595Z - info: Site data built
2020-04-19T11:53:09.990Z - info: [7:53:09 PM] Reload for file change: C:\repos\nus-te3201\te3201-2020-website\admin\te3201-admin.md
2020-04-19T11:53:10.993Z - info: Rebuilding affected source files
2020-04-19T11:53:10.996Z - info: Rebuilding 1 pages
2020-04-19T11:53:12.649Z - info: Pages rebuilt
2020-04-19T11:53:12.649Z - info: Website regeneration complete! Total build time: 1.656s
2020-04-19T11:53:12.663Z - info: Site data built
2020-04-19T11:54:55.542Z - info: [7:54:55 PM] Reload for file change: C:\repos\nus-te3201\te3201-2020-website\admin\te3201-admin.md
2020-04-19T11:54:56.544Z - info: Rebuilding affected source files
2020-04-19T11:54:56.545Z - info: Rebuilding 1 pages
2020-04-19T11:54:59.011Z - info: Pages rebuilt
2020-04-19T11:54:59.012Z - info: Website regeneration complete! Total build time: 2.468s
2020-04-19T11:54:59.052Z - info: Site data built
2020-04-19T11:56:17.857Z - info: Website generation started at 7:56:13 PM
2020-04-19T11:56:24.204Z - info: Building assets...
2020-04-19T11:56:28.656Z - info: Assets built
2020-04-19T11:56:28.657Z - info: Generating pages...
2020-04-19T11:58:18.117Z - debug:  
2020-04-19T11:58:18.124Z - debug:  
2020-04-19T11:58:18.125Z - debug:  
2020-04-19T11:58:18.227Z - debug:  
2020-04-19T11:58:18.227Z - debug:  
2020-04-19T11:58:18.227Z - debug:  
2020-04-19T11:58:18.227Z - debug:  
2020-04-19T11:58:18.303Z - debug:  
2020-04-19T11:58:18.304Z - debug:  
2020-04-19T11:58:18.304Z - debug:  
2020-04-19T11:58:18.650Z - debug:  
2020-04-19T11:58:18.650Z - debug:  
2020-04-19T11:58:21.986Z - debug:  
2020-04-19T11:58:21.986Z - debug:  
2020-04-19T11:58:21.987Z - debug:  
2020-04-19T11:58:21.987Z - debug:  
2020-04-19T11:58:21.987Z - debug:  
2020-04-19T11:58:26.123Z - debug:  
2020-04-19T11:58:26.134Z - info: Pages built
2020-04-19T11:58:26.169Z - debug:  
2020-04-19T11:58:44.925Z - info: Website generation complete! Total build time: 151.125s
2020-04-19T11:58:44.927Z - info: Build success!
2020-04-19T11:58:44.930Z - info: Site data built
2020-04-19T11:59:39.527Z - info: Deployed!
