2019-12-26T06:13:43.264Z - info: Website generation started at 2:13:41 PM
2019-12-26T06:13:45.852Z - info: Building assets...
2019-12-26T06:13:48.248Z - info: Assets built
2019-12-26T06:13:48.248Z - info: Generating pages...
2019-12-26T06:14:31.616Z - debug: The process cannot access the file because it is being used by another process.

2019-12-26T06:14:31.736Z - debug: The process cannot access the file because it is being used by another process.

2019-12-26T06:14:31.737Z - debug: The process cannot access the file because it is being used by another process.

2019-12-26T06:14:31.737Z - debug: The process cannot access the file because it is being used by another process.

2019-12-26T06:14:31.737Z - debug: The process cannot access the file because it is being used by another process.

2019-12-26T06:14:31.737Z - debug: The process cannot access the file because it is being used by another process.

2019-12-26T06:14:31.738Z - debug: The process cannot access the file because it is being used by another process.

2019-12-26T06:14:31.738Z - debug: The process cannot access the file because it is being used by another process.

2019-12-26T06:14:31.738Z - debug: The process cannot access the file because it is being used by another process.

2019-12-26T06:14:35.897Z - debug:  
2019-12-26T06:14:36.340Z - debug:  
2019-12-26T06:14:36.340Z - debug:  
2019-12-26T06:14:38.156Z - debug:  
2019-12-26T06:15:11.759Z - info: Pages built
2019-12-26T06:15:24.420Z - info: Website generation complete! Total build time: 102.49s
2019-12-26T06:15:24.790Z - info: Serving "C:\repos\nus-te3201\te3201-2020-website\_site" at http://127.0.0.1:8080
2019-12-26T06:15:24.790Z - info: Press CTRL+C to stop ...
2019-12-26T06:15:24.896Z - info: Site data built
2019-12-26T06:19:27.048Z - info: [2:19:27 PM] Reload for file change: C:\repos\nus-te3201\te3201-2020-website\admin\te3201-admin.md
2019-12-26T06:19:28.059Z - info: Rebuilding affected source files
2019-12-26T06:19:28.060Z - info: Rebuilding 1 pages
2019-12-26T06:19:28.507Z - info: Pages rebuilt
2019-12-26T06:19:28.517Z - info: Site data built
2019-12-26T06:19:47.405Z - info: [2:19:47 PM] Reload for file change: C:\repos\nus-te3201\te3201-2020-website\admin\te3201-admin.md
2019-12-26T06:19:48.410Z - info: Rebuilding affected source files
2019-12-26T06:19:48.410Z - info: Rebuilding 1 pages
2019-12-26T06:19:48.822Z - info: Pages rebuilt
2019-12-26T06:19:48.834Z - info: Site data built
2019-12-26T06:19:54.572Z - info: [2:19:54 PM] Reload for file change: C:\repos\nus-te3201\te3201-2020-website\admin\te3201-admin.md
2019-12-26T06:19:55.580Z - info: Rebuilding affected source files
2019-12-26T06:19:55.580Z - info: Rebuilding 1 pages
2019-12-26T06:19:55.879Z - info: Pages rebuilt
2019-12-26T06:19:55.886Z - info: Site data built
2019-12-26T06:20:02.575Z - info: [2:20:02 PM] Reload for file change: C:\repos\nus-te3201\te3201-2020-website\admin\te3201-admin.md
2019-12-26T06:20:03.578Z - info: Rebuilding affected source files
2019-12-26T06:20:03.579Z - info: Rebuilding 1 pages
2019-12-26T06:20:03.869Z - info: Pages rebuilt
2019-12-26T06:20:03.880Z - info: Site data built
2019-12-26T06:20:24.399Z - info: [2:20:24 PM] Reload for file change: C:\repos\nus-te3201\te3201-2020-website\schedule\index.md
2019-12-26T06:20:25.401Z - info: Rebuilding affected source files
2019-12-26T06:20:25.403Z - info: Rebuilding 2 pages
2019-12-26T06:20:25.688Z - info: Pages rebuilt
2019-12-26T06:20:25.698Z - info: Site data built
2019-12-26T06:20:41.085Z - info: Website generation started at 2:20:39 PM
2019-12-26T06:20:43.457Z - info: Building assets...
2019-12-26T06:20:45.401Z - info: Assets built
2019-12-26T06:20:45.401Z - info: Generating pages...
2019-12-26T06:21:17.464Z - debug: The process cannot access the file because it is being used by another process.

2019-12-26T06:21:17.465Z - debug: The process cannot access the file because it is being used by another process.

2019-12-26T06:21:17.557Z - debug: The process cannot access the file because it is being used by another process.

2019-12-26T06:21:17.561Z - debug: The process cannot access the file because it is being used by another process.

2019-12-26T06:21:17.562Z - debug: The process cannot access the file because it is being used by another process.

2019-12-26T06:21:17.562Z - debug: The process cannot access the file because it is being used by another process.

2019-12-26T06:21:17.562Z - debug: The process cannot access the file because it is being used by another process.

2019-12-26T06:21:17.562Z - debug: The process cannot access the file because it is being used by another process.

2019-12-26T06:21:17.562Z - debug: The process cannot access the file because it is being used by another process.

2019-12-26T06:21:22.046Z - debug:  
2019-12-26T06:21:22.472Z - debug:  
2019-12-26T06:21:22.472Z - debug:  
2019-12-26T06:21:22.473Z - debug:  
2019-12-26T06:21:55.721Z - info: Pages built
2019-12-26T06:22:07.160Z - info: Website generation complete! Total build time: 87.287s
2019-12-26T06:22:07.510Z - info: Serving "C:\repos\nus-te3201\te3201-2020-website\_site" at http://127.0.0.1:8080
2019-12-26T06:22:07.510Z - info: Press CTRL+C to stop ...
2019-12-26T06:22:07.616Z - info: Site data built
2019-12-26T06:22:33.159Z - info: [2:22:33 PM] Reload for file change: C:\repos\nus-te3201\te3201-2020-website\schedule\index.md
2019-12-26T06:22:34.163Z - info: Rebuilding affected source files
2019-12-26T06:22:34.164Z - info: Rebuilding 2 pages
2019-12-26T06:22:34.527Z - info: Pages rebuilt
2019-12-26T06:22:34.534Z - info: Site data built
2019-12-26T06:43:07.852Z - info: [2:43:07 PM] Reload for file change: C:\repos\nus-te3201\te3201-2020-website\schedule\week1\admin-te3201.mbdf
2019-12-26T06:43:08.853Z - info: Rebuilding affected source files
2019-12-26T06:43:08.855Z - info: Rebuilding 5 pages
2019-12-26T06:43:11.041Z - info: Pages rebuilt
2019-12-26T06:43:11.050Z - info: Site data built
2019-12-26T06:52:24.953Z - info: [2:52:24 PM] Reload for file change: C:\repos\nus-te3201\te3201-2020-website\admin\te3201-admin.md
2019-12-26T06:52:25.956Z - info: Rebuilding affected source files
2019-12-26T06:52:25.957Z - info: Rebuilding 1 pages
2019-12-26T06:52:26.462Z - info: Pages rebuilt
2019-12-26T06:52:26.473Z - info: Site data built
2019-12-26T06:53:50.594Z - info: [2:53:50 PM] Reload for file change: C:\repos\nus-te3201\te3201-2020-website\admin\te3201-admin.md
2019-12-26T06:53:51.600Z - info: Rebuilding affected source files
2019-12-26T06:53:51.601Z - info: Rebuilding 1 pages
2019-12-26T06:53:52.005Z - info: Pages rebuilt
2019-12-26T06:53:52.016Z - info: Site data built
2019-12-26T07:00:06.755Z - info: [3:00:06 PM] Reload for file change: C:\repos\nus-te3201\te3201-2020-website\admin\te3201-admin.md
2019-12-26T07:00:07.759Z - info: Rebuilding affected source files
2019-12-26T07:00:07.761Z - info: Rebuilding 1 pages
2019-12-26T07:00:08.217Z - info: Pages rebuilt
2019-12-26T07:00:08.228Z - info: Site data built
2019-12-26T07:02:10.653Z - info: [3:02:10 PM] Reload for file change: C:\repos\nus-te3201\te3201-2020-website\admin\te3201-admin.md
2019-12-26T07:02:11.655Z - info: Rebuilding affected source files
2019-12-26T07:02:11.657Z - info: Rebuilding 1 pages
2019-12-26T07:02:12.146Z - info: Pages rebuilt
2019-12-26T07:02:12.158Z - info: Site data built
2019-12-26T07:03:10.932Z - info: [3:03:10 PM] Reload for file change: C:\repos\nus-te3201\te3201-2020-website\admin\te3201-admin.md
2019-12-26T07:03:11.936Z - info: Rebuilding affected source files
2019-12-26T07:03:11.937Z - info: Rebuilding 1 pages
2019-12-26T07:03:12.350Z - info: Pages rebuilt
2019-12-26T07:03:12.363Z - info: Site data built
2019-12-26T07:04:37.322Z - info: [3:04:37 PM] Reload for file change: C:\repos\nus-te3201\te3201-2020-website\admin\te3201-admin.md
2019-12-26T07:04:38.327Z - info: Rebuilding affected source files
2019-12-26T07:04:38.328Z - info: Rebuilding 1 pages
2019-12-26T07:04:38.790Z - info: Pages rebuilt
2019-12-26T07:04:38.804Z - info: Site data built
2019-12-26T07:11:05.121Z - info: [3:11:05 PM] Reload for file change: C:\repos\nus-te3201\te3201-2020-website\admin\te3201-admin.md
2019-12-26T07:11:06.135Z - info: Rebuilding affected source files
2019-12-26T07:11:06.136Z - info: Rebuilding 1 pages
2019-12-26T07:11:06.186Z - error:  Error: No such segment 'deadline-info' in file: C:\repos\nus-te3201\te3201-2020-website\admin\te3201-admin.md
Missing reference in C:\repos\nus-te3201\te3201-2020-website\admin\te3201-admin.md
    at Parser._preprocess (C:\Users\dcsdcr\AppData\Roaming\npm\node_modules\markbind-cli\src\lib\markbind\src\parser.js:439:25)
    at element.children.element.children.map.e (C:\Users\dcsdcr\AppData\Roaming\npm\node_modules\markbind-cli\src\lib\markbind\src\parser.js:505:57)
    at Array.map (<anonymous>)
    at Parser._preprocess (C:\Users\dcsdcr\AppData\Roaming\npm\node_modules\markbind-cli\src\lib\markbind\src\parser.js:505:43)
    at element.children.element.children.map.e (C:\Users\dcsdcr\AppData\Roaming\npm\node_modules\markbind-cli\src\lib\markbind\src\parser.js:505:57)
    at Array.map (<anonymous>)
    at Parser._preprocess (C:\Users\dcsdcr\AppData\Roaming\npm\node_modules\markbind-cli\src\lib\markbind\src\parser.js:505:43)
    at element.children.element.children.map.e (C:\Users\dcsdcr\AppData\Roaming\npm\node_modules\markbind-cli\src\lib\markbind\src\parser.js:505:57)
    at Array.map (<anonymous>)
    at Parser._preprocess (C:\Users\dcsdcr\AppData\Roaming\npm\node_modules\markbind-cli\src\lib\markbind\src\parser.js:505:43)
    at dom.map (C:\Users\dcsdcr\AppData\Roaming\npm\node_modules\markbind-cli\src\lib\markbind\src\parser.js:673:28)
    at Array.map (<anonymous>)
    at DomHandler.htmlparser.DomHandler [as _callback] (C:\Users\dcsdcr\AppData\Roaming\npm\node_modules\markbind-cli\src\lib\markbind\src\parser.js:670:25)
    at DomHandler._handleCallback.DomHandler.onerror (C:\Users\dcsdcr\AppData\Roaming\npm\node_modules\markbind-cli\node_modules\domhandler\index.js:52:8)
    at DomHandler.onend (C:\Users\dcsdcr\AppData\Roaming\npm\node_modules\markbind-cli\node_modules\domhandler\index.js:46:7)
    at Parser.onend (C:\Users\dcsdcr\AppData\Roaming\npm\node_modules\markbind-cli\node_modules\htmlparser2\lib\Parser.js:340:36)
2019-12-26T07:11:06.545Z - info: Pages rebuilt
2019-12-26T07:11:06.554Z - info: Site data built
2019-12-26T07:11:50.150Z - info: [3:11:50 PM] Reload for file change: C:\repos\nus-te3201\te3201-2020-website\admin\te3201-admin.md
2019-12-26T07:11:51.153Z - info: Rebuilding affected source files
2019-12-26T07:11:51.156Z - info: Rebuilding 1 pages
2019-12-26T07:11:51.619Z - info: Pages rebuilt
2019-12-26T07:11:51.631Z - info: Site data built
2019-12-26T07:12:13.720Z - info: [3:12:13 PM] Reload for file change: C:\repos\nus-te3201\te3201-2020-website\admin\te3201-admin.md
2019-12-26T07:12:14.723Z - info: Rebuilding affected source files
2019-12-26T07:12:14.724Z - info: Rebuilding 1 pages
2019-12-26T07:12:15.096Z - info: Pages rebuilt
2019-12-26T07:12:15.105Z - info: Site data built
2019-12-26T07:15:48.938Z - info: [3:15:48 PM] Reload for file change: C:\repos\nus-te3201\te3201-2020-website\admin\te3201-admin.md
2019-12-26T07:15:49.942Z - info: Rebuilding affected source files
2019-12-26T07:15:49.943Z - info: Rebuilding 1 pages
2019-12-26T07:15:50.465Z - info: Pages rebuilt
2019-12-26T07:15:50.477Z - info: Site data built
2019-12-26T07:17:54.232Z - info: [3:17:54 PM] Reload for file change: C:\repos\nus-te3201\te3201-2020-website\admin\te3201-admin.md
2019-12-26T07:17:55.234Z - info: Rebuilding affected source files
2019-12-26T07:17:55.235Z - info: Rebuilding 1 pages
2019-12-26T07:17:55.622Z - info: Pages rebuilt
2019-12-26T07:17:55.632Z - info: Site data built
2019-12-26T07:20:34.229Z - info: [3:20:34 PM] Reload for file change: C:\repos\nus-te3201\te3201-2020-website\admin\te3201-admin.md
2019-12-26T07:20:35.235Z - info: Rebuilding affected source files
2019-12-26T07:20:35.236Z - info: Rebuilding 1 pages
2019-12-26T07:20:35.648Z - info: Pages rebuilt
2019-12-26T07:20:35.660Z - info: Site data built
2019-12-26T07:23:08.797Z - info: [3:23:08 PM] Reload for file change: C:\repos\nus-te3201\te3201-2020-website\admin\te3201-admin.md
2019-12-26T07:23:09.799Z - info: Rebuilding affected source files
2019-12-26T07:23:09.800Z - info: Rebuilding 1 pages
2019-12-26T07:23:10.308Z - info: Pages rebuilt
2019-12-26T07:23:10.321Z - info: Site data built
2019-12-26T07:23:33.062Z - info: [3:23:33 PM] Reload for file change: C:\repos\nus-te3201\te3201-2020-website\admin\te3201-admin.md
2019-12-26T07:23:34.064Z - info: Rebuilding affected source files
2019-12-26T07:23:34.066Z - info: Rebuilding 1 pages
2019-12-26T07:23:34.488Z - info: Pages rebuilt
2019-12-26T07:23:34.500Z - info: Site data built
2019-12-26T07:23:56.507Z - info: [3:23:56 PM] Reload for file change: C:\repos\nus-te3201\te3201-2020-website\admin\te3201-admin.md
2019-12-26T07:23:57.510Z - info: Rebuilding affected source files
2019-12-26T07:23:57.511Z - info: Rebuilding 1 pages
2019-12-26T07:23:57.900Z - info: Pages rebuilt
2019-12-26T07:23:57.912Z - info: Site data built
2019-12-26T07:28:06.310Z - info: [3:28:06 PM] Reload for file change: C:\repos\nus-te3201\te3201-2020-website\_markbind\variables.md
2019-12-26T07:28:07.312Z - info: Rebuilding affected source files
2019-12-26T07:28:07.362Z - warn: Rebuilding all pages as variables file was changed, or the --force-reload flag was set
2019-12-26T07:28:07.496Z - info: Rebuilding 752 pages
2019-12-26T07:28:41.021Z - debug: The process cannot access the file because it is being used by another process.

2019-12-26T07:28:41.028Z - debug: The process cannot access the file because it is being used by another process.

2019-12-26T07:28:41.028Z - debug: The process cannot access the file because it is being used by another process.

2019-12-26T07:28:41.029Z - debug: The process cannot access the file because it is being used by another process.

2019-12-26T07:28:41.031Z - debug: The process cannot access the file because it is being used by another process.

2019-12-26T07:28:41.032Z - debug: The process cannot access the file because it is being used by another process.

2019-12-26T07:28:41.032Z - debug: The process cannot access the file because it is being used by another process.

2019-12-26T07:28:41.032Z - debug: The process cannot access the file because it is being used by another process.

2019-12-26T07:28:45.974Z - debug:  
2019-12-26T07:28:45.975Z - debug:  
2019-12-26T07:28:48.545Z - debug:  
2019-12-26T07:28:48.547Z - debug:  
2019-12-26T07:29:41.686Z - info: Pages rebuilt
2019-12-26T07:29:41.704Z - info: Site data built
2019-12-26T07:30:06.973Z - info: [3:30:06 PM] Reload for file change: C:\repos\nus-te3201\te3201-2020-website\admin\te3201-admin.md
2019-12-26T07:30:07.976Z - info: Rebuilding affected source files
2019-12-26T07:30:07.978Z - info: Rebuilding 1 pages
2019-12-26T07:30:08.472Z - info: Pages rebuilt
2019-12-26T07:30:08.482Z - info: Site data built
2019-12-26T07:31:06.800Z - info: [3:31:06 PM] Reload for file change: C:\repos\nus-te3201\te3201-2020-website\admin\te3201-admin.md
2019-12-26T07:31:07.801Z - info: Rebuilding affected source files
2019-12-26T07:31:07.802Z - info: Rebuilding 1 pages
2019-12-26T07:31:08.209Z - info: Pages rebuilt
2019-12-26T07:31:08.219Z - info: Site data built
2019-12-26T07:33:52.323Z - info: [3:33:52 PM] Reload for file change: C:\repos\nus-te3201\te3201-2020-website\admin\te3201-admin.md
2019-12-26T07:33:53.326Z - info: Rebuilding affected source files
2019-12-26T07:33:53.327Z - info: Rebuilding 1 pages
2019-12-26T07:33:53.779Z - info: Pages rebuilt
2019-12-26T07:33:53.791Z - info: Site data built
2019-12-26T07:34:33.261Z - info: [3:34:33 PM] Reload for file change: C:\repos\nus-te3201\te3201-2020-website\admin\te3201-admin.md
2019-12-26T07:34:34.264Z - info: Rebuilding affected source files
2019-12-26T07:34:34.266Z - info: Rebuilding 1 pages
2019-12-26T07:34:34.642Z - info: Pages rebuilt
2019-12-26T07:34:34.653Z - info: Site data built
2019-12-26T07:35:08.707Z - info: [3:35:08 PM] Reload for file change: C:\repos\nus-te3201\te3201-2020-website\admin\te3201-admin.md
2019-12-26T07:35:09.710Z - info: Rebuilding affected source files
2019-12-26T07:35:09.711Z - info: Rebuilding 1 pages
2019-12-26T07:35:10.099Z - info: Pages rebuilt
2019-12-26T07:35:10.110Z - info: Site data built
2019-12-26T07:37:13.210Z - info: [3:37:13 PM] Reload for file change: C:\repos\nus-te3201\te3201-2020-website\admin\te3201-admin.md
2019-12-26T07:37:14.213Z - info: Rebuilding affected source files
2019-12-26T07:37:14.215Z - info: Rebuilding 1 pages
2019-12-26T07:37:14.269Z - error:  Error: No such file: C:\repos\nus-te3201\te3201-2020-website\admin\index-te3201.md
Missing reference in C:\repos\nus-te3201\te3201-2020-website\admin\te3201-admin.md
    at Parser._preprocess (C:\Users\dcsdcr\AppData\Roaming\npm\node_modules\markbind-cli\src\lib\markbind\src\parser.js:355:21)
    at element.children.element.children.map.e (C:\Users\dcsdcr\AppData\Roaming\npm\node_modules\markbind-cli\src\lib\markbind\src\parser.js:505:57)
    at Array.map (<anonymous>)
    at Parser._preprocess (C:\Users\dcsdcr\AppData\Roaming\npm\node_modules\markbind-cli\src\lib\markbind\src\parser.js:505:43)
    at element.children.element.children.map.e (C:\Users\dcsdcr\AppData\Roaming\npm\node_modules\markbind-cli\src\lib\markbind\src\parser.js:505:57)
    at Array.map (<anonymous>)
    at Parser._preprocess (C:\Users\dcsdcr\AppData\Roaming\npm\node_modules\markbind-cli\src\lib\markbind\src\parser.js:505:43)
    at dom.map (C:\Users\dcsdcr\AppData\Roaming\npm\node_modules\markbind-cli\src\lib\markbind\src\parser.js:673:28)
    at Array.map (<anonymous>)
    at DomHandler.htmlparser.DomHandler [as _callback] (C:\Users\dcsdcr\AppData\Roaming\npm\node_modules\markbind-cli\src\lib\markbind\src\parser.js:670:25)
    at DomHandler._handleCallback.DomHandler.onerror (C:\Users\dcsdcr\AppData\Roaming\npm\node_modules\markbind-cli\node_modules\domhandler\index.js:52:8)
    at DomHandler.onend (C:\Users\dcsdcr\AppData\Roaming\npm\node_modules\markbind-cli\node_modules\domhandler\index.js:46:7)
    at Parser.onend (C:\Users\dcsdcr\AppData\Roaming\npm\node_modules\markbind-cli\node_modules\htmlparser2\lib\Parser.js:340:36)
    at Tokenizer._finish (C:\Users\dcsdcr\AppData\Roaming\npm\node_modules\markbind-cli\node_modules\htmlparser2\lib\Tokenizer.js:890:15)
    at Tokenizer.end (C:\Users\dcsdcr\AppData\Roaming\npm\node_modules\markbind-cli\node_modules\htmlparser2\lib\Tokenizer.js:881:29)
    at Parser.end (C:\Users\dcsdcr\AppData\Roaming\npm\node_modules\markbind-cli\node_modules\htmlparser2\lib\Parser.js:367:21)
2019-12-26T07:37:14.608Z - info: Pages rebuilt
2019-12-26T07:37:14.618Z - info: Site data built
2019-12-26T07:37:56.410Z - info: [3:37:56 PM] Reload for file change: C:\repos\nus-te3201\te3201-2020-website\admin\te3201-admin.md
2019-12-26T07:37:57.411Z - info: Rebuilding affected source files
2019-12-26T07:37:57.413Z - info: Rebuilding 1 pages
2019-12-26T07:37:57.452Z - error:  Error: No such file: C:\repos\nus-te3201\te3201-2020-website\admin\index-te3201.md
Missing reference in C:\repos\nus-te3201\te3201-2020-website\admin\te3201-admin.md
    at Parser._preprocess (C:\Users\dcsdcr\AppData\Roaming\npm\node_modules\markbind-cli\src\lib\markbind\src\parser.js:355:21)
    at element.children.element.children.map.e (C:\Users\dcsdcr\AppData\Roaming\npm\node_modules\markbind-cli\src\lib\markbind\src\parser.js:505:57)
    at Array.map (<anonymous>)
    at Parser._preprocess (C:\Users\dcsdcr\AppData\Roaming\npm\node_modules\markbind-cli\src\lib\markbind\src\parser.js:505:43)
    at element.children.element.children.map.e (C:\Users\dcsdcr\AppData\Roaming\npm\node_modules\markbind-cli\src\lib\markbind\src\parser.js:505:57)
    at Array.map (<anonymous>)
    at Parser._preprocess (C:\Users\dcsdcr\AppData\Roaming\npm\node_modules\markbind-cli\src\lib\markbind\src\parser.js:505:43)
    at dom.map (C:\Users\dcsdcr\AppData\Roaming\npm\node_modules\markbind-cli\src\lib\markbind\src\parser.js:673:28)
    at Array.map (<anonymous>)
    at DomHandler.htmlparser.DomHandler [as _callback] (C:\Users\dcsdcr\AppData\Roaming\npm\node_modules\markbind-cli\src\lib\markbind\src\parser.js:670:25)
    at DomHandler._handleCallback.DomHandler.onerror (C:\Users\dcsdcr\AppData\Roaming\npm\node_modules\markbind-cli\node_modules\domhandler\index.js:52:8)
    at DomHandler.onend (C:\Users\dcsdcr\AppData\Roaming\npm\node_modules\markbind-cli\node_modules\domhandler\index.js:46:7)
    at Parser.onend (C:\Users\dcsdcr\AppData\Roaming\npm\node_modules\markbind-cli\node_modules\htmlparser2\lib\Parser.js:340:36)
    at Tokenizer._finish (C:\Users\dcsdcr\AppData\Roaming\npm\node_modules\markbind-cli\node_modules\htmlparser2\lib\Tokenizer.js:890:15)
    at Tokenizer.end (C:\Users\dcsdcr\AppData\Roaming\npm\node_modules\markbind-cli\node_modules\htmlparser2\lib\Tokenizer.js:881:29)
    at Parser.end (C:\Users\dcsdcr\AppData\Roaming\npm\node_modules\markbind-cli\node_modules\htmlparser2\lib\Parser.js:367:21)
2019-12-26T07:37:57.847Z - info: Pages rebuilt
2019-12-26T07:37:57.859Z - info: Site data built
2019-12-26T07:39:12.099Z - info: [3:39:12 PM] Reload for file change: C:\repos\nus-te3201\te3201-2020-website\admin\te3201-admin.md
2019-12-26T07:39:13.102Z - info: Rebuilding affected source files
2019-12-26T07:39:13.108Z - info: Rebuilding 1 pages
2019-12-26T07:39:13.514Z - info: Pages rebuilt
2019-12-26T07:39:13.524Z - info: Site data built
2019-12-26T07:42:15.649Z - info: [3:42:15 PM] Reload for file change: C:\repos\nus-te3201\te3201-2020-website\_markbind\variables.md
2019-12-26T07:42:16.649Z - info: Rebuilding affected source files
2019-12-26T07:42:16.693Z - warn: Rebuilding all pages as variables file was changed, or the --force-reload flag was set
2019-12-26T07:42:16.872Z - info: Rebuilding 752 pages
2019-12-26T07:42:51.336Z - debug: The process cannot access the file because it is being used by another process.

2019-12-26T07:42:51.337Z - debug: The process cannot access the file because it is being used by another process.

2019-12-26T07:42:51.337Z - debug: The process cannot access the file because it is being used by another process.

2019-12-26T07:42:51.338Z - debug: The process cannot access the file because it is being used by another process.

2019-12-26T07:42:51.339Z - debug: The process cannot access the file because it is being used by another process.

2019-12-26T07:42:51.340Z - debug: The process cannot access the file because it is being used by another process.

2019-12-26T07:42:51.340Z - debug: The process cannot access the file because it is being used by another process.

2019-12-26T07:42:51.340Z - debug: The process cannot access the file because it is being used by another process.

2019-12-26T07:42:56.567Z - debug:  
2019-12-26T07:42:56.568Z - debug:  
2019-12-26T07:42:56.568Z - debug:  
2019-12-26T07:42:56.569Z - debug:  
2019-12-26T07:43:48.853Z - info: Pages rebuilt
2019-12-26T07:43:48.861Z - info: Site data built
2019-12-26T07:49:24.147Z - info: [3:49:24 PM] Reload for file change: C:\repos\nus-te3201\te3201-2020-website\schedule\week1\admin-te3201.mbdf
2019-12-26T07:49:25.151Z - info: Rebuilding affected source files
2019-12-26T07:49:25.156Z - info: Rebuilding 5 pages
2019-12-26T07:49:27.165Z - warn:  TypeError: Cannot read property 'parent' of null
    at Function.exports.update (C:\Users\dcsdcr\AppData\Roaming\npm\node_modules\markbind-cli\node_modules\cheerio\lib\parse.js:55:26)
    at module.exports (C:\Users\dcsdcr\AppData\Roaming\npm\node_modules\markbind-cli\node_modules\cheerio\lib\parse.js:17:11)
    at Function.exports.load (C:\Users\dcsdcr\AppData\Roaming\npm\node_modules\markbind-cli\node_modules\cheerio\lib\static.js:22:14)
    at Page.collectHeadingsAndKeywordsInContent (C:\Users\dcsdcr\AppData\Roaming\npm\node_modules\markbind-cli\src\Page.js:346:19)
    at Object.$.not.each.each (C:\Users\dcsdcr\AppData\Roaming\npm\node_modules\markbind-cli\src\Page.js:390:16)
    at initialize.exports.each (C:\Users\dcsdcr\AppData\Roaming\npm\node_modules\markbind-cli\node_modules\cheerio\lib\api\traversing.js:300:24)
    at Page.collectHeadingsAndKeywordsInContent (C:\Users\dcsdcr\AppData\Roaming\npm\node_modules\markbind-cli\src\Page.js:356:6)
    at Page.collectHeadingsAndKeywords (C:\Users\dcsdcr\AppData\Roaming\npm\node_modules\markbind-cli\src\Page.js:337:8)
    at pages.forEach (C:\Users\dcsdcr\AppData\Roaming\npm\node_modules\markbind-cli\src\Site.js:877:12)
    at Array.forEach (<anonymous>)
    at Site.updateSiteData (C:\Users\dcsdcr\AppData\Roaming\npm\node_modules\markbind-cli\src\Site.js:875:14)
    at Promise.all.then (C:\Users\dcsdcr\AppData\Roaming\npm\node_modules\markbind-cli\src\Site.js:859:24)
    at tryCatcher (C:\Users\dcsdcr\AppData\Roaming\npm\node_modules\markbind-cli\node_modules\bluebird\js\release\util.js:16:23)
    at Promise._settlePromiseFromHandler (C:\Users\dcsdcr\AppData\Roaming\npm\node_modules\markbind-cli\node_modules\bluebird\js\release\promise.js:547:31)
    at Promise._settlePromise (C:\Users\dcsdcr\AppData\Roaming\npm\node_modules\markbind-cli\node_modules\bluebird\js\release\promise.js:604:18)
    at Promise._settlePromise0 (C:\Users\dcsdcr\AppData\Roaming\npm\node_modules\markbind-cli\node_modules\bluebird\js\release\promise.js:649:10)
2019-12-26T07:49:28.546Z - error: Cannot read property 'parent' of null
2019-12-26T07:50:31.859Z - info: [3:50:31 PM] Reload for file change: C:\repos\nus-te3201\te3201-2020-website\schedule\week1\admin-te3201.mbdf
2019-12-26T07:50:31.862Z - info: Rebuilding affected source files
2019-12-26T07:50:31.864Z - info: Rebuilding 5 pages
2019-12-26T07:50:34.102Z - warn:  TypeError: Cannot read property 'parent' of null
    at Function.exports.update (C:\Users\dcsdcr\AppData\Roaming\npm\node_modules\markbind-cli\node_modules\cheerio\lib\parse.js:55:26)
    at module.exports (C:\Users\dcsdcr\AppData\Roaming\npm\node_modules\markbind-cli\node_modules\cheerio\lib\parse.js:17:11)
    at Function.exports.load (C:\Users\dcsdcr\AppData\Roaming\npm\node_modules\markbind-cli\node_modules\cheerio\lib\static.js:22:14)
    at Page.collectHeadingsAndKeywordsInContent (C:\Users\dcsdcr\AppData\Roaming\npm\node_modules\markbind-cli\src\Page.js:346:19)
    at Object.$.not.each.each (C:\Users\dcsdcr\AppData\Roaming\npm\node_modules\markbind-cli\src\Page.js:390:16)
    at initialize.exports.each (C:\Users\dcsdcr\AppData\Roaming\npm\node_modules\markbind-cli\node_modules\cheerio\lib\api\traversing.js:300:24)
    at Page.collectHeadingsAndKeywordsInContent (C:\Users\dcsdcr\AppData\Roaming\npm\node_modules\markbind-cli\src\Page.js:356:6)
    at Page.collectHeadingsAndKeywords (C:\Users\dcsdcr\AppData\Roaming\npm\node_modules\markbind-cli\src\Page.js:337:8)
    at pages.forEach (C:\Users\dcsdcr\AppData\Roaming\npm\node_modules\markbind-cli\src\Site.js:877:12)
    at Array.forEach (<anonymous>)
    at Site.updateSiteData (C:\Users\dcsdcr\AppData\Roaming\npm\node_modules\markbind-cli\src\Site.js:875:14)
    at Promise.all.then (C:\Users\dcsdcr\AppData\Roaming\npm\node_modules\markbind-cli\src\Site.js:859:24)
    at tryCatcher (C:\Users\dcsdcr\AppData\Roaming\npm\node_modules\markbind-cli\node_modules\bluebird\js\release\util.js:16:23)
    at Promise._settlePromiseFromHandler (C:\Users\dcsdcr\AppData\Roaming\npm\node_modules\markbind-cli\node_modules\bluebird\js\release\promise.js:547:31)
    at Promise._settlePromise (C:\Users\dcsdcr\AppData\Roaming\npm\node_modules\markbind-cli\node_modules\bluebird\js\release\promise.js:604:18)
    at Promise._settlePromise0 (C:\Users\dcsdcr\AppData\Roaming\npm\node_modules\markbind-cli\node_modules\bluebird\js\release\promise.js:649:10)
2019-12-26T07:50:34.120Z - error: Cannot read property 'parent' of null
2019-12-26T07:50:49.483Z - info: Website generation started at 3:50:49 PM
2019-12-26T07:50:51.861Z - info: Building assets...
2019-12-26T07:50:53.719Z - info: Assets built
2019-12-26T07:50:53.719Z - info: Generating pages...
2019-12-26T07:51:25.379Z - debug: The process cannot access the file because it is being used by another process.

2019-12-26T07:51:25.422Z - debug: The process cannot access the file because it is being used by another process.

2019-12-26T07:51:25.423Z - debug: The process cannot access the file because it is being used by another process.

2019-12-26T07:51:25.423Z - debug: The process cannot access the file because it is being used by another process.

2019-12-26T07:51:25.433Z - debug: The process cannot access the file because it is being used by another process.

2019-12-26T07:51:25.433Z - debug: The process cannot access the file because it is being used by another process.

2019-12-26T07:51:25.433Z - debug: The process cannot access the file because it is being used by another process.

2019-12-26T07:51:25.435Z - debug: The process cannot access the file because it is being used by another process.

2019-12-26T07:51:27.579Z - debug:  
2019-12-26T07:51:28.188Z - debug:  
2019-12-26T07:51:30.367Z - debug:  
2019-12-26T07:51:30.367Z - debug:  
2019-12-26T07:52:03.910Z - info: Pages built
2019-12-26T07:52:04.218Z - warn:  TypeError: Cannot read property 'parent' of null
    at Function.exports.update (C:\Users\dcsdcr\AppData\Roaming\npm\node_modules\markbind-cli\node_modules\cheerio\lib\parse.js:55:26)
    at module.exports (C:\Users\dcsdcr\AppData\Roaming\npm\node_modules\markbind-cli\node_modules\cheerio\lib\parse.js:17:11)
    at Function.exports.load (C:\Users\dcsdcr\AppData\Roaming\npm\node_modules\markbind-cli\node_modules\cheerio\lib\static.js:22:14)
    at Page.collectHeadingsAndKeywordsInContent (C:\Users\dcsdcr\AppData\Roaming\npm\node_modules\markbind-cli\src\Page.js:346:19)
    at Object.$.not.each.each (C:\Users\dcsdcr\AppData\Roaming\npm\node_modules\markbind-cli\src\Page.js:390:16)
    at initialize.exports.each (C:\Users\dcsdcr\AppData\Roaming\npm\node_modules\markbind-cli\node_modules\cheerio\lib\api\traversing.js:300:24)
    at Page.collectHeadingsAndKeywordsInContent (C:\Users\dcsdcr\AppData\Roaming\npm\node_modules\markbind-cli\src\Page.js:356:6)
    at Page.collectHeadingsAndKeywords (C:\Users\dcsdcr\AppData\Roaming\npm\node_modules\markbind-cli\src\Page.js:337:8)
    at pages.forEach (C:\Users\dcsdcr\AppData\Roaming\npm\node_modules\markbind-cli\src\Site.js:877:12)
    at Array.forEach (<anonymous>)
    at Site.updateSiteData (C:\Users\dcsdcr\AppData\Roaming\npm\node_modules\markbind-cli\src\Site.js:875:14)
    at readSiteConfig.then.then.then.then.then.then.then.then.then.then (C:\Users\dcsdcr\AppData\Roaming\npm\node_modules\markbind-cli\src\Site.js:528:24)
    at tryCatcher (C:\Users\dcsdcr\AppData\Roaming\npm\node_modules\markbind-cli\node_modules\bluebird\js\release\util.js:16:23)
    at Promise._settlePromiseFromHandler (C:\Users\dcsdcr\AppData\Roaming\npm\node_modules\markbind-cli\node_modules\bluebird\js\release\promise.js:547:31)
    at Promise._settlePromise (C:\Users\dcsdcr\AppData\Roaming\npm\node_modules\markbind-cli\node_modules\bluebird\js\release\promise.js:604:18)
    at Promise._settlePromise0 (C:\Users\dcsdcr\AppData\Roaming\npm\node_modules\markbind-cli\node_modules\bluebird\js\release\promise.js:649:10)
2019-12-26T07:52:04.651Z - error: Cannot read property 'parent' of null
2019-12-26T07:54:54.023Z - info: Website generation started at 3:54:54 PM
2019-12-26T07:54:56.355Z - info: Building assets...
2019-12-26T07:54:58.231Z - info: Assets built
2019-12-26T07:54:58.231Z - info: Generating pages...
2019-12-26T07:55:31.139Z - debug: The process cannot access the file because it is being used by another process.

2019-12-26T07:55:31.140Z - debug: The process cannot access the file because it is being used by another process.

2019-12-26T07:55:31.140Z - debug: The process cannot access the file because it is being used by another process.

2019-12-26T07:55:31.141Z - debug: The process cannot access the file because it is being used by another process.

2019-12-26T07:55:31.141Z - debug: The process cannot access the file because it is being used by another process.

2019-12-26T07:55:31.142Z - debug: The process cannot access the file because it is being used by another process.

2019-12-26T07:55:31.142Z - debug: The process cannot access the file because it is being used by another process.

2019-12-26T07:55:31.142Z - debug: The process cannot access the file because it is being used by another process.

2019-12-26T07:55:34.801Z - debug:  
2019-12-26T07:55:34.802Z - debug:  
2019-12-26T07:55:34.802Z - debug:  
2019-12-26T07:55:34.802Z - debug:  
2019-12-26T07:56:09.929Z - info: Pages built
2019-12-26T07:56:21.419Z - info: Website generation complete! Total build time: 87.404s
2019-12-26T07:56:21.775Z - info: Serving "C:\repos\nus-te3201\te3201-2020-website\_site" at http://127.0.0.1:8080
2019-12-26T07:56:21.775Z - info: Press CTRL+C to stop ...
2019-12-26T07:56:21.877Z - info: Site data built
2019-12-26T08:04:31.901Z - info: [4:04:31 PM] Reload for file change: C:\repos\nus-te3201\te3201-2020-website\schedule\week1\admin-te3201.mbdf
2019-12-26T08:04:31.905Z - info: [4:04:31 PM] Reload for file change: C:\repos\nus-te3201\te3201-2020-website\admin\te3201-admin.md
2019-12-26T08:04:32.903Z - info: Rebuilding affected source files
2019-12-26T08:04:32.906Z - info: Rebuilding 6 pages
2019-12-26T08:04:35.242Z - info: Pages rebuilt
2019-12-26T08:04:35.252Z - info: Site data built
2019-12-26T08:05:32.105Z - info: [4:05:32 PM] Reload for file change: C:\repos\nus-te3201\te3201-2020-website\admin\te3201-admin.md
2019-12-26T08:05:33.109Z - info: Rebuilding affected source files
2019-12-26T08:05:33.111Z - info: Rebuilding 2 pages
2019-12-26T08:05:33.908Z - info: Pages rebuilt
2019-12-26T08:05:33.919Z - info: Site data built
2019-12-26T08:06:56.992Z - info: [4:06:56 PM] Reload for file change: C:\repos\nus-te3201\te3201-2020-website\schedule\week1\admin-te3201.mbdf
2019-12-26T08:06:57.994Z - info: Rebuilding affected source files
2019-12-26T08:06:57.999Z - info: Rebuilding 5 pages
2019-12-26T08:07:00.078Z - info: Pages rebuilt
2019-12-26T08:07:00.086Z - info: Site data built
2019-12-26T08:54:37.359Z - info: [4:54:37 PM] Reload for file change: C:\repos\nus-te3201\te3201-2020-website\schedule\week1\admin-te3201.mbdf
2019-12-26T08:54:38.362Z - info: Rebuilding affected source files
2019-12-26T08:54:38.366Z - info: Rebuilding 5 pages
2019-12-26T08:54:41.991Z - info: Pages rebuilt
2019-12-26T08:54:42.001Z - info: Site data built
2019-12-26T08:55:46.984Z - info: [4:55:46 PM] Reload for file add: C:\repos\nus-te3201\te3201-2020-website\_markbind\boilerplates\montyFragment.md
2019-12-26T08:55:46.985Z - info: [4:55:46 PM] Reload for file change: C:\repos\nus-te3201\te3201-2020-website\_markbind\boilerplates\montyFragment.md
2019-12-26T08:55:47.985Z - warn: Rebuilding all source files
2019-12-26T08:55:47.985Z - info: Rebuilding affected source files
2019-12-26T08:55:47.985Z - info: Rebuilding 0 pages
2019-12-26T08:55:49.227Z - info: Pages rebuilt
2019-12-26T08:55:49.784Z - info: Site data built
2019-12-26T08:55:50.227Z - info: Assets removed
2019-12-26T08:55:50.227Z - info: Generating pages...
2019-12-26T08:56:22.618Z - debug: The process cannot access the file because it is being used by another process.

2019-12-26T08:56:22.618Z - debug: The process cannot access the file because it is being used by another process.

2019-12-26T08:56:22.618Z - debug: The process cannot access the file because it is being used by another process.

2019-12-26T08:56:22.618Z - debug: The process cannot access the file because it is being used by another process.

2019-12-26T08:56:22.618Z - debug: The process cannot access the file because it is being used by another process.

2019-12-26T08:56:22.618Z - debug: The process cannot access the file because it is being used by another process.

2019-12-26T08:56:22.619Z - debug: The process cannot access the file because it is being used by another process.

2019-12-26T08:56:22.619Z - debug: The process cannot access the file because it is being used by another process.

2019-12-26T08:56:28.130Z - debug:  
2019-12-26T08:56:28.131Z - debug:  
2019-12-26T08:56:28.131Z - debug:  
2019-12-26T08:56:28.132Z - debug:  
2019-12-26T08:56:47.404Z - info: [4:56:47 PM] Reload for file change: C:\repos\nus-te3201\te3201-2020-website\_markbind\boilerplates\montyFragment.md
2019-12-26T08:56:48.671Z - info: [4:56:48 PM] Reload for file change: C:\repos\nus-te3201\te3201-2020-website\_markbind\boilerplates\montyFragment.md
2019-12-26T08:56:50.336Z - info: Rebuilding affected source files
2019-12-26T08:56:50.337Z - info: Rebuilding 0 pages
2019-12-26T08:56:50.364Z - info: Pages rebuilt
2019-12-26T08:56:55.982Z - info: Site data built
2019-12-26T08:57:07.997Z - info: Pages built
2019-12-26T08:57:59.169Z - info: [4:57:59 PM] Reload for file change: C:\repos\nus-te3201\te3201-2020-website\schedule\week1\admin-te3201.mbdf
2019-12-26T08:58:00.171Z - info: Rebuilding affected source files
2019-12-26T08:58:00.173Z - info: Rebuilding 5 pages
2019-12-26T08:58:02.956Z - info: Pages rebuilt
2019-12-26T08:58:02.964Z - info: Site data built
2019-12-26T08:59:01.735Z - info: [4:59:01 PM] Reload for file change: C:\repos\nus-te3201\te3201-2020-website\schedule\week1\admin-te3201.mbdf
2019-12-26T08:59:02.736Z - info: Rebuilding affected source files
2019-12-26T08:59:02.738Z - info: Rebuilding 5 pages
2019-12-26T08:59:04.872Z - info: Pages rebuilt
2019-12-26T08:59:04.880Z - info: Site data built
2019-12-26T09:03:01.642Z - info: [5:03:01 PM] Reload for file change: C:\repos\nus-te3201\te3201-2020-website\_markbind\boilerplates\montyFragment.md
2019-12-26T09:03:02.645Z - info: Rebuilding affected source files
2019-12-26T09:03:02.646Z - info: Rebuilding 1 pages
2019-12-26T09:03:03.388Z - info: Pages rebuilt
2019-12-26T09:03:03.396Z - info: Site data built
2019-12-26T09:03:15.910Z - info: [5:03:15 PM] Reload for file change: C:\repos\nus-te3201\te3201-2020-website\_markbind\boilerplates\montyFragment.md
2019-12-26T09:03:16.910Z - info: Rebuilding affected source files
2019-12-26T09:03:16.911Z - info: Rebuilding 1 pages
2019-12-26T09:03:17.343Z - info: Pages rebuilt
2019-12-26T09:03:17.354Z - info: Site data built
2019-12-26T09:03:54.566Z - info: [5:03:54 PM] Reload for file change: C:\repos\nus-te3201\te3201-2020-website\_markbind\boilerplates\montyFragment.md
2019-12-26T09:03:55.568Z - info: Rebuilding affected source files
2019-12-26T09:03:55.569Z - info: Rebuilding 1 pages
2019-12-26T09:03:56.108Z - info: Pages rebuilt
2019-12-26T09:03:56.115Z - info: Site data built
2019-12-26T09:04:08.884Z - info: [5:04:08 PM] Reload for file change: C:\repos\nus-te3201\te3201-2020-website\_markbind\boilerplates\montyFragment.md
2019-12-26T09:04:09.885Z - info: Rebuilding affected source files
2019-12-26T09:04:09.887Z - info: Rebuilding 1 pages
2019-12-26T09:04:10.240Z - info: Pages rebuilt
2019-12-26T09:04:10.249Z - info: Site data built
2019-12-26T09:04:26.702Z - info: [5:04:26 PM] Reload for file change: C:\repos\nus-te3201\te3201-2020-website\_markbind\boilerplates\montyFragment.md
2019-12-26T09:04:27.706Z - info: Rebuilding affected source files
2019-12-26T09:04:27.707Z - info: Rebuilding 1 pages
2019-12-26T09:04:28.222Z - info: Pages rebuilt
2019-12-26T09:04:28.229Z - info: Site data built
2019-12-26T09:05:21.631Z - info: [5:05:21 PM] Reload for file change: C:\repos\nus-te3201\te3201-2020-website\_markbind\boilerplates\montyFragment.md
2019-12-26T09:05:22.634Z - info: Rebuilding affected source files
2019-12-26T09:05:22.634Z - info: Rebuilding 1 pages
2019-12-26T09:05:23.097Z - info: Pages rebuilt
2019-12-26T09:05:23.107Z - info: Site data built
2019-12-26T09:05:37.435Z - info: [5:05:37 PM] Reload for file change: C:\repos\nus-te3201\te3201-2020-website\_markbind\boilerplates\montyFragment.md
2019-12-26T09:05:38.438Z - info: Rebuilding affected source files
2019-12-26T09:05:38.440Z - info: Rebuilding 1 pages
2019-12-26T09:05:38.795Z - info: Pages rebuilt
2019-12-26T09:05:38.804Z - info: Site data built
2019-12-26T09:06:42.068Z - info: [5:06:42 PM] Reload for file change: C:\repos\nus-te3201\te3201-2020-website\_markbind\boilerplates\montyFragment.md
2019-12-26T09:06:43.070Z - info: Rebuilding affected source files
2019-12-26T09:06:43.072Z - info: Rebuilding 1 pages
2019-12-26T09:06:43.600Z - info: Pages rebuilt
2019-12-26T09:06:43.606Z - info: Site data built
2019-12-26T09:07:57.865Z - info: [5:07:57 PM] Reload for file change: C:\repos\nus-te3201\te3201-2020-website\_markbind\boilerplates\montyFragment.md
2019-12-26T09:07:58.867Z - info: Rebuilding affected source files
2019-12-26T09:07:58.868Z - info: Rebuilding 1 pages
2019-12-26T09:07:59.352Z - info: Pages rebuilt
2019-12-26T09:07:59.359Z - info: Site data built
2019-12-26T09:08:18.687Z - info: [5:08:18 PM] Reload for file change: C:\repos\nus-te3201\te3201-2020-website\_markbind\boilerplates\montyFragment.md
2019-12-26T09:08:19.689Z - info: Rebuilding affected source files
2019-12-26T09:08:19.690Z - info: Rebuilding 1 pages
2019-12-26T09:08:20.207Z - info: Pages rebuilt
2019-12-26T09:08:20.213Z - info: Site data built
2019-12-26T09:08:49.675Z - info: [5:08:49 PM] Reload for file change: C:\repos\nus-te3201\te3201-2020-website\_markbind\boilerplates\montyFragment.md
2019-12-26T09:08:50.675Z - info: Rebuilding affected source files
2019-12-26T09:08:50.676Z - info: Rebuilding 1 pages
2019-12-26T09:08:51.100Z - info: Pages rebuilt
2019-12-26T09:08:51.109Z - info: Site data built
2019-12-26T09:09:17.860Z - info: [5:09:17 PM] Reload for file change: C:\repos\nus-te3201\te3201-2020-website\_markbind\boilerplates\montyFragment.md
2019-12-26T09:09:18.862Z - info: Rebuilding affected source files
2019-12-26T09:09:18.864Z - info: Rebuilding 1 pages
2019-12-26T09:09:19.394Z - info: Pages rebuilt
2019-12-26T09:09:19.402Z - info: Site data built
2019-12-26T09:11:06.951Z - info: [5:11:06 PM] Reload for file change: C:\repos\nus-te3201\te3201-2020-website\_markbind\boilerplates\montyFragment.md
2019-12-26T09:11:07.953Z - info: Rebuilding affected source files
2019-12-26T09:11:07.954Z - info: Rebuilding 1 pages
2019-12-26T09:11:08.410Z - info: Pages rebuilt
2019-12-26T09:11:08.419Z - info: Site data built
2019-12-26T09:12:08.130Z - info: [5:12:08 PM] Reload for file change: C:\repos\nus-te3201\te3201-2020-website\_markbind\boilerplates\montyFragment.md
2019-12-26T09:12:09.132Z - info: Rebuilding affected source files
2019-12-26T09:12:09.134Z - info: Rebuilding 1 pages
2019-12-26T09:12:09.676Z - info: Pages rebuilt
2019-12-26T09:12:09.683Z - info: Site data built
2019-12-26T09:12:26.872Z - info: [5:12:26 PM] Reload for file change: C:\repos\nus-te3201\te3201-2020-website\_markbind\boilerplates\montyFragment.md
2019-12-26T09:12:27.873Z - info: Rebuilding affected source files
2019-12-26T09:12:27.873Z - info: Rebuilding 1 pages
2019-12-26T09:12:28.361Z - info: Pages rebuilt
2019-12-26T09:12:28.370Z - info: Site data built
2019-12-26T09:12:58.318Z - info: [5:12:58 PM] Reload for file change: C:\repos\nus-te3201\te3201-2020-website\schedule\week1\admin-te3201.mbdf
2019-12-26T09:12:59.320Z - info: Rebuilding affected source files
2019-12-26T09:12:59.324Z - info: Rebuilding 5 pages
2019-12-26T09:13:01.602Z - info: Pages rebuilt
2019-12-26T09:13:01.609Z - info: Site data built
2019-12-26T09:13:20.201Z - info: [5:13:20 PM] Reload for file change: C:\repos\nus-te3201\te3201-2020-website\schedule\week1\admin-te3201.mbdf
2019-12-26T09:13:21.202Z - info: Rebuilding affected source files
2019-12-26T09:13:21.205Z - info: Rebuilding 5 pages
2019-12-26T09:13:23.424Z - info: Pages rebuilt
2019-12-26T09:13:23.432Z - info: Site data built
2019-12-26T09:16:20.325Z - info: [5:16:20 PM] Reload for file change: C:\repos\nus-te3201\te3201-2020-website\schedule\week1\admin-te3201.mbdf
2019-12-26T09:16:21.326Z - info: Rebuilding affected source files
2019-12-26T09:16:21.328Z - info: Rebuilding 5 pages
2019-12-26T09:16:23.561Z - info: Pages rebuilt
2019-12-26T09:16:23.569Z - info: Site data built
2019-12-26T09:16:43.871Z - info: [5:16:43 PM] Reload for file change: C:\repos\nus-te3201\te3201-2020-website\schedule\week1\admin-te3201.mbdf
2019-12-26T09:16:44.872Z - info: Rebuilding affected source files
2019-12-26T09:16:44.874Z - info: Rebuilding 5 pages
2019-12-26T09:16:47.282Z - info: Pages rebuilt
2019-12-26T09:16:47.304Z - info: Site data built
2019-12-26T09:16:50.697Z - info: [5:16:50 PM] Reload for file change: C:\repos\nus-te3201\te3201-2020-website\schedule\week1\admin-te3201.mbdf
2019-12-26T09:16:51.698Z - info: Rebuilding affected source files
2019-12-26T09:16:51.700Z - info: Rebuilding 5 pages
2019-12-26T09:16:53.772Z - info: Pages rebuilt
2019-12-26T09:16:53.780Z - info: Site data built
2019-12-26T09:17:59.200Z - info: [5:17:59 PM] Reload for file change: C:\repos\nus-te3201\te3201-2020-website\programming\monty\monty.mbdf
2019-12-26T09:18:00.201Z - info: Rebuilding affected source files
2019-12-26T09:18:00.203Z - info: Rebuilding 2 pages
2019-12-26T09:18:01.235Z - info: Pages rebuilt
2019-12-26T09:18:01.242Z - info: Site data built
2019-12-26T09:18:41.724Z - info: [5:18:41 PM] Reload for file change: C:\repos\nus-te3201\te3201-2020-website\schedule\week1\admin-te3201.mbdf
2019-12-26T09:18:42.725Z - info: Rebuilding affected source files
2019-12-26T09:18:42.727Z - info: Rebuilding 5 pages
2019-12-26T09:18:44.809Z - info: Pages rebuilt
2019-12-26T09:18:44.818Z - info: Site data built
2019-12-26T09:18:54.559Z - info: [5:18:54 PM] Reload for file change: C:\repos\nus-te3201\te3201-2020-website\schedule\week1\admin-te3201.mbdf
2019-12-26T09:18:55.559Z - info: Rebuilding affected source files
2019-12-26T09:18:55.562Z - info: Rebuilding 5 pages
2019-12-26T09:18:57.504Z - info: Pages rebuilt
2019-12-26T09:18:57.512Z - info: Site data built
2019-12-26T09:21:06.434Z - info: [5:21:06 PM] Reload for file change: C:\repos\nus-te3201\te3201-2020-website\programming\chapters\monty.md
2019-12-26T09:21:07.436Z - info: Rebuilding affected source files
2019-12-26T09:21:07.437Z - info: Rebuilding 1 pages
2019-12-26T09:21:07.971Z - info: Pages rebuilt
2019-12-26T09:21:07.981Z - info: Site data built
2019-12-26T09:21:35.667Z - info: [5:21:35 PM] Reload for file change: C:\repos\nus-te3201\te3201-2020-website\programming\monty\monty.mbdf
2019-12-26T09:21:36.668Z - info: Rebuilding affected source files
2019-12-26T09:21:36.669Z - info: Rebuilding 2 pages
2019-12-26T09:21:37.638Z - info: Pages rebuilt
2019-12-26T09:21:37.648Z - info: Site data built
2019-12-26T09:21:50.170Z - info: [5:21:50 PM] Reload for file change: C:\repos\nus-te3201\te3201-2020-website\programming\monty\monty.mbdf
2019-12-26T09:21:51.172Z - info: Rebuilding affected source files
2019-12-26T09:21:51.173Z - info: Rebuilding 2 pages
2019-12-26T09:21:52.031Z - info: Pages rebuilt
2019-12-26T09:21:52.038Z - info: Site data built
2019-12-26T09:22:29.328Z - info: [5:22:29 PM] Reload for file change: C:\repos\nus-te3201\te3201-2020-website\programming\monty\monty.mbdf
2019-12-26T09:22:30.331Z - info: Rebuilding affected source files
2019-12-26T09:22:30.333Z - info: Rebuilding 2 pages
2019-12-26T09:22:31.218Z - info: Pages rebuilt
2019-12-26T09:22:31.225Z - info: Site data built
2019-12-26T09:27:56.123Z - info: [5:27:56 PM] Reload for file change: C:\repos\nus-te3201\te3201-2020-website\programming\monty\monty.mbdf
2019-12-26T09:27:57.124Z - info: Rebuilding affected source files
2019-12-26T09:27:57.127Z - info: Rebuilding 2 pages
2019-12-26T09:27:58.047Z - info: Pages rebuilt
2019-12-26T09:27:58.058Z - info: Site data built
2019-12-26T09:28:13.601Z - info: [5:28:13 PM] Reload for file change: C:\repos\nus-te3201\te3201-2020-website\programming\monty\monty.mbdf
2019-12-26T09:28:14.602Z - info: Rebuilding affected source files
2019-12-26T09:28:14.603Z - info: Rebuilding 2 pages
2019-12-26T09:28:15.519Z - info: Pages rebuilt
2019-12-26T09:28:15.526Z - info: Site data built
2019-12-26T09:37:25.832Z - info: [5:37:25 PM] Reload for file change: C:\repos\nus-te3201\te3201-2020-website\schedule\timeline.md
2019-12-26T09:37:25.836Z - info: [5:37:25 PM] Reload for file change: C:\repos\nus-te3201\te3201-2020-website\schedule\index.md
2019-12-26T09:37:26.833Z - info: Rebuilding affected source files
2019-12-26T09:37:26.834Z - info: Rebuilding 3 pages
2019-12-26T09:37:28.604Z - info: Pages rebuilt
2019-12-26T09:37:28.613Z - info: Site data built
2019-12-26T09:38:55.283Z - info: [5:38:55 PM] Reload for file change: C:\repos\nus-te3201\te3201-2020-website\schedule\index.md
2019-12-26T09:38:56.286Z - info: Rebuilding affected source files
2019-12-26T09:38:56.287Z - info: Rebuilding 2 pages
2019-12-26T09:38:56.628Z - info: Pages rebuilt
2019-12-26T09:38:56.635Z - info: Site data built
2019-12-26T09:39:14.681Z - info: Website generation started at 5:39:13 PM
2019-12-26T09:39:16.926Z - info: Building assets...
2019-12-26T09:39:18.768Z - info: Assets built
2019-12-26T09:39:18.769Z - info: Generating pages...
2019-12-26T09:39:47.890Z - debug: The process cannot access the file because it is being used by another process.

2019-12-26T09:39:47.890Z - debug: The process cannot access the file because it is being used by another process.

2019-12-26T09:39:47.891Z - debug: The process cannot access the file because it is being used by another process.

2019-12-26T09:39:47.891Z - debug: The process cannot access the file because it is being used by another process.

2019-12-26T09:39:47.894Z - debug: The process cannot access the file because it is being used by another process.

2019-12-26T09:39:47.894Z - debug: The process cannot access the file because it is being used by another process.

2019-12-26T09:39:47.895Z - debug: The process cannot access the file because it is being used by another process.

2019-12-26T09:39:47.895Z - debug: The process cannot access the file because it is being used by another process.

2019-12-26T09:39:50.305Z - debug:  
2019-12-26T09:39:52.132Z - debug:  
2019-12-26T09:39:52.132Z - debug:  
2019-12-26T09:39:52.132Z - debug:  
2019-12-26T09:40:24.309Z - info: Pages built
2019-12-26T09:40:35.356Z - info: Website generation complete! Total build time: 81.792s
2019-12-26T09:40:35.711Z - info: Serving "C:\repos\nus-te3201\te3201-2020-website\_site" at http://127.0.0.1:8080
2019-12-26T09:40:35.712Z - info: Press CTRL+C to stop ...
2019-12-26T09:40:35.813Z - info: Site data built
2019-12-26T09:42:03.382Z - info: [5:42:03 PM] Reload for file change: C:\repos\nus-te3201\te3201-2020-website\schedule\index.md
2019-12-26T09:42:04.384Z - info: Rebuilding affected source files
2019-12-26T09:42:04.386Z - info: Rebuilding 2 pages
2019-12-26T09:42:04.845Z - info: Pages rebuilt
2019-12-26T09:42:04.852Z - info: Site data built
2019-12-26T09:43:49.597Z - info: [5:43:49 PM] Reload for file change: C:\repos\nus-te3201\te3201-2020-website\schedule\index.md
2019-12-26T09:43:50.600Z - info: Rebuilding affected source files
2019-12-26T09:43:50.601Z - info: Rebuilding 2 pages
2019-12-26T09:43:50.865Z - info: Pages rebuilt
2019-12-26T09:43:50.875Z - info: Site data built
2019-12-26T09:44:11.691Z - info: Website generation started at 5:44:10 PM
2019-12-26T09:44:14.378Z - info: Building assets...
2019-12-26T09:44:16.259Z - info: Assets built
2019-12-26T09:44:16.260Z - info: Generating pages...
2019-12-26T09:44:47.760Z - debug: The process cannot access the file because it is being used by another process.

2019-12-26T09:44:47.771Z - debug: The process cannot access the file because it is being used by another process.

2019-12-26T09:44:47.772Z - debug: The process cannot access the file because it is being used by another process.

2019-12-26T09:44:47.772Z - debug: The process cannot access the file because it is being used by another process.

2019-12-26T09:44:47.773Z - debug: The process cannot access the file because it is being used by another process.

2019-12-26T09:44:47.773Z - debug: The process cannot access the file because it is being used by another process.

2019-12-26T09:44:47.773Z - debug: The process cannot access the file because it is being used by another process.

2019-12-26T09:44:47.773Z - debug: The process cannot access the file because it is being used by another process.

2019-12-26T09:44:49.939Z - debug:  
2019-12-26T09:44:49.939Z - debug:  
2019-12-26T09:44:50.501Z - debug:  
2019-12-26T09:44:50.501Z - debug:  
2019-12-26T09:45:26.128Z - info: Pages built
2019-12-26T09:45:37.437Z - info: Website generation complete! Total build time: 86.937s
2019-12-26T09:45:37.781Z - info: Serving "C:\repos\nus-te3201\te3201-2020-website\_site" at http://127.0.0.1:8080
2019-12-26T09:45:37.781Z - info: Press CTRL+C to stop ...
2019-12-26T09:45:37.884Z - info: Site data built
2019-12-26T09:47:23.774Z - info: [5:47:23 PM] Reload for file change: C:\repos\nus-te3201\te3201-2020-website\schedule\week2\admin-te3201.mbdf
2019-12-26T09:47:24.776Z - info: Rebuilding affected source files
2019-12-26T09:47:24.777Z - info: Rebuilding 0 pages
2019-12-26T09:47:24.778Z - info: Pages rebuilt
2019-12-26T09:47:24.786Z - info: Site data built
2019-12-26T09:50:51.850Z - info: [5:50:51 PM] Reload for file change: C:\repos\nus-te3201\te3201-2020-website\schedule\index.md
2019-12-26T09:50:52.852Z - info: Rebuilding affected source files
2019-12-26T09:50:52.855Z - info: Rebuilding 2 pages
2019-12-26T09:50:53.192Z - info: Pages rebuilt
2019-12-26T09:50:53.200Z - info: Site data built
2019-12-26T09:51:49.343Z - info: Website generation started at 5:51:48 PM
2019-12-26T09:51:51.642Z - info: Building assets...
2019-12-26T09:51:53.525Z - info: Assets built
2019-12-26T09:51:53.526Z - info: Generating pages...
2019-12-26T09:52:25.651Z - debug: The process cannot access the file because it is being used by another process.

2019-12-26T09:52:25.734Z - debug: The process cannot access the file because it is being used by another process.

2019-12-26T09:52:25.734Z - debug: The process cannot access the file because it is being used by another process.

2019-12-26T09:52:25.734Z - debug: The process cannot access the file because it is being used by another process.

2019-12-26T09:52:25.735Z - debug: The process cannot access the file because it is being used by another process.

2019-12-26T09:52:25.735Z - debug: The process cannot access the file because it is being used by another process.

2019-12-26T09:52:25.736Z - debug: The process cannot access the file because it is being used by another process.

2019-12-26T09:52:25.736Z - debug: The process cannot access the file because it is being used by another process.

2019-12-26T09:52:28.176Z - debug:  
2019-12-26T09:52:29.472Z - debug:  
2019-12-26T09:52:29.473Z - debug:  
2019-12-26T09:52:29.851Z - debug:  
2019-12-26T09:53:02.239Z - info: Pages built
2019-12-26T09:53:13.299Z - info: Website generation complete! Total build time: 85.153s
2019-12-26T09:53:13.637Z - info: Serving "C:\repos\nus-te3201\te3201-2020-website\_site" at http://127.0.0.1:8080
2019-12-26T09:53:13.637Z - info: Press CTRL+C to stop ...
2019-12-26T09:53:13.740Z - info: Site data built
2019-12-26T09:55:50.577Z - info: [5:55:50 PM] Reload for file change: C:\repos\nus-te3201\te3201-2020-website\schedule\week1\admin-te3201.mbdf
2019-12-26T09:55:51.580Z - info: Rebuilding affected source files
2019-12-26T09:55:51.583Z - info: Rebuilding 5 pages
2019-12-26T09:55:54.130Z - info: Pages rebuilt
2019-12-26T09:55:54.138Z - info: Site data built
2019-12-26T09:58:23.616Z - info: [5:58:23 PM] Reload for file change: C:\repos\nus-te3201\te3201-2020-website\programming\monty\monty.mbdf
2019-12-26T09:58:24.618Z - info: Rebuilding affected source files
2019-12-26T09:58:24.622Z - info: Rebuilding 3 pages
2019-12-26T09:58:25.695Z - info: Pages rebuilt
2019-12-26T09:58:25.708Z - info: Site data built
2019-12-26T09:59:44.900Z - info: [5:59:44 PM] Reload for file change: C:\repos\nus-te3201\te3201-2020-website\programming\monty\monty.mbdf
2019-12-26T09:59:45.902Z - info: Rebuilding affected source files
2019-12-26T09:59:45.903Z - info: Rebuilding 3 pages
2019-12-26T09:59:46.786Z - info: Pages rebuilt
2019-12-26T09:59:46.805Z - info: Site data built
2019-12-26T10:43:51.920Z - info: [6:43:51 PM] Reload for file add: C:\repos\nus-te3201\te3201-2020-website\schedule\week3\admin-te3201.mbdf
2019-12-26T10:43:51.922Z - info: [6:43:51 PM] Reload for file change: C:\repos\nus-te3201\te3201-2020-website\schedule\week3\admin-te3201.mbdf
2019-12-26T10:43:52.921Z - warn: Rebuilding all source files
2019-12-26T10:43:54.255Z - info: Rebuilding affected source files
2019-12-26T10:43:54.256Z - info: Rebuilding 0 pages
2019-12-26T10:43:54.257Z - info: Pages rebuilt
2019-12-26T10:43:54.893Z - info: Site data built
2019-12-26T10:43:55.256Z - info: Assets removed
2019-12-26T10:43:55.256Z - info: Generating pages...
2019-12-26T10:44:29.786Z - info: [6:44:29 PM] Reload for file change: C:\repos\nus-te3201\te3201-2020-website\schedule\week3\admin-te3201.mbdf
2019-12-26T10:44:30.251Z - debug: The process cannot access the file because it is being used by another process.

2019-12-26T10:44:30.281Z - debug: The process cannot access the file because it is being used by another process.

2019-12-26T10:44:30.281Z - debug: The process cannot access the file because it is being used by another process.

2019-12-26T10:44:30.281Z - debug: The process cannot access the file because it is being used by another process.

2019-12-26T10:44:30.283Z - debug: The process cannot access the file because it is being used by another process.

2019-12-26T10:44:30.283Z - debug: The process cannot access the file because it is being used by another process.

2019-12-26T10:44:30.283Z - debug: The process cannot access the file because it is being used by another process.

2019-12-26T10:44:30.283Z - debug: The process cannot access the file because it is being used by another process.

2019-12-26T10:44:30.802Z - info: Rebuilding affected source files
2019-12-26T10:44:30.803Z - info: Rebuilding 0 pages
2019-12-26T10:44:30.827Z - info: Pages rebuilt
2019-12-26T10:44:35.458Z - debug:  
2019-12-26T10:44:35.459Z - debug:  
2019-12-26T10:44:35.459Z - debug:  
2019-12-26T10:44:35.460Z - debug:  
2019-12-26T10:44:37.341Z - info: Site data built
2019-12-26T10:45:09.761Z - error:  Error: ENOENT: no such file or directory, open 'C:\repos\nus-te3201\te3201-2020-website\.temp\schedule\week3\admin\tutorials.md'
2019-12-26T10:45:09.762Z - warn:  Error: Error while generating C:\repos\nus-te3201\te3201-2020-website\schedule\week3\tutorial-cs2103.md
    at processingFiles.push.page.generate.then.catch (C:\Users\dcsdcr\AppData\Roaming\npm\node_modules\markbind-cli\src\Site.js:815:31)
    at tryCatcher (C:\Users\dcsdcr\AppData\Roaming\npm\node_modules\markbind-cli\node_modules\bluebird\js\release\util.js:16:23)
    at Promise._settlePromiseFromHandler (C:\Users\dcsdcr\AppData\Roaming\npm\node_modules\markbind-cli\node_modules\bluebird\js\release\promise.js:547:31)
    at Promise._settlePromise (C:\Users\dcsdcr\AppData\Roaming\npm\node_modules\markbind-cli\node_modules\bluebird\js\release\promise.js:604:18)
    at Promise._settlePromise0 (C:\Users\dcsdcr\AppData\Roaming\npm\node_modules\markbind-cli\node_modules\bluebird\js\release\promise.js:649:10)
    at Promise._settlePromises (C:\Users\dcsdcr\AppData\Roaming\npm\node_modules\markbind-cli\node_modules\bluebird\js\release\promise.js:725:18)
    at _drainQueueStep (C:\Users\dcsdcr\AppData\Roaming\npm\node_modules\markbind-cli\node_modules\bluebird\js\release\async.js:93:12)
    at _drainQueue (C:\Users\dcsdcr\AppData\Roaming\npm\node_modules\markbind-cli\node_modules\bluebird\js\release\async.js:86:9)
    at Async._drainQueues (C:\Users\dcsdcr\AppData\Roaming\npm\node_modules\markbind-cli\node_modules\bluebird\js\release\async.js:102:5)
    at Immediate.Async.drainQueues [as _onImmediate] (C:\Users\dcsdcr\AppData\Roaming\npm\node_modules\markbind-cli\node_modules\bluebird\js\release\async.js:15:14)
    at runCallback (timers.js:705:18)
    at tryOnImmediate (timers.js:676:5)
    at processImmediate (timers.js:658:5)
2019-12-26T10:45:14.823Z - warn:  Error: Error while generating C:\repos\nus-te3201\te3201-2020-website\schedule\week3\tutorial-cs2103.md
    at processingFiles.push.page.generate.then.catch (C:\Users\dcsdcr\AppData\Roaming\npm\node_modules\markbind-cli\src\Site.js:815:31)
    at tryCatcher (C:\Users\dcsdcr\AppData\Roaming\npm\node_modules\markbind-cli\node_modules\bluebird\js\release\util.js:16:23)
    at Promise._settlePromiseFromHandler (C:\Users\dcsdcr\AppData\Roaming\npm\node_modules\markbind-cli\node_modules\bluebird\js\release\promise.js:547:31)
    at Promise._settlePromise (C:\Users\dcsdcr\AppData\Roaming\npm\node_modules\markbind-cli\node_modules\bluebird\js\release\promise.js:604:18)
    at Promise._settlePromise0 (C:\Users\dcsdcr\AppData\Roaming\npm\node_modules\markbind-cli\node_modules\bluebird\js\release\promise.js:649:10)
    at Promise._settlePromises (C:\Users\dcsdcr\AppData\Roaming\npm\node_modules\markbind-cli\node_modules\bluebird\js\release\promise.js:725:18)
    at _drainQueueStep (C:\Users\dcsdcr\AppData\Roaming\npm\node_modules\markbind-cli\node_modules\bluebird\js\release\async.js:93:12)
    at _drainQueue (C:\Users\dcsdcr\AppData\Roaming\npm\node_modules\markbind-cli\node_modules\bluebird\js\release\async.js:86:9)
    at Async._drainQueues (C:\Users\dcsdcr\AppData\Roaming\npm\node_modules\markbind-cli\node_modules\bluebird\js\release\async.js:102:5)
    at Immediate.Async.drainQueues [as _onImmediate] (C:\Users\dcsdcr\AppData\Roaming\npm\node_modules\markbind-cli\node_modules\bluebird\js\release\async.js:15:14)
    at runCallback (timers.js:705:18)
    at tryOnImmediate (timers.js:676:5)
    at processImmediate (timers.js:658:5)
2019-12-26T10:45:14.825Z - error: Error while generating C:\repos\nus-te3201\te3201-2020-website\schedule\week3\tutorial-cs2103.md
2019-12-26T10:46:06.075Z - info: Website generation started at 6:46:06 PM
2019-12-26T10:46:08.406Z - info: Building assets...
2019-12-26T10:46:10.298Z - info: Assets built
2019-12-26T10:46:10.299Z - info: Generating pages...
2019-12-26T10:46:40.116Z - debug: The process cannot access the file because it is being used by another process.

2019-12-26T10:46:40.117Z - debug: The process cannot access the file because it is being used by another process.

2019-12-26T10:46:40.117Z - debug: The process cannot access the file because it is being used by another process.

2019-12-26T10:46:40.118Z - debug: The process cannot access the file because it is being used by another process.

2019-12-26T10:46:40.118Z - debug: The process cannot access the file because it is being used by another process.

2019-12-26T10:46:40.119Z - debug: The process cannot access the file because it is being used by another process.

2019-12-26T10:46:40.119Z - debug: The process cannot access the file because it is being used by another process.

2019-12-26T10:46:40.119Z - debug: The process cannot access the file because it is being used by another process.

2019-12-26T10:46:43.833Z - debug:  
2019-12-26T10:46:43.834Z - debug:  
2019-12-26T10:46:43.834Z - debug:  
2019-12-26T10:46:43.834Z - debug:  
2019-12-26T10:47:18.200Z - info: Pages built
2019-12-26T10:47:29.566Z - info: Website generation complete! Total build time: 83.5s
2019-12-26T10:47:29.919Z - info: Serving "C:\repos\nus-te3201\te3201-2020-website\_site" at http://127.0.0.1:8080
2019-12-26T10:47:29.919Z - info: Press CTRL+C to stop ...
2019-12-26T10:47:30.027Z - info: Site data built
2019-12-26T10:48:14.340Z - info: [6:48:14 PM] Reload for file change: C:\repos\nus-te3201\te3201-2020-website\schedule\week3\admin-te3201.mbdf
2019-12-26T10:48:15.341Z - info: Rebuilding affected source files
2019-12-26T10:48:15.343Z - info: Rebuilding 3 pages
2019-12-26T10:48:17.216Z - info: Pages rebuilt
2019-12-26T10:48:17.229Z - info: Site data built
2019-12-26T10:51:03.274Z - info: [6:51:03 PM] Reload for file change: C:\repos\nus-te3201\te3201-2020-website\schedule\week3\admin-te3201.mbdf
2019-12-26T10:51:04.277Z - info: Rebuilding affected source files
2019-12-26T10:51:04.278Z - info: Rebuilding 3 pages
2019-12-26T10:51:06.272Z - info: Pages rebuilt
2019-12-26T10:51:06.283Z - info: Site data built
2019-12-26T10:54:04.162Z - info: [6:54:04 PM] Reload for file change: C:\repos\nus-te3201\te3201-2020-website\schedule\week3\admin-te3201.mbdf
2019-12-26T10:54:05.165Z - info: Rebuilding affected source files
2019-12-26T10:54:05.167Z - info: Rebuilding 3 pages
2019-12-26T10:54:07.586Z - info: Pages rebuilt
2019-12-26T10:54:07.597Z - info: Site data built
2019-12-26T10:55:45.409Z - info: [6:55:45 PM] Reload for file add: C:\repos\nus-te3201\te3201-2020-website\schedule\week4\admin-te3201.mbdf
2019-12-26T10:55:46.410Z - warn: Rebuilding all source files
2019-12-26T10:55:48.612Z - info: Assets removed
2019-12-26T10:55:48.613Z - info: Generating pages...
2019-12-26T10:56:21.739Z - info: [6:56:21 PM] Reload for file add: C:\repos\nus-te3201\te3201-2020-website\schedule\week5\admin-te3201.mbdf
2019-12-26T10:56:21.783Z - info: [6:56:21 PM] Reload for file add: C:\repos\nus-te3201\te3201-2020-website\schedule\week6\admin-te3201.mbdf
2019-12-26T10:56:21.784Z - info: [6:56:21 PM] Reload for file add: C:\repos\nus-te3201\te3201-2020-website\schedule\week7\admin-te3201.mbdf
2019-12-26T10:56:21.802Z - info: [6:56:21 PM] Reload for file add: C:\repos\nus-te3201\te3201-2020-website\schedule\week8\admin-te3201.mbdf
2019-12-26T10:56:21.863Z - info: [6:56:21 PM] Reload for file add: C:\repos\nus-te3201\te3201-2020-website\schedule\week9\admin-te3201.mbdf
2019-12-26T10:56:21.864Z - info: [6:56:21 PM] Reload for file add: C:\repos\nus-te3201\te3201-2020-website\schedule\week10\admin-te3201.mbdf
2019-12-26T10:56:21.868Z - info: [6:56:21 PM] Reload for file add: C:\repos\nus-te3201\te3201-2020-website\schedule\week11\admin-te3201.mbdf
2019-12-26T10:56:21.877Z - debug: The process cannot access the file because it is being used by another process.

2019-12-26T10:56:21.896Z - debug: The process cannot access the file because it is being used by another process.

2019-12-26T10:56:21.896Z - debug: The process cannot access the file because it is being used by another process.

2019-12-26T10:56:21.897Z - debug: The process cannot access the file because it is being used by another process.

2019-12-26T10:56:21.899Z - debug: The process cannot access the file because it is being used by another process.

2019-12-26T10:56:21.900Z - debug: The process cannot access the file because it is being used by another process.

2019-12-26T10:56:21.900Z - debug: The process cannot access the file because it is being used by another process.

2019-12-26T10:56:21.901Z - debug: The process cannot access the file because it is being used by another process.

2019-12-26T10:56:26.533Z - debug:  
2019-12-26T10:56:26.535Z - debug:  
2019-12-26T10:56:26.537Z - debug:  
2019-12-26T10:56:26.537Z - debug:  
2019-12-26T10:56:34.945Z - info: [6:56:34 PM] Reload for file add: C:\repos\nus-te3201\te3201-2020-website\schedule\week12\admin-te3201.mbdf
2019-12-26T10:56:45.252Z - info: [6:56:45 PM] Reload for file add: C:\repos\nus-te3201\te3201-2020-website\schedule\week13\admin-te3201.mbdf
2019-12-26T10:57:07.934Z - info: Pages built
2019-12-26T10:57:07.935Z - warn: Rebuilding all source files
2019-12-26T10:57:10.108Z - info: Assets removed
2019-12-26T10:57:10.108Z - info: Generating pages...
2019-12-26T10:57:40.296Z - debug: The process cannot access the file because it is being used by another process.

2019-12-26T10:57:40.316Z - debug: The process cannot access the file because it is being used by another process.

2019-12-26T10:57:40.316Z - debug: The process cannot access the file because it is being used by another process.

2019-12-26T10:57:40.316Z - debug: The process cannot access the file because it is being used by another process.

2019-12-26T10:57:40.319Z - debug: The process cannot access the file because it is being used by another process.

2019-12-26T10:57:40.319Z - debug: The process cannot access the file because it is being used by another process.

2019-12-26T10:57:40.319Z - debug: The process cannot access the file because it is being used by another process.

2019-12-26T10:57:40.319Z - debug: The process cannot access the file because it is being used by another process.

2019-12-26T10:57:43.753Z - debug:  
2019-12-26T10:57:43.754Z - debug:  
2019-12-26T10:57:43.755Z - debug:  
2019-12-26T10:57:43.755Z - debug:  
2019-12-26T10:58:26.857Z - info: Website generation started at 6:58:24 PM
2019-12-26T10:58:29.268Z - info: Building assets...
2019-12-26T10:58:31.280Z - info: Assets built
2019-12-26T10:58:31.281Z - info: Generating pages...
2019-12-26T10:59:05.894Z - debug: The process cannot access the file because it is being used by another process.

2019-12-26T10:59:05.894Z - debug: The process cannot access the file because it is being used by another process.

2019-12-26T10:59:05.895Z - debug: The process cannot access the file because it is being used by another process.

2019-12-26T10:59:05.895Z - debug: The process cannot access the file because it is being used by another process.

2019-12-26T10:59:05.895Z - debug: The process cannot access the file because it is being used by another process.

2019-12-26T10:59:05.895Z - debug: The process cannot access the file because it is being used by another process.

2019-12-26T10:59:05.896Z - debug: The process cannot access the file because it is being used by another process.

2019-12-26T10:59:05.896Z - debug: The process cannot access the file because it is being used by another process.

2019-12-26T10:59:09.661Z - debug:  
2019-12-26T10:59:09.662Z - debug:  
2019-12-26T10:59:09.662Z - debug:  
2019-12-26T10:59:09.662Z - debug:  
2019-12-26T10:59:47.905Z - info: Pages built
2019-12-26T11:00:00.892Z - info: Website generation complete! Total build time: 96.105s
2019-12-26T11:00:01.263Z - info: Serving "C:\repos\nus-te3201\te3201-2020-website\_site" at http://127.0.0.1:8080
2019-12-26T11:00:01.263Z - info: Press CTRL+C to stop ...
2019-12-26T11:00:01.372Z - info: Site data built
2019-12-26T11:01:17.312Z - info: [7:01:17 PM] Reload for file change: C:\repos\nus-te3201\te3201-2020-website\schedule\week4\admin-te3201.mbdf
2019-12-26T11:01:17.318Z - info: [7:01:17 PM] Reload for file change: C:\repos\nus-te3201\te3201-2020-website\schedule\week3\admin-te3201.mbdf
2019-12-26T11:01:18.315Z - info: Rebuilding affected source files
2019-12-26T11:01:18.317Z - info: Rebuilding 5 pages
2019-12-26T11:01:20.780Z - info: Pages rebuilt
2019-12-26T11:01:20.793Z - info: Site data built
2019-12-26T11:01:47.957Z - info: [7:01:47 PM] Reload for file change: C:\repos\nus-te3201\te3201-2020-website\schedule\week4\admin-te3201.mbdf
2019-12-26T11:01:47.961Z - info: [7:01:47 PM] Reload for file change: C:\repos\nus-te3201\te3201-2020-website\schedule\week5\admin-te3201.mbdf
2019-12-26T11:01:48.960Z - info: Rebuilding affected source files
2019-12-26T11:01:48.962Z - info: Rebuilding 5 pages
2019-12-26T11:01:51.491Z - info: Pages rebuilt
2019-12-26T11:01:51.505Z - info: Site data built
2019-12-26T11:02:56.171Z - info: [7:02:56 PM] Reload for file change: C:\repos\nus-te3201\te3201-2020-website\schedule\week5\admin-te3201.mbdf
2019-12-26T11:02:57.173Z - info: Rebuilding affected source files
2019-12-26T11:02:57.177Z - info: Rebuilding 3 pages
2019-12-26T11:02:59.039Z - info: Pages rebuilt
2019-12-26T11:02:59.057Z - info: Site data built
2019-12-26T11:03:51.426Z - info: [7:03:51 PM] Reload for file change: C:\repos\nus-te3201\te3201-2020-website\schedule\week5\admin-te3201.mbdf
2019-12-26T11:03:52.429Z - info: Rebuilding affected source files
2019-12-26T11:03:52.431Z - info: Rebuilding 3 pages
2019-12-26T11:03:54.238Z - info: Pages rebuilt
2019-12-26T11:03:54.250Z - info: Site data built
2019-12-26T11:04:13.894Z - info: [7:04:13 PM] Reload for file change: C:\repos\nus-te3201\te3201-2020-website\_markbind\boilerplates\montyFragment.md
2019-12-26T11:04:14.896Z - info: Rebuilding affected source files
2019-12-26T11:04:14.899Z - info: Rebuilding 13 pages
2019-12-26T11:04:19.726Z - info: Pages rebuilt
2019-12-26T11:04:19.737Z - info: Site data built
2019-12-26T11:04:49.394Z - info: [7:04:49 PM] Reload for file change: C:\repos\nus-te3201\te3201-2020-website\_markbind\boilerplates\montyFragment.md
2019-12-26T11:04:50.396Z - info: Rebuilding affected source files
2019-12-26T11:04:50.401Z - info: Rebuilding 13 pages
2019-12-26T11:04:55.262Z - info: Pages rebuilt
2019-12-26T11:04:55.274Z - info: Site data built
2019-12-26T11:06:45.153Z - info: [7:06:45 PM] Reload for file change: C:\repos\nus-te3201\te3201-2020-website\schedule\week5\admin-te3201.mbdf
2019-12-26T11:06:45.159Z - info: [7:06:45 PM] Reload for file change: C:\repos\nus-te3201\te3201-2020-website\schedule\week6\admin-te3201.mbdf
2019-12-26T11:06:46.155Z - info: Rebuilding affected source files
2019-12-26T11:06:46.157Z - info: Rebuilding 5 pages
2019-12-26T11:06:48.198Z - info: Pages rebuilt
2019-12-26T11:06:48.208Z - info: Site data built
2019-12-26T11:07:09.266Z - info: [7:07:09 PM] Reload for file change: C:\repos\nus-te3201\te3201-2020-website\schedule\week6\admin-te3201.mbdf
2019-12-26T11:07:10.268Z - info: Rebuilding affected source files
2019-12-26T11:07:10.270Z - info: Rebuilding 3 pages
2019-12-26T11:07:12.041Z - info: Pages rebuilt
2019-12-26T11:07:12.051Z - info: Site data built
2019-12-26T11:18:11.120Z - info: [7:18:11 PM] Reload for file change: C:\repos\nus-te3201\te3201-2020-website\schedule\index.md
2019-12-26T11:18:12.123Z - info: Rebuilding affected source files
2019-12-26T11:18:12.124Z - info: Rebuilding 2 pages
2019-12-26T11:18:12.443Z - info: Pages rebuilt
2019-12-26T11:18:12.450Z - info: Site data built
2019-12-26T11:18:43.758Z - info: [7:18:43 PM] Reload for file change: C:\repos\nus-te3201\te3201-2020-website\schedule\week7\admin-te3201.mbdf
2019-12-26T11:18:44.762Z - info: Rebuilding affected source files
2019-12-26T11:18:44.765Z - info: Rebuilding 3 pages
2019-12-26T11:18:46.605Z - info: Pages rebuilt
2019-12-26T11:18:46.614Z - info: Site data built
2019-12-26T11:19:43.783Z - info: [7:19:43 PM] Reload for file change: C:\repos\nus-te3201\te3201-2020-website\schedule\week8\admin-te3201.mbdf
2019-12-26T11:19:44.785Z - info: Rebuilding affected source files
2019-12-26T11:19:44.786Z - info: Rebuilding 3 pages
2019-12-26T11:19:46.508Z - info: Pages rebuilt
2019-12-26T11:19:46.517Z - info: Site data built
2019-12-26T11:20:14.781Z - info: [7:20:14 PM] Reload for file change: C:\repos\nus-te3201\te3201-2020-website\schedule\week9\admin-te3201.mbdf
2019-12-26T11:20:15.782Z - info: Rebuilding affected source files
2019-12-26T11:20:15.783Z - info: Rebuilding 3 pages
2019-12-26T11:20:17.788Z - info: Pages rebuilt
2019-12-26T11:20:17.798Z - info: Site data built
2019-12-26T11:21:38.524Z - info: [7:21:38 PM] Reload for file change: C:\repos\nus-te3201\te3201-2020-website\schedule\week10\admin-te3201.mbdf
2019-12-26T11:21:39.534Z - info: Rebuilding affected source files
2019-12-26T11:21:39.537Z - info: Rebuilding 3 pages
2019-12-26T11:21:41.635Z - info: Pages rebuilt
2019-12-26T11:21:41.644Z - info: Site data built
2019-12-26T11:22:04.334Z - info: [7:22:04 PM] Reload for file change: C:\repos\nus-te3201\te3201-2020-website\schedule\week11\admin-te3201.mbdf
2019-12-26T11:22:05.336Z - info: Rebuilding affected source files
2019-12-26T11:22:05.337Z - info: Rebuilding 3 pages
2019-12-26T11:22:07.397Z - info: Pages rebuilt
2019-12-26T11:22:07.407Z - info: Site data built
2019-12-26T11:22:10.771Z - info: [7:22:10 PM] Reload for file change: C:\repos\nus-te3201\te3201-2020-website\schedule\week11\admin-te3201.mbdf
2019-12-26T11:22:11.773Z - info: Rebuilding affected source files
2019-12-26T11:22:11.774Z - info: Rebuilding 3 pages
2019-12-26T11:22:13.604Z - info: Pages rebuilt
2019-12-26T11:22:13.614Z - info: Site data built
2019-12-26T11:23:04.406Z - info: [7:23:04 PM] Reload for file change: C:\repos\nus-te3201\te3201-2020-website\schedule\week11\admin-te3201.mbdf
2019-12-26T11:23:05.407Z - info: Rebuilding affected source files
2019-12-26T11:23:05.409Z - info: Rebuilding 3 pages
2019-12-26T11:23:07.367Z - info: Pages rebuilt
2019-12-26T11:23:07.377Z - info: Site data built
2019-12-26T11:23:37.903Z - info: [7:23:37 PM] Reload for file change: C:\repos\nus-te3201\te3201-2020-website\schedule\week8\admin-te3201.mbdf
2019-12-26T11:23:38.905Z - info: Rebuilding affected source files
2019-12-26T11:23:38.907Z - info: Rebuilding 3 pages
2019-12-26T11:23:40.624Z - info: Pages rebuilt
2019-12-26T11:23:40.643Z - info: Site data built
2019-12-26T11:24:10.879Z - info: [7:24:10 PM] Reload for file change: C:\repos\nus-te3201\te3201-2020-website\schedule\week8\admin-te3201.mbdf
2019-12-26T11:24:11.881Z - info: Rebuilding affected source files
2019-12-26T11:24:11.882Z - info: Rebuilding 3 pages
2019-12-26T11:24:13.532Z - info: Pages rebuilt
2019-12-26T11:24:13.545Z - info: Site data built
2019-12-26T11:29:20.560Z - info: [7:29:20 PM] Reload for file change: C:\repos\nus-te3201\te3201-2020-website\schedule\week12\admin-te3201.mbdf
2019-12-26T11:29:21.561Z - info: Rebuilding affected source files
2019-12-26T11:29:21.562Z - info: Rebuilding 3 pages
2019-12-26T11:29:23.635Z - info: Pages rebuilt
2019-12-26T11:29:23.645Z - info: Site data built
2019-12-26T11:29:57.738Z - info: [7:29:57 PM] Reload for file change: C:\repos\nus-te3201\te3201-2020-website\schedule\week13\admin-te3201.mbdf
2019-12-26T11:29:58.740Z - info: Rebuilding affected source files
2019-12-26T11:29:58.742Z - info: Rebuilding 3 pages
2019-12-26T11:30:00.621Z - info: Pages rebuilt
2019-12-26T11:30:00.631Z - info: Site data built
2019-12-26T11:31:40.925Z - info: Website generation started at 7:31:39 PM
2019-12-26T11:31:43.379Z - info: Building assets...
2019-12-26T11:31:45.394Z - info: Assets built
2019-12-26T11:31:45.394Z - info: Generating pages...
2019-12-26T11:32:15.927Z - debug: The process cannot access the file because it is being used by another process.

2019-12-26T11:32:15.927Z - debug: The process cannot access the file because it is being used by another process.

2019-12-26T11:32:15.928Z - debug: The process cannot access the file because it is being used by another process.

2019-12-26T11:32:15.928Z - debug: The process cannot access the file because it is being used by another process.

2019-12-26T11:32:15.928Z - debug: The process cannot access the file because it is being used by another process.

2019-12-26T11:32:15.928Z - debug: The process cannot access the file because it is being used by another process.

2019-12-26T11:32:15.929Z - debug: The process cannot access the file because it is being used by another process.

2019-12-26T11:32:15.929Z - debug: The process cannot access the file because it is being used by another process.

2019-12-26T11:32:20.786Z - debug:  
2019-12-26T11:32:20.786Z - debug:  
2019-12-26T11:32:20.787Z - debug:  
2019-12-26T11:32:20.787Z - debug:  
2019-12-26T11:32:52.276Z - info: Pages built
2019-12-26T11:33:03.319Z - info: Website generation complete! Total build time: 83.689s
2019-12-26T11:33:03.658Z - info: Serving "C:\repos\nus-te3201\te3201-2020-website\_site" at http://127.0.0.1:8080
2019-12-26T11:33:03.658Z - info: Press CTRL+C to stop ...
2019-12-26T11:33:03.750Z - info: Site data built
2019-12-26T11:52:49.535Z - info: [7:52:49 PM] Reload for file change: C:\repos\nus-te3201\te3201-2020-website\schedule\week1\admin-te3201.mbdf
2019-12-26T11:52:50.538Z - info: Rebuilding affected source files
2019-12-26T11:52:50.541Z - info: Rebuilding 5 pages
2019-12-26T11:52:52.941Z - info: Pages rebuilt
2019-12-26T11:52:52.959Z - info: Site data built
2019-12-26T11:56:09.943Z - info: [7:56:09 PM] Reload for file change: C:\repos\nus-te3201\te3201-2020-website\schedule\week11\admin-te3201.mbdf
2019-12-26T11:56:10.944Z - info: Rebuilding affected source files
2019-12-26T11:56:10.948Z - info: Rebuilding 3 pages
2019-12-26T11:56:13.365Z - info: Pages rebuilt
2019-12-26T11:56:13.376Z - info: Site data built
2019-12-26T11:56:48.092Z - info: [7:56:48 PM] Reload for file change: C:\repos\nus-te3201\te3201-2020-website\schedule\week11\admin-te3201.mbdf
2019-12-26T11:56:49.093Z - info: Rebuilding affected source files
2019-12-26T11:56:49.095Z - info: Rebuilding 3 pages
2019-12-26T11:56:51.091Z - info: Pages rebuilt
2019-12-26T11:56:51.104Z - info: Site data built
2019-12-26T12:01:54.140Z - info: [8:01:54 PM] Reload for file change: C:\repos\nus-te3201\te3201-2020-website\schedule\week12\admin-te3201.mbdf
2019-12-26T12:01:55.142Z - info: Rebuilding affected source files
2019-12-26T12:01:55.145Z - info: Rebuilding 3 pages
2019-12-26T12:01:57.287Z - info: Pages rebuilt
2019-12-26T12:01:57.295Z - info: Site data built
2019-12-26T12:02:53.392Z - info: [8:02:53 PM] Reload for file change: C:\repos\nus-te3201\te3201-2020-website\schedule\week12\admin-te3201.mbdf
2019-12-26T12:02:54.398Z - info: Rebuilding affected source files
2019-12-26T12:02:54.400Z - info: Rebuilding 3 pages
2019-12-26T12:02:56.400Z - info: Pages rebuilt
2019-12-26T12:02:56.408Z - info: Site data built
2019-12-26T12:11:48.815Z - info: [8:11:48 PM] Reload for file change: C:\repos\nus-te3201\te3201-2020-website\schedule\week13\admin-te3201.mbdf
2019-12-26T12:11:48.821Z - info: [8:11:48 PM] Reload for file change: C:\repos\nus-te3201\te3201-2020-website\admin\te3201-admin.md
2019-12-26T12:11:49.818Z - info: Rebuilding affected source files
2019-12-26T12:11:49.820Z - info: Rebuilding 6 pages
2019-12-26T12:11:52.169Z - info: Pages rebuilt
2019-12-26T12:11:52.186Z - info: Site data built
2019-12-26T12:12:51.469Z - info: [8:12:51 PM] Reload for file change: C:\repos\nus-te3201\te3201-2020-website\schedule\week12\admin-te3201.mbdf
2019-12-26T12:12:51.474Z - info: [8:12:51 PM] Reload for file change: C:\repos\nus-te3201\te3201-2020-website\schedule\week13\admin-te3201.mbdf
2019-12-26T12:12:52.472Z - info: Rebuilding affected source files
2019-12-26T12:12:52.474Z - info: Rebuilding 5 pages
2019-12-26T12:12:54.647Z - info: Pages rebuilt
2019-12-26T12:12:54.655Z - info: Site data built
2019-12-26T12:14:51.036Z - info: [8:14:51 PM] Reload for file change: C:\repos\nus-te3201\te3201-2020-website\schedule\week11\admin-te3201.mbdf
2019-12-26T12:14:51.040Z - info: [8:14:51 PM] Reload for file change: C:\repos\nus-te3201\te3201-2020-website\schedule\week9\admin-te3201.mbdf
2019-12-26T12:14:51.044Z - info: [8:14:51 PM] Reload for file change: C:\repos\nus-te3201\te3201-2020-website\schedule\week12\admin-te3201.mbdf
2019-12-26T12:14:51.048Z - info: [8:14:51 PM] Reload for file change: C:\repos\nus-te3201\te3201-2020-website\schedule\week5\admin-te3201.mbdf
2019-12-26T12:14:51.055Z - info: [8:14:51 PM] Reload for file change: C:\repos\nus-te3201\te3201-2020-website\schedule\week7\admin-te3201.mbdf
2019-12-26T12:14:51.059Z - info: [8:14:51 PM] Reload for file change: C:\repos\nus-te3201\te3201-2020-website\schedule\week2\admin-te3201.mbdf
2019-12-26T12:14:51.064Z - info: [8:14:51 PM] Reload for file change: C:\repos\nus-te3201\te3201-2020-website\schedule\week13\admin-te3201.mbdf
2019-12-26T12:14:51.068Z - info: [8:14:51 PM] Reload for file change: C:\repos\nus-te3201\te3201-2020-website\schedule\week3\admin-te3201.mbdf
2019-12-26T12:14:51.072Z - info: [8:14:51 PM] Reload for file change: C:\repos\nus-te3201\te3201-2020-website\schedule\week10\admin-te3201.mbdf
2019-12-26T12:14:51.076Z - info: [8:14:51 PM] Reload for file change: C:\repos\nus-te3201\te3201-2020-website\schedule\week4\admin-te3201.mbdf
2019-12-26T12:14:51.080Z - info: [8:14:51 PM] Reload for file change: C:\repos\nus-te3201\te3201-2020-website\schedule\week8\admin-te3201.mbdf
2019-12-26T12:14:51.083Z - info: [8:14:51 PM] Reload for file change: C:\repos\nus-te3201\te3201-2020-website\schedule\week6\admin-te3201.mbdf
2019-12-26T12:14:52.038Z - info: Rebuilding affected source files
2019-12-26T12:14:52.044Z - info: Rebuilding 25 pages
2019-12-26T12:14:56.352Z - info: Pages rebuilt
2019-12-26T12:14:56.361Z - info: Site data built
2019-12-26T12:18:30.539Z - info: [8:18:30 PM] Reload for file change: C:\repos\nus-te3201\te3201-2020-website\schedule\week11\admin-te3201.mbdf
2019-12-26T12:18:30.542Z - info: [8:18:30 PM] Reload for file change: C:\repos\nus-te3201\te3201-2020-website\schedule\week9\admin-te3201.mbdf
2019-12-26T12:18:30.547Z - info: [8:18:30 PM] Reload for file change: C:\repos\nus-te3201\te3201-2020-website\schedule\week12\admin-te3201.mbdf
2019-12-26T12:18:30.555Z - info: [8:18:30 PM] Reload for file change: C:\repos\nus-te3201\te3201-2020-website\schedule\week1\admin-te3201.mbdf
2019-12-26T12:18:30.563Z - info: [8:18:30 PM] Reload for file change: C:\repos\nus-te3201\te3201-2020-website\schedule\week7\admin-te3201.mbdf
2019-12-26T12:18:30.567Z - info: [8:18:30 PM] Reload for file change: C:\repos\nus-te3201\te3201-2020-website\schedule\week2\admin-te3201.mbdf
2019-12-26T12:18:30.570Z - info: [8:18:30 PM] Reload for file change: C:\repos\nus-te3201\te3201-2020-website\schedule\week13\admin-te3201.mbdf
2019-12-26T12:18:30.573Z - info: [8:18:30 PM] Reload for file change: C:\repos\nus-te3201\te3201-2020-website\schedule\week3\admin-te3201.mbdf
2019-12-26T12:18:30.576Z - info: [8:18:30 PM] Reload for file change: C:\repos\nus-te3201\te3201-2020-website\schedule\week10\admin-te3201.mbdf
2019-12-26T12:18:30.581Z - info: [8:18:30 PM] Reload for file change: C:\repos\nus-te3201\te3201-2020-website\schedule\week4\admin-te3201.mbdf
2019-12-26T12:18:30.586Z - info: [8:18:30 PM] Reload for file change: C:\repos\nus-te3201\te3201-2020-website\schedule\week6\admin-te3201.mbdf
2019-12-26T12:18:30.589Z - info: [8:18:30 PM] Reload for file change: C:\repos\nus-te3201\te3201-2020-website\schedule\week8\admin-te3201.mbdf
2019-12-26T12:18:31.541Z - info: Rebuilding affected source files
2019-12-26T12:18:31.548Z - info: Rebuilding 27 pages
2019-12-26T12:18:36.057Z - info: Pages rebuilt
2019-12-26T12:18:36.077Z - info: Site data built
2019-12-26T12:20:01.166Z - info: [8:20:01 PM] Reload for file change: C:\repos\nus-te3201\te3201-2020-website\schedule\programming-topics.mbdf
2019-12-26T12:20:02.169Z - info: Rebuilding affected source files
2019-12-26T12:20:02.174Z - info: Rebuilding 29 pages
2019-12-26T12:20:08.825Z - info: Pages rebuilt
2019-12-26T12:20:08.838Z - info: Site data built
2019-12-26T12:20:52.167Z - info: [8:20:52 PM] Reload for file change: C:\repos\nus-te3201\te3201-2020-website\schedule\programming-topics.mbdf
2019-12-26T12:20:53.170Z - info: Rebuilding affected source files
2019-12-26T12:20:53.174Z - info: Rebuilding 29 pages
2019-12-26T12:20:59.684Z - info: Pages rebuilt
2019-12-26T12:20:59.695Z - info: Site data built
2019-12-26T12:21:12.908Z - info: [8:21:12 PM] Reload for file change: C:\repos\nus-te3201\te3201-2020-website\schedule\programming-topics.mbdf
2019-12-26T12:21:13.909Z - info: Rebuilding affected source files
2019-12-26T12:21:13.919Z - info: Rebuilding 29 pages
2019-12-26T12:21:20.377Z - info: Pages rebuilt
2019-12-26T12:21:20.388Z - info: Site data built
2019-12-26T12:22:03.507Z - info: [8:22:03 PM] Reload for file change: C:\repos\nus-te3201\te3201-2020-website\schedule\programming-topics.mbdf
2019-12-26T12:22:04.511Z - info: Rebuilding affected source files
2019-12-26T12:22:04.515Z - info: Rebuilding 29 pages
2019-12-26T12:22:10.982Z - info: Pages rebuilt
2019-12-26T12:22:10.995Z - info: Site data built
2019-12-26T12:22:29.717Z - info: [8:22:29 PM] Reload for file change: C:\repos\nus-te3201\te3201-2020-website\schedule\programming-topics.mbdf
2019-12-26T12:22:30.718Z - info: Rebuilding affected source files
2019-12-26T12:22:30.730Z - info: Rebuilding 29 pages
2019-12-26T12:22:37.203Z - info: Pages rebuilt
2019-12-26T12:22:37.215Z - info: Site data built
2019-12-26T12:23:45.043Z - info: [8:23:45 PM] Reload for file change: C:\repos\nus-te3201\te3201-2020-website\schedule\programming-topics.mbdf
2019-12-26T12:23:46.045Z - info: Rebuilding affected source files
2019-12-26T12:23:46.049Z - info: Rebuilding 29 pages
2019-12-26T12:23:52.698Z - info: Pages rebuilt
2019-12-26T12:23:52.710Z - info: Site data built
2019-12-26T12:24:13.159Z - info: [8:24:13 PM] Reload for file change: C:\repos\nus-te3201\te3201-2020-website\schedule\programming-topics.mbdf
2019-12-26T12:24:14.159Z - info: Rebuilding affected source files
2019-12-26T12:24:14.164Z - info: Rebuilding 29 pages
2019-12-26T12:24:20.860Z - info: Pages rebuilt
2019-12-26T12:24:20.873Z - info: Site data built
2019-12-26T12:25:04.864Z - info: [8:25:04 PM] Reload for file change: C:\repos\nus-te3201\te3201-2020-website\schedule\programming-topics.mbdf
2019-12-26T12:25:05.867Z - info: Rebuilding affected source files
2019-12-26T12:25:05.871Z - info: Rebuilding 29 pages
2019-12-26T12:25:12.487Z - info: Pages rebuilt
2019-12-26T12:25:12.500Z - info: Site data built
2019-12-26T12:25:58.159Z - info: [8:25:58 PM] Reload for file change: C:\repos\nus-te3201\te3201-2020-website\schedule\week11\admin-te3201.mbdf
2019-12-26T12:25:59.160Z - info: Rebuilding affected source files
2019-12-26T12:25:59.161Z - info: Rebuilding 3 pages
2019-12-26T12:26:01.349Z - info: Pages rebuilt
2019-12-26T12:26:01.360Z - info: Site data built
2019-12-26T12:27:45.376Z - info: [8:27:45 PM] Reload for file change: C:\repos\nus-te3201\te3201-2020-website\schedule\timeline.md
2019-12-26T12:27:46.380Z - info: Rebuilding affected source files
2019-12-26T12:27:46.381Z - info: Rebuilding 1 pages
2019-12-26T12:27:47.955Z - info: Pages rebuilt
2019-12-26T12:27:47.964Z - info: Site data built
2019-12-26T12:32:11.457Z - info: [8:32:11 PM] Reload for file change: C:\repos\nus-te3201\te3201-2020-website\admin\te3201-admin.md
2019-12-26T12:32:12.461Z - info: Rebuilding affected source files
2019-12-26T12:32:12.462Z - info: Rebuilding 4 pages
2019-12-26T12:32:13.360Z - info: Pages rebuilt
2019-12-26T12:32:13.376Z - info: Site data built
2019-12-26T12:32:37.962Z - info: [8:32:37 PM] Reload for file change: C:\repos\nus-te3201\te3201-2020-website\admin\te3201-admin.md
2019-12-26T12:32:38.965Z - info: Rebuilding affected source files
2019-12-26T12:32:38.968Z - info: Rebuilding 4 pages
2019-12-26T12:32:39.737Z - info: Pages rebuilt
2019-12-26T12:32:39.751Z - info: Site data built
2019-12-26T12:35:44.856Z - info: [8:35:44 PM] Reload for file change: C:\repos\nus-te3201\te3201-2020-website\schedule\week1\admin-te3201.mbdf
2019-12-26T12:35:45.857Z - info: Rebuilding affected source files
2019-12-26T12:35:45.859Z - info: Rebuilding 5 pages
2019-12-26T12:35:48.027Z - info: Pages rebuilt
2019-12-26T12:35:48.050Z - info: Site data built
2019-12-26T12:36:02.491Z - info: [8:36:02 PM] Reload for file change: C:\repos\nus-te3201\te3201-2020-website\schedule\week1\admin-te3201.mbdf
2019-12-26T12:36:03.492Z - info: Rebuilding affected source files
2019-12-26T12:36:03.494Z - info: Rebuilding 5 pages
2019-12-26T12:36:05.644Z - info: Pages rebuilt
2019-12-26T12:36:05.657Z - info: Site data built
2019-12-26T12:36:16.117Z - info: [8:36:16 PM] Reload for file change: C:\repos\nus-te3201\te3201-2020-website\schedule\week1\admin-te3201.mbdf
2019-12-26T12:36:17.119Z - info: Rebuilding affected source files
2019-12-26T12:36:17.124Z - info: Rebuilding 5 pages
2019-12-26T12:36:18.923Z - info: Pages rebuilt
2019-12-26T12:36:18.934Z - info: Site data built
2019-12-26T12:36:52.711Z - info: [8:36:52 PM] Reload for file change: C:\repos\nus-te3201\te3201-2020-website\_markbind\boilerplates\montyFragment.md
2019-12-26T12:36:53.713Z - info: Rebuilding affected source files
2019-12-26T12:36:53.716Z - info: Rebuilding 11 pages
2019-12-26T12:36:55.281Z - info: Pages rebuilt
2019-12-26T12:36:55.293Z - info: Site data built
2019-12-26T12:37:49.267Z - info: [8:37:49 PM] Reload for file change: C:\repos\nus-te3201\te3201-2020-website\schedule\week9\admin-te3201.mbdf
2019-12-26T12:37:49.270Z - info: [8:37:49 PM] Reload for file change: C:\repos\nus-te3201\te3201-2020-website\schedule\week5\admin-te3201.mbdf
2019-12-26T12:37:49.274Z - info: [8:37:49 PM] Reload for file change: C:\repos\nus-te3201\te3201-2020-website\schedule\week7\admin-te3201.mbdf
2019-12-26T12:37:49.278Z - info: [8:37:49 PM] Reload for file change: C:\repos\nus-te3201\te3201-2020-website\schedule\week2\admin-te3201.mbdf
2019-12-26T12:37:49.287Z - info: [8:37:49 PM] Reload for file change: C:\repos\nus-te3201\te3201-2020-website\schedule\week3\admin-te3201.mbdf
2019-12-26T12:37:49.290Z - info: [8:37:49 PM] Reload for file change: C:\repos\nus-te3201\te3201-2020-website\schedule\week10\admin-te3201.mbdf
2019-12-26T12:37:49.295Z - info: [8:37:49 PM] Reload for file change: C:\repos\nus-te3201\te3201-2020-website\schedule\week4\admin-te3201.mbdf
2019-12-26T12:37:49.300Z - info: [8:37:49 PM] Reload for file change: C:\repos\nus-te3201\te3201-2020-website\schedule\week6\admin-te3201.mbdf
2019-12-26T12:37:49.304Z - info: [8:37:49 PM] Reload for file change: C:\repos\nus-te3201\te3201-2020-website\schedule\week8\admin-te3201.mbdf
2019-12-26T12:37:50.267Z - info: Rebuilding affected source files
2019-12-26T12:37:50.271Z - info: Rebuilding 19 pages
2019-12-26T12:37:53.790Z - info: Pages rebuilt
2019-12-26T12:37:53.801Z - info: Site data built
2019-12-26T12:38:25.556Z - info: [8:38:25 PM] Reload for file change: C:\repos\nus-te3201\te3201-2020-website\schedule\week11\admin-te3201.mbdf
2019-12-26T12:38:26.558Z - info: Rebuilding affected source files
2019-12-26T12:38:26.562Z - info: Rebuilding 3 pages
2019-12-26T12:38:28.630Z - info: Pages rebuilt
2019-12-26T12:38:28.641Z - info: Site data built
2019-12-26T12:38:58.114Z - info: [8:38:58 PM] Reload for file change: C:\repos\nus-te3201\te3201-2020-website\schedule\week11\admin-te3201.mbdf
2019-12-26T12:38:59.116Z - info: Rebuilding affected source files
2019-12-26T12:38:59.118Z - info: Rebuilding 3 pages
2019-12-26T12:39:01.144Z - info: Pages rebuilt
2019-12-26T12:39:01.154Z - info: Site data built
2019-12-26T12:39:24.810Z - info: [8:39:24 PM] Reload for file change: C:\repos\nus-te3201\te3201-2020-website\schedule\week11\admin-te3201.mbdf
2019-12-26T12:39:25.812Z - info: Rebuilding affected source files
2019-12-26T12:39:25.813Z - info: Rebuilding 3 pages
2019-12-26T12:39:27.810Z - info: Pages rebuilt
2019-12-26T12:39:27.820Z - info: Site data built
2019-12-26T12:40:01.628Z - info: [8:40:01 PM] Reload for file change: C:\repos\nus-te3201\te3201-2020-website\schedule\week11\admin-te3201.mbdf
2019-12-26T12:40:02.630Z - info: Rebuilding affected source files
2019-12-26T12:40:02.631Z - info: Rebuilding 3 pages
2019-12-26T12:40:04.617Z - info: Pages rebuilt
2019-12-26T12:40:04.630Z - info: Site data built
2019-12-26T12:40:35.252Z - info: [8:40:35 PM] Reload for file change: C:\repos\nus-te3201\te3201-2020-website\schedule\week11\admin-te3201.mbdf
2019-12-26T12:40:36.253Z - info: Rebuilding affected source files
2019-12-26T12:40:36.254Z - info: Rebuilding 3 pages
2019-12-26T12:40:38.254Z - info: Pages rebuilt
2019-12-26T12:40:38.264Z - info: Site data built
2019-12-26T12:41:30.018Z - info: [8:41:30 PM] Reload for file change: C:\repos\nus-te3201\te3201-2020-website\programming\monty\monty.mbdf
2019-12-26T12:41:31.018Z - info: Rebuilding affected source files
2019-12-26T12:41:31.021Z - info: Rebuilding 12 pages
2019-12-26T12:41:33.176Z - info: Pages rebuilt
2019-12-26T12:41:33.188Z - info: Site data built
2019-12-26T12:42:12.152Z - info: [8:42:12 PM] Reload for file change: C:\repos\nus-te3201\te3201-2020-website\programming\monty\monty.mbdf
2019-12-26T12:42:13.154Z - info: Rebuilding affected source files
2019-12-26T12:42:13.156Z - info: Rebuilding 12 pages
2019-12-26T12:42:14.992Z - info: Pages rebuilt
2019-12-26T12:42:15.000Z - info: Site data built
2019-12-26T12:43:57.475Z - info: Website generation started at 8:43:56 PM
2019-12-26T12:43:59.991Z - info: Building assets...
