2020-01-14T04:14:46.262Z - info: Website generation started at 12:14:44 PM
2020-01-14T04:14:49.032Z - info: Building assets...
2020-01-14T04:14:51.270Z - info: Assets built
2020-01-14T04:14:51.270Z - info: Generating pages...
2020-01-14T04:14:51.826Z - info: Pages built
2020-01-14T04:14:51.994Z - info: Website generation complete! Total build time: 7.081s
2020-01-14T04:14:52.376Z - info: Serving "C:\repos\nus-te3201\te3201-2020-website\_site" at http://127.0.0.1:8080
2020-01-14T04:14:52.376Z - info: Press CTRL+C to stop ...
2020-01-14T04:14:52.465Z - info: Site data built
2020-01-14T04:16:37.358Z - info: [12:16:37 PM] Reload for file change: C:\repos\nus-te3201\te3201-2020-website\_markbind\headers\header.md
2020-01-14T04:16:38.360Z - info: Rebuilding affected source files
2020-01-14T04:16:38.361Z - info: Rebuilding 1 pages
2020-01-14T04:16:38.718Z - info: Pages rebuilt
2020-01-14T04:16:38.721Z - info: Site data built
2020-01-14T04:16:45.694Z - info: [12:16:45 PM] Reload for file change: C:\repos\nus-te3201\te3201-2020-website\_markbind\headers\header.md
2020-01-14T04:16:46.694Z - info: Rebuilding affected source files
2020-01-14T04:16:46.694Z - info: Rebuilding 1 pages
2020-01-14T04:16:46.885Z - info: Pages rebuilt
2020-01-14T04:16:46.892Z - info: Site data built
2020-01-14T04:24:48.183Z - info: [12:24:48 PM] Reload for file change: C:\repos\nus-te3201\te3201-2020-website\schedule\week1\admin-te3201.mbdf
2020-01-14T04:24:48.201Z - info: [12:24:48 PM] Reload for file change: C:\repos\nus-te3201\te3201-2020-website\admin\te3201-admin.md
2020-01-14T04:24:49.187Z - info: Rebuilding affected source files
2020-01-14T04:24:49.188Z - info: Rebuilding 1 pages
2020-01-14T04:24:49.447Z - info: Pages rebuilt
2020-01-14T04:24:49.455Z - info: Site data built
2020-01-14T04:25:03.471Z - info: Website generation started at 12:25:02 PM
2020-01-14T04:25:06.112Z - info: Building assets...
2020-01-14T04:25:08.455Z - info: Assets built
2020-01-14T04:25:08.455Z - info: Generating pages...
2020-01-14T04:25:38.335Z - debug: The process cannot access the file because it is being used by another process.

2020-01-14T04:25:38.335Z - debug: The process cannot access the file because it is being used by another process.

2020-01-14T04:25:38.335Z - debug: The process cannot access the file because it is being used by another process.

2020-01-14T04:25:38.335Z - debug: The process cannot access the file because it is being used by another process.

2020-01-14T04:25:38.335Z - debug: The process cannot access the file because it is being used by another process.

2020-01-14T04:25:38.336Z - debug: The process cannot access the file because it is being used by another process.

2020-01-14T04:25:38.336Z - debug: The process cannot access the file because it is being used by another process.

2020-01-14T04:25:38.337Z - debug: The process cannot access the file because it is being used by another process.

2020-01-14T04:25:44.304Z - debug:  
2020-01-14T04:25:44.305Z - debug:  
2020-01-14T04:25:44.305Z - debug:  
2020-01-14T04:26:12.504Z - info: Pages built
2020-01-14T04:26:23.106Z - info: Website generation complete! Total build time: 80.215s
2020-01-14T04:26:23.456Z - info: Serving "C:\repos\nus-te3201\te3201-2020-website\_site" at http://127.0.0.1:8080
2020-01-14T04:26:23.456Z - info: Press CTRL+C to stop ...
2020-01-14T04:26:23.547Z - info: Site data built
2020-01-14T04:27:13.410Z - info: [12:27:13 PM] Reload for file change: C:\repos\nus-te3201\te3201-2020-website\schedule\week1\admin-te3201.mbdf
2020-01-14T04:27:14.411Z - info: Rebuilding affected source files
2020-01-14T04:27:14.413Z - info: Rebuilding 5 pages
2020-01-14T04:27:16.766Z - info: Pages rebuilt
2020-01-14T04:27:16.772Z - info: Site data built
2020-01-14T05:02:23.746Z - info: Website generation started at 1:02:22 PM
2020-01-14T05:02:26.298Z - info: Building assets...
