2020-03-10T03:28:18.063Z - info: Website generation started at 11:28:14 AM
2020-03-10T03:28:21.525Z - info: Building assets...
2020-03-10T03:28:25.287Z - info: Assets built
2020-03-10T03:28:25.287Z - info: Generating pages...
2020-03-10T03:29:03.554Z - debug: The process cannot access the file because it is being used by another process.

2020-03-10T03:29:03.555Z - debug: The process cannot access the file because it is being used by another process.

2020-03-10T03:29:03.555Z - debug: The process cannot access the file because it is being used by another process.

2020-03-10T03:29:03.555Z - debug: The process cannot access the file because it is being used by another process.

2020-03-10T03:29:03.556Z - debug: The process cannot access the file because it is being used by another process.

2020-03-10T03:29:03.556Z - debug: The process cannot access the file because it is being used by another process.

2020-03-10T03:29:03.557Z - debug: The process cannot access the file because it is being used by another process.

2020-03-10T03:29:03.558Z - debug: The process cannot access the file because it is being used by another process.

2020-03-10T03:29:03.559Z - debug: The process cannot access the file because it is being used by another process.

2020-03-10T03:29:03.559Z - debug: The process cannot access the file because it is being used by another process.

2020-03-10T03:29:03.559Z - debug: The process cannot access the file because it is being used by another process.

2020-03-10T03:29:03.559Z - debug: The process cannot access the file because it is being used by another process.

2020-03-10T03:29:03.559Z - debug: The process cannot access the file because it is being used by another process.

2020-03-10T03:29:03.560Z - debug: The process cannot access the file because it is being used by another process.

2020-03-10T03:29:08.225Z - debug:  
2020-03-10T03:29:10.973Z - debug:  
2020-03-10T03:29:10.973Z - debug:  
2020-03-10T03:29:39.112Z - debug:  
2020-03-10T03:29:39.112Z - debug:  
2020-03-10T03:29:45.918Z - info: Pages built
2020-03-10T03:30:00.511Z - info: Website generation complete! Total build time: 106.256s
2020-03-10T03:30:00.511Z - info: Build success!
2020-03-10T03:30:00.515Z - info: Site data built
2020-03-10T03:30:53.058Z - info: Deployed!
