2020-02-18T08:31:55.225Z - info: Website generation started at 4:31:54 PM
2020-02-18T08:31:57.242Z - info: Building assets...
2020-02-18T08:31:58.979Z - info: Assets built
2020-02-18T08:31:58.980Z - info: Generating pages...
2020-02-18T08:32:31.956Z - debug: The process cannot access the file because it is being used by another process.

2020-02-18T08:32:31.964Z - debug: The process cannot access the file because it is being used by another process.

2020-02-18T08:32:31.964Z - debug: The process cannot access the file because it is being used by another process.

2020-02-18T08:32:31.965Z - debug: The process cannot access the file because it is being used by another process.

2020-02-18T08:32:31.965Z - debug: The process cannot access the file because it is being used by another process.

2020-02-18T08:32:31.965Z - debug: The process cannot access the file because it is being used by another process.

2020-02-18T08:32:31.967Z - debug: The process cannot access the file because it is being used by another process.

2020-02-18T08:32:31.967Z - debug: The process cannot access the file because it is being used by another process.

2020-02-18T08:32:36.794Z - debug:  
2020-02-18T08:32:38.599Z - debug:  
2020-02-18T08:32:38.600Z - debug:  
2020-02-18T08:33:10.559Z - info: Pages built
2020-02-18T08:33:22.573Z - info: Website generation complete! Total build time: 88.069s
2020-02-18T08:33:32.892Z - info: Serving "C:\repos\nus-te3201\te3201-2020-website\_site" at http://127.0.0.1:8080
2020-02-18T08:33:32.892Z - info: Press CTRL+C to stop ...
2020-02-18T08:33:32.985Z - info: Site data built
2020-02-18T08:34:47.464Z - info: [4:34:47 PM] Reload for file change: C:\repos\nus-te3201\te3201-2020-website\schedule\programming-topics.mbdf
2020-02-18T08:34:48.466Z - info: Rebuilding affected source files
2020-02-18T08:34:48.472Z - info: Rebuilding 29 pages
2020-02-18T08:34:56.662Z - info: Pages rebuilt
2020-02-18T08:34:56.669Z - info: Site data built
2020-02-18T08:35:41.651Z - info: Website generation started at 4:35:40 PM
2020-02-18T08:35:43.801Z - info: Building assets...
