2020-03-08T07:17:04.046Z - info: Website generation started at 3:16:59 PM
2020-03-08T07:17:08.010Z - info: Building assets...
2020-03-08T07:17:11.101Z - info: Assets built
2020-03-08T07:17:11.101Z - info: Generating pages...
2020-03-08T07:17:48.355Z - debug: The process cannot access the file because it is being used by another process.

2020-03-08T07:17:48.356Z - debug: The process cannot access the file because it is being used by another process.

2020-03-08T07:17:48.356Z - debug: The process cannot access the file because it is being used by another process.

2020-03-08T07:17:48.356Z - debug: The process cannot access the file because it is being used by another process.

2020-03-08T07:17:48.357Z - debug: The process cannot access the file because it is being used by another process.

2020-03-08T07:17:48.357Z - debug: The process cannot access the file because it is being used by another process.

2020-03-08T07:17:48.357Z - debug: The process cannot access the file because it is being used by another process.

2020-03-08T07:17:48.357Z - debug: The process cannot access the file because it is being used by another process.

2020-03-08T07:17:48.358Z - debug: The process cannot access the file because it is being used by another process.

2020-03-08T07:17:48.358Z - debug: The process cannot access the file because it is being used by another process.

2020-03-08T07:17:48.359Z - debug: The process cannot access the file because it is being used by another process.

2020-03-08T07:17:48.360Z - debug: The process cannot access the file because it is being used by another process.

2020-03-08T07:17:48.360Z - debug: The process cannot access the file because it is being used by another process.

2020-03-08T07:17:48.360Z - debug: The process cannot access the file because it is being used by another process.

2020-03-08T07:17:54.529Z - debug:  
2020-03-08T07:17:54.529Z - debug:  
2020-03-08T07:17:54.529Z - debug:  
2020-03-08T07:18:31.480Z - info: Pages built
2020-03-08T07:18:45.499Z - info: Website generation complete! Total build time: 106.386s
2020-03-08T07:18:45.890Z - info: Serving "C:\repos\nus-te3201\te3201-2020-website\_site" at http://127.0.0.1:8080
2020-03-08T07:18:45.890Z - info: Press CTRL+C to stop ...
2020-03-08T07:18:46.007Z - info: Site data built
2020-03-08T07:21:27.583Z - info: [3:21:27 PM] Reload for file change: C:\repos\nus-te3201\te3201-2020-website\schedule\programming-topics.mbdf
2020-03-08T07:21:28.585Z - info: Rebuilding affected source files
2020-03-08T07:21:28.593Z - info: Rebuilding 29 pages
2020-03-08T07:21:37.362Z - info: Pages rebuilt
2020-03-08T07:21:37.371Z - info: Site data built
2020-03-08T07:22:00.678Z - info: [3:22:00 PM] Reload for file change: C:\repos\nus-te3201\te3201-2020-website\schedule\programming-topics.mbdf
2020-03-08T07:22:01.678Z - info: Rebuilding affected source files
2020-03-08T07:22:01.683Z - info: Rebuilding 29 pages
2020-03-08T07:22:10.866Z - info: Pages rebuilt
2020-03-08T07:22:10.875Z - info: Site data built
2020-03-08T07:22:23.504Z - info: [3:22:23 PM] Reload for file change: C:\repos\nus-te3201\te3201-2020-website\schedule\programming-topics.mbdf
2020-03-08T07:22:24.505Z - info: Rebuilding affected source files
2020-03-08T07:22:24.512Z - info: Rebuilding 29 pages
2020-03-08T07:22:32.806Z - info: Pages rebuilt
2020-03-08T07:22:32.815Z - info: Site data built
2020-03-08T07:23:22.816Z - info: [3:23:22 PM] Reload for file change: C:\repos\nus-te3201\te3201-2020-website\schedule\programming-topics.mbdf
2020-03-08T07:23:23.817Z - info: Rebuilding affected source files
2020-03-08T07:23:23.827Z - info: Rebuilding 29 pages
2020-03-08T07:23:32.715Z - info: Pages rebuilt
2020-03-08T07:23:32.721Z - info: Site data built
2020-03-08T12:16:00.484Z - info: Website generation started at 8:15:54 PM
2020-03-08T12:16:04.468Z - info: Building assets...
2020-03-08T12:16:08.002Z - info: Assets built
2020-03-08T12:16:08.003Z - info: Generating pages...
2020-03-08T12:16:48.240Z - debug: The process cannot access the file because it is being used by another process.

2020-03-08T12:16:48.241Z - debug: The process cannot access the file because it is being used by another process.

2020-03-08T12:16:48.241Z - debug: The process cannot access the file because it is being used by another process.

2020-03-08T12:16:48.241Z - debug: The process cannot access the file because it is being used by another process.

2020-03-08T12:16:48.242Z - debug: The process cannot access the file because it is being used by another process.

2020-03-08T12:16:48.242Z - debug: The process cannot access the file because it is being used by another process.

2020-03-08T12:16:48.242Z - debug: The process cannot access the file because it is being used by another process.

2020-03-08T12:16:48.242Z - debug: The process cannot access the file because it is being used by another process.

2020-03-08T12:16:48.242Z - debug: The process cannot access the file because it is being used by another process.

2020-03-08T12:16:48.243Z - debug: The process cannot access the file because it is being used by another process.

2020-03-08T12:16:48.243Z - debug: The process cannot access the file because it is being used by another process.

2020-03-08T12:16:48.243Z - debug: The process cannot access the file because it is being used by another process.

2020-03-08T12:16:48.243Z - debug: The process cannot access the file because it is being used by another process.

2020-03-08T12:16:48.249Z - debug: The process cannot access the file because it is being used by another process.

2020-03-08T12:16:52.929Z - debug:  
2020-03-08T12:16:54.138Z - debug:  
2020-03-08T12:16:54.139Z - debug:  
2020-03-08T12:17:30.005Z - info: Pages built
2020-03-08T12:17:44.775Z - info: Website generation complete! Total build time: 109.999s
2020-03-08T12:17:44.776Z - info: Build success!
2020-03-08T12:17:44.780Z - info: Site data built
2020-03-08T12:18:38.264Z - info: Deployed!
