2019-12-26T16:00:40.226Z - info: Pages built
2019-12-26T16:01:04.429Z - info: Website generation complete! Total build time: 188.686s
2019-12-26T16:01:04.772Z - info: Serving "C:\repos\nus-te3201\te3201-2020-website\_site" at http://127.0.0.1:8080
2019-12-26T16:01:04.772Z - info: Press CTRL+C to stop ...
2019-12-26T16:01:04.840Z - info: Site data built
2019-12-26T16:10:16.005Z - info: [00:10:16] Reload for file change: C:\repos\nus-te3201\te3201-2020-website\schedule\index.md
2019-12-26T16:10:17.011Z - info: Rebuilding affected source files
2019-12-26T16:10:17.015Z - info: Rebuilding 2 pages
2019-12-26T16:10:17.534Z - info: Pages rebuilt
2019-12-26T16:10:17.538Z - info: Site data built
2019-12-26T16:10:37.997Z - info: Website generation started at 00:10:32
2019-12-26T16:10:41.627Z - info: Building assets...
2019-12-26T16:10:44.605Z - info: Assets built
2019-12-26T16:10:44.605Z - info: Generating pages...
2019-12-26T16:11:47.189Z - debug: The process cannot access the file because it is being used by another process.

2019-12-26T16:11:47.190Z - debug: The process cannot access the file because it is being used by another process.

2019-12-26T16:11:47.190Z - debug: The process cannot access the file because it is being used by another process.

2019-12-26T16:11:47.191Z - debug: The process cannot access the file because it is being used by another process.

2019-12-26T16:11:48.379Z - debug: The process cannot access the file because it is being used by another process.

2019-12-26T16:11:48.400Z - debug: The process cannot access the file because it is being used by another process.

2019-12-26T16:11:48.400Z - debug: The process cannot access the file because it is being used by another process.

2019-12-26T16:11:49.255Z - debug: The process cannot access the file because it is being used by another process.

2019-12-26T16:12:21.095Z - debug:  
2019-12-26T16:12:21.095Z - debug:  
2019-12-26T16:12:21.095Z - debug:  
2019-12-26T16:12:21.095Z - debug:  
2019-12-26T16:12:50.659Z - info: Pages built
2019-12-26T16:13:11.842Z - info: Website generation complete! Total build time: 158.883s
2019-12-26T16:13:12.132Z - info: Serving "C:\repos\nus-te3201\te3201-2020-website\_site" at http://127.0.0.1:8080
2019-12-26T16:13:12.132Z - info: Press CTRL+C to stop ...
2019-12-26T16:13:12.259Z - info: Site data built
2019-12-26T16:14:50.532Z - info: [00:14:50] Reload for file change: C:\repos\nus-te3201\te3201-2020-website\index.md
2019-12-26T16:14:51.546Z - info: Rebuilding affected source files
2019-12-26T16:14:51.549Z - info: Rebuilding 1 pages
2019-12-26T16:14:52.137Z - info: Pages rebuilt
2019-12-26T16:14:52.146Z - info: Site data built
2019-12-26T16:15:09.145Z - info: [00:15:09] Reload for file change: C:\repos\nus-te3201\te3201-2020-website\index.md
2019-12-26T16:15:10.146Z - info: Rebuilding affected source files
2019-12-26T16:15:10.150Z - info: Rebuilding 1 pages
2019-12-26T16:15:10.414Z - info: Pages rebuilt
2019-12-26T16:15:10.420Z - info: Site data built
2019-12-26T16:15:12.104Z - info: [00:15:12] Reload for file change: C:\repos\nus-te3201\te3201-2020-website\index.md
2019-12-26T16:15:13.126Z - info: Rebuilding affected source files
2019-12-26T16:15:13.128Z - info: Rebuilding 1 pages
2019-12-26T16:15:13.422Z - info: Pages rebuilt
2019-12-26T16:15:13.430Z - info: Site data built
2019-12-26T16:15:39.193Z - info: [00:15:39] Reload for file change: C:\repos\nus-te3201\te3201-2020-website\index.md
2019-12-26T16:15:40.194Z - info: Rebuilding affected source files
2019-12-26T16:15:40.195Z - info: Rebuilding 1 pages
2019-12-26T16:15:40.436Z - info: Pages rebuilt
2019-12-26T16:15:40.442Z - info: Site data built
2019-12-26T16:16:23.348Z - info: [00:16:23] Reload for file change: C:\repos\nus-te3201\te3201-2020-website\index.md
2019-12-26T16:16:24.354Z - info: Rebuilding affected source files
2019-12-26T16:16:24.356Z - info: Rebuilding 1 pages
2019-12-26T16:16:24.682Z - info: Pages rebuilt
2019-12-26T16:16:24.690Z - info: Site data built
2019-12-26T16:17:21.112Z - info: [00:17:21] Reload for file change: C:\repos\nus-te3201\te3201-2020-website\index.md
2019-12-26T16:17:22.114Z - info: Rebuilding affected source files
2019-12-26T16:17:22.115Z - info: Rebuilding 1 pages
2019-12-26T16:17:22.347Z - info: Pages rebuilt
2019-12-26T16:17:22.415Z - info: Site data built
2019-12-26T16:19:52.014Z - info: Website generation started at 00:19:46
2019-12-26T16:19:55.256Z - info: Building assets...
2019-12-26T16:19:58.027Z - info: Assets built
2019-12-26T16:19:58.028Z - info: Generating pages...
2019-12-26T16:20:56.185Z - debug: The process cannot access the file because it is being used by another process.

2019-12-26T16:20:56.186Z - debug: The process cannot access the file because it is being used by another process.

2019-12-26T16:20:56.187Z - debug: The process cannot access the file because it is being used by another process.

2019-12-26T16:20:56.187Z - debug: The process cannot access the file because it is being used by another process.

2019-12-26T16:20:57.832Z - debug: The process cannot access the file because it is being used by another process.

2019-12-26T16:20:57.833Z - debug: The process cannot access the file because it is being used by another process.

2019-12-26T16:20:57.833Z - debug: The process cannot access the file because it is being used by another process.

2019-12-26T16:20:58.154Z - debug: The process cannot access the file because it is being used by another process.

2019-12-26T16:21:31.792Z - debug:  
2019-12-26T16:21:31.792Z - debug:  
2019-12-26T16:21:31.793Z - debug:  
2019-12-26T16:21:31.793Z - debug:  
2019-12-26T16:22:02.806Z - info: Pages built
2019-12-26T16:22:25.144Z - info: Website generation complete! Total build time: 158.829s
2019-12-26T16:22:25.145Z - info: Build success!
2019-12-26T16:22:25.205Z - info: Site data built
2019-12-26T16:23:08.646Z - info: Deployed!
