2020-03-03T15:07:16.878Z - info: Website generation started at 23:07:09
2020-03-03T15:07:22.644Z - info: Building assets...
2020-03-03T15:07:29.699Z - info: Assets built
2020-03-03T15:07:29.699Z - info: Generating pages...
2020-03-03T15:08:45.414Z - debug: The process cannot access the file because it is being used by another process.

2020-03-03T15:08:46.994Z - debug: The process cannot access the file because it is being used by another process.

2020-03-03T15:08:46.998Z - debug: The process cannot access the file because it is being used by another process.

2020-03-03T15:08:46.998Z - debug: The process cannot access the file because it is being used by another process.

2020-03-03T15:08:46.998Z - debug: The process cannot access the file because it is being used by another process.

2020-03-03T15:08:46.998Z - debug: The process cannot access the file because it is being used by another process.

2020-03-03T15:08:46.998Z - debug: The process cannot access the file because it is being used by another process.

2020-03-03T15:08:46.998Z - debug: The process cannot access the file because it is being used by another process.

2020-03-03T15:08:46.998Z - debug: The process cannot access the file because it is being used by another process.

2020-03-03T15:08:46.998Z - debug: The process cannot access the file because it is being used by another process.

2020-03-03T15:08:46.998Z - debug: The process cannot access the file because it is being used by another process.

2020-03-03T15:08:46.998Z - debug: The process cannot access the file because it is being used by another process.

2020-03-03T15:08:46.998Z - debug: The process cannot access the file because it is being used by another process.

2020-03-03T15:08:47.450Z - debug: The process cannot access the file because it is being used by another process.

2020-03-03T15:08:57.410Z - debug:  
2020-03-03T15:08:57.410Z - debug:  
2020-03-03T15:08:57.410Z - debug:  
2020-03-03T15:10:01.195Z - info: Pages built
2020-03-03T15:10:23.676Z - info: Website generation complete! Total build time: 194.017s
2020-03-03T15:10:23.676Z - info: Build success!
2020-03-03T15:10:23.680Z - info: Site data built
2020-03-03T15:11:01.839Z - info: Deployed!
