2020-02-03T14:32:42.899Z - info: Website generation started at 22:32:36
2020-02-03T14:32:48.428Z - info: Building assets...
2020-02-03T14:32:52.566Z - info: Assets built
2020-02-03T14:32:52.566Z - info: Generating pages...
2020-02-03T14:34:06.169Z - debug: The process cannot access the file because it is being used by another process.

2020-02-03T14:34:06.172Z - debug: The process cannot access the file because it is being used by another process.

2020-02-03T14:34:06.172Z - debug: The process cannot access the file because it is being used by another process.

2020-02-03T14:34:06.172Z - debug: The process cannot access the file because it is being used by another process.

2020-02-03T14:34:06.172Z - debug: The process cannot access the file because it is being used by another process.

2020-02-03T14:34:06.173Z - debug: The process cannot access the file because it is being used by another process.

2020-02-03T14:34:06.173Z - debug: The process cannot access the file because it is being used by another process.

2020-02-03T14:34:06.173Z - debug: The process cannot access the file because it is being used by another process.

2020-02-03T14:34:38.798Z - debug:  
2020-02-03T14:34:38.799Z - debug:  
2020-02-03T14:34:38.799Z - debug:  
2020-02-03T14:35:09.182Z - info: Pages built
2020-02-03T14:35:31.549Z - info: Website generation complete! Total build time: 175.307s
2020-02-03T14:35:31.854Z - info: Serving "C:\repos\nus-te3201\te3201-2020-website\_site" at http://127.0.0.1:8080
2020-02-03T14:35:31.854Z - info: Press CTRL+C to stop ...
2020-02-03T14:35:31.989Z - info: Site data built
2020-02-03T14:36:08.792Z - info: [22:36:08] Reload for file change: C:\repos\nus-te3201\te3201-2020-website\programming\objectReferences\text.md
2020-02-03T14:36:09.801Z - info: Rebuilding affected source files
2020-02-03T14:36:09.803Z - info: Rebuilding 2 pages
2020-02-03T14:36:11.862Z - info: Pages rebuilt
2020-02-03T14:36:11.876Z - info: Site data built
2020-02-03T14:39:05.475Z - info: [22:39:05] Reload for file change: C:\repos\nus-te3201\te3201-2020-website\programming\functions-parameters\text.md
2020-02-03T14:39:05.491Z - info: [22:39:05] Reload for file change: C:\repos\nus-te3201\te3201-2020-website\programming\functions-def\text.md
2020-02-03T14:39:05.509Z - info: [22:39:05] Reload for file change: C:\repos\nus-te3201\te3201-2020-website\programming\objectReferences\text.md
2020-02-03T14:39:06.485Z - info: Rebuilding affected source files
2020-02-03T14:39:06.485Z - info: Rebuilding 4 pages
2020-02-03T14:39:09.971Z - info: Pages rebuilt
2020-02-03T14:39:10.050Z - info: Site data built
2020-02-03T14:40:08.396Z - info: [22:40:08] Reload for file change: C:\repos\nus-te3201\te3201-2020-website\programming\objectReferences\text.md
2020-02-03T14:40:09.412Z - info: Rebuilding affected source files
2020-02-03T14:40:09.417Z - info: Rebuilding 2 pages
2020-02-03T14:40:11.909Z - info: Pages rebuilt
2020-02-03T14:40:11.938Z - info: Site data built
2020-02-03T14:40:58.187Z - info: [22:40:58] Reload for file change: C:\repos\nus-te3201\te3201-2020-website\programming\objectReferences\text.md
2020-02-03T14:40:59.191Z - info: Rebuilding affected source files
2020-02-03T14:40:59.193Z - info: Rebuilding 2 pages
2020-02-03T14:41:01.461Z - info: Pages rebuilt
2020-02-03T14:41:01.470Z - info: Site data built
2020-02-03T14:42:17.863Z - info: [22:42:17] Reload for file change: C:\repos\nus-te3201\te3201-2020-website\programming\objectReferences\text.md
2020-02-03T14:42:18.871Z - info: Rebuilding affected source files
2020-02-03T14:42:18.874Z - info: Rebuilding 2 pages
2020-02-03T14:42:21.513Z - info: Pages rebuilt
2020-02-03T14:42:21.513Z - info: Site data built
2020-02-03T14:43:08.211Z - info: [22:43:08] Reload for file change: C:\repos\nus-te3201\te3201-2020-website\programming\objectReferences\text.md
2020-02-03T14:43:09.213Z - info: Rebuilding affected source files
2020-02-03T14:43:09.215Z - info: Rebuilding 2 pages
2020-02-03T14:43:11.382Z - info: Pages rebuilt
2020-02-03T14:43:11.387Z - info: Site data built
2020-02-03T14:45:31.673Z - info: Website generation started at 22:45:26
2020-02-03T14:45:35.198Z - info: Building assets...
