2020-02-04T08:22:32.167Z - info: Website generation started at 4:22:30 PM
2020-02-04T08:22:35.055Z - info: Building assets...
2020-02-04T08:22:37.157Z - info: Assets built
2020-02-04T08:22:37.157Z - info: Generating pages...
2020-02-04T08:23:06.992Z - debug: The process cannot access the file because it is being used by another process.

2020-02-04T08:23:06.992Z - debug: The process cannot access the file because it is being used by another process.

2020-02-04T08:23:06.992Z - debug: The process cannot access the file because it is being used by another process.

2020-02-04T08:23:06.993Z - debug: The process cannot access the file because it is being used by another process.

2020-02-04T08:23:06.993Z - debug: The process cannot access the file because it is being used by another process.

2020-02-04T08:23:06.993Z - debug: The process cannot access the file because it is being used by another process.

2020-02-04T08:23:06.994Z - debug: The process cannot access the file because it is being used by another process.

2020-02-04T08:23:06.994Z - debug: The process cannot access the file because it is being used by another process.

2020-02-04T08:23:10.967Z - debug:  
2020-02-04T08:23:10.967Z - debug:  
2020-02-04T08:23:10.967Z - debug:  
2020-02-04T08:23:40.222Z - info: Pages built
2020-02-04T08:23:50.711Z - info: Website generation complete! Total build time: 79.784s
2020-02-04T08:23:50.712Z - info: Build success!
2020-02-04T08:23:50.714Z - info: Site data built
2020-02-04T08:24:27.502Z - info: Deployed!
