2020-01-11T14:42:01.146Z - info: Website generation started at 22:41:58
2020-01-11T14:42:04.798Z - info: Building assets...
2020-01-11T14:42:08.127Z - info: Assets built
2020-01-11T14:42:08.128Z - info: Generating pages...
2020-01-11T14:42:08.803Z - info: Pages built
2020-01-11T14:42:08.901Z - info: Website generation complete! Total build time: 10.11s
2020-01-11T14:42:09.214Z - info: Serving "C:\repos\nus-te3201\te3201-2020-website\_site" at http://127.0.0.1:8080
2020-01-11T14:42:09.214Z - info: Press CTRL+C to stop ...
2020-01-11T14:42:09.286Z - info: Site data built
2020-01-11T14:43:15.082Z - info: Deployed!
2020-01-11T14:47:45.182Z - info: Website generation started at 22:47:42
2020-01-11T14:47:48.791Z - info: Building assets...
2020-01-11T14:47:52.147Z - info: Assets built
2020-01-11T14:47:52.148Z - info: Generating pages...
2020-01-11T14:49:01.099Z - debug: The process cannot access the file because it is being used by another process.

2020-01-11T14:49:01.100Z - debug: The process cannot access the file because it is being used by another process.

2020-01-11T14:49:01.101Z - debug: The process cannot access the file because it is being used by another process.

2020-01-11T14:49:01.101Z - debug: The process cannot access the file because it is being used by another process.

2020-01-11T14:49:01.101Z - debug: The process cannot access the file because it is being used by another process.

2020-01-11T14:49:01.102Z - debug: The process cannot access the file because it is being used by another process.

2020-01-11T14:49:01.102Z - debug: The process cannot access the file because it is being used by another process.

2020-01-11T14:49:01.103Z - debug: The process cannot access the file because it is being used by another process.

2020-01-11T14:49:29.398Z - debug:  
2020-01-11T14:49:29.398Z - debug:  
2020-01-11T14:49:29.398Z - debug:  
2020-01-11T14:50:04.749Z - info: Pages built
2020-01-11T14:50:25.905Z - info: Website generation complete! Total build time: 163.233s
2020-01-11T14:50:25.906Z - info: Build success!
2020-01-11T14:50:25.924Z - info: Site data built
2020-01-11T14:50:55.257Z - info: Deployed!
