2020-03-02T14:36:35.689Z - info: Website generation started at 22:36:27
2020-03-02T14:36:42.319Z - info: Building assets...
2020-03-02T14:36:46.821Z - info: Assets built
2020-03-02T14:36:46.823Z - info: Generating pages...
2020-03-02T14:36:54.718Z - info: Pages built
2020-03-02T14:36:56.063Z - info: Website generation complete! Total build time: 28.293s
2020-03-02T14:36:56.576Z - info: Serving "C:\repos\nus-te3201\te3201-2020-website\_site" at http://127.0.0.1:8080
2020-03-02T14:36:56.576Z - info: Press CTRL+C to stop ...
2020-03-02T14:36:56.635Z - info: Site data built
2020-03-02T14:39:44.947Z - info: [22:39:44] Reload for file change: C:\repos\nus-te3201\te3201-2020-website\book\codeQuality\maximiseReadability\basic\avoidMagicNumbers\text.md
2020-03-02T14:39:45.951Z - info: Rebuilding affected source files
2020-03-02T14:39:45.952Z - info: Rebuilding 1 pages
2020-03-02T14:39:49.985Z - info: Pages rebuilt
2020-03-02T14:39:49.994Z - info: Site data built
2020-03-02T14:44:50.949Z - info: [22:44:50] Reload for file change: C:\repos\nus-te3201\te3201-2020-website\book\codeQuality\avoidShortcuts\basic\dontRecycleVarsOrParams\text.md
2020-03-02T14:44:51.952Z - info: Rebuilding affected source files
2020-03-02T14:44:51.953Z - info: Rebuilding 1 pages
2020-03-02T14:44:55.399Z - info: Pages rebuilt
2020-03-02T14:44:55.480Z - info: Site data built
2020-03-02T14:47:39.233Z - info: [22:47:39] Reload for file change: C:\repos\nus-te3201\te3201-2020-website\book\codeQuality\commentMinimally\basic\dontRepeatObvious\text.md
2020-03-02T14:47:40.234Z - info: Rebuilding affected source files
2020-03-02T14:47:40.237Z - info: Rebuilding 1 pages
2020-03-02T14:47:43.752Z - info: Pages rebuilt
2020-03-02T14:47:43.837Z - info: Site data built
2020-03-02T14:48:40.602Z - info: [22:48:40] Reload for file change: C:\repos\nus-te3201\te3201-2020-website\book\codeQuality\commentMinimally\basic\writeToReader\example-python.md
2020-03-02T14:48:41.606Z - info: Rebuilding affected source files
2020-03-02T14:48:41.607Z - info: Rebuilding 1 pages
2020-03-02T14:48:45.123Z - info: Pages rebuilt
2020-03-02T14:48:45.128Z - info: Site data built
2020-03-02T14:51:02.326Z - info: [22:51:02] Reload for file change: C:\repos\nus-te3201\te3201-2020-website\schedule\week7\commentary.mbdf
2020-03-02T14:51:03.329Z - info: Rebuilding affected source files
2020-03-02T14:51:03.330Z - info: Rebuilding 1 pages
2020-03-02T14:51:07.707Z - info: Pages rebuilt
2020-03-02T14:51:07.727Z - info: Site data built
2020-03-02T14:53:42.207Z - info: Website generation started at 22:53:38
2020-03-02T14:53:46.787Z - info: Building assets...
2020-03-02T14:53:51.588Z - info: Assets built
2020-03-02T14:53:51.589Z - info: Generating pages...
2020-03-02T14:53:52.850Z - info: Pages built
2020-03-02T14:53:53.091Z - info: Website generation complete! Total build time: 14.393s
2020-03-02T14:53:53.388Z - info: Serving "C:\repos\nus-te3201\te3201-2020-website\_site" at http://127.0.0.1:8080
2020-03-02T14:53:53.388Z - info: Press CTRL+C to stop ...
2020-03-02T14:53:53.438Z - info: Site data built
2020-03-02T14:56:45.390Z - info: [22:56:45] Reload for file change: C:\repos\nus-te3201\te3201-2020-website\schedule\programming-topics.mbdf
2020-03-02T14:56:46.404Z - info: Rebuilding affected source files
2020-03-02T14:56:46.407Z - info: Rebuilding 1 pages
2020-03-02T14:56:48.445Z - info: Pages rebuilt
2020-03-02T14:56:48.452Z - info: Site data built
2020-03-02T14:57:09.845Z - info: [22:57:09] Reload for file change: C:\repos\nus-te3201\te3201-2020-website\schedule\programming-topics.mbdf
2020-03-02T14:57:10.856Z - info: Rebuilding affected source files
2020-03-02T14:57:10.857Z - info: Rebuilding 1 pages
2020-03-02T14:57:12.099Z - info: Pages rebuilt
2020-03-02T14:57:12.117Z - info: Site data built
2020-03-02T15:00:48.724Z - info: Website generation started at 23:00:46
2020-03-02T15:00:53.219Z - info: Building assets...
