2020-01-20T07:55:40.288Z - info: Website generation started at 3:55:38 PM
2020-01-20T07:55:43.152Z - info: Building assets...
2020-01-20T07:55:45.520Z - info: Assets built
2020-01-20T07:55:45.520Z - info: Generating pages...
2020-01-20T07:56:19.940Z - debug: The process cannot access the file because it is being used by another process.

2020-01-20T07:56:19.953Z - debug: The process cannot access the file because it is being used by another process.

2020-01-20T07:56:19.953Z - debug: The process cannot access the file because it is being used by another process.

2020-01-20T07:56:19.953Z - debug: The process cannot access the file because it is being used by another process.

2020-01-20T07:56:19.954Z - debug: The process cannot access the file because it is being used by another process.

2020-01-20T07:56:19.954Z - debug: The process cannot access the file because it is being used by another process.

2020-01-20T07:56:19.955Z - debug: The process cannot access the file because it is being used by another process.

2020-01-20T07:56:19.955Z - debug: The process cannot access the file because it is being used by another process.

2020-01-20T07:56:25.716Z - debug:  
2020-01-20T07:56:25.716Z - debug:  
2020-01-20T07:56:25.716Z - debug:  
2020-01-20T07:56:52.662Z - info: Pages built
2020-01-20T07:57:02.993Z - info: Website generation complete! Total build time: 84.086s
2020-01-20T07:57:03.326Z - info: Serving "C:\repos\nus-te3201\te3201-2020-website\_site" at http://127.0.0.1:8080
2020-01-20T07:57:03.326Z - info: Press CTRL+C to stop ...
2020-01-20T07:57:03.412Z - info: Site data built
2020-01-20T08:02:21.075Z - info: [4:02:21 PM] Reload for file change: C:\repos\nus-te3201\te3201-2020-website\programming\if\text.md
2020-01-20T08:02:22.079Z - info: Rebuilding affected source files
2020-01-20T08:02:22.085Z - info: Rebuilding 2 pages
2020-01-20T08:02:23.056Z - info: Pages rebuilt
2020-01-20T08:02:23.061Z - info: Site data built
2020-01-20T08:03:13.195Z - info: [4:03:13 PM] Reload for file change: C:\repos\nus-te3201\te3201-2020-website\programming\if\text.md
2020-01-20T08:03:14.195Z - info: Rebuilding affected source files
2020-01-20T08:03:14.197Z - info: Rebuilding 2 pages
2020-01-20T08:03:15.132Z - info: Pages rebuilt
2020-01-20T08:03:15.135Z - info: Site data built
2020-01-20T08:04:03.408Z - info: [4:04:03 PM] Reload for file change: C:\repos\nus-te3201\te3201-2020-website\programming\if\text.md
2020-01-20T08:04:04.410Z - info: Rebuilding affected source files
2020-01-20T08:04:04.411Z - info: Rebuilding 2 pages
2020-01-20T08:04:05.348Z - info: Pages rebuilt
2020-01-20T08:04:05.352Z - info: Site data built
2020-01-20T08:04:31.599Z - info: [4:04:31 PM] Reload for file change: C:\repos\nus-te3201\te3201-2020-website\programming\if\text.md
2020-01-20T08:04:32.601Z - info: Rebuilding affected source files
2020-01-20T08:04:32.602Z - info: Rebuilding 2 pages
2020-01-20T08:04:33.506Z - info: Pages rebuilt
2020-01-20T08:04:33.510Z - info: Site data built
2020-01-20T08:06:30.013Z - info: [4:06:30 PM] Reload for file change: C:\repos\nus-te3201\te3201-2020-website\programming\if\text.md
2020-01-20T08:06:31.015Z - info: Rebuilding affected source files
2020-01-20T08:06:31.017Z - info: Rebuilding 2 pages
2020-01-20T08:06:31.903Z - info: Pages rebuilt
2020-01-20T08:06:31.907Z - info: Site data built
2020-01-20T08:12:23.515Z - info: [4:12:23 PM] Reload for file change: C:\repos\nus-te3201\te3201-2020-website\_markbind\boilerplates\visualize.md
2020-01-20T08:12:24.517Z - info: Rebuilding affected source files
2020-01-20T08:12:24.519Z - info: Rebuilding 4 pages
2020-01-20T08:12:26.179Z - info: Pages rebuilt
2020-01-20T08:12:26.184Z - info: Site data built
2020-01-20T08:15:16.496Z - info: [4:15:16 PM] Reload for file change: C:\repos\nus-te3201\te3201-2020-website\programming\while\text.md
2020-01-20T08:15:16.499Z - info: [4:15:16 PM] Reload for file change: C:\repos\nus-te3201\te3201-2020-website\programming\if\text.md
2020-01-20T08:15:17.498Z - info: Rebuilding affected source files
2020-01-20T08:15:17.501Z - info: Rebuilding 2 pages
2020-01-20T08:15:18.410Z - info: Pages rebuilt
2020-01-20T08:15:18.413Z - info: Site data built
2020-01-20T08:16:18.208Z - info: [4:16:18 PM] Reload for file change: C:\repos\nus-te3201\te3201-2020-website\programming\if\text.md
2020-01-20T08:16:19.209Z - info: Rebuilding affected source files
2020-01-20T08:16:19.211Z - info: Rebuilding 2 pages
2020-01-20T08:16:20.125Z - info: Pages rebuilt
2020-01-20T08:16:20.128Z - info: Site data built
2020-01-20T08:16:38.484Z - info: [4:16:38 PM] Reload for file change: C:\repos\nus-te3201\te3201-2020-website\programming\if\text.md
2020-01-20T08:16:39.486Z - info: Rebuilding affected source files
2020-01-20T08:16:39.487Z - info: Rebuilding 2 pages
2020-01-20T08:16:40.441Z - info: Pages rebuilt
2020-01-20T08:16:40.444Z - info: Site data built
2020-01-20T08:18:38.118Z - info: [4:18:38 PM] Reload for file change: C:\repos\nus-te3201\te3201-2020-website\programming\while\e-vending-oneCoin.md
2020-01-20T08:18:39.120Z - info: Rebuilding affected source files
2020-01-20T08:18:39.121Z - info: Rebuilding 2 pages
2020-01-20T08:18:40.012Z - info: Pages rebuilt
2020-01-20T08:18:40.015Z - info: Site data built
2020-01-20T08:21:08.406Z - info: [4:21:08 PM] Reload for file change: C:\repos\nus-te3201\te3201-2020-website\programming\while\e-vending-multipleCoins.md
2020-01-20T08:21:09.408Z - info: Rebuilding affected source files
2020-01-20T08:21:09.410Z - info: Rebuilding 2 pages
2020-01-20T08:21:10.370Z - info: Pages rebuilt
2020-01-20T08:21:10.374Z - info: Site data built
2020-01-20T08:21:27.910Z - info: [4:21:27 PM] Reload for file change: C:\repos\nus-te3201\te3201-2020-website\programming\while\e-vending-multipleCoins.md
2020-01-20T08:21:28.911Z - info: Rebuilding affected source files
2020-01-20T08:21:28.913Z - info: Rebuilding 2 pages
2020-01-20T08:21:29.796Z - info: Pages rebuilt
2020-01-20T08:21:29.800Z - info: Site data built
2020-01-20T08:24:24.023Z - info: [4:24:24 PM] Reload for file change: C:\repos\nus-te3201\te3201-2020-website\programming\for\e-multiplicationTable.md
2020-01-20T08:24:24.027Z - info: [4:24:24 PM] Reload for file change: C:\repos\nus-te3201\te3201-2020-website\programming\while\e-vending-allowAbort.md
2020-01-20T08:24:24.030Z - info: [4:24:24 PM] Reload for file change: C:\repos\nus-te3201\te3201-2020-website\programming\while\e-vending-legitCoins.md
2020-01-20T08:24:24.034Z - info: [4:24:24 PM] Reload for file change: C:\repos\nus-te3201\te3201-2020-website\programming\for\e-threeDiceThrows.md
2020-01-20T08:24:25.025Z - info: Rebuilding affected source files
2020-01-20T08:24:25.026Z - info: Rebuilding 2 pages
2020-01-20T08:24:25.913Z - info: Pages rebuilt
2020-01-20T08:24:25.917Z - info: Site data built
2020-01-20T08:32:26.283Z - info: [4:32:26 PM] Reload for file add: C:\repos\nus-te3201\te3201-2020-website\_markbind\boilerplates\seeHint.md
2020-01-20T08:32:27.285Z - warn: Rebuilding all source files
2020-01-20T08:32:29.381Z - info: Assets removed
2020-01-20T08:32:29.382Z - info: Generating pages...
2020-01-20T08:33:01.059Z - debug: The process cannot access the file because it is being used by another process.

2020-01-20T08:33:01.060Z - debug: The process cannot access the file because it is being used by another process.

2020-01-20T08:33:01.060Z - debug: The process cannot access the file because it is being used by another process.

2020-01-20T08:33:01.060Z - debug: The process cannot access the file because it is being used by another process.

2020-01-20T08:33:01.062Z - debug: The process cannot access the file because it is being used by another process.

2020-01-20T08:33:01.063Z - debug: The process cannot access the file because it is being used by another process.

2020-01-20T08:33:01.063Z - debug: The process cannot access the file because it is being used by another process.

2020-01-20T08:33:01.063Z - debug: The process cannot access the file because it is being used by another process.

2020-01-20T08:33:09.359Z - debug:  
2020-01-20T08:33:09.359Z - debug:  
2020-01-20T08:33:09.360Z - debug:  
2020-01-20T08:33:45.611Z - info: Pages built
2020-01-20T08:34:43.823Z - info: [4:34:43 PM] Reload for file change: C:\repos\nus-te3201\te3201-2020-website\_markbind\boilerplates\seeHint.md
2020-01-20T08:34:43.826Z - info: [4:34:43 PM] Reload for file change: C:\repos\nus-te3201\te3201-2020-website\programming\while\e-vending-multipleCoins.md
2020-01-20T08:34:44.825Z - info: Rebuilding affected source files
2020-01-20T08:34:44.826Z - info: Rebuilding 2 pages
2020-01-20T08:34:45.859Z - info: Pages rebuilt
2020-01-20T08:34:45.862Z - info: Site data built
2020-01-20T08:38:25.932Z - info: [4:38:25 PM] Reload for file change: C:\repos\nus-te3201\te3201-2020-website\programming\for\e-multiplicationTable.md
2020-01-20T08:38:25.935Z - info: [4:38:25 PM] Reload for file change: C:\repos\nus-te3201\te3201-2020-website\programming\while\e-vending-allowAbort.md
2020-01-20T08:38:25.939Z - info: [4:38:25 PM] Reload for file change: C:\repos\nus-te3201\te3201-2020-website\programming\while\e-vending-legitCoins.md
2020-01-20T08:38:25.942Z - info: [4:38:25 PM] Reload for file change: C:\repos\nus-te3201\te3201-2020-website\programming\for\e-threeDiceThrows.md
2020-01-20T08:38:26.934Z - info: Rebuilding affected source files
2020-01-20T08:38:26.936Z - info: Rebuilding 2 pages
2020-01-20T08:38:27.923Z - info: Pages rebuilt
2020-01-20T08:38:27.927Z - info: Site data built
2020-01-20T08:39:10.268Z - info: [4:39:10 PM] Reload for file change: C:\repos\nus-te3201\te3201-2020-website\programming\while\text.md
2020-01-20T08:39:11.269Z - info: Rebuilding affected source files
2020-01-20T08:39:11.270Z - info: Rebuilding 2 pages
2020-01-20T08:39:12.235Z - info: Pages rebuilt
2020-01-20T08:39:12.240Z - info: Site data built
2020-01-20T08:39:42.717Z - info: [4:39:42 PM] Reload for file change: C:\repos\nus-te3201\te3201-2020-website\programming\for\text.md
2020-01-20T08:39:43.718Z - info: Rebuilding affected source files
2020-01-20T08:39:43.719Z - info: Rebuilding 2 pages
2020-01-20T08:39:44.617Z - info: Pages rebuilt
2020-01-20T08:39:44.626Z - info: Site data built
2020-01-20T08:43:10.378Z - info: [4:43:10 PM] Reload for file change: C:\repos\nus-te3201\te3201-2020-website\programming\oop-classes\text.md
2020-01-20T08:43:10.383Z - info: [4:43:10 PM] Reload for file change: C:\repos\nus-te3201\te3201-2020-website\programming\functions-scope\e-grader-restructureTheMainFunction.md
2020-01-20T08:43:10.386Z - info: [4:43:10 PM] Reload for file change: C:\repos\nus-te3201\te3201-2020-website\programming\errors-exceptions-raising\text.md
2020-01-20T08:43:10.390Z - info: [4:43:10 PM] Reload for file change: C:\repos\nus-te3201\te3201-2020-website\programming\errors-exceptions-raising\e-isEvenIntegerInRange.md
2020-01-20T08:43:10.395Z - info: [4:43:10 PM] Reload for file change: C:\repos\nus-te3201\te3201-2020-website\programming\thirdparty\e-printErrorsInRed.md
2020-01-20T08:43:10.398Z - info: [4:43:10 PM] Reload for file change: C:\repos\nus-te3201\te3201-2020-website\programming\lists-intro\text.md
2020-01-20T08:43:10.402Z - info: [4:43:10 PM] Reload for file change: C:\repos\nus-te3201\te3201-2020-website\programming\lists-workingWith\e-expandToFill.md
2020-01-20T08:43:10.406Z - info: [4:43:10 PM] Reload for file change: C:\repos\nus-te3201\te3201-2020-website\programming\import\e-circleArea.md
2020-01-20T08:43:10.410Z - info: [4:43:10 PM] Reload for file change: C:\repos\nus-te3201\te3201-2020-website\programming\oop-visibility\text.md
2020-01-20T08:43:10.414Z - info: [4:43:10 PM] Reload for file change: C:\repos\nus-te3201\te3201-2020-website\programming\files-csv\text.md
2020-01-20T08:43:10.419Z - info: [4:43:10 PM] Reload for file change: C:\repos\nus-te3201\te3201-2020-website\programming\import\text.md
2020-01-20T08:43:10.421Z - info: [4:43:10 PM] Reload for file change: C:\repos\nus-te3201\te3201-2020-website\programming\comments\text.md
2020-01-20T08:43:10.425Z - info: [4:43:10 PM] Reload for file change: C:\repos\nus-te3201\te3201-2020-website\programming\usingFunctions\e-lengthOfName.md
2020-01-20T08:43:10.429Z - info: [4:43:10 PM] Reload for file change: C:\repos\nus-te3201\te3201-2020-website\programming\files-writing\text.md
2020-01-20T08:43:10.433Z - info: [4:43:10 PM] Reload for file change: C:\repos\nus-te3201\te3201-2020-website\programming\functions-scope\e-grader-addMainFunction.md
2020-01-20T08:43:10.439Z - info: [4:43:10 PM] Reload for file change: C:\repos\nus-te3201\te3201-2020-website\programming\usingFunctions\text.md
2020-01-20T08:43:10.442Z - info: [4:43:10 PM] Reload for file change: C:\repos\nus-te3201\te3201-2020-website\programming\errors-exceptions-handling\text.md
2020-01-20T08:43:10.448Z - info: [4:43:10 PM] Reload for file change: C:\repos\nus-te3201\te3201-2020-website\programming\files-reading\text.md
2020-01-20T08:43:10.452Z - info: [4:43:10 PM] Reload for file change: C:\repos\nus-te3201\te3201-2020-website\programming\unittesting\e-printErrorsInRed.md
2020-01-20T08:43:10.458Z - info: [4:43:10 PM] Reload for file change: C:\repos\nus-te3201\te3201-2020-website\programming\monty\monty.mbdf
2020-01-20T08:43:10.468Z - info: [4:43:10 PM] Reload for file change: C:\repos\nus-te3201\te3201-2020-website\programming\dictionaries-nested\text.md
2020-01-20T08:43:10.475Z - info: [4:43:10 PM] Reload for file change: C:\repos\nus-te3201\te3201-2020-website\programming\lists-workingWith\e-getMid.md
2020-01-20T08:43:10.480Z - info: [4:43:10 PM] Reload for file change: C:\repos\nus-te3201\te3201-2020-website\programming\files-paths\text.md
2020-01-20T08:43:10.485Z - info: [4:43:10 PM] Reload for file change: C:\repos\nus-te3201\te3201-2020-website\programming\thirdparty\text.md
2020-01-20T08:43:10.488Z - info: [4:43:10 PM] Reload for file change: C:\repos\nus-te3201\te3201-2020-website\programming\lists-methods\e-wordGame.md
2020-01-20T08:43:10.495Z - info: [4:43:10 PM] Reload for file change: C:\repos\nus-te3201\te3201-2020-website\programming\oop-classLevelMembers\text.md
2020-01-20T08:43:10.501Z - info: [4:43:10 PM] Reload for file change: C:\repos\nus-te3201\te3201-2020-website\programming\lists-intro\e-countries.md
2020-01-20T08:43:11.381Z - info: Rebuilding affected source files
2020-01-20T08:43:11.389Z - info: Rebuilding 32 pages
2020-01-20T08:43:19.788Z - info: Pages rebuilt
2020-01-20T08:43:19.803Z - info: Site data built
2020-01-20T08:44:18.366Z - info: [4:44:18 PM] Reload for file change: C:\repos\nus-te3201\te3201-2020-website\_markbind\boilerplates\seeHint.md
2020-01-20T08:44:19.366Z - info: Rebuilding affected source files
2020-01-20T08:44:19.367Z - info: Rebuilding 2 pages
2020-01-20T08:44:20.296Z - info: Pages rebuilt
2020-01-20T08:44:20.300Z - info: Site data built
2020-01-20T08:48:27.841Z - info: Website generation started at 4:48:26 PM
2020-01-20T08:48:30.639Z - info: Building assets...
