2020-04-05T16:21:46.861Z - info: Website generation (lazy) started at 12:21:38 AM
2020-04-05T16:21:51.477Z - info: Building assets...
2020-04-05T16:21:55.009Z - info: Assets built
2020-04-05T16:21:55.010Z - info: Generating landing page...
2020-04-05T16:21:56.171Z - info: Landing page built, other pages will be built as you navigate to them!
2020-04-05T16:21:56.253Z - info: Website generation (lazy) complete! Total build time: 17.646s
2020-04-05T16:21:56.939Z - info: Serving "C:\repos\nus-te3201\te3201-2020-website\_site" at http://127.0.0.1:8080
2020-04-05T16:21:56.939Z - info: Press CTRL+C to stop ...
2020-04-05T16:21:57.002Z - info: Site data built
2020-04-05T16:22:03.038Z - info: Building C:\repos\nus-te3201\te3201-2020-website\schedule\week12\index as some of its dependencies were changed since the last visit
2020-04-05T16:22:03.576Z - info: Site data built
2020-04-05T16:22:03.577Z - info: Lazy website regeneration complete! Total build time: 0.54s
2020-04-05T16:22:06.492Z - info: Building C:\repos\nus-te3201\te3201-2020-website\schedule\week12\topics-py as some of its dependencies were changed since the last visit
2020-04-05T16:22:06.763Z - info: Site data built
2020-04-05T16:22:06.763Z - info: Lazy website regeneration complete! Total build time: 0.271s
2020-04-05T16:22:10.613Z - info: Building C:\repos\nus-te3201\te3201-2020-website\schedule\week12\topics as some of its dependencies were changed since the last visit
2020-04-05T16:22:11.712Z - info: Site data built
2020-04-05T16:22:11.713Z - info: Lazy website regeneration complete! Total build time: 1.1s
2020-04-05T16:26:41.217Z - info: [12:26:41 AM] Reload for file change: C:\repos\nus-te3201\te3201-2020-website\schedule\week12\topics-py.md
2020-04-05T16:26:42.221Z - info: Rebuilding affected source files
2020-04-05T16:26:42.223Z - info: Rebuilding 0 pages
2020-04-05T16:26:42.245Z - info: Pages rebuilt
2020-04-05T16:26:42.245Z - info: Website regeneration complete! Total build time: 0.024s
2020-04-05T16:26:42.251Z - info: Site data built
2020-04-05T16:26:46.313Z - info: Building C:\repos\nus-te3201\te3201-2020-website\schedule\week12\topics-py as some of its dependencies were changed since the last visit
2020-04-05T16:26:46.714Z - info: Site data built
2020-04-05T16:26:46.715Z - info: Lazy website regeneration complete! Total build time: 0.403s
2020-04-05T16:28:00.091Z - info: [12:28:00 AM] Reload for file change: C:\repos\nus-te3201\te3201-2020-website\schedule\week12\topics-py.md
2020-04-05T16:28:00.101Z - info: [12:28:00 AM] Reload for file change: C:\repos\nus-te3201\te3201-2020-website\schedule\programming-topics.mbdf
2020-04-05T16:28:01.092Z - info: Rebuilding affected source files
2020-04-05T16:28:01.094Z - info: Rebuilding 1 pages
2020-04-05T16:28:01.469Z - info: Pages rebuilt
2020-04-05T16:28:01.469Z - info: Website regeneration complete! Total build time: 0.376s
2020-04-05T16:28:01.472Z - info: Site data built
2020-04-05T16:31:00.535Z - info: [12:31:00 AM] Reload for file change: C:\repos\nus-te3201\te3201-2020-website\schedule\week12\commentary.mbdf
2020-04-05T16:31:01.538Z - info: Rebuilding affected source files
2020-04-05T16:31:01.541Z - info: Rebuilding 1 pages
2020-04-05T16:31:02.621Z - info: Pages rebuilt
2020-04-05T16:31:02.621Z - info: Website regeneration complete! Total build time: 1.083s
2020-04-05T16:31:02.624Z - info: Site data built
2020-04-05T16:31:47.058Z - info: [12:31:47 AM] Reload for file change: C:\repos\nus-te3201\te3201-2020-website\schedule\week12\commentary.mbdf
2020-04-05T16:31:48.058Z - info: Rebuilding affected source files
2020-04-05T16:31:48.060Z - info: Rebuilding 1 pages
2020-04-05T16:31:49.114Z - info: Pages rebuilt
2020-04-05T16:31:49.114Z - info: Website regeneration complete! Total build time: 1.056s
2020-04-05T16:31:49.117Z - info: Site data built
2020-04-05T16:34:47.359Z - info: [12:34:47 AM] Reload for file change: C:\repos\nus-te3201\te3201-2020-website\schedule\week12\commentary.mbdf
2020-04-05T16:34:48.362Z - info: Rebuilding affected source files
2020-04-05T16:34:48.368Z - info: Rebuilding 1 pages
2020-04-05T16:34:49.681Z - info: Pages rebuilt
2020-04-05T16:34:49.681Z - info: Website regeneration complete! Total build time: 1.318s
2020-04-05T16:34:49.710Z - info: Site data built
2020-04-05T16:35:02.169Z - info: [12:35:02 AM] Reload for file change: C:\repos\nus-te3201\te3201-2020-website\schedule\week12\commentary.mbdf
2020-04-05T16:35:03.171Z - info: Rebuilding affected source files
2020-04-05T16:35:03.173Z - info: Rebuilding 1 pages
2020-04-05T16:35:04.366Z - info: Pages rebuilt
2020-04-05T16:35:04.367Z - info: Website regeneration complete! Total build time: 1.196s
2020-04-05T16:35:04.370Z - info: Site data built
2020-04-05T16:35:14.806Z - info: Building C:\repos\nus-te3201\te3201-2020-website\schedule\week12\admin as some of its dependencies were changed since the last visit
2020-04-05T16:35:15.072Z - info: Site data built
2020-04-05T16:35:15.073Z - info: Lazy website regeneration complete! Total build time: 0.267s
2020-04-05T16:36:45.537Z - info: [12:36:45 AM] Reload for file change: C:\repos\nus-te3201\te3201-2020-website\book\css\textbook.css
2020-04-05T16:36:45.550Z - info: [12:36:45 AM] Reload for file change: C:\repos\nus-te3201\te3201-2020-website\programming\css\programming.css
2020-04-05T16:36:46.572Z - info: Assets built
2020-04-05T16:37:51.568Z - info: [12:37:51 AM] Reload for file change: C:\repos\nus-te3201\te3201-2020-website\book\css\textbook.css
2020-04-05T16:37:52.576Z - info: Assets built
2020-04-05T16:39:04.785Z - info: [12:39:04 AM] Reload for file change: C:\repos\nus-te3201\te3201-2020-website\schedule\week12\admin-te3201.mbdf
2020-04-05T16:39:05.790Z - info: Rebuilding affected source files
2020-04-05T16:39:05.797Z - info: Rebuilding 1 pages
2020-04-05T16:39:06.614Z - info: Pages rebuilt
2020-04-05T16:39:06.615Z - info: Website regeneration complete! Total build time: 0.824s
2020-04-05T16:39:06.619Z - info: Site data built
2020-04-05T16:39:12.380Z - info: [12:39:12 AM] Reload for file change: C:\repos\nus-te3201\te3201-2020-website\schedule\week12\admin-te3201.mbdf
2020-04-05T16:39:13.383Z - info: Rebuilding affected source files
2020-04-05T16:39:13.384Z - info: Rebuilding 1 pages
2020-04-05T16:39:13.783Z - info: Pages rebuilt
2020-04-05T16:39:13.783Z - info: Website regeneration complete! Total build time: 0.4s
2020-04-05T16:39:13.785Z - info: Site data built
2020-04-05T16:39:51.399Z - info: Building C:\repos\nus-te3201\te3201-2020-website\schedule\week12\index as some of its dependencies were changed since the last visit
2020-04-05T16:39:51.846Z - info: Site data built
2020-04-05T16:39:51.847Z - info: Lazy website regeneration complete! Total build time: 0.449s
2020-04-05T16:42:18.488Z - info: [12:42:18 AM] Reload for file change: C:\repos\nus-te3201\te3201-2020-website\schedule\week12\topics-py.md
2020-04-05T16:42:19.489Z - info: Rebuilding affected source files
2020-04-05T16:42:19.491Z - info: Rebuilding 0 pages
2020-04-05T16:42:19.516Z - info: Pages rebuilt
2020-04-05T16:42:19.517Z - info: Website regeneration complete! Total build time: 0.028s
2020-04-05T16:42:19.535Z - info: Site data built
2020-04-05T16:42:21.853Z - info: Building C:\repos\nus-te3201\te3201-2020-website\schedule\week12\topics-py as some of its dependencies were changed since the last visit
2020-04-05T16:42:22.274Z - info: Site data built
2020-04-05T16:42:22.274Z - info: Lazy website regeneration complete! Total build time: 0.421s
2020-04-05T16:42:50.688Z - info: [12:42:50 AM] Reload for file change: C:\repos\nus-te3201\te3201-2020-website\schedule\week12\topics-py.md
2020-04-05T16:42:51.691Z - info: Rebuilding affected source files
2020-04-05T16:42:51.692Z - info: Rebuilding 1 pages
2020-04-05T16:42:52.021Z - info: Pages rebuilt
2020-04-05T16:42:52.021Z - info: Website regeneration complete! Total build time: 0.33s
2020-04-05T16:42:52.026Z - info: Site data built
2020-04-05T16:43:07.399Z - info: [12:43:07 AM] Reload for file change: C:\repos\nus-te3201\te3201-2020-website\schedule\week12\topics-py.md
2020-04-05T16:43:08.402Z - info: Rebuilding affected source files
2020-04-05T16:43:08.404Z - info: Rebuilding 1 pages
2020-04-05T16:43:08.775Z - info: Pages rebuilt
2020-04-05T16:43:08.776Z - info: Website regeneration complete! Total build time: 0.373s
2020-04-05T16:43:08.783Z - info: Site data built
2020-04-05T16:43:46.845Z - info: [12:43:46 AM] Reload for file change: C:\repos\nus-te3201\te3201-2020-website\schedule\week12\topics-py.md
2020-04-05T16:43:47.845Z - info: Rebuilding affected source files
2020-04-05T16:43:47.847Z - info: Rebuilding 1 pages
2020-04-05T16:43:48.233Z - info: Pages rebuilt
2020-04-05T16:43:48.233Z - info: Website regeneration complete! Total build time: 0.388s
2020-04-05T16:43:48.235Z - info: Site data built
2020-04-05T16:44:00.551Z - info: [12:44:00 AM] Reload for file change: C:\repos\nus-te3201\te3201-2020-website\schedule\week12\topics-py.md
2020-04-05T16:44:01.555Z - info: Rebuilding affected source files
2020-04-05T16:44:01.558Z - info: Rebuilding 1 pages
2020-04-05T16:44:01.840Z - info: Pages rebuilt
2020-04-05T16:44:01.840Z - info: Website regeneration complete! Total build time: 0.284s
2020-04-05T16:44:01.842Z - info: Site data built
2020-04-05T16:45:16.241Z - info: Website generation started at 12:45:12 AM
2020-04-05T16:45:20.295Z - info: Building assets...
2020-04-05T16:45:23.760Z - info: Assets built
2020-04-05T16:45:23.761Z - info: Generating pages...
2020-04-05T16:45:33.201Z - error:  Error: No such file: C:\repos\nus-te3201\te3201-2020-website\book\softwareEngineering\preview.md
Missing reference in C:\repos\nus-te3201\te3201-2020-website\se-book-adapted\index.md
    at _getFileExistsNode (C:\Users\damithch\AppData\Roaming\npm\node_modules\markbind-cli\src\lib\markbind\src\preprocessors\componentPreprocessor.js:92:19)
    at _preprocessInclude (C:\Users\damithch\AppData\Roaming\npm\node_modules\markbind-cli\src\lib\markbind\src\preprocessors\componentPreprocessor.js:255:26)
    at preProcessComponent (C:\Users\damithch\AppData\Roaming\npm\node_modules\markbind-cli\src\lib\markbind\src\preprocessors\componentPreprocessor.js:390:12)
    at C:\Users\damithch\AppData\Roaming\npm\node_modules\markbind-cli\src\lib\markbind\src\preprocessors\componentPreprocessor.js:397:52
    at Array.map (<anonymous>)
    at preProcessComponent (C:\Users\damithch\AppData\Roaming\npm\node_modules\markbind-cli\src\lib\markbind\src\preprocessors\componentPreprocessor.js:397:43)
    at C:\Users\damithch\AppData\Roaming\npm\node_modules\markbind-cli\src\lib\markbind\src\preprocessors\componentPreprocessor.js:397:52
    at Array.map (<anonymous>)
    at preProcessComponent (C:\Users\damithch\AppData\Roaming\npm\node_modules\markbind-cli\src\lib\markbind\src\preprocessors\componentPreprocessor.js:397:43)
    at C:\Users\damithch\AppData\Roaming\npm\node_modules\markbind-cli\src\lib\markbind\src\preprocessors\componentPreprocessor.js:397:52
    at Array.map (<anonymous>)
    at preProcessComponent (C:\Users\damithch\AppData\Roaming\npm\node_modules\markbind-cli\src\lib\markbind\src\preprocessors\componentPreprocessor.js:397:43)
    at C:\Users\damithch\AppData\Roaming\npm\node_modules\markbind-cli\src\lib\markbind\src\preprocessors\componentPreprocessor.js:397:52
    at Array.map (<anonymous>)
    at Object.preProcessComponent (C:\Users\damithch\AppData\Roaming\npm\node_modules\markbind-cli\src\lib\markbind\src\preprocessors\componentPreprocessor.js:397:43)
    at C:\Users\damithch\AppData\Roaming\npm\node_modules\markbind-cli\src\lib\markbind\src\parser.js:394:47
2020-04-05T16:45:33.204Z - error:  Error: No such file: C:\repos\nus-te3201\te3201-2020-website\book\requirements\preview.md
Missing reference in C:\repos\nus-te3201\te3201-2020-website\se-book-adapted\index.md
    at _getFileExistsNode (C:\Users\damithch\AppData\Roaming\npm\node_modules\markbind-cli\src\lib\markbind\src\preprocessors\componentPreprocessor.js:92:19)
    at _preprocessInclude (C:\Users\damithch\AppData\Roaming\npm\node_modules\markbind-cli\src\lib\markbind\src\preprocessors\componentPreprocessor.js:255:26)
    at preProcessComponent (C:\Users\damithch\AppData\Roaming\npm\node_modules\markbind-cli\src\lib\markbind\src\preprocessors\componentPreprocessor.js:390:12)
    at C:\Users\damithch\AppData\Roaming\npm\node_modules\markbind-cli\src\lib\markbind\src\preprocessors\componentPreprocessor.js:397:52
    at Array.map (<anonymous>)
    at preProcessComponent (C:\Users\damithch\AppData\Roaming\npm\node_modules\markbind-cli\src\lib\markbind\src\preprocessors\componentPreprocessor.js:397:43)
    at C:\Users\damithch\AppData\Roaming\npm\node_modules\markbind-cli\src\lib\markbind\src\preprocessors\componentPreprocessor.js:397:52
    at Array.map (<anonymous>)
    at preProcessComponent (C:\Users\damithch\AppData\Roaming\npm\node_modules\markbind-cli\src\lib\markbind\src\preprocessors\componentPreprocessor.js:397:43)
    at C:\Users\damithch\AppData\Roaming\npm\node_modules\markbind-cli\src\lib\markbind\src\preprocessors\componentPreprocessor.js:397:52
    at Array.map (<anonymous>)
    at preProcessComponent (C:\Users\damithch\AppData\Roaming\npm\node_modules\markbind-cli\src\lib\markbind\src\preprocessors\componentPreprocessor.js:397:43)
    at C:\Users\damithch\AppData\Roaming\npm\node_modules\markbind-cli\src\lib\markbind\src\preprocessors\componentPreprocessor.js:397:52
    at Array.map (<anonymous>)
    at Object.preProcessComponent (C:\Users\damithch\AppData\Roaming\npm\node_modules\markbind-cli\src\lib\markbind\src\preprocessors\componentPreprocessor.js:397:43)
    at C:\Users\damithch\AppData\Roaming\npm\node_modules\markbind-cli\src\lib\markbind\src\parser.js:394:47
2020-04-05T16:45:33.205Z - error:  Error: No such file: C:\repos\nus-te3201\te3201-2020-website\book\gatheringRequirements\preview.md
Missing reference in C:\repos\nus-te3201\te3201-2020-website\se-book-adapted\index.md
    at _getFileExistsNode (C:\Users\damithch\AppData\Roaming\npm\node_modules\markbind-cli\src\lib\markbind\src\preprocessors\componentPreprocessor.js:92:19)
    at _preprocessInclude (C:\Users\damithch\AppData\Roaming\npm\node_modules\markbind-cli\src\lib\markbind\src\preprocessors\componentPreprocessor.js:255:26)
    at preProcessComponent (C:\Users\damithch\AppData\Roaming\npm\node_modules\markbind-cli\src\lib\markbind\src\preprocessors\componentPreprocessor.js:390:12)
    at C:\Users\damithch\AppData\Roaming\npm\node_modules\markbind-cli\src\lib\markbind\src\preprocessors\componentPreprocessor.js:397:52
    at Array.map (<anonymous>)
    at preProcessComponent (C:\Users\damithch\AppData\Roaming\npm\node_modules\markbind-cli\src\lib\markbind\src\preprocessors\componentPreprocessor.js:397:43)
    at C:\Users\damithch\AppData\Roaming\npm\node_modules\markbind-cli\src\lib\markbind\src\preprocessors\componentPreprocessor.js:397:52
    at Array.map (<anonymous>)
    at preProcessComponent (C:\Users\damithch\AppData\Roaming\npm\node_modules\markbind-cli\src\lib\markbind\src\preprocessors\componentPreprocessor.js:397:43)
    at C:\Users\damithch\AppData\Roaming\npm\node_modules\markbind-cli\src\lib\markbind\src\preprocessors\componentPreprocessor.js:397:52
    at Array.map (<anonymous>)
    at preProcessComponent (C:\Users\damithch\AppData\Roaming\npm\node_modules\markbind-cli\src\lib\markbind\src\preprocessors\componentPreprocessor.js:397:43)
    at C:\Users\damithch\AppData\Roaming\npm\node_modules\markbind-cli\src\lib\markbind\src\preprocessors\componentPreprocessor.js:397:52
    at Array.map (<anonymous>)
    at Object.preProcessComponent (C:\Users\damithch\AppData\Roaming\npm\node_modules\markbind-cli\src\lib\markbind\src\preprocessors\componentPreprocessor.js:397:43)
    at C:\Users\damithch\AppData\Roaming\npm\node_modules\markbind-cli\src\lib\markbind\src\parser.js:394:47
2020-04-05T16:45:33.207Z - error:  Error: No such file: C:\repos\nus-te3201\te3201-2020-website\book\specifyingRequirements\preview.md
Missing reference in C:\repos\nus-te3201\te3201-2020-website\se-book-adapted\index.md
    at _getFileExistsNode (C:\Users\damithch\AppData\Roaming\npm\node_modules\markbind-cli\src\lib\markbind\src\preprocessors\componentPreprocessor.js:92:19)
    at _preprocessInclude (C:\Users\damithch\AppData\Roaming\npm\node_modules\markbind-cli\src\lib\markbind\src\preprocessors\componentPreprocessor.js:255:26)
    at preProcessComponent (C:\Users\damithch\AppData\Roaming\npm\node_modules\markbind-cli\src\lib\markbind\src\preprocessors\componentPreprocessor.js:390:12)
    at C:\Users\damithch\AppData\Roaming\npm\node_modules\markbind-cli\src\lib\markbind\src\preprocessors\componentPreprocessor.js:397:52
    at Array.map (<anonymous>)
    at preProcessComponent (C:\Users\damithch\AppData\Roaming\npm\node_modules\markbind-cli\src\lib\markbind\src\preprocessors\componentPreprocessor.js:397:43)
    at C:\Users\damithch\AppData\Roaming\npm\node_modules\markbind-cli\src\lib\markbind\src\preprocessors\componentPreprocessor.js:397:52
    at Array.map (<anonymous>)
    at preProcessComponent (C:\Users\damithch\AppData\Roaming\npm\node_modules\markbind-cli\src\lib\markbind\src\preprocessors\componentPreprocessor.js:397:43)
    at C:\Users\damithch\AppData\Roaming\npm\node_modules\markbind-cli\src\lib\markbind\src\preprocessors\componentPreprocessor.js:397:52
    at Array.map (<anonymous>)
    at preProcessComponent (C:\Users\damithch\AppData\Roaming\npm\node_modules\markbind-cli\src\lib\markbind\src\preprocessors\componentPreprocessor.js:397:43)
    at C:\Users\damithch\AppData\Roaming\npm\node_modules\markbind-cli\src\lib\markbind\src\preprocessors\componentPreprocessor.js:397:52
    at Array.map (<anonymous>)
    at Object.preProcessComponent (C:\Users\damithch\AppData\Roaming\npm\node_modules\markbind-cli\src\lib\markbind\src\preprocessors\componentPreprocessor.js:397:43)
    at C:\Users\damithch\AppData\Roaming\npm\node_modules\markbind-cli\src\lib\markbind\src\parser.js:394:47
2020-04-05T16:45:33.208Z - error:  Error: No such file: C:\repos\nus-te3201\te3201-2020-website\book\design\preview.md
Missing reference in C:\repos\nus-te3201\te3201-2020-website\se-book-adapted\index.md
    at _getFileExistsNode (C:\Users\damithch\AppData\Roaming\npm\node_modules\markbind-cli\src\lib\markbind\src\preprocessors\componentPreprocessor.js:92:19)
    at _preprocessInclude (C:\Users\damithch\AppData\Roaming\npm\node_modules\markbind-cli\src\lib\markbind\src\preprocessors\componentPreprocessor.js:255:26)
    at preProcessComponent (C:\Users\damithch\AppData\Roaming\npm\node_modules\markbind-cli\src\lib\markbind\src\preprocessors\componentPreprocessor.js:390:12)
    at C:\Users\damithch\AppData\Roaming\npm\node_modules\markbind-cli\src\lib\markbind\src\preprocessors\componentPreprocessor.js:397:52
    at Array.map (<anonymous>)
    at preProcessComponent (C:\Users\damithch\AppData\Roaming\npm\node_modules\markbind-cli\src\lib\markbind\src\preprocessors\componentPreprocessor.js:397:43)
    at C:\Users\damithch\AppData\Roaming\npm\node_modules\markbind-cli\src\lib\markbind\src\preprocessors\componentPreprocessor.js:397:52
    at Array.map (<anonymous>)
    at preProcessComponent (C:\Users\damithch\AppData\Roaming\npm\node_modules\markbind-cli\src\lib\markbind\src\preprocessors\componentPreprocessor.js:397:43)
    at C:\Users\damithch\AppData\Roaming\npm\node_modules\markbind-cli\src\lib\markbind\src\preprocessors\componentPreprocessor.js:397:52
    at Array.map (<anonymous>)
    at preProcessComponent (C:\Users\damithch\AppData\Roaming\npm\node_modules\markbind-cli\src\lib\markbind\src\preprocessors\componentPreprocessor.js:397:43)
    at C:\Users\damithch\AppData\Roaming\npm\node_modules\markbind-cli\src\lib\markbind\src\preprocessors\componentPreprocessor.js:397:52
    at Array.map (<anonymous>)
    at Object.preProcessComponent (C:\Users\damithch\AppData\Roaming\npm\node_modules\markbind-cli\src\lib\markbind\src\preprocessors\componentPreprocessor.js:397:43)
    at C:\Users\damithch\AppData\Roaming\npm\node_modules\markbind-cli\src\lib\markbind\src\parser.js:394:47
2020-04-05T16:45:33.210Z - error:  Error: No such file: C:\repos\nus-te3201\te3201-2020-website\book\designFundamentals\preview.md
Missing reference in C:\repos\nus-te3201\te3201-2020-website\se-book-adapted\index.md
    at _getFileExistsNode (C:\Users\damithch\AppData\Roaming\npm\node_modules\markbind-cli\src\lib\markbind\src\preprocessors\componentPreprocessor.js:92:19)
    at _preprocessInclude (C:\Users\damithch\AppData\Roaming\npm\node_modules\markbind-cli\src\lib\markbind\src\preprocessors\componentPreprocessor.js:255:26)
    at preProcessComponent (C:\Users\damithch\AppData\Roaming\npm\node_modules\markbind-cli\src\lib\markbind\src\preprocessors\componentPreprocessor.js:390:12)
    at C:\Users\damithch\AppData\Roaming\npm\node_modules\markbind-cli\src\lib\markbind\src\preprocessors\componentPreprocessor.js:397:52
    at Array.map (<anonymous>)
    at preProcessComponent (C:\Users\damithch\AppData\Roaming\npm\node_modules\markbind-cli\src\lib\markbind\src\preprocessors\componentPreprocessor.js:397:43)
    at C:\Users\damithch\AppData\Roaming\npm\node_modules\markbind-cli\src\lib\markbind\src\preprocessors\componentPreprocessor.js:397:52
    at Array.map (<anonymous>)
    at preProcessComponent (C:\Users\damithch\AppData\Roaming\npm\node_modules\markbind-cli\src\lib\markbind\src\preprocessors\componentPreprocessor.js:397:43)
    at C:\Users\damithch\AppData\Roaming\npm\node_modules\markbind-cli\src\lib\markbind\src\preprocessors\componentPreprocessor.js:397:52
    at Array.map (<anonymous>)
    at preProcessComponent (C:\Users\damithch\AppData\Roaming\npm\node_modules\markbind-cli\src\lib\markbind\src\preprocessors\componentPreprocessor.js:397:43)
    at C:\Users\damithch\AppData\Roaming\npm\node_modules\markbind-cli\src\lib\markbind\src\preprocessors\componentPreprocessor.js:397:52
    at Array.map (<anonymous>)
    at Object.preProcessComponent (C:\Users\damithch\AppData\Roaming\npm\node_modules\markbind-cli\src\lib\markbind\src\preprocessors\componentPreprocessor.js:397:43)
    at C:\Users\damithch\AppData\Roaming\npm\node_modules\markbind-cli\src\lib\markbind\src\parser.js:394:47
2020-04-05T16:45:33.212Z - error:  Error: No such file: C:\repos\nus-te3201\te3201-2020-website\book\modeling\preview.md
Missing reference in C:\repos\nus-te3201\te3201-2020-website\se-book-adapted\index.md
    at _getFileExistsNode (C:\Users\damithch\AppData\Roaming\npm\node_modules\markbind-cli\src\lib\markbind\src\preprocessors\componentPreprocessor.js:92:19)
    at _preprocessInclude (C:\Users\damithch\AppData\Roaming\npm\node_modules\markbind-cli\src\lib\markbind\src\preprocessors\componentPreprocessor.js:255:26)
    at preProcessComponent (C:\Users\damithch\AppData\Roaming\npm\node_modules\markbind-cli\src\lib\markbind\src\preprocessors\componentPreprocessor.js:390:12)
    at C:\Users\damithch\AppData\Roaming\npm\node_modules\markbind-cli\src\lib\markbind\src\preprocessors\componentPreprocessor.js:397:52
    at Array.map (<anonymous>)
    at preProcessComponent (C:\Users\damithch\AppData\Roaming\npm\node_modules\markbind-cli\src\lib\markbind\src\preprocessors\componentPreprocessor.js:397:43)
    at C:\Users\damithch\AppData\Roaming\npm\node_modules\markbind-cli\src\lib\markbind\src\preprocessors\componentPreprocessor.js:397:52
    at Array.map (<anonymous>)
    at preProcessComponent (C:\Users\damithch\AppData\Roaming\npm\node_modules\markbind-cli\src\lib\markbind\src\preprocessors\componentPreprocessor.js:397:43)
    at C:\Users\damithch\AppData\Roaming\npm\node_modules\markbind-cli\src\lib\markbind\src\preprocessors\componentPreprocessor.js:397:52
    at Array.map (<anonymous>)
    at preProcessComponent (C:\Users\damithch\AppData\Roaming\npm\node_modules\markbind-cli\src\lib\markbind\src\preprocessors\componentPreprocessor.js:397:43)
    at C:\Users\damithch\AppData\Roaming\npm\node_modules\markbind-cli\src\lib\markbind\src\preprocessors\componentPreprocessor.js:397:52
    at Array.map (<anonymous>)
    at Object.preProcessComponent (C:\Users\damithch\AppData\Roaming\npm\node_modules\markbind-cli\src\lib\markbind\src\preprocessors\componentPreprocessor.js:397:43)
    at C:\Users\damithch\AppData\Roaming\npm\node_modules\markbind-cli\src\lib\markbind\src\parser.js:394:47
2020-04-05T16:45:33.223Z - error:  Error: No such file: C:\repos\nus-te3201\te3201-2020-website\book\oop\preview.md
Missing reference in C:\repos\nus-te3201\te3201-2020-website\se-book-adapted\index.md
    at _getFileExistsNode (C:\Users\damithch\AppData\Roaming\npm\node_modules\markbind-cli\src\lib\markbind\src\preprocessors\componentPreprocessor.js:92:19)
    at _preprocessInclude (C:\Users\damithch\AppData\Roaming\npm\node_modules\markbind-cli\src\lib\markbind\src\preprocessors\componentPreprocessor.js:255:26)
    at preProcessComponent (C:\Users\damithch\AppData\Roaming\npm\node_modules\markbind-cli\src\lib\markbind\src\preprocessors\componentPreprocessor.js:390:12)
    at C:\Users\damithch\AppData\Roaming\npm\node_modules\markbind-cli\src\lib\markbind\src\preprocessors\componentPreprocessor.js:397:52
    at Array.map (<anonymous>)
    at preProcessComponent (C:\Users\damithch\AppData\Roaming\npm\node_modules\markbind-cli\src\lib\markbind\src\preprocessors\componentPreprocessor.js:397:43)
    at C:\Users\damithch\AppData\Roaming\npm\node_modules\markbind-cli\src\lib\markbind\src\preprocessors\componentPreprocessor.js:397:52
    at Array.map (<anonymous>)
    at preProcessComponent (C:\Users\damithch\AppData\Roaming\npm\node_modules\markbind-cli\src\lib\markbind\src\preprocessors\componentPreprocessor.js:397:43)
    at C:\Users\damithch\AppData\Roaming\npm\node_modules\markbind-cli\src\lib\markbind\src\preprocessors\componentPreprocessor.js:397:52
    at Array.map (<anonymous>)
    at preProcessComponent (C:\Users\damithch\AppData\Roaming\npm\node_modules\markbind-cli\src\lib\markbind\src\preprocessors\componentPreprocessor.js:397:43)
    at C:\Users\damithch\AppData\Roaming\npm\node_modules\markbind-cli\src\lib\markbind\src\preprocessors\componentPreprocessor.js:397:52
    at Array.map (<anonymous>)
    at Object.preProcessComponent (C:\Users\damithch\AppData\Roaming\npm\node_modules\markbind-cli\src\lib\markbind\src\preprocessors\componentPreprocessor.js:397:43)
    at C:\Users\damithch\AppData\Roaming\npm\node_modules\markbind-cli\src\lib\markbind\src\parser.js:394:47
2020-04-05T16:45:33.225Z - error:  Error: No such file: C:\repos\nus-te3201\te3201-2020-website\book\errorHandling\preview.md
Missing reference in C:\repos\nus-te3201\te3201-2020-website\se-book-adapted\index.md
    at _getFileExistsNode (C:\Users\damithch\AppData\Roaming\npm\node_modules\markbind-cli\src\lib\markbind\src\preprocessors\componentPreprocessor.js:92:19)
    at _preprocessInclude (C:\Users\damithch\AppData\Roaming\npm\node_modules\markbind-cli\src\lib\markbind\src\preprocessors\componentPreprocessor.js:255:26)
    at preProcessComponent (C:\Users\damithch\AppData\Roaming\npm\node_modules\markbind-cli\src\lib\markbind\src\preprocessors\componentPreprocessor.js:390:12)
    at C:\Users\damithch\AppData\Roaming\npm\node_modules\markbind-cli\src\lib\markbind\src\preprocessors\componentPreprocessor.js:397:52
    at Array.map (<anonymous>)
    at preProcessComponent (C:\Users\damithch\AppData\Roaming\npm\node_modules\markbind-cli\src\lib\markbind\src\preprocessors\componentPreprocessor.js:397:43)
    at C:\Users\damithch\AppData\Roaming\npm\node_modules\markbind-cli\src\lib\markbind\src\preprocessors\componentPreprocessor.js:397:52
    at Array.map (<anonymous>)
    at preProcessComponent (C:\Users\damithch\AppData\Roaming\npm\node_modules\markbind-cli\src\lib\markbind\src\preprocessors\componentPreprocessor.js:397:43)
    at C:\Users\damithch\AppData\Roaming\npm\node_modules\markbind-cli\src\lib\markbind\src\preprocessors\componentPreprocessor.js:397:52
    at Array.map (<anonymous>)
    at preProcessComponent (C:\Users\damithch\AppData\Roaming\npm\node_modules\markbind-cli\src\lib\markbind\src\preprocessors\componentPreprocessor.js:397:43)
    at C:\Users\damithch\AppData\Roaming\npm\node_modules\markbind-cli\src\lib\markbind\src\preprocessors\componentPreprocessor.js:397:52
    at Array.map (<anonymous>)
    at Object.preProcessComponent (C:\Users\damithch\AppData\Roaming\npm\node_modules\markbind-cli\src\lib\markbind\src\preprocessors\componentPreprocessor.js:397:43)
    at C:\Users\damithch\AppData\Roaming\npm\node_modules\markbind-cli\src\lib\markbind\src\parser.js:394:47
2020-04-05T16:45:33.226Z - error:  Error: No such file: C:\repos\nus-te3201\te3201-2020-website\book\ides\preview.md
Missing reference in C:\repos\nus-te3201\te3201-2020-website\se-book-adapted\index.md
    at _getFileExistsNode (C:\Users\damithch\AppData\Roaming\npm\node_modules\markbind-cli\src\lib\markbind\src\preprocessors\componentPreprocessor.js:92:19)
    at _preprocessInclude (C:\Users\damithch\AppData\Roaming\npm\node_modules\markbind-cli\src\lib\markbind\src\preprocessors\componentPreprocessor.js:255:26)
    at preProcessComponent (C:\Users\damithch\AppData\Roaming\npm\node_modules\markbind-cli\src\lib\markbind\src\preprocessors\componentPreprocessor.js:390:12)
    at C:\Users\damithch\AppData\Roaming\npm\node_modules\markbind-cli\src\lib\markbind\src\preprocessors\componentPreprocessor.js:397:52
    at Array.map (<anonymous>)
    at preProcessComponent (C:\Users\damithch\AppData\Roaming\npm\node_modules\markbind-cli\src\lib\markbind\src\preprocessors\componentPreprocessor.js:397:43)
    at C:\Users\damithch\AppData\Roaming\npm\node_modules\markbind-cli\src\lib\markbind\src\preprocessors\componentPreprocessor.js:397:52
    at Array.map (<anonymous>)
    at preProcessComponent (C:\Users\damithch\AppData\Roaming\npm\node_modules\markbind-cli\src\lib\markbind\src\preprocessors\componentPreprocessor.js:397:43)
    at C:\Users\damithch\AppData\Roaming\npm\node_modules\markbind-cli\src\lib\markbind\src\preprocessors\componentPreprocessor.js:397:52
    at Array.map (<anonymous>)
    at preProcessComponent (C:\Users\damithch\AppData\Roaming\npm\node_modules\markbind-cli\src\lib\markbind\src\preprocessors\componentPreprocessor.js:397:43)
    at C:\Users\damithch\AppData\Roaming\npm\node_modules\markbind-cli\src\lib\markbind\src\preprocessors\componentPreprocessor.js:397:52
    at Array.map (<anonymous>)
    at Object.preProcessComponent (C:\Users\damithch\AppData\Roaming\npm\node_modules\markbind-cli\src\lib\markbind\src\preprocessors\componentPreprocessor.js:397:43)
    at C:\Users\damithch\AppData\Roaming\npm\node_modules\markbind-cli\src\lib\markbind\src\parser.js:394:47
2020-04-05T16:45:33.231Z - error:  Error: No such file: C:\repos\nus-te3201\te3201-2020-website\book\integration\preview.md
Missing reference in C:\repos\nus-te3201\te3201-2020-website\se-book-adapted\index.md
    at _getFileExistsNode (C:\Users\damithch\AppData\Roaming\npm\node_modules\markbind-cli\src\lib\markbind\src\preprocessors\componentPreprocessor.js:92:19)
    at _preprocessInclude (C:\Users\damithch\AppData\Roaming\npm\node_modules\markbind-cli\src\lib\markbind\src\preprocessors\componentPreprocessor.js:255:26)
    at preProcessComponent (C:\Users\damithch\AppData\Roaming\npm\node_modules\markbind-cli\src\lib\markbind\src\preprocessors\componentPreprocessor.js:390:12)
    at C:\Users\damithch\AppData\Roaming\npm\node_modules\markbind-cli\src\lib\markbind\src\preprocessors\componentPreprocessor.js:397:52
    at Array.map (<anonymous>)
    at preProcessComponent (C:\Users\damithch\AppData\Roaming\npm\node_modules\markbind-cli\src\lib\markbind\src\preprocessors\componentPreprocessor.js:397:43)
    at C:\Users\damithch\AppData\Roaming\npm\node_modules\markbind-cli\src\lib\markbind\src\preprocessors\componentPreprocessor.js:397:52
    at Array.map (<anonymous>)
    at preProcessComponent (C:\Users\damithch\AppData\Roaming\npm\node_modules\markbind-cli\src\lib\markbind\src\preprocessors\componentPreprocessor.js:397:43)
    at C:\Users\damithch\AppData\Roaming\npm\node_modules\markbind-cli\src\lib\markbind\src\preprocessors\componentPreprocessor.js:397:52
    at Array.map (<anonymous>)
    at preProcessComponent (C:\Users\damithch\AppData\Roaming\npm\node_modules\markbind-cli\src\lib\markbind\src\preprocessors\componentPreprocessor.js:397:43)
    at C:\Users\damithch\AppData\Roaming\npm\node_modules\markbind-cli\src\lib\markbind\src\preprocessors\componentPreprocessor.js:397:52
    at Array.map (<anonymous>)
    at Object.preProcessComponent (C:\Users\damithch\AppData\Roaming\npm\node_modules\markbind-cli\src\lib\markbind\src\preprocessors\componentPreprocessor.js:397:43)
    at C:\Users\damithch\AppData\Roaming\npm\node_modules\markbind-cli\src\lib\markbind\src\parser.js:394:47
2020-04-05T16:45:33.234Z - error:  Error: No such file: C:\repos\nus-te3201\te3201-2020-website\book\codeQuality\preview.md
Missing reference in C:\repos\nus-te3201\te3201-2020-website\se-book-adapted\index.md
    at _getFileExistsNode (C:\Users\damithch\AppData\Roaming\npm\node_modules\markbind-cli\src\lib\markbind\src\preprocessors\componentPreprocessor.js:92:19)
    at _preprocessInclude (C:\Users\damithch\AppData\Roaming\npm\node_modules\markbind-cli\src\lib\markbind\src\preprocessors\componentPreprocessor.js:255:26)
    at preProcessComponent (C:\Users\damithch\AppData\Roaming\npm\node_modules\markbind-cli\src\lib\markbind\src\preprocessors\componentPreprocessor.js:390:12)
    at C:\Users\damithch\AppData\Roaming\npm\node_modules\markbind-cli\src\lib\markbind\src\preprocessors\componentPreprocessor.js:397:52
    at Array.map (<anonymous>)
    at preProcessComponent (C:\Users\damithch\AppData\Roaming\npm\node_modules\markbind-cli\src\lib\markbind\src\preprocessors\componentPreprocessor.js:397:43)
    at C:\Users\damithch\AppData\Roaming\npm\node_modules\markbind-cli\src\lib\markbind\src\preprocessors\componentPreprocessor.js:397:52
    at Array.map (<anonymous>)
    at preProcessComponent (C:\Users\damithch\AppData\Roaming\npm\node_modules\markbind-cli\src\lib\markbind\src\preprocessors\componentPreprocessor.js:397:43)
    at C:\Users\damithch\AppData\Roaming\npm\node_modules\markbind-cli\src\lib\markbind\src\preprocessors\componentPreprocessor.js:397:52
    at Array.map (<anonymous>)
    at preProcessComponent (C:\Users\damithch\AppData\Roaming\npm\node_modules\markbind-cli\src\lib\markbind\src\preprocessors\componentPreprocessor.js:397:43)
    at C:\Users\damithch\AppData\Roaming\npm\node_modules\markbind-cli\src\lib\markbind\src\preprocessors\componentPreprocessor.js:397:52
    at Array.map (<anonymous>)
    at Object.preProcessComponent (C:\Users\damithch\AppData\Roaming\npm\node_modules\markbind-cli\src\lib\markbind\src\preprocessors\componentPreprocessor.js:397:43)
    at C:\Users\damithch\AppData\Roaming\npm\node_modules\markbind-cli\src\lib\markbind\src\parser.js:394:47
2020-04-05T16:45:33.235Z - error:  Error: No such file: C:\repos\nus-te3201\te3201-2020-website\book\refactoring\preview.md
Missing reference in C:\repos\nus-te3201\te3201-2020-website\se-book-adapted\index.md
    at _getFileExistsNode (C:\Users\damithch\AppData\Roaming\npm\node_modules\markbind-cli\src\lib\markbind\src\preprocessors\componentPreprocessor.js:92:19)
    at _preprocessInclude (C:\Users\damithch\AppData\Roaming\npm\node_modules\markbind-cli\src\lib\markbind\src\preprocessors\componentPreprocessor.js:255:26)
    at preProcessComponent (C:\Users\damithch\AppData\Roaming\npm\node_modules\markbind-cli\src\lib\markbind\src\preprocessors\componentPreprocessor.js:390:12)
    at C:\Users\damithch\AppData\Roaming\npm\node_modules\markbind-cli\src\lib\markbind\src\preprocessors\componentPreprocessor.js:397:52
    at Array.map (<anonymous>)
    at preProcessComponent (C:\Users\damithch\AppData\Roaming\npm\node_modules\markbind-cli\src\lib\markbind\src\preprocessors\componentPreprocessor.js:397:43)
    at C:\Users\damithch\AppData\Roaming\npm\node_modules\markbind-cli\src\lib\markbind\src\preprocessors\componentPreprocessor.js:397:52
    at Array.map (<anonymous>)
    at preProcessComponent (C:\Users\damithch\AppData\Roaming\npm\node_modules\markbind-cli\src\lib\markbind\src\preprocessors\componentPreprocessor.js:397:43)
    at C:\Users\damithch\AppData\Roaming\npm\node_modules\markbind-cli\src\lib\markbind\src\preprocessors\componentPreprocessor.js:397:52
    at Array.map (<anonymous>)
    at preProcessComponent (C:\Users\damithch\AppData\Roaming\npm\node_modules\markbind-cli\src\lib\markbind\src\preprocessors\componentPreprocessor.js:397:43)
    at C:\Users\damithch\AppData\Roaming\npm\node_modules\markbind-cli\src\lib\markbind\src\preprocessors\componentPreprocessor.js:397:52
    at Array.map (<anonymous>)
    at Object.preProcessComponent (C:\Users\damithch\AppData\Roaming\npm\node_modules\markbind-cli\src\lib\markbind\src\preprocessors\componentPreprocessor.js:397:43)
    at C:\Users\damithch\AppData\Roaming\npm\node_modules\markbind-cli\src\lib\markbind\src\parser.js:394:47
2020-04-05T16:45:33.239Z - error:  Error: No such file: C:\repos\nus-te3201\te3201-2020-website\book\reuse\preview.md
Missing reference in C:\repos\nus-te3201\te3201-2020-website\se-book-adapted\index.md
    at _getFileExistsNode (C:\Users\damithch\AppData\Roaming\npm\node_modules\markbind-cli\src\lib\markbind\src\preprocessors\componentPreprocessor.js:92:19)
    at _preprocessInclude (C:\Users\damithch\AppData\Roaming\npm\node_modules\markbind-cli\src\lib\markbind\src\preprocessors\componentPreprocessor.js:255:26)
    at preProcessComponent (C:\Users\damithch\AppData\Roaming\npm\node_modules\markbind-cli\src\lib\markbind\src\preprocessors\componentPreprocessor.js:390:12)
    at C:\Users\damithch\AppData\Roaming\npm\node_modules\markbind-cli\src\lib\markbind\src\preprocessors\componentPreprocessor.js:397:52
    at Array.map (<anonymous>)
    at preProcessComponent (C:\Users\damithch\AppData\Roaming\npm\node_modules\markbind-cli\src\lib\markbind\src\preprocessors\componentPreprocessor.js:397:43)
    at C:\Users\damithch\AppData\Roaming\npm\node_modules\markbind-cli\src\lib\markbind\src\preprocessors\componentPreprocessor.js:397:52
    at Array.map (<anonymous>)
    at preProcessComponent (C:\Users\damithch\AppData\Roaming\npm\node_modules\markbind-cli\src\lib\markbind\src\preprocessors\componentPreprocessor.js:397:43)
    at C:\Users\damithch\AppData\Roaming\npm\node_modules\markbind-cli\src\lib\markbind\src\preprocessors\componentPreprocessor.js:397:52
    at Array.map (<anonymous>)
    at preProcessComponent (C:\Users\damithch\AppData\Roaming\npm\node_modules\markbind-cli\src\lib\markbind\src\preprocessors\componentPreprocessor.js:397:43)
    at C:\Users\damithch\AppData\Roaming\npm\node_modules\markbind-cli\src\lib\markbind\src\preprocessors\componentPreprocessor.js:397:52
    at Array.map (<anonymous>)
    at Object.preProcessComponent (C:\Users\damithch\AppData\Roaming\npm\node_modules\markbind-cli\src\lib\markbind\src\preprocessors\componentPreprocessor.js:397:43)
    at C:\Users\damithch\AppData\Roaming\npm\node_modules\markbind-cli\src\lib\markbind\src\parser.js:394:47
2020-04-05T16:45:33.240Z - error:  Error: No such file: C:\repos\nus-te3201\te3201-2020-website\book\documentation\preview.md
Missing reference in C:\repos\nus-te3201\te3201-2020-website\se-book-adapted\index.md
    at _getFileExistsNode (C:\Users\damithch\AppData\Roaming\npm\node_modules\markbind-cli\src\lib\markbind\src\preprocessors\componentPreprocessor.js:92:19)
    at _preprocessInclude (C:\Users\damithch\AppData\Roaming\npm\node_modules\markbind-cli\src\lib\markbind\src\preprocessors\componentPreprocessor.js:255:26)
    at preProcessComponent (C:\Users\damithch\AppData\Roaming\npm\node_modules\markbind-cli\src\lib\markbind\src\preprocessors\componentPreprocessor.js:390:12)
    at C:\Users\damithch\AppData\Roaming\npm\node_modules\markbind-cli\src\lib\markbind\src\preprocessors\componentPreprocessor.js:397:52
    at Array.map (<anonymous>)
    at preProcessComponent (C:\Users\damithch\AppData\Roaming\npm\node_modules\markbind-cli\src\lib\markbind\src\preprocessors\componentPreprocessor.js:397:43)
    at C:\Users\damithch\AppData\Roaming\npm\node_modules\markbind-cli\src\lib\markbind\src\preprocessors\componentPreprocessor.js:397:52
    at Array.map (<anonymous>)
    at preProcessComponent (C:\Users\damithch\AppData\Roaming\npm\node_modules\markbind-cli\src\lib\markbind\src\preprocessors\componentPreprocessor.js:397:43)
    at C:\Users\damithch\AppData\Roaming\npm\node_modules\markbind-cli\src\lib\markbind\src\preprocessors\componentPreprocessor.js:397:52
    at Array.map (<anonymous>)
    at preProcessComponent (C:\Users\damithch\AppData\Roaming\npm\node_modules\markbind-cli\src\lib\markbind\src\preprocessors\componentPreprocessor.js:397:43)
    at C:\Users\damithch\AppData\Roaming\npm\node_modules\markbind-cli\src\lib\markbind\src\preprocessors\componentPreprocessor.js:397:52
    at Array.map (<anonymous>)
    at Object.preProcessComponent (C:\Users\damithch\AppData\Roaming\npm\node_modules\markbind-cli\src\lib\markbind\src\preprocessors\componentPreprocessor.js:397:43)
    at C:\Users\damithch\AppData\Roaming\npm\node_modules\markbind-cli\src\lib\markbind\src\parser.js:394:47
2020-04-05T16:45:33.244Z - error:  Error: No such file: C:\repos\nus-te3201\te3201-2020-website\book\testing\preview.md
Missing reference in C:\repos\nus-te3201\te3201-2020-website\se-book-adapted\index.md
    at _getFileExistsNode (C:\Users\damithch\AppData\Roaming\npm\node_modules\markbind-cli\src\lib\markbind\src\preprocessors\componentPreprocessor.js:92:19)
    at _preprocessInclude (C:\Users\damithch\AppData\Roaming\npm\node_modules\markbind-cli\src\lib\markbind\src\preprocessors\componentPreprocessor.js:255:26)
    at preProcessComponent (C:\Users\damithch\AppData\Roaming\npm\node_modules\markbind-cli\src\lib\markbind\src\preprocessors\componentPreprocessor.js:390:12)
    at C:\Users\damithch\AppData\Roaming\npm\node_modules\markbind-cli\src\lib\markbind\src\preprocessors\componentPreprocessor.js:397:52
    at Array.map (<anonymous>)
    at preProcessComponent (C:\Users\damithch\AppData\Roaming\npm\node_modules\markbind-cli\src\lib\markbind\src\preprocessors\componentPreprocessor.js:397:43)
    at C:\Users\damithch\AppData\Roaming\npm\node_modules\markbind-cli\src\lib\markbind\src\preprocessors\componentPreprocessor.js:397:52
    at Array.map (<anonymous>)
    at preProcessComponent (C:\Users\damithch\AppData\Roaming\npm\node_modules\markbind-cli\src\lib\markbind\src\preprocessors\componentPreprocessor.js:397:43)
    at C:\Users\damithch\AppData\Roaming\npm\node_modules\markbind-cli\src\lib\markbind\src\preprocessors\componentPreprocessor.js:397:52
    at Array.map (<anonymous>)
    at preProcessComponent (C:\Users\damithch\AppData\Roaming\npm\node_modules\markbind-cli\src\lib\markbind\src\preprocessors\componentPreprocessor.js:397:43)
    at C:\Users\damithch\AppData\Roaming\npm\node_modules\markbind-cli\src\lib\markbind\src\preprocessors\componentPreprocessor.js:397:52
    at Array.map (<anonymous>)
    at Object.preProcessComponent (C:\Users\damithch\AppData\Roaming\npm\node_modules\markbind-cli\src\lib\markbind\src\preprocessors\componentPreprocessor.js:397:43)
    at C:\Users\damithch\AppData\Roaming\npm\node_modules\markbind-cli\src\lib\markbind\src\parser.js:394:47
2020-04-05T16:45:33.245Z - error:  Error: No such file: C:\repos\nus-te3201\te3201-2020-website\book\testCaseDesign\preview.md
Missing reference in C:\repos\nus-te3201\te3201-2020-website\se-book-adapted\index.md
    at _getFileExistsNode (C:\Users\damithch\AppData\Roaming\npm\node_modules\markbind-cli\src\lib\markbind\src\preprocessors\componentPreprocessor.js:92:19)
    at _preprocessInclude (C:\Users\damithch\AppData\Roaming\npm\node_modules\markbind-cli\src\lib\markbind\src\preprocessors\componentPreprocessor.js:255:26)
    at preProcessComponent (C:\Users\damithch\AppData\Roaming\npm\node_modules\markbind-cli\src\lib\markbind\src\preprocessors\componentPreprocessor.js:390:12)
    at C:\Users\damithch\AppData\Roaming\npm\node_modules\markbind-cli\src\lib\markbind\src\preprocessors\componentPreprocessor.js:397:52
    at Array.map (<anonymous>)
    at preProcessComponent (C:\Users\damithch\AppData\Roaming\npm\node_modules\markbind-cli\src\lib\markbind\src\preprocessors\componentPreprocessor.js:397:43)
    at C:\Users\damithch\AppData\Roaming\npm\node_modules\markbind-cli\src\lib\markbind\src\preprocessors\componentPreprocessor.js:397:52
    at Array.map (<anonymous>)
    at preProcessComponent (C:\Users\damithch\AppData\Roaming\npm\node_modules\markbind-cli\src\lib\markbind\src\preprocessors\componentPreprocessor.js:397:43)
    at C:\Users\damithch\AppData\Roaming\npm\node_modules\markbind-cli\src\lib\markbind\src\preprocessors\componentPreprocessor.js:397:52
    at Array.map (<anonymous>)
    at preProcessComponent (C:\Users\damithch\AppData\Roaming\npm\node_modules\markbind-cli\src\lib\markbind\src\preprocessors\componentPreprocessor.js:397:43)
    at C:\Users\damithch\AppData\Roaming\npm\node_modules\markbind-cli\src\lib\markbind\src\preprocessors\componentPreprocessor.js:397:52
    at Array.map (<anonymous>)
    at Object.preProcessComponent (C:\Users\damithch\AppData\Roaming\npm\node_modules\markbind-cli\src\lib\markbind\src\preprocessors\componentPreprocessor.js:397:43)
    at C:\Users\damithch\AppData\Roaming\npm\node_modules\markbind-cli\src\lib\markbind\src\parser.js:394:47
2020-04-05T16:45:33.246Z - error:  Error: No such file: C:\repos\nus-te3201\te3201-2020-website\book\qualityAssurance\preview.md
Missing reference in C:\repos\nus-te3201\te3201-2020-website\se-book-adapted\index.md
    at _getFileExistsNode (C:\Users\damithch\AppData\Roaming\npm\node_modules\markbind-cli\src\lib\markbind\src\preprocessors\componentPreprocessor.js:92:19)
    at _preprocessInclude (C:\Users\damithch\AppData\Roaming\npm\node_modules\markbind-cli\src\lib\markbind\src\preprocessors\componentPreprocessor.js:255:26)
    at preProcessComponent (C:\Users\damithch\AppData\Roaming\npm\node_modules\markbind-cli\src\lib\markbind\src\preprocessors\componentPreprocessor.js:390:12)
    at C:\Users\damithch\AppData\Roaming\npm\node_modules\markbind-cli\src\lib\markbind\src\preprocessors\componentPreprocessor.js:397:52
    at Array.map (<anonymous>)
    at preProcessComponent (C:\Users\damithch\AppData\Roaming\npm\node_modules\markbind-cli\src\lib\markbind\src\preprocessors\componentPreprocessor.js:397:43)
    at C:\Users\damithch\AppData\Roaming\npm\node_modules\markbind-cli\src\lib\markbind\src\preprocessors\componentPreprocessor.js:397:52
    at Array.map (<anonymous>)
    at preProcessComponent (C:\Users\damithch\AppData\Roaming\npm\node_modules\markbind-cli\src\lib\markbind\src\preprocessors\componentPreprocessor.js:397:43)
    at C:\Users\damithch\AppData\Roaming\npm\node_modules\markbind-cli\src\lib\markbind\src\preprocessors\componentPreprocessor.js:397:52
    at Array.map (<anonymous>)
    at preProcessComponent (C:\Users\damithch\AppData\Roaming\npm\node_modules\markbind-cli\src\lib\markbind\src\preprocessors\componentPreprocessor.js:397:43)
    at C:\Users\damithch\AppData\Roaming\npm\node_modules\markbind-cli\src\lib\markbind\src\preprocessors\componentPreprocessor.js:397:52
    at Array.map (<anonymous>)
    at Object.preProcessComponent (C:\Users\damithch\AppData\Roaming\npm\node_modules\markbind-cli\src\lib\markbind\src\preprocessors\componentPreprocessor.js:397:43)
    at C:\Users\damithch\AppData\Roaming\npm\node_modules\markbind-cli\src\lib\markbind\src\parser.js:394:47
2020-04-05T16:45:33.246Z - error:  Error: No such file: C:\repos\nus-te3201\te3201-2020-website\book\projectPlanning\preview.md
Missing reference in C:\repos\nus-te3201\te3201-2020-website\se-book-adapted\index.md
    at _getFileExistsNode (C:\Users\damithch\AppData\Roaming\npm\node_modules\markbind-cli\src\lib\markbind\src\preprocessors\componentPreprocessor.js:92:19)
    at _preprocessInclude (C:\Users\damithch\AppData\Roaming\npm\node_modules\markbind-cli\src\lib\markbind\src\preprocessors\componentPreprocessor.js:255:26)
    at preProcessComponent (C:\Users\damithch\AppData\Roaming\npm\node_modules\markbind-cli\src\lib\markbind\src\preprocessors\componentPreprocessor.js:390:12)
    at C:\Users\damithch\AppData\Roaming\npm\node_modules\markbind-cli\src\lib\markbind\src\preprocessors\componentPreprocessor.js:397:52
    at Array.map (<anonymous>)
    at preProcessComponent (C:\Users\damithch\AppData\Roaming\npm\node_modules\markbind-cli\src\lib\markbind\src\preprocessors\componentPreprocessor.js:397:43)
    at C:\Users\damithch\AppData\Roaming\npm\node_modules\markbind-cli\src\lib\markbind\src\preprocessors\componentPreprocessor.js:397:52
    at Array.map (<anonymous>)
    at preProcessComponent (C:\Users\damithch\AppData\Roaming\npm\node_modules\markbind-cli\src\lib\markbind\src\preprocessors\componentPreprocessor.js:397:43)
    at C:\Users\damithch\AppData\Roaming\npm\node_modules\markbind-cli\src\lib\markbind\src\preprocessors\componentPreprocessor.js:397:52
    at Array.map (<anonymous>)
    at preProcessComponent (C:\Users\damithch\AppData\Roaming\npm\node_modules\markbind-cli\src\lib\markbind\src\preprocessors\componentPreprocessor.js:397:43)
    at C:\Users\damithch\AppData\Roaming\npm\node_modules\markbind-cli\src\lib\markbind\src\preprocessors\componentPreprocessor.js:397:52
    at Array.map (<anonymous>)
    at Object.preProcessComponent (C:\Users\damithch\AppData\Roaming\npm\node_modules\markbind-cli\src\lib\markbind\src\preprocessors\componentPreprocessor.js:397:43)
    at C:\Users\damithch\AppData\Roaming\npm\node_modules\markbind-cli\src\lib\markbind\src\parser.js:394:47
2020-04-05T16:45:33.247Z - error:  Error: No such file: C:\repos\nus-te3201\te3201-2020-website\book\teamwork\preview.md
Missing reference in C:\repos\nus-te3201\te3201-2020-website\se-book-adapted\index.md
    at _getFileExistsNode (C:\Users\damithch\AppData\Roaming\npm\node_modules\markbind-cli\src\lib\markbind\src\preprocessors\componentPreprocessor.js:92:19)
    at _preprocessInclude (C:\Users\damithch\AppData\Roaming\npm\node_modules\markbind-cli\src\lib\markbind\src\preprocessors\componentPreprocessor.js:255:26)
    at preProcessComponent (C:\Users\damithch\AppData\Roaming\npm\node_modules\markbind-cli\src\lib\markbind\src\preprocessors\componentPreprocessor.js:390:12)
    at C:\Users\damithch\AppData\Roaming\npm\node_modules\markbind-cli\src\lib\markbind\src\preprocessors\componentPreprocessor.js:397:52
    at Array.map (<anonymous>)
    at preProcessComponent (C:\Users\damithch\AppData\Roaming\npm\node_modules\markbind-cli\src\lib\markbind\src\preprocessors\componentPreprocessor.js:397:43)
    at C:\Users\damithch\AppData\Roaming\npm\node_modules\markbind-cli\src\lib\markbind\src\preprocessors\componentPreprocessor.js:397:52
    at Array.map (<anonymous>)
    at preProcessComponent (C:\Users\damithch\AppData\Roaming\npm\node_modules\markbind-cli\src\lib\markbind\src\preprocessors\componentPreprocessor.js:397:43)
    at C:\Users\damithch\AppData\Roaming\npm\node_modules\markbind-cli\src\lib\markbind\src\preprocessors\componentPreprocessor.js:397:52
    at Array.map (<anonymous>)
    at preProcessComponent (C:\Users\damithch\AppData\Roaming\npm\node_modules\markbind-cli\src\lib\markbind\src\preprocessors\componentPreprocessor.js:397:43)
    at C:\Users\damithch\AppData\Roaming\npm\node_modules\markbind-cli\src\lib\markbind\src\preprocessors\componentPreprocessor.js:397:52
    at Array.map (<anonymous>)
    at Object.preProcessComponent (C:\Users\damithch\AppData\Roaming\npm\node_modules\markbind-cli\src\lib\markbind\src\preprocessors\componentPreprocessor.js:397:43)
    at C:\Users\damithch\AppData\Roaming\npm\node_modules\markbind-cli\src\lib\markbind\src\parser.js:394:47
2020-04-05T16:45:33.250Z - error:  Error: No such file: C:\repos\nus-te3201\te3201-2020-website\book\processModels\preview.md
Missing reference in C:\repos\nus-te3201\te3201-2020-website\se-book-adapted\index.md
    at _getFileExistsNode (C:\Users\damithch\AppData\Roaming\npm\node_modules\markbind-cli\src\lib\markbind\src\preprocessors\componentPreprocessor.js:92:19)
    at _preprocessInclude (C:\Users\damithch\AppData\Roaming\npm\node_modules\markbind-cli\src\lib\markbind\src\preprocessors\componentPreprocessor.js:255:26)
    at preProcessComponent (C:\Users\damithch\AppData\Roaming\npm\node_modules\markbind-cli\src\lib\markbind\src\preprocessors\componentPreprocessor.js:390:12)
    at C:\Users\damithch\AppData\Roaming\npm\node_modules\markbind-cli\src\lib\markbind\src\preprocessors\componentPreprocessor.js:397:52
    at Array.map (<anonymous>)
    at preProcessComponent (C:\Users\damithch\AppData\Roaming\npm\node_modules\markbind-cli\src\lib\markbind\src\preprocessors\componentPreprocessor.js:397:43)
    at C:\Users\damithch\AppData\Roaming\npm\node_modules\markbind-cli\src\lib\markbind\src\preprocessors\componentPreprocessor.js:397:52
    at Array.map (<anonymous>)
    at preProcessComponent (C:\Users\damithch\AppData\Roaming\npm\node_modules\markbind-cli\src\lib\markbind\src\preprocessors\componentPreprocessor.js:397:43)
    at C:\Users\damithch\AppData\Roaming\npm\node_modules\markbind-cli\src\lib\markbind\src\preprocessors\componentPreprocessor.js:397:52
    at Array.map (<anonymous>)
    at preProcessComponent (C:\Users\damithch\AppData\Roaming\npm\node_modules\markbind-cli\src\lib\markbind\src\preprocessors\componentPreprocessor.js:397:43)
    at C:\Users\damithch\AppData\Roaming\npm\node_modules\markbind-cli\src\lib\markbind\src\preprocessors\componentPreprocessor.js:397:52
    at Array.map (<anonymous>)
    at Object.preProcessComponent (C:\Users\damithch\AppData\Roaming\npm\node_modules\markbind-cli\src\lib\markbind\src\preprocessors\componentPreprocessor.js:397:43)
    at C:\Users\damithch\AppData\Roaming\npm\node_modules\markbind-cli\src\lib\markbind\src\parser.js:394:47
2020-04-05T16:45:33.256Z - error:  Error: No such file: C:\repos\nus-te3201\te3201-2020-website\book\revisionControl\preview.md
Missing reference in C:\repos\nus-te3201\te3201-2020-website\se-book-adapted\index.md
    at _getFileExistsNode (C:\Users\damithch\AppData\Roaming\npm\node_modules\markbind-cli\src\lib\markbind\src\preprocessors\componentPreprocessor.js:92:19)
    at _preprocessInclude (C:\Users\damithch\AppData\Roaming\npm\node_modules\markbind-cli\src\lib\markbind\src\preprocessors\componentPreprocessor.js:255:26)
    at preProcessComponent (C:\Users\damithch\AppData\Roaming\npm\node_modules\markbind-cli\src\lib\markbind\src\preprocessors\componentPreprocessor.js:390:12)
    at C:\Users\damithch\AppData\Roaming\npm\node_modules\markbind-cli\src\lib\markbind\src\preprocessors\componentPreprocessor.js:397:52
    at Array.map (<anonymous>)
    at preProcessComponent (C:\Users\damithch\AppData\Roaming\npm\node_modules\markbind-cli\src\lib\markbind\src\preprocessors\componentPreprocessor.js:397:43)
    at C:\Users\damithch\AppData\Roaming\npm\node_modules\markbind-cli\src\lib\markbind\src\preprocessors\componentPreprocessor.js:397:52
    at Array.map (<anonymous>)
    at preProcessComponent (C:\Users\damithch\AppData\Roaming\npm\node_modules\markbind-cli\src\lib\markbind\src\preprocessors\componentPreprocessor.js:397:43)
    at C:\Users\damithch\AppData\Roaming\npm\node_modules\markbind-cli\src\lib\markbind\src\preprocessors\componentPreprocessor.js:397:52
    at Array.map (<anonymous>)
    at preProcessComponent (C:\Users\damithch\AppData\Roaming\npm\node_modules\markbind-cli\src\lib\markbind\src\preprocessors\componentPreprocessor.js:397:43)
    at C:\Users\damithch\AppData\Roaming\npm\node_modules\markbind-cli\src\lib\markbind\src\preprocessors\componentPreprocessor.js:397:52
    at Array.map (<anonymous>)
    at Object.preProcessComponent (C:\Users\damithch\AppData\Roaming\npm\node_modules\markbind-cli\src\lib\markbind\src\preprocessors\componentPreprocessor.js:397:43)
    at C:\Users\damithch\AppData\Roaming\npm\node_modules\markbind-cli\src\lib\markbind\src\parser.js:394:47
2020-04-05T16:45:33.259Z - error:  Error: No such file: C:\repos\nus-te3201\te3201-2020-website\book\uml\preview.md
Missing reference in C:\repos\nus-te3201\te3201-2020-website\se-book-adapted\index.md
    at _getFileExistsNode (C:\Users\damithch\AppData\Roaming\npm\node_modules\markbind-cli\src\lib\markbind\src\preprocessors\componentPreprocessor.js:92:19)
    at _preprocessInclude (C:\Users\damithch\AppData\Roaming\npm\node_modules\markbind-cli\src\lib\markbind\src\preprocessors\componentPreprocessor.js:255:26)
    at preProcessComponent (C:\Users\damithch\AppData\Roaming\npm\node_modules\markbind-cli\src\lib\markbind\src\preprocessors\componentPreprocessor.js:390:12)
    at C:\Users\damithch\AppData\Roaming\npm\node_modules\markbind-cli\src\lib\markbind\src\preprocessors\componentPreprocessor.js:397:52
    at Array.map (<anonymous>)
    at preProcessComponent (C:\Users\damithch\AppData\Roaming\npm\node_modules\markbind-cli\src\lib\markbind\src\preprocessors\componentPreprocessor.js:397:43)
    at C:\Users\damithch\AppData\Roaming\npm\node_modules\markbind-cli\src\lib\markbind\src\preprocessors\componentPreprocessor.js:397:52
    at Array.map (<anonymous>)
    at preProcessComponent (C:\Users\damithch\AppData\Roaming\npm\node_modules\markbind-cli\src\lib\markbind\src\preprocessors\componentPreprocessor.js:397:43)
    at C:\Users\damithch\AppData\Roaming\npm\node_modules\markbind-cli\src\lib\markbind\src\preprocessors\componentPreprocessor.js:397:52
    at Array.map (<anonymous>)
    at preProcessComponent (C:\Users\damithch\AppData\Roaming\npm\node_modules\markbind-cli\src\lib\markbind\src\preprocessors\componentPreprocessor.js:397:43)
    at C:\Users\damithch\AppData\Roaming\npm\node_modules\markbind-cli\src\lib\markbind\src\preprocessors\componentPreprocessor.js:397:52
    at Array.map (<anonymous>)
    at Object.preProcessComponent (C:\Users\damithch\AppData\Roaming\npm\node_modules\markbind-cli\src\lib\markbind\src\preprocessors\componentPreprocessor.js:397:43)
    at C:\Users\damithch\AppData\Roaming\npm\node_modules\markbind-cli\src\lib\markbind\src\parser.js:394:47
2020-04-05T16:47:06.096Z - debug: The process cannot access the file because it is being used by another process.

2020-04-05T16:47:06.102Z - debug: The process cannot access the file because it is being used by another process.

2020-04-05T16:47:06.103Z - debug: The process cannot access the file because it is being used by another process.

2020-04-05T16:47:06.105Z - debug: The process cannot access the file because it is being used by another process.

2020-04-05T16:47:06.106Z - debug: The process cannot access the file because it is being used by another process.

2020-04-05T16:47:06.106Z - debug: The process cannot access the file because it is being used by another process.

2020-04-05T16:47:06.110Z - debug: The process cannot access the file because it is being used by another process.

2020-04-05T16:47:06.125Z - debug: The process cannot access the file because it is being used by another process.

2020-04-05T16:47:07.644Z - debug: The process cannot access the file because it is being used by another process.

2020-04-05T16:47:07.644Z - debug: The process cannot access the file because it is being used by another process.

2020-04-05T16:47:07.645Z - debug: The process cannot access the file because it is being used by another process.

2020-04-05T16:47:07.645Z - debug: The process cannot access the file because it is being used by another process.

2020-04-05T16:47:07.645Z - debug: The process cannot access the file because it is being used by another process.

2020-04-05T16:47:07.659Z - debug: The process cannot access the file because it is being used by another process.

2020-04-05T16:47:10.644Z - debug:  
2020-04-05T16:47:10.644Z - debug:  
2020-04-05T16:47:10.644Z - debug:  
2020-04-05T16:47:11.186Z - info: Pages built
2020-04-05T16:47:32.269Z - info: Website generation complete! Total build time: 139.939s
2020-04-05T16:47:32.270Z - info: Build success!
2020-04-05T16:47:32.286Z - debug:  
2020-04-05T16:47:32.287Z - debug:  
2020-04-05T16:47:32.289Z - info: Site data built
2020-04-05T16:48:07.136Z - info: Deployed!
