2020-04-27T15:31:46.082Z - info: Website generation started at 11:31:37 PM
2020-04-27T15:31:53.122Z - info: Building assets...
2020-04-27T15:32:00.428Z - info: Assets built
2020-04-27T15:32:00.430Z - info: Generating pages...
2020-04-27T15:33:56.865Z - debug:  
2020-04-27T15:33:56.868Z - debug:  
2020-04-27T15:33:56.969Z - debug:  
2020-04-27T15:33:56.970Z - debug:  
2020-04-27T15:33:57.033Z - debug:  
2020-04-27T15:33:57.033Z - debug:  
2020-04-27T15:33:57.033Z - debug:  
2020-04-27T15:33:57.122Z - debug:  
2020-04-27T15:33:57.123Z - debug:  
2020-04-27T15:33:57.123Z - debug:  
2020-04-27T15:33:57.123Z - debug:  
2020-04-27T15:33:57.536Z - debug:  
2020-04-27T15:34:05.177Z - debug:  
2020-04-27T15:34:05.178Z - debug:  
2020-04-27T15:34:05.178Z - debug:  
2020-04-27T15:34:05.178Z - debug:  
2020-04-27T15:34:05.179Z - debug:  
2020-04-27T15:34:06.878Z - debug:  
2020-04-27T15:34:06.878Z - debug:  
2020-04-27T15:34:06.887Z - info: Pages built
2020-04-27T15:34:31.058Z - info: Website generation complete! Total build time: 173.384s
2020-04-27T15:34:31.059Z - info: Build success!
2020-04-27T15:34:31.062Z - info: Site data built
2020-04-27T15:35:21.069Z - info: Deployed!
