2020-01-15T11:19:27.528Z - info: Website generation started at 7:19:26 PM
2020-01-15T11:19:30.273Z - info: Building assets...
2020-01-15T11:19:33.019Z - info: Assets built
2020-01-15T11:19:33.020Z - info: Generating pages...
2020-01-15T11:20:06.099Z - debug: The process cannot access the file because it is being used by another process.

2020-01-15T11:20:06.099Z - debug: The process cannot access the file because it is being used by another process.

2020-01-15T11:20:06.100Z - debug: The process cannot access the file because it is being used by another process.

2020-01-15T11:20:06.100Z - debug: The process cannot access the file because it is being used by another process.

2020-01-15T11:20:06.160Z - debug: The process cannot access the file because it is being used by another process.

2020-01-15T11:20:06.160Z - debug: The process cannot access the file because it is being used by another process.

2020-01-15T11:20:06.161Z - debug: The process cannot access the file because it is being used by another process.

2020-01-15T11:20:06.161Z - debug: The process cannot access the file because it is being used by another process.

2020-01-15T11:20:10.222Z - debug:  
2020-01-15T11:20:10.608Z - debug:  
2020-01-15T11:20:10.608Z - debug:  
2020-01-15T11:20:41.877Z - info: Pages built
2020-01-15T11:20:53.145Z - info: Website generation complete! Total build time: 87.019s
2020-01-15T11:20:53.495Z - info: Serving "C:\repos\nus-te3201\te3201-2020-website\_site" at http://127.0.0.1:8080
2020-01-15T11:20:53.496Z - info: Press CTRL+C to stop ...
2020-01-15T11:20:53.591Z - info: Site data built
2020-01-15T11:20:53.782Z - info: [7:20:53 PM] Reload for file change: C:\repos\nus-te3201\te3201-2020-website\admin\te3201-admin.md
2020-01-15T11:20:54.903Z - info: Rebuilding affected source files
2020-01-15T11:20:54.905Z - info: Rebuilding 4 pages
2020-01-15T11:20:58.652Z - info: Pages rebuilt
2020-01-15T11:20:59.120Z - info: Site data built
2020-01-15T11:22:54.177Z - info: [7:22:54 PM] Reload for file change: C:\repos\nus-te3201\te3201-2020-website\admin\te3201-admin.md
2020-01-15T11:22:55.180Z - info: Rebuilding affected source files
2020-01-15T11:22:55.181Z - info: Rebuilding 4 pages
2020-01-15T11:22:56.180Z - info: Pages rebuilt
2020-01-15T11:22:56.187Z - info: Site data built
2020-01-15T11:23:09.080Z - info: [7:23:09 PM] Reload for file change: C:\repos\nus-te3201\te3201-2020-website\admin\te3201-admin.md
2020-01-15T11:23:10.085Z - info: Rebuilding affected source files
2020-01-15T11:23:10.086Z - info: Rebuilding 4 pages
2020-01-15T11:23:10.986Z - info: Pages rebuilt
2020-01-15T11:23:10.990Z - info: Site data built
2020-01-15T11:24:15.412Z - info: [7:24:15 PM] Reload for file change: C:\repos\nus-te3201\te3201-2020-website\schedule\week2\admin-te3201.mbdf
2020-01-15T11:24:16.414Z - info: Rebuilding affected source files
2020-01-15T11:24:16.415Z - info: Rebuilding 3 pages
2020-01-15T11:24:18.424Z - info: Pages rebuilt
2020-01-15T11:24:18.436Z - info: Site data built
2020-01-15T11:24:27.668Z - info: [7:24:27 PM] Reload for file change: C:\repos\nus-te3201\te3201-2020-website\admin\te3201-admin.md
2020-01-15T11:24:28.671Z - info: Rebuilding affected source files
2020-01-15T11:24:28.672Z - info: Rebuilding 4 pages
2020-01-15T11:24:28.856Z - error:  Error: No such segment 'week2-project' in file: C:\repos\nus-te3201\te3201-2020-website\schedule\week2\admin-te3201.mbdf
Missing reference in C:\repos\nus-te3201\te3201-2020-website\admin\te3201-admin.md
    at Parser._preprocess (C:\Users\dcsdcr\AppData\Roaming\npm\node_modules\markbind-cli\src\lib\markbind\src\parser.js:439:25)
    at element.children.element.children.map.e (C:\Users\dcsdcr\AppData\Roaming\npm\node_modules\markbind-cli\src\lib\markbind\src\parser.js:505:57)
    at Array.map (<anonymous>)
    at Parser._preprocess (C:\Users\dcsdcr\AppData\Roaming\npm\node_modules\markbind-cli\src\lib\markbind\src\parser.js:505:43)
    at element.children.element.children.map.e (C:\Users\dcsdcr\AppData\Roaming\npm\node_modules\markbind-cli\src\lib\markbind\src\parser.js:505:57)
    at Array.map (<anonymous>)
    at Parser._preprocess (C:\Users\dcsdcr\AppData\Roaming\npm\node_modules\markbind-cli\src\lib\markbind\src\parser.js:505:43)
    at dom.map (C:\Users\dcsdcr\AppData\Roaming\npm\node_modules\markbind-cli\src\lib\markbind\src\parser.js:673:28)
    at Array.map (<anonymous>)
    at DomHandler.htmlparser.DomHandler [as _callback] (C:\Users\dcsdcr\AppData\Roaming\npm\node_modules\markbind-cli\src\lib\markbind\src\parser.js:670:25)
    at DomHandler._handleCallback.DomHandler.onerror (C:\Users\dcsdcr\AppData\Roaming\npm\node_modules\markbind-cli\node_modules\domhandler\index.js:52:8)
    at DomHandler.onend (C:\Users\dcsdcr\AppData\Roaming\npm\node_modules\markbind-cli\node_modules\domhandler\index.js:46:7)
    at Parser.onend (C:\Users\dcsdcr\AppData\Roaming\npm\node_modules\markbind-cli\node_modules\htmlparser2\lib\Parser.js:340:36)
    at Tokenizer._finish (C:\Users\dcsdcr\AppData\Roaming\npm\node_modules\markbind-cli\node_modules\htmlparser2\lib\Tokenizer.js:890:15)
    at Tokenizer.end (C:\Users\dcsdcr\AppData\Roaming\npm\node_modules\markbind-cli\node_modules\htmlparser2\lib\Tokenizer.js:881:29)
    at Parser.end (C:\Users\dcsdcr\AppData\Roaming\npm\node_modules\markbind-cli\node_modules\htmlparser2\lib\Parser.js:367:21)
2020-01-15T11:24:29.234Z - error:  Error: No such segment 'week2-project' in file: C:\repos\nus-te3201\te3201-2020-website\schedule\week2\admin-te3201.mbdf
Missing reference in C:\repos\nus-te3201\te3201-2020-website\admin\te3201-admin.md
    at Parser._preprocess (C:\Users\dcsdcr\AppData\Roaming\npm\node_modules\markbind-cli\src\lib\markbind\src\parser.js:439:25)
    at element.children.element.children.map.e (C:\Users\dcsdcr\AppData\Roaming\npm\node_modules\markbind-cli\src\lib\markbind\src\parser.js:505:57)
    at Array.map (<anonymous>)
    at Parser._preprocess (C:\Users\dcsdcr\AppData\Roaming\npm\node_modules\markbind-cli\src\lib\markbind\src\parser.js:505:43)
    at element.children.element.children.map.e (C:\Users\dcsdcr\AppData\Roaming\npm\node_modules\markbind-cli\src\lib\markbind\src\parser.js:505:57)
    at Array.map (<anonymous>)
    at Parser._preprocess (C:\Users\dcsdcr\AppData\Roaming\npm\node_modules\markbind-cli\src\lib\markbind\src\parser.js:505:43)
    at dom.map (C:\Users\dcsdcr\AppData\Roaming\npm\node_modules\markbind-cli\src\lib\markbind\src\parser.js:673:28)
    at Array.map (<anonymous>)
    at DomHandler.htmlparser.DomHandler [as _callback] (C:\Users\dcsdcr\AppData\Roaming\npm\node_modules\markbind-cli\src\lib\markbind\src\parser.js:670:25)
    at DomHandler._handleCallback.DomHandler.onerror (C:\Users\dcsdcr\AppData\Roaming\npm\node_modules\markbind-cli\node_modules\domhandler\index.js:52:8)
    at DomHandler.onend (C:\Users\dcsdcr\AppData\Roaming\npm\node_modules\markbind-cli\node_modules\domhandler\index.js:46:7)
    at Parser.onend (C:\Users\dcsdcr\AppData\Roaming\npm\node_modules\markbind-cli\node_modules\htmlparser2\lib\Parser.js:340:36)
    at Tokenizer._finish (C:\Users\dcsdcr\AppData\Roaming\npm\node_modules\markbind-cli\node_modules\htmlparser2\lib\Tokenizer.js:890:15)
    at Tokenizer.end (C:\Users\dcsdcr\AppData\Roaming\npm\node_modules\markbind-cli\node_modules\htmlparser2\lib\Tokenizer.js:881:29)
    at Parser.end (C:\Users\dcsdcr\AppData\Roaming\npm\node_modules\markbind-cli\node_modules\htmlparser2\lib\Parser.js:367:21)
2020-01-15T11:24:29.578Z - info: Pages rebuilt
2020-01-15T11:24:29.582Z - info: Site data built
2020-01-15T11:24:43.173Z - info: [7:24:43 PM] Reload for file change: C:\repos\nus-te3201\te3201-2020-website\schedule\week2\admin-te3201.mbdf
2020-01-15T11:24:44.175Z - info: Rebuilding affected source files
2020-01-15T11:24:44.176Z - info: Rebuilding 5 pages
2020-01-15T11:24:46.808Z - info: Pages rebuilt
2020-01-15T11:24:46.812Z - info: Site data built
2020-01-15T11:25:57.178Z - info: [7:25:57 PM] Reload for file change: C:\repos\nus-te3201\te3201-2020-website\admin\te3201-admin.md
2020-01-15T11:25:58.182Z - info: Rebuilding affected source files
2020-01-15T11:25:58.184Z - info: Rebuilding 4 pages
2020-01-15T11:25:59.207Z - info: Pages rebuilt
2020-01-15T11:25:59.212Z - info: Site data built
2020-01-15T11:26:19.994Z - info: [7:26:19 PM] Reload for file change: C:\repos\nus-te3201\te3201-2020-website\admin\te3201-admin.md
2020-01-15T11:26:20.997Z - info: Rebuilding affected source files
2020-01-15T11:26:20.998Z - info: Rebuilding 4 pages
2020-01-15T11:26:21.931Z - info: Pages rebuilt
2020-01-15T11:26:21.939Z - info: Site data built
2020-01-15T11:26:36.893Z - info: [7:26:36 PM] Reload for file change: C:\repos\nus-te3201\te3201-2020-website\admin\te3201-admin.md
2020-01-15T11:26:37.899Z - info: Rebuilding affected source files
2020-01-15T11:26:37.900Z - info: Rebuilding 4 pages
2020-01-15T11:26:38.915Z - info: Pages rebuilt
2020-01-15T11:26:38.923Z - info: Site data built
2020-01-15T11:26:46.936Z - info: [7:26:46 PM] Reload for file change: C:\repos\nus-te3201\te3201-2020-website\admin\te3201-admin.md
2020-01-15T11:26:47.939Z - info: Rebuilding affected source files
2020-01-15T11:26:47.940Z - info: Rebuilding 4 pages
2020-01-15T11:26:48.820Z - info: Pages rebuilt
2020-01-15T11:26:48.828Z - info: Site data built
2020-01-15T11:27:52.394Z - info: [7:27:52 PM] Reload for file change: C:\repos\nus-te3201\te3201-2020-website\admin\te3201-admin.md
2020-01-15T11:27:53.400Z - info: Rebuilding affected source files
2020-01-15T11:27:53.402Z - info: Rebuilding 4 pages
2020-01-15T11:27:54.466Z - info: Pages rebuilt
2020-01-15T11:27:54.473Z - info: Site data built
2020-01-15T11:28:22.494Z - info: [7:28:22 PM] Reload for file change: C:\repos\nus-te3201\te3201-2020-website\admin\te3201-admin.md
2020-01-15T11:28:23.497Z - info: Rebuilding affected source files
2020-01-15T11:28:23.499Z - info: Rebuilding 4 pages
2020-01-15T11:28:24.448Z - info: Pages rebuilt
2020-01-15T11:28:24.456Z - info: Site data built
2020-01-15T11:28:38.282Z - info: [7:28:38 PM] Reload for file change: C:\repos\nus-te3201\te3201-2020-website\admin\te3201-admin.md
2020-01-15T11:28:39.285Z - info: Rebuilding affected source files
2020-01-15T11:28:39.286Z - info: Rebuilding 4 pages
2020-01-15T11:28:40.265Z - info: Pages rebuilt
2020-01-15T11:28:40.270Z - info: Site data built
2020-01-15T11:29:34.348Z - info: [7:29:34 PM] Reload for file change: C:\repos\nus-te3201\te3201-2020-website\schedule\week2\admin-te3201.mbdf
2020-01-15T11:29:35.350Z - info: Rebuilding affected source files
2020-01-15T11:29:35.352Z - info: Rebuilding 5 pages
2020-01-15T11:29:38.046Z - info: Pages rebuilt
2020-01-15T11:29:38.050Z - info: Site data built
2020-01-15T11:30:52.257Z - info: [7:30:52 PM] Reload for file change: C:\repos\nus-te3201\te3201-2020-website\schedule\week5\admin-te3201.mbdf
2020-01-15T11:30:52.260Z - info: [7:30:52 PM] Reload for file change: C:\repos\nus-te3201\te3201-2020-website\schedule\week3\admin-te3201.mbdf
2020-01-15T11:30:52.264Z - info: [7:30:52 PM] Reload for file change: C:\repos\nus-te3201\te3201-2020-website\schedule\week4\admin-te3201.mbdf
2020-01-15T11:30:52.269Z - info: [7:30:52 PM] Reload for file change: C:\repos\nus-te3201\te3201-2020-website\admin\te3201-admin.md
2020-01-15T11:30:53.260Z - info: Rebuilding affected source files
2020-01-15T11:30:53.263Z - info: Rebuilding 11 pages
2020-01-15T11:30:56.935Z - info: Pages rebuilt
2020-01-15T11:30:56.941Z - info: Site data built
2020-01-15T11:35:10.569Z - info: [7:35:10 PM] Reload for file change: C:\repos\nus-te3201\te3201-2020-website\schedule\week9\admin-te3201.mbdf
2020-01-15T11:35:10.575Z - info: [7:35:10 PM] Reload for file change: C:\repos\nus-te3201\te3201-2020-website\schedule\week13\admin-te3201.mbdf
2020-01-15T11:35:10.580Z - info: [7:35:10 PM] Reload for file change: C:\repos\nus-te3201\te3201-2020-website\schedule\week8\admin-te3201.mbdf
2020-01-15T11:35:10.585Z - info: [7:35:10 PM] Reload for file change: C:\repos\nus-te3201\te3201-2020-website\schedule\week6\admin-te3201.mbdf
2020-01-15T11:35:10.589Z - info: [7:35:10 PM] Reload for file change: C:\repos\nus-te3201\te3201-2020-website\schedule\week10\admin-te3201.mbdf
2020-01-15T11:35:10.596Z - info: [7:35:10 PM] Reload for file change: C:\repos\nus-te3201\te3201-2020-website\schedule\week12\admin-te3201.mbdf
2020-01-15T11:35:10.598Z - info: [7:35:10 PM] Reload for file change: C:\repos\nus-te3201\te3201-2020-website\schedule\week7\admin-te3201.mbdf
2020-01-15T11:35:10.603Z - info: [7:35:10 PM] Reload for file change: C:\repos\nus-te3201\te3201-2020-website\admin\te3201-admin.md
2020-01-15T11:35:10.612Z - info: [7:35:10 PM] Reload for file change: C:\repos\nus-te3201\te3201-2020-website\schedule\week11\admin-te3201.mbdf
2020-01-15T11:35:11.571Z - info: Rebuilding affected source files
2020-01-15T11:35:11.576Z - info: Rebuilding 19 pages
2020-01-15T11:35:16.785Z - info: Pages rebuilt
2020-01-15T11:35:16.790Z - info: Site data built
2020-01-15T11:36:01.293Z - info: [7:36:01 PM] Reload for file change: C:\repos\nus-te3201\te3201-2020-website\admin\te3201-admin.md
2020-01-15T11:36:02.297Z - info: Rebuilding affected source files
2020-01-15T11:36:02.298Z - info: Rebuilding 4 pages
2020-01-15T11:36:04.180Z - info: Pages rebuilt
2020-01-15T11:36:04.186Z - info: Site data built
2020-01-15T11:36:13.406Z - info: [7:36:13 PM] Reload for file change: C:\repos\nus-te3201\te3201-2020-website\admin\te3201-admin.md
2020-01-15T11:36:14.410Z - info: Rebuilding affected source files
2020-01-15T11:36:14.411Z - info: Rebuilding 4 pages
2020-01-15T11:36:16.011Z - info: Pages rebuilt
2020-01-15T11:36:16.014Z - info: Site data built
2020-01-15T11:36:34.526Z - info: [7:36:34 PM] Reload for file change: C:\repos\nus-te3201\te3201-2020-website\admin\te3201-admin.md
2020-01-15T11:36:35.530Z - info: Rebuilding affected source files
2020-01-15T11:36:35.531Z - info: Rebuilding 4 pages
2020-01-15T11:36:37.328Z - info: Pages rebuilt
2020-01-15T11:36:37.332Z - info: Site data built
2020-01-15T11:38:13.373Z - info: [7:38:13 PM] Reload for file change: C:\repos\nus-te3201\te3201-2020-website\_markbind\boilerplates\montyFragment.md
2020-01-15T11:38:14.376Z - info: Rebuilding affected source files
2020-01-15T11:38:14.379Z - info: Rebuilding 13 pages
2020-01-15T11:38:17.175Z - info: Pages rebuilt
2020-01-15T11:38:17.179Z - info: Site data built
2020-01-15T11:40:57.489Z - info: Website generation started at 7:40:56 PM
2020-01-15T11:41:00.206Z - info: Building assets...
2020-01-15T11:41:02.478Z - info: Assets built
2020-01-15T11:41:02.478Z - info: Generating pages...
2020-01-15T11:41:35.043Z - debug: The process cannot access the file because it is being used by another process.

2020-01-15T11:41:35.044Z - debug: The process cannot access the file because it is being used by another process.

2020-01-15T11:41:35.044Z - debug: The process cannot access the file because it is being used by another process.

2020-01-15T11:41:35.046Z - debug: The process cannot access the file because it is being used by another process.

2020-01-15T11:41:35.046Z - debug: The process cannot access the file because it is being used by another process.

2020-01-15T11:41:35.046Z - debug: The process cannot access the file because it is being used by another process.

2020-01-15T11:41:35.047Z - debug: The process cannot access the file because it is being used by another process.

2020-01-15T11:41:35.047Z - debug: The process cannot access the file because it is being used by another process.

2020-01-15T11:41:39.238Z - debug:  
2020-01-15T11:41:39.238Z - debug:  
2020-01-15T11:41:39.239Z - debug:  
2020-01-15T11:42:10.910Z - info: Pages built
2020-01-15T11:42:22.261Z - info: Website generation complete! Total build time: 86.15s
2020-01-15T11:42:22.261Z - info: Build success!
2020-01-15T11:42:22.264Z - info: Site data built
2020-01-15T11:43:06.399Z - info: Deployed!
