2020-03-30T15:13:04.271Z - info: Website generation (lazy) started at 23:12:58
2020-03-30T15:13:08.349Z - info: Building assets...
2020-03-30T15:13:11.636Z - info: Assets built
2020-03-30T15:13:11.636Z - info: Generating landing page...
2020-03-30T15:13:12.884Z - info: Landing page built, other pages will be built as you navigate to them!
2020-03-30T15:13:12.969Z - info: Website generation (lazy) complete! Total build time: 14.403s
2020-03-30T15:13:13.261Z - info: Serving "C:\repos\nus-te3201\te3201-2020-website\_site" at http://127.0.0.1:8080
2020-03-30T15:13:13.261Z - info: Press CTRL+C to stop ...
2020-03-30T15:13:13.315Z - info: Site data built
2020-03-30T15:13:33.191Z - info: Building C:\repos\nus-te3201\te3201-2020-website\schedule\week10\topics-py as some of its dependencies were changed since the last visit
2020-03-30T15:13:34.032Z - info: Site data built
2020-03-30T15:13:34.033Z - info: Lazy website regeneration complete! Total build time: 0.843s
2020-03-30T15:13:42.803Z - info: Building C:\repos\nus-te3201\te3201-2020-website\schedule\week10\topics as some of its dependencies were changed since the last visit
2020-03-30T15:13:44.903Z - info: Site data built
2020-03-30T15:13:44.908Z - info: Lazy website regeneration complete! Total build time: 2.104s
2020-03-30T15:14:45.403Z - info: [23:14:45] Reload for file change: C:\repos\nus-te3201\te3201-2020-website\schedule\week10\commentary.mbdf
2020-03-30T15:14:46.407Z - info: Rebuilding affected source files
2020-03-30T15:14:46.409Z - info: Rebuilding 1 pages
2020-03-30T15:14:50.264Z - info: Pages rebuilt
2020-03-30T15:14:50.265Z - info: Website regeneration complete! Total build time: 3.857s
2020-03-30T15:14:50.292Z - info: Site data built
2020-03-30T15:15:18.308Z - info: [23:15:18] Reload for file change: C:\repos\nus-te3201\te3201-2020-website\schedule\week10\commentary.mbdf
2020-03-30T15:15:19.308Z - info: Rebuilding affected source files
2020-03-30T15:15:19.310Z - info: Rebuilding 1 pages
2020-03-30T15:15:21.330Z - info: Pages rebuilt
2020-03-30T15:15:21.331Z - info: Website regeneration complete! Total build time: 2.022s
2020-03-30T15:15:21.337Z - info: Site data built
2020-03-30T15:17:43.106Z - info: [23:17:43] Reload for file change: C:\repos\nus-te3201\te3201-2020-website\schedule\week10\commentary.mbdf
2020-03-30T15:17:44.108Z - info: Rebuilding affected source files
2020-03-30T15:17:44.112Z - info: Rebuilding 1 pages
2020-03-30T15:17:47.193Z - info: Pages rebuilt
2020-03-30T15:17:47.193Z - info: Website regeneration complete! Total build time: 3.085s
2020-03-30T15:17:47.204Z - info: Site data built
2020-03-30T15:17:56.433Z - info: [23:17:56] Reload for file change: C:\repos\nus-te3201\te3201-2020-website\schedule\week10\commentary.mbdf
2020-03-30T15:17:57.467Z - info: Rebuilding affected source files
2020-03-30T15:17:57.471Z - info: Rebuilding 1 pages
2020-03-30T15:17:59.613Z - info: Pages rebuilt
2020-03-30T15:17:59.613Z - info: Website regeneration complete! Total build time: 2.146s
2020-03-30T15:17:59.625Z - info: Site data built
2020-03-30T15:18:45.067Z - info: [23:18:45] Reload for file change: C:\repos\nus-te3201\te3201-2020-website\schedule\week10\commentary.mbdf
2020-03-30T15:18:46.069Z - info: Rebuilding affected source files
2020-03-30T15:18:46.071Z - info: Rebuilding 1 pages
2020-03-30T15:18:48.353Z - info: Pages rebuilt
2020-03-30T15:18:48.353Z - info: Website regeneration complete! Total build time: 2.284s
2020-03-30T15:18:48.368Z - info: Site data built
2020-03-30T15:20:42.361Z - info: Building C:\repos\nus-te3201\te3201-2020-website\schedule\week11\topics as some of its dependencies were changed since the last visit
2020-03-30T15:20:44.204Z - info: Site data built
2020-03-30T15:20:44.205Z - info: Lazy website regeneration complete! Total build time: 1.844s
2020-03-30T15:20:56.806Z - info: [23:20:56] Reload for file add: C:\repos\nus-te3201\te3201-2020-website\schedule\week11\commentary.mbdf
2020-03-30T15:20:57.811Z - info: File added or removed, updating list of site's pages...
2020-03-30T15:21:00.573Z - info: Assets removed
2020-03-30T15:21:01.806Z - info: Building C:\repos\nus-te3201\te3201-2020-website\schedule\week11\topics as some of its dependencies were changed since the last visit
2020-03-30T15:21:03.955Z - info: Site data built
2020-03-30T15:21:03.956Z - info: Lazy website regeneration complete! Total build time: 2.15s
2020-03-30T15:21:25.707Z - info: [23:21:25] Reload for file change: C:\repos\nus-te3201\te3201-2020-website\schedule\week11\commentary.mbdf
2020-03-30T15:21:26.707Z - info: Rebuilding affected source files
2020-03-30T15:21:26.709Z - info: Rebuilding 1 pages
2020-03-30T15:21:28.264Z - info: Pages rebuilt
2020-03-30T15:21:28.264Z - info: Website regeneration complete! Total build time: 1.557s
2020-03-30T15:21:28.269Z - info: Site data built
2020-03-30T15:22:44.373Z - info: [23:22:44] Reload for file change: C:\repos\nus-te3201\te3201-2020-website\schedule\week11\commentary.mbdf
2020-03-30T15:22:45.377Z - info: Rebuilding affected source files
2020-03-30T15:22:45.379Z - info: Rebuilding 1 pages
2020-03-30T15:22:47.175Z - info: Pages rebuilt
2020-03-30T15:22:47.175Z - info: Website regeneration complete! Total build time: 1.798s
2020-03-30T15:22:47.179Z - info: Site data built
2020-03-30T15:23:33.032Z - info: [23:23:33] Reload for file change: C:\repos\nus-te3201\te3201-2020-website\schedule\week11\commentary.mbdf
2020-03-30T15:23:34.034Z - info: Rebuilding affected source files
2020-03-30T15:23:34.036Z - info: Rebuilding 1 pages
2020-03-30T15:23:35.832Z - info: Pages rebuilt
2020-03-30T15:23:35.832Z - info: Website regeneration complete! Total build time: 1.798s
2020-03-30T15:23:35.837Z - info: Site data built
2020-03-30T15:24:51.461Z - info: [23:24:51] Reload for file change: C:\repos\nus-te3201\te3201-2020-website\schedule\week11\commentary.mbdf
2020-03-30T15:24:52.462Z - info: Rebuilding affected source files
2020-03-30T15:24:52.464Z - info: Rebuilding 1 pages
2020-03-30T15:24:55.071Z - info: Pages rebuilt
2020-03-30T15:24:55.071Z - info: Website regeneration complete! Total build time: 2.609s
2020-03-30T15:24:55.075Z - info: Site data built
2020-03-30T15:25:44.503Z - info: [23:25:44] Reload for file change: C:\repos\nus-te3201\te3201-2020-website\schedule\week11\commentary.mbdf
2020-03-30T15:25:45.507Z - info: Rebuilding affected source files
2020-03-30T15:25:45.510Z - info: Rebuilding 1 pages
2020-03-30T15:25:47.847Z - info: Pages rebuilt
2020-03-30T15:25:47.848Z - info: Website regeneration complete! Total build time: 2.34s
2020-03-30T15:25:47.852Z - info: Site data built
2020-03-30T15:28:18.004Z - info: [23:28:18] Reload for file change: C:\repos\nus-te3201\te3201-2020-website\schedule\week11\commentary.mbdf
2020-03-30T15:28:19.006Z - info: Rebuilding affected source files
2020-03-30T15:28:19.008Z - info: Rebuilding 1 pages
2020-03-30T15:28:21.031Z - info: Pages rebuilt
2020-03-30T15:28:21.032Z - info: Website regeneration complete! Total build time: 2.026s
2020-03-30T15:28:21.035Z - info: Site data built
2020-03-30T15:28:44.257Z - info: [23:28:44] Reload for file change: C:\repos\nus-te3201\te3201-2020-website\schedule\week11\commentary.mbdf
2020-03-30T15:28:45.259Z - info: Rebuilding affected source files
2020-03-30T15:28:45.263Z - info: Rebuilding 1 pages
2020-03-30T15:28:46.984Z - info: Pages rebuilt
2020-03-30T15:28:46.985Z - info: Website regeneration complete! Total build time: 1.726s
2020-03-30T15:28:46.988Z - info: Site data built
2020-03-30T15:29:03.473Z - info: [23:29:03] Reload for file change: C:\repos\nus-te3201\te3201-2020-website\schedule\week11\commentary.mbdf
2020-03-30T15:29:04.476Z - info: Rebuilding affected source files
2020-03-30T15:29:04.480Z - info: Rebuilding 1 pages
2020-03-30T15:29:06.058Z - info: Pages rebuilt
2020-03-30T15:29:06.058Z - info: Website regeneration complete! Total build time: 1.582s
2020-03-30T15:29:06.062Z - info: Site data built
2020-03-30T15:30:09.405Z - info: [23:30:09] Reload for file change: C:\repos\nus-te3201\te3201-2020-website\schedule\week11\commentary.mbdf
2020-03-30T15:30:10.408Z - info: Rebuilding affected source files
2020-03-30T15:30:10.411Z - info: Rebuilding 1 pages
2020-03-30T15:30:12.464Z - info: Pages rebuilt
2020-03-30T15:30:12.464Z - info: Website regeneration complete! Total build time: 2.056s
2020-03-30T15:30:12.467Z - info: Site data built
2020-03-30T15:31:18.736Z - info: [23:31:18] Reload for file change: C:\repos\nus-te3201\te3201-2020-website\schedule\week11\commentary.mbdf
2020-03-30T15:31:19.738Z - info: Rebuilding affected source files
2020-03-30T15:31:19.741Z - info: Rebuilding 1 pages
2020-03-30T15:31:23.311Z - info: Pages rebuilt
2020-03-30T15:31:23.312Z - info: Website regeneration complete! Total build time: 3.574s
2020-03-30T15:31:23.315Z - info: Site data built
2020-03-30T15:31:32.753Z - info: [23:31:32] Reload for file change: C:\repos\nus-te3201\te3201-2020-website\schedule\week11\commentary.mbdf
2020-03-30T15:31:33.756Z - info: Rebuilding affected source files
2020-03-30T15:31:33.760Z - info: Rebuilding 1 pages
2020-03-30T15:31:37.050Z - info: Pages rebuilt
2020-03-30T15:31:37.050Z - info: Website regeneration complete! Total build time: 3.294s
2020-03-30T15:31:37.054Z - info: Site data built
2020-03-30T15:32:11.860Z - info: [23:32:11] Reload for file change: C:\repos\nus-te3201\te3201-2020-website\schedule\week11\commentary.mbdf
2020-03-30T15:32:12.865Z - info: Rebuilding affected source files
2020-03-30T15:32:12.868Z - info: Rebuilding 1 pages
2020-03-30T15:32:16.346Z - info: Pages rebuilt
2020-03-30T15:32:16.347Z - info: Website regeneration complete! Total build time: 3.482s
2020-03-30T15:32:16.351Z - info: Site data built
2020-03-30T15:32:44.627Z - info: [23:32:44] Reload for file change: C:\repos\nus-te3201\te3201-2020-website\schedule\week11\commentary.mbdf
2020-03-30T15:32:45.628Z - info: Rebuilding affected source files
2020-03-30T15:32:45.630Z - info: Rebuilding 1 pages
2020-03-30T15:32:48.616Z - info: Pages rebuilt
2020-03-30T15:32:48.616Z - info: Website regeneration complete! Total build time: 2.988s
2020-03-30T15:32:48.620Z - info: Site data built
2020-03-30T15:33:31.313Z - info: [23:33:31] Reload for file change: C:\repos\nus-te3201\te3201-2020-website\schedule\week11\commentary.mbdf
2020-03-30T15:33:32.313Z - info: Rebuilding affected source files
2020-03-30T15:33:32.316Z - info: Rebuilding 1 pages
2020-03-30T15:33:34.994Z - info: Pages rebuilt
2020-03-30T15:33:34.994Z - info: Website regeneration complete! Total build time: 2.681s
2020-03-30T15:33:35.002Z - info: Site data built
2020-03-30T15:33:55.853Z - info: [23:33:55] Reload for file change: C:\repos\nus-te3201\te3201-2020-website\schedule\week11\commentary.mbdf
2020-03-30T15:33:56.853Z - info: Rebuilding affected source files
2020-03-30T15:33:56.855Z - info: Rebuilding 1 pages
2020-03-30T15:34:01.217Z - info: Pages rebuilt
2020-03-30T15:34:01.217Z - info: Website regeneration complete! Total build time: 4.364s
2020-03-30T15:34:01.253Z - info: Site data built
2020-03-30T15:34:38.145Z - info: [23:34:38] Reload for file change: C:\repos\nus-te3201\te3201-2020-website\schedule\week11\commentary.mbdf
2020-03-30T15:34:39.149Z - info: Rebuilding affected source files
2020-03-30T15:34:39.151Z - info: Rebuilding 1 pages
2020-03-30T15:34:41.531Z - info: Pages rebuilt
2020-03-30T15:34:41.531Z - info: Website regeneration complete! Total build time: 2.382s
2020-03-30T15:34:41.535Z - info: Site data built
2020-03-30T15:35:09.923Z - info: [23:35:09] Reload for file change: C:\repos\nus-te3201\te3201-2020-website\schedule\week11\commentary.mbdf
2020-03-30T15:35:10.925Z - info: Rebuilding affected source files
2020-03-30T15:35:10.927Z - info: Rebuilding 1 pages
2020-03-30T15:35:14.383Z - info: Pages rebuilt
2020-03-30T15:35:14.383Z - info: Website regeneration complete! Total build time: 3.458s
2020-03-30T15:35:14.387Z - info: Site data built
2020-03-30T15:35:25.057Z - info: [23:35:25] Reload for file change: C:\repos\nus-te3201\te3201-2020-website\schedule\week11\commentary.mbdf
2020-03-30T15:35:26.060Z - info: Rebuilding affected source files
2020-03-30T15:35:26.063Z - info: Rebuilding 1 pages
2020-03-30T15:35:29.435Z - info: Pages rebuilt
2020-03-30T15:35:29.435Z - info: Website regeneration complete! Total build time: 3.375s
2020-03-30T15:35:29.440Z - info: Site data built
2020-03-30T15:35:45.046Z - info: [23:35:45] Reload for file change: C:\repos\nus-te3201\te3201-2020-website\schedule\week11\commentary.mbdf
2020-03-30T15:35:46.051Z - info: Rebuilding affected source files
2020-03-30T15:35:46.053Z - info: Rebuilding 1 pages
2020-03-30T15:35:49.075Z - info: Pages rebuilt
2020-03-30T15:35:49.076Z - info: Website regeneration complete! Total build time: 3.025s
2020-03-30T15:35:49.080Z - info: Site data built
2020-03-30T15:37:50.679Z - info: Website generation started at 23:37:48
2020-03-30T15:37:55.123Z - info: Building assets...
2020-03-30T15:37:59.066Z - info: Assets built
2020-03-30T15:37:59.067Z - info: Generating pages...
2020-03-30T15:39:06.507Z - debug: The process cannot access the file because it is being used by another process.

2020-03-30T15:39:06.509Z - debug: The process cannot access the file because it is being used by another process.

2020-03-30T15:39:06.510Z - debug: The process cannot access the file because it is being used by another process.

2020-03-30T15:39:06.510Z - debug: The process cannot access the file because it is being used by another process.

2020-03-30T15:39:06.513Z - debug: The process cannot access the file because it is being used by another process.

2020-03-30T15:39:06.514Z - debug: The process cannot access the file because it is being used by another process.

2020-03-30T15:39:06.515Z - debug: The process cannot access the file because it is being used by another process.

2020-03-30T15:39:06.515Z - debug: The process cannot access the file because it is being used by another process.

2020-03-30T15:39:06.516Z - debug: The process cannot access the file because it is being used by another process.

2020-03-30T15:39:06.516Z - debug: The process cannot access the file because it is being used by another process.

2020-03-30T15:39:06.516Z - debug: The process cannot access the file because it is being used by another process.

2020-03-30T15:39:06.516Z - debug: The process cannot access the file because it is being used by another process.

2020-03-30T15:39:06.517Z - debug: The process cannot access the file because it is being used by another process.

2020-03-30T15:39:06.536Z - debug: The process cannot access the file because it is being used by another process.

2020-03-30T15:39:17.135Z - debug:  
2020-03-30T15:39:44.841Z - debug:  
2020-03-30T15:39:44.841Z - debug:  
2020-03-30T15:40:17.322Z - debug:  
2020-03-30T15:40:17.343Z - debug:  
2020-03-30T15:40:18.860Z - info: Pages built
2020-03-30T15:40:44.871Z - info: Website generation complete! Total build time: 176.635s
2020-03-30T15:40:44.871Z - info: Build success!
2020-03-30T15:40:44.874Z - info: Site data built
2020-03-30T15:41:20.434Z - info: Deployed!
