2020-03-23T14:59:05.914Z - info: Website generation (lazy) started at 22:59:00
2020-03-23T14:59:10.341Z - info: Building assets...
2020-03-23T14:59:13.893Z - info: Assets built
2020-03-23T14:59:13.893Z - info: Generating landing page...
2020-03-23T14:59:15.304Z - info: Landing page built, other pages will be built as you navigate to them!
2020-03-23T14:59:15.385Z - info: Website generation (lazy) complete! Total build time: 14.739s
2020-03-23T14:59:15.678Z - info: Serving "C:\repos\nus-te3201\te3201-2020-website\_site" at http://127.0.0.1:8080
2020-03-23T14:59:15.678Z - info: Press CTRL+C to stop ...
2020-03-23T14:59:15.729Z - info: Site data built
2020-03-23T15:00:06.324Z - info: [23:00:06] Reload for file add: C:\repos\nus-te3201\te3201-2020-website\schedule\week10\commentary.mbdf
2020-03-23T15:00:07.325Z - info: File added or removed, updating list of site's pages...
2020-03-23T15:00:09.933Z - info: Assets removed
2020-03-23T15:00:11.201Z - info: Building C:\repos\nus-te3201\te3201-2020-website\index as some of its dependencies were changed since the last visit
2020-03-23T15:00:12.224Z - info: Site data built
2020-03-23T15:00:12.225Z - info: Lazy website regeneration complete! Total build time: 1.024s
2020-03-23T15:00:54.744Z - info: Building C:\repos\nus-te3201\te3201-2020-website\schedule\week10\index as some of its dependencies were changed since the last visit
2020-03-23T15:00:55.697Z - info: Site data built
2020-03-23T15:00:55.698Z - info: Lazy website regeneration complete! Total build time: 0.954s
2020-03-23T15:01:00.766Z - info: Building C:\repos\nus-te3201\te3201-2020-website\schedule\week10\topics as some of its dependencies were changed since the last visit
2020-03-23T15:01:03.549Z - info: Site data built
2020-03-23T15:01:03.552Z - info: Lazy website regeneration complete! Total build time: 2.785s
2020-03-23T15:02:21.339Z - info: [23:02:21] Reload for file change: C:\repos\nus-te3201\te3201-2020-website\schedule\week10\commentary.mbdf
2020-03-23T15:02:22.340Z - info: Rebuilding affected source files
2020-03-23T15:02:22.341Z - info: Rebuilding 0 pages
2020-03-23T15:02:22.798Z - info: Pages rebuilt
2020-03-23T15:02:22.799Z - info: Website regeneration complete! Total build time: 0.459s
2020-03-23T15:02:22.873Z - info: Site data built
2020-03-23T15:02:24.304Z - info: Building C:\repos\nus-te3201\te3201-2020-website\schedule\week10\topics as some of its dependencies were changed since the last visit
2020-03-23T15:02:26.628Z - info: Site data built
2020-03-23T15:02:26.628Z - info: Lazy website regeneration complete! Total build time: 2.324s
2020-03-23T15:02:48.578Z - info: Building C:\repos\nus-te3201\te3201-2020-website\schedule\week9\topics as some of its dependencies were changed since the last visit
2020-03-23T15:02:52.105Z - info: Site data built
2020-03-23T15:02:52.105Z - info: Lazy website regeneration complete! Total build time: 3.527s
2020-03-23T15:06:19.069Z - info: [23:06:19] Reload for file change: C:\repos\nus-te3201\te3201-2020-website\schedule\index.md
2020-03-23T15:06:20.070Z - info: Rebuilding affected source files
2020-03-23T15:06:20.072Z - info: Rebuilding 0 pages
2020-03-23T15:06:20.307Z - info: Pages rebuilt
2020-03-23T15:06:20.307Z - info: Website regeneration complete! Total build time: 0.237s
2020-03-23T15:06:20.316Z - info: Site data built
2020-03-23T15:06:31.438Z - info: Website generation (lazy) started at 23:06:29
2020-03-23T15:06:35.064Z - info: Building assets...
2020-03-23T15:06:39.820Z - info: Assets built
2020-03-23T15:06:39.825Z - info: Generating landing page...
2020-03-23T15:06:43.732Z - info: Landing page built, other pages will be built as you navigate to them!
2020-03-23T15:06:43.935Z - info: Website generation (lazy) complete! Total build time: 14.898s
2020-03-23T15:06:44.374Z - info: Serving "C:\repos\nus-te3201\te3201-2020-website\_site" at http://127.0.0.1:8080
2020-03-23T15:06:44.374Z - info: Press CTRL+C to stop ...
2020-03-23T15:06:44.423Z - info: Site data built
2020-03-23T15:06:55.490Z - info: Building C:\repos\nus-te3201\te3201-2020-website\schedule\week10\topics as some of its dependencies were changed since the last visit
2020-03-23T15:07:00.341Z - info: Site data built
2020-03-23T15:07:00.342Z - info: Lazy website regeneration complete! Total build time: 4.853s
2020-03-23T15:07:28.305Z - info: [23:07:28] Reload for file change: C:\repos\nus-te3201\te3201-2020-website\schedule\week10\commentary.mbdf
2020-03-23T15:07:29.306Z - info: Rebuilding affected source files
2020-03-23T15:07:29.309Z - info: Rebuilding 1 pages
2020-03-23T15:07:31.294Z - info: Pages rebuilt
2020-03-23T15:07:31.294Z - info: Website regeneration complete! Total build time: 1.988s
2020-03-23T15:07:31.307Z - info: Site data built
2020-03-23T15:10:38.604Z - info: [23:10:38] Reload for file change: C:\repos\nus-te3201\te3201-2020-website\schedule\week10\commentary.mbdf
2020-03-23T15:10:39.610Z - info: Rebuilding affected source files
2020-03-23T15:10:39.614Z - info: Rebuilding 1 pages
2020-03-23T15:10:41.834Z - info: Pages rebuilt
2020-03-23T15:10:41.835Z - info: Website regeneration complete! Total build time: 2.225s
2020-03-23T15:10:41.847Z - info: Site data built
2020-03-23T15:12:01.345Z - info: [23:12:01] Reload for file change: C:\repos\nus-te3201\te3201-2020-website\schedule\week10\commentary.mbdf
2020-03-23T15:12:02.347Z - info: Rebuilding affected source files
2020-03-23T15:12:02.349Z - info: Rebuilding 1 pages
2020-03-23T15:12:05.423Z - info: Pages rebuilt
2020-03-23T15:12:05.423Z - info: Website regeneration complete! Total build time: 3.076s
2020-03-23T15:12:05.433Z - info: Site data built
2020-03-23T15:26:34.009Z - info: [23:26:33] Reload for file change: C:\repos\nus-te3201\te3201-2020-website\schedule\week9\commentary.mbdf
2020-03-23T15:26:35.021Z - info: Rebuilding affected source files
2020-03-23T15:26:35.056Z - info: Rebuilding 0 pages
2020-03-23T15:26:35.058Z - info: Pages rebuilt
2020-03-23T15:26:35.059Z - info: Website regeneration complete! Total build time: 0.036s
2020-03-23T15:26:35.067Z - info: Site data built
2020-03-23T15:26:52.013Z - info: Building C:\repos\nus-te3201\te3201-2020-website\schedule\week9\topics as some of its dependencies were changed since the last visit
2020-03-23T15:26:55.545Z - info: Site data built
2020-03-23T15:26:55.546Z - info: Lazy website regeneration complete! Total build time: 3.533s
2020-03-23T15:29:19.277Z - info: [23:29:19] Reload for file change: C:\repos\nus-te3201\te3201-2020-website\schedule\week9\commentary.mbdf
2020-03-23T15:29:20.285Z - info: Rebuilding affected source files
2020-03-23T15:29:20.288Z - info: Rebuilding 1 pages
2020-03-23T15:29:24.085Z - info: Pages rebuilt
2020-03-23T15:29:24.085Z - info: Website regeneration complete! Total build time: 3.8s
2020-03-23T15:29:24.089Z - info: Site data built
2020-03-23T15:30:12.583Z - info: [23:30:12] Reload for file change: C:\repos\nus-te3201\te3201-2020-website\schedule\week9\commentary.mbdf
2020-03-23T15:30:13.587Z - info: Rebuilding affected source files
2020-03-23T15:30:13.589Z - info: Rebuilding 1 pages
2020-03-23T15:30:16.458Z - info: Pages rebuilt
2020-03-23T15:30:16.458Z - info: Website regeneration complete! Total build time: 2.871s
2020-03-23T15:30:16.463Z - info: Site data built
2020-03-23T15:32:01.562Z - info: [23:32:01] Reload for file change: C:\repos\nus-te3201\te3201-2020-website\schedule\week9\commentary.mbdf
2020-03-23T15:32:02.565Z - info: Rebuilding affected source files
2020-03-23T15:32:02.569Z - info: Rebuilding 1 pages
2020-03-23T15:32:07.649Z - info: Pages rebuilt
2020-03-23T15:32:07.649Z - info: Website regeneration complete! Total build time: 5.084s
2020-03-23T15:32:07.654Z - info: Site data built
2020-03-23T15:32:38.018Z - info: Building C:\repos\nus-te3201\te3201-2020-website\schedule\week9\topics-py as some of its dependencies were changed since the last visit
2020-03-23T15:32:39.007Z - info: Site data built
2020-03-23T15:32:39.008Z - info: Lazy website regeneration complete! Total build time: 0.991s
2020-03-23T15:34:08.897Z - info: [23:34:08] Reload for file change: C:\repos\nus-te3201\te3201-2020-website\schedule\programming-topics.mbdf
2020-03-23T15:34:09.902Z - info: Rebuilding affected source files
2020-03-23T15:34:09.904Z - info: Rebuilding 1 pages
2020-03-23T15:34:10.941Z - info: Pages rebuilt
2020-03-23T15:34:10.941Z - info: Website regeneration complete! Total build time: 1.039s
2020-03-23T15:34:10.944Z - info: Site data built
2020-03-23T15:36:06.028Z - info: [23:36:06] Reload for file change: C:\repos\nus-te3201\te3201-2020-website\schedule\programming-topics.mbdf
2020-03-23T15:36:07.031Z - info: Rebuilding affected source files
2020-03-23T15:36:07.033Z - info: Rebuilding 1 pages
2020-03-23T15:36:08.181Z - info: Pages rebuilt
2020-03-23T15:36:08.181Z - info: Website regeneration complete! Total build time: 1.15s
2020-03-23T15:36:08.185Z - info: Site data built
2020-03-23T15:38:33.424Z - info: [23:38:33] Reload for file change: C:\repos\nus-te3201\te3201-2020-website\schedule\programming-topics.mbdf
2020-03-23T15:38:34.427Z - info: Rebuilding affected source files
2020-03-23T15:38:34.429Z - info: Rebuilding 1 pages
2020-03-23T15:38:35.529Z - info: Pages rebuilt
2020-03-23T15:38:35.529Z - info: Website regeneration complete! Total build time: 1.102s
2020-03-23T15:38:35.534Z - info: Site data built
2020-03-23T15:39:31.375Z - info: [23:39:31] Reload for file change: C:\repos\nus-te3201\te3201-2020-website\schedule\programming-topics.mbdf
2020-03-23T15:39:32.379Z - info: Rebuilding affected source files
2020-03-23T15:39:32.381Z - info: Rebuilding 1 pages
2020-03-23T15:39:33.562Z - info: Pages rebuilt
2020-03-23T15:39:33.562Z - info: Website regeneration complete! Total build time: 1.183s
2020-03-23T15:39:33.566Z - info: Site data built
2020-03-23T15:40:43.206Z - info: [23:40:43] Reload for file change: C:\repos\nus-te3201\te3201-2020-website\schedule\week8\commentary.mbdf
2020-03-23T15:40:44.209Z - info: Rebuilding affected source files
2020-03-23T15:40:44.214Z - info: Rebuilding 0 pages
2020-03-23T15:40:44.215Z - info: Pages rebuilt
2020-03-23T15:40:44.215Z - info: Website regeneration complete! Total build time: 0.006s
2020-03-23T15:40:44.220Z - info: Site data built
2020-03-23T15:42:02.045Z - info: Building C:\repos\nus-te3201\te3201-2020-website\schedule\week10\topics-py as some of its dependencies were changed since the last visit
2020-03-23T15:42:03.278Z - info: Site data built
2020-03-23T15:42:03.279Z - info: Lazy website regeneration complete! Total build time: 1.234s
2020-03-23T15:53:59.172Z - info: [23:53:59] Reload for file change: C:\repos\nus-te3201\te3201-2020-website\schedule\programming-topics.mbdf
2020-03-23T15:54:00.178Z - info: Rebuilding affected source files
2020-03-23T15:54:00.196Z - info: Rebuilding 1 pages
2020-03-23T15:54:02.266Z - info: Pages rebuilt
2020-03-23T15:54:02.267Z - info: Website regeneration complete! Total build time: 2.084s
2020-03-23T15:54:02.271Z - info: Site data built
2020-03-23T15:55:46.148Z - info: [23:55:46] Reload for file change: C:\repos\nus-te3201\te3201-2020-website\schedule\programming-topics.mbdf
2020-03-23T15:55:47.153Z - info: Rebuilding affected source files
2020-03-23T15:55:47.156Z - info: Rebuilding 1 pages
2020-03-23T15:55:48.649Z - info: Pages rebuilt
2020-03-23T15:55:48.649Z - info: Website regeneration complete! Total build time: 1.496s
2020-03-23T15:55:48.721Z - info: Site data built
2020-03-23T15:56:55.594Z - info: Building C:\repos\nus-te3201\te3201-2020-website\schedule\week10\admin as some of its dependencies were changed since the last visit
2020-03-23T15:56:56.501Z - info: Site data built
2020-03-23T15:56:56.502Z - info: Lazy website regeneration complete! Total build time: 0.908s
2020-03-23T15:57:23.977Z - info: Building C:\repos\nus-te3201\te3201-2020-website\schedule\week11\index as some of its dependencies were changed since the last visit
2020-03-23T15:57:25.041Z - info: Site data built
2020-03-23T15:57:25.041Z - info: Lazy website regeneration complete! Total build time: 1.064s
2020-03-23T15:57:28.064Z - info: Building C:\repos\nus-te3201\te3201-2020-website\schedule\week11\admin as some of its dependencies were changed since the last visit
2020-03-23T15:57:28.924Z - info: Site data built
2020-03-23T15:57:28.925Z - info: Lazy website regeneration complete! Total build time: 0.861s
2020-03-23T15:58:04.298Z - info: Building C:\repos\nus-te3201\te3201-2020-website\schedule\week12\index as some of its dependencies were changed since the last visit
2020-03-23T15:58:05.284Z - info: Site data built
2020-03-23T15:58:05.285Z - info: Lazy website regeneration complete! Total build time: 0.987s
2020-03-23T15:59:55.551Z - info: Website generation started at 23:59:52
2020-03-23T15:59:59.346Z - info: Building assets...
