2020-03-23T16:00:02.554Z - info: Assets built
2020-03-23T16:00:02.563Z - info: Generating pages...
2020-03-23T16:01:07.287Z - debug: The process cannot access the file because it is being used by another process.

2020-03-23T16:01:07.288Z - debug: The process cannot access the file because it is being used by another process.

2020-03-23T16:01:07.288Z - debug: The process cannot access the file because it is being used by another process.

2020-03-23T16:01:07.289Z - debug: The process cannot access the file because it is being used by another process.

2020-03-23T16:01:07.289Z - debug: The process cannot access the file because it is being used by another process.

2020-03-23T16:01:07.291Z - debug: The process cannot access the file because it is being used by another process.

2020-03-23T16:01:07.291Z - debug: The process cannot access the file because it is being used by another process.

2020-03-23T16:01:07.292Z - debug: The process cannot access the file because it is being used by another process.

2020-03-23T16:01:07.292Z - debug: The process cannot access the file because it is being used by another process.

2020-03-23T16:01:07.292Z - debug: The process cannot access the file because it is being used by another process.

2020-03-23T16:01:07.293Z - debug: The process cannot access the file because it is being used by another process.

2020-03-23T16:01:07.293Z - debug: The process cannot access the file because it is being used by another process.

2020-03-23T16:01:07.293Z - debug: The process cannot access the file because it is being used by another process.

2020-03-23T16:01:07.294Z - debug: The process cannot access the file because it is being used by another process.

2020-03-23T16:01:31.799Z - debug:  
2020-03-23T16:01:31.800Z - debug:  
2020-03-23T16:01:31.800Z - debug:  
2020-03-23T16:02:15.946Z - debug:  
2020-03-23T16:02:15.946Z - debug:  
2020-03-23T16:02:17.701Z - info: Pages built
2020-03-23T16:02:43.424Z - info: Website generation complete! Total build time: 170.634s
2020-03-23T16:02:43.424Z - info: Build success!
2020-03-23T16:02:43.427Z - info: Site data built
2020-03-23T16:03:17.340Z - info: Deployed!
