2019-12-27T16:04:12.782Z - info: Website generation started at 00:04:07
2019-12-27T16:04:16.590Z - info: Building assets...
2019-12-27T16:04:19.876Z - info: Assets built
2019-12-27T16:04:19.877Z - info: Generating pages...
2019-12-27T16:05:17.089Z - debug: The process cannot access the file because it is being used by another process.

2019-12-27T16:05:17.870Z - debug: The process cannot access the file because it is being used by another process.

2019-12-27T16:05:17.871Z - debug: The process cannot access the file because it is being used by another process.

2019-12-27T16:05:17.871Z - debug: The process cannot access the file because it is being used by another process.

2019-12-27T16:05:17.871Z - debug: The process cannot access the file because it is being used by another process.

2019-12-27T16:05:17.872Z - debug: The process cannot access the file because it is being used by another process.

2019-12-27T16:05:17.872Z - debug: The process cannot access the file because it is being used by another process.

2019-12-27T16:05:18.804Z - debug: The process cannot access the file because it is being used by another process.

2019-12-27T16:05:27.247Z - debug:  
2019-12-27T16:05:27.248Z - debug:  
2019-12-27T16:05:50.397Z - debug:  
2019-12-27T16:05:50.397Z - debug:  
2019-12-27T16:06:25.683Z - info: Pages built
2019-12-27T16:06:49.252Z - info: Website generation complete! Total build time: 161.784s
2019-12-27T16:06:49.568Z - info: Serving "C:\repos\nus-te3201\te3201-2020-website\_site" at http://127.0.0.1:8080
2019-12-27T16:06:49.568Z - info: Press CTRL+C to stop ...
2019-12-27T16:06:49.628Z - info: Site data built
2019-12-27T16:07:33.362Z - info: Website generation started at 00:07:28
2019-12-27T16:07:36.484Z - info: Building assets...
2019-12-27T16:07:39.450Z - info: Assets built
2019-12-27T16:07:39.452Z - info: Generating pages...
2019-12-27T16:07:40.218Z - info: Pages built
2019-12-27T16:07:40.313Z - info: Website generation complete! Total build time: 12.203s
2019-12-27T16:07:40.611Z - info: Serving "C:\repos\nus-te3201\te3201-2020-website\_site" at http://127.0.0.1:8080
2019-12-27T16:07:40.612Z - info: Press CTRL+C to stop ...
2019-12-27T16:07:40.660Z - info: Site data built
2019-12-27T16:07:53.786Z - info: [00:07:53] Reload for file change: C:\repos\nus-te3201\te3201-2020-website\schedule\index.md
2019-12-27T16:07:54.796Z - info: Rebuilding affected source files
2019-12-27T16:07:54.800Z - info: Rebuilding 1 pages
2019-12-27T16:07:55.398Z - info: Pages rebuilt
2019-12-27T16:07:55.409Z - info: Site data built
