2020-04-20T10:24:37.328Z - info: Website generation (lazy) started at 6:24:19 PM
2020-04-20T10:24:50.147Z - info: Building assets...
2020-04-20T10:25:00.180Z - info: Assets built
2020-04-20T10:25:00.181Z - info: Generating landing page...
2020-04-20T10:25:01.071Z - info: Landing page built, other pages will be built as you navigate to them!
2020-04-20T10:25:01.182Z - info: Website generation (lazy) complete! Total build time: 42.096s
2020-04-20T10:25:02.207Z - info: Serving "C:\repos\nus-te3201\te3201-2020-website\_site" at http://127.0.0.1:8080
2020-04-20T10:25:02.208Z - info: Press CTRL+C to stop ...
2020-04-20T10:25:02.369Z - info: Site data built
2020-04-20T10:25:35.048Z - info: Building C:\repos\nus-te3201\te3201-2020-website\admin\te3201-admin as some of its dependencies were changed since the last visit
2020-04-20T10:25:37.212Z - info: Site data built
2020-04-20T10:25:37.214Z - info: Lazy website regeneration complete! Total build time: 2.167s
2020-04-20T10:26:38.122Z - info: [6:26:38 PM] Reload for file change: C:\repos\nus-te3201\te3201-2020-website\admin\te3201-admin.md
2020-04-20T10:26:39.135Z - info: Rebuilding affected source files
2020-04-20T10:26:39.139Z - info: Rebuilding 1 pages
2020-04-20T10:26:40.794Z - info: Pages rebuilt
2020-04-20T10:26:40.795Z - info: Website regeneration complete! Total build time: 1.659s
2020-04-20T10:26:40.811Z - info: Site data built
2020-04-20T10:27:09.201Z - info: [6:27:09 PM] Reload for file change: C:\repos\nus-te3201\te3201-2020-website\admin\te3201-admin.md
2020-04-20T10:27:10.211Z - info: Rebuilding affected source files
2020-04-20T10:27:10.213Z - info: Rebuilding 1 pages
2020-04-20T10:27:11.654Z - info: Pages rebuilt
2020-04-20T10:27:11.655Z - info: Website regeneration complete! Total build time: 1.443s
2020-04-20T10:27:11.672Z - info: Site data built
2020-04-20T10:31:36.086Z - info: [6:31:36 PM] Reload for file change: C:\repos\nus-te3201\te3201-2020-website\admin\te3201-admin.md
2020-04-20T10:31:37.096Z - info: Rebuilding affected source files
2020-04-20T10:31:37.100Z - info: Rebuilding 1 pages
2020-04-20T10:31:39.164Z - info: Pages rebuilt
2020-04-20T10:31:39.164Z - info: Website regeneration complete! Total build time: 2.068s
2020-04-20T10:31:39.178Z - info: Site data built
2020-04-20T10:32:28.787Z - info: [6:32:28 PM] Reload for file change: C:\repos\nus-te3201\te3201-2020-website\admin\te3201-admin.md
2020-04-20T10:32:29.807Z - info: Rebuilding affected source files
2020-04-20T10:32:29.811Z - info: Rebuilding 1 pages
2020-04-20T10:32:31.758Z - info: Pages rebuilt
2020-04-20T10:32:31.759Z - info: Website regeneration complete! Total build time: 1.952s
2020-04-20T10:32:31.782Z - info: Site data built
2020-04-20T10:34:55.375Z - info: [6:34:55 PM] Reload for file change: C:\repos\nus-te3201\te3201-2020-website\admin\te3201-admin.md
2020-04-20T10:34:56.382Z - info: Rebuilding affected source files
2020-04-20T10:34:56.385Z - info: Rebuilding 1 pages
2020-04-20T10:34:58.181Z - info: Pages rebuilt
2020-04-20T10:34:58.182Z - info: Website regeneration complete! Total build time: 1.799s
2020-04-20T10:34:58.199Z - info: Site data built
2020-04-20T10:35:12.919Z - info: [6:35:12 PM] Reload for file change: C:\repos\nus-te3201\te3201-2020-website\admin\te3201-admin.md
2020-04-20T10:35:13.921Z - info: Rebuilding affected source files
2020-04-20T10:35:13.923Z - info: Rebuilding 1 pages
2020-04-20T10:35:15.544Z - info: Pages rebuilt
2020-04-20T10:35:15.545Z - info: Website regeneration complete! Total build time: 1.624s
2020-04-20T10:35:15.553Z - info: Site data built
2020-04-20T10:40:04.657Z - info: [6:40:04 PM] Reload for file change: C:\repos\nus-te3201\te3201-2020-website\admin\te3201-admin.md
2020-04-20T10:40:05.663Z - info: Rebuilding affected source files
2020-04-20T10:40:05.675Z - info: Rebuilding 1 pages
2020-04-20T10:40:07.856Z - info: Pages rebuilt
2020-04-20T10:40:07.856Z - info: Website regeneration complete! Total build time: 2.191s
2020-04-20T10:40:07.871Z - info: Site data built
2020-04-20T10:41:14.194Z - info: [6:41:14 PM] Reload for file change: C:\repos\nus-te3201\te3201-2020-website\admin\te3201-admin.md
2020-04-20T10:41:15.203Z - info: Rebuilding affected source files
2020-04-20T10:41:15.208Z - info: Rebuilding 1 pages
2020-04-20T10:41:17.088Z - info: Pages rebuilt
2020-04-20T10:41:17.088Z - info: Website regeneration complete! Total build time: 1.884s
2020-04-20T10:41:17.108Z - info: Site data built
2020-04-20T10:41:33.215Z - info: [6:41:33 PM] Reload for file change: C:\repos\nus-te3201\te3201-2020-website\admin\te3201-admin.md
2020-04-20T10:41:34.218Z - info: Rebuilding affected source files
2020-04-20T10:41:34.221Z - info: Rebuilding 1 pages
2020-04-20T10:41:36.020Z - info: Pages rebuilt
2020-04-20T10:41:36.020Z - info: Website regeneration complete! Total build time: 1.802s
2020-04-20T10:41:36.037Z - info: Site data built
2020-04-20T10:42:02.841Z - info: [6:42:02 PM] Reload for file change: C:\repos\nus-te3201\te3201-2020-website\admin\te3201-admin.md
2020-04-20T10:42:03.855Z - info: Rebuilding affected source files
2020-04-20T10:42:03.858Z - info: Rebuilding 1 pages
2020-04-20T10:42:05.736Z - info: Pages rebuilt
2020-04-20T10:42:05.736Z - info: Website regeneration complete! Total build time: 1.88s
2020-04-20T10:42:05.748Z - info: Site data built
2020-04-20T10:43:24.393Z - info: [6:43:24 PM] Reload for file change: C:\repos\nus-te3201\te3201-2020-website\admin\te3201-admin.md
2020-04-20T10:43:25.403Z - info: Rebuilding affected source files
2020-04-20T10:43:25.410Z - info: Rebuilding 1 pages
2020-04-20T10:43:26.880Z - info: Pages rebuilt
2020-04-20T10:43:26.880Z - info: Website regeneration complete! Total build time: 1.476s
2020-04-20T10:43:26.895Z - info: Site data built
2020-04-20T10:49:38.438Z - info: [6:49:38 PM] Reload for file change: C:\repos\nus-te3201\te3201-2020-website\admin\te3201-admin.md
2020-04-20T10:49:39.440Z - info: Rebuilding affected source files
2020-04-20T10:49:39.451Z - info: Rebuilding 1 pages
2020-04-20T10:49:41.156Z - info: Pages rebuilt
2020-04-20T10:49:41.156Z - info: Website regeneration complete! Total build time: 1.715s
2020-04-20T10:49:41.172Z - info: Site data built
2020-04-20T10:50:49.874Z - info: [6:50:49 PM] Reload for file change: C:\repos\nus-te3201\te3201-2020-website\admin\te3201-admin.md
2020-04-20T10:50:50.888Z - info: Rebuilding affected source files
2020-04-20T10:50:50.895Z - info: Rebuilding 1 pages
2020-04-20T10:50:52.298Z - info: Pages rebuilt
2020-04-20T10:50:52.298Z - info: Website regeneration complete! Total build time: 1.41s
2020-04-20T10:50:52.313Z - info: Site data built
2020-04-20T10:53:42.222Z - info: [6:53:42 PM] Reload for file change: C:\repos\nus-te3201\te3201-2020-website\admin\te3201-admin.md
2020-04-20T10:53:43.227Z - info: Rebuilding affected source files
2020-04-20T10:53:43.228Z - info: Rebuilding 1 pages
2020-04-20T10:53:44.544Z - info: Pages rebuilt
2020-04-20T10:53:44.545Z - info: Website regeneration complete! Total build time: 1.318s
2020-04-20T10:53:44.561Z - info: Site data built
2020-04-20T10:55:29.005Z - info: [6:55:29 PM] Reload for file change: C:\repos\nus-te3201\te3201-2020-website\admin\te3201-admin.md
2020-04-20T10:55:30.014Z - info: Rebuilding affected source files
2020-04-20T10:55:30.017Z - info: Rebuilding 1 pages
2020-04-20T10:55:31.373Z - info: Pages rebuilt
2020-04-20T10:55:31.373Z - info: Website regeneration complete! Total build time: 1.359s
2020-04-20T10:55:31.389Z - info: Site data built
2020-04-20T12:18:47.851Z - info: [8:18:47 PM] Reload for file change: C:\repos\nus-te3201\te3201-2020-website\admin\te3201-admin.md
2020-04-20T12:18:48.863Z - info: Rebuilding affected source files
2020-04-20T12:18:48.883Z - info: Rebuilding 1 pages
2020-04-20T12:18:50.662Z - info: Pages rebuilt
2020-04-20T12:18:50.662Z - info: Website regeneration complete! Total build time: 1.799s
2020-04-20T12:18:50.682Z - info: Site data built
2020-04-20T12:19:07.527Z - info: [8:19:07 PM] Reload for file change: C:\repos\nus-te3201\te3201-2020-website\admin\te3201-admin.md
2020-04-20T12:19:08.528Z - info: Rebuilding affected source files
2020-04-20T12:19:08.529Z - info: Rebuilding 1 pages
2020-04-20T12:19:09.674Z - info: Pages rebuilt
2020-04-20T12:19:09.674Z - info: Website regeneration complete! Total build time: 1.146s
2020-04-20T12:19:09.714Z - info: Site data built
2020-04-20T12:30:54.871Z - info: [8:30:54 PM] Reload for file change: C:\repos\nus-te3201\te3201-2020-website\schedule\index.md
2020-04-20T12:30:55.903Z - info: Rebuilding affected source files
2020-04-20T12:30:55.915Z - info: Rebuilding 0 pages
2020-04-20T12:30:55.941Z - info: Pages rebuilt
2020-04-20T12:30:55.941Z - info: Website regeneration complete! Total build time: 0.038s
2020-04-20T12:30:55.980Z - info: Site data built
2020-04-20T12:31:19.950Z - info: Website generation (lazy) started at 8:31:14 PM
2020-04-20T12:31:25.885Z - info: Building assets...
2020-04-20T12:31:31.678Z - info: Assets built
2020-04-20T12:31:31.679Z - info: Generating landing page...
2020-04-20T12:31:33.805Z - info: Landing page built, other pages will be built as you navigate to them!
2020-04-20T12:31:33.955Z - info: Website generation (lazy) complete! Total build time: 19.804s
2020-04-20T12:31:34.834Z - info: Serving "C:\repos\nus-te3201\te3201-2020-website\_site" at http://127.0.0.1:8080
2020-04-20T12:31:34.834Z - info: Press CTRL+C to stop ...
2020-04-20T12:31:34.906Z - info: Site data built
2020-04-20T12:33:54.997Z - info: [8:33:54 PM] Reload for file change: C:\repos\nus-te3201\te3201-2020-website\_markbind\headers\header.md
2020-04-20T12:33:55.018Z - info: [8:33:55 PM] Reload for file change: C:\repos\nus-te3201\te3201-2020-website\index.md
2020-04-20T12:33:56.023Z - info: Rebuilding affected source files
2020-04-20T12:33:56.031Z - info: Rebuilding 1 pages
2020-04-20T12:33:58.964Z - info: Pages rebuilt
2020-04-20T12:33:58.965Z - info: Website regeneration complete! Total build time: 2.94s
2020-04-20T12:33:58.989Z - info: Site data built
2020-04-20T12:34:39.774Z - info: Website generation started at 8:34:36 PM
2020-04-20T12:34:45.554Z - info: Building assets...
